Entering ./migrate-from-cfcr.sh - Mon Oct  7 11:18:44 UTC 2019
JOURNAL_DIR = ./journal/2019-10-07_111840
DONE_DIR = ./done
IMAGES_LIST=./journal/2019-10-07_111840/images-list

Starting at Mon Oct  7 11:18:47 UTC 2019
Processing ./journal/2019-10-07_111840/images-list
NAME                  TAG                                      PULL - SKIP
./journal/2019-10-07_111840/codefresh__cf-tls-sign.tags
./journal/2019-10-07_111840/codefresh__cf-tls-sign.tags
codefresh/cf-tls-sign f563a7fc53528894fe6badc798c84cbf6cd42e51 r.cfcr.io/codefresh-inc/codefresh/cf-tls-sign:f563a7fc53528894fe6badc798c84cbf6cd42e51 - SKIP
./journal/2019-10-07_111840/codefresh__cf-tls-sign.tags
./journal/2019-10-07_111840/codefresh__cf-tls-sign.tags
./journal/2019-10-07_111840/codefresh__cf-tls-sign.tags
./journal/2019-10-07_111840/codefresh__cf-tls-sign.tags
./journal/2019-10-07_111840/codefresh__cf-tls-sign.tags
./journal/2019-10-07_111840/codefresh__cf-tls-sign.tags
codefresh/cf-tls-sign da6f9870f00ee20557c37097251da7d0805a2eb9 r.cfcr.io/codefresh-inc/codefresh/cf-tls-sign:da6f9870f00ee20557c37097251da7d0805a2eb9 - SKIP
./journal/2019-10-07_111840/codefresh__cf-tls-sign.tags
codefresh/cf-tls-sign bfe6c24382d8f5fc81e1204593ef5eb40bcec91b r.cfcr.io/codefresh-inc/codefresh/cf-tls-sign:bfe6c24382d8f5fc81e1204593ef5eb40bcec91b - SKIP
codefresh/cf-tls-sign f19270a57f978ac684a3d7a2481491a39ad449ee r.cfcr.io/codefresh-inc/codefresh/cf-tls-sign:f19270a57f978ac684a3d7a2481491a39ad449ee - SKIP
./journal/2019-10-07_111840/codefresh__cf-tls-sign.tags
./journal/2019-10-07_111840/codefresh__cf-tls-sign.tags
codefresh/cf-tls-sign 512e182a25914e9245af8207293d0779013647fc r.cfcr.io/codefresh-inc/codefresh/cf-tls-sign:512e182a25914e9245af8207293d0779013647fc - SKIP
./journal/2019-10-07_111840/codefresh__cf-tls-sign.tags
./journal/2019-10-07_111840/codefresh__cf-tls-sign.tags
./journal/2019-10-07_111840/codefresh__cf-tls-sign.tags
codefresh/cf-tls-sign f888f5154ff6e79f04e4ecb09453b7c3e874d245 r.cfcr.io/codefresh-inc/codefresh/cf-tls-sign:f888f5154ff6e79f04e4ecb09453b7c3e874d245 - SKIP
./journal/2019-10-07_111840/codefresh__cf-tls-sign.tags
./journal/2019-10-07_111840/codefresh__cf-tls-sign.tags
codefresh/cf-tls-sign c456d460197efc32f8149e78d2fd28771aef9828 r.cfcr.io/codefresh-inc/codefresh/cf-tls-sign:c456d460197efc32f8149e78d2fd28771aef9828 - SKIP
./journal/2019-10-07_111840/codefresh__cf-tls-sign.tags
codefresh/cf-tls-sign bf21d54615fc132e24f8eb44a73d3865a5c37d7f r.cfcr.io/codefresh-inc/codefresh/cf-tls-sign:bf21d54615fc132e24f8eb44a73d3865a5c37d7f - SKIP
./journal/2019-10-07_111840/codefresh__cf-tls-sign.tags
codefresh/cf-tls-sign 54595cf1535c05230da2400621921fcc7014b869 r.cfcr.io/codefresh-inc/codefresh/cf-tls-sign:54595cf1535c05230da2400621921fcc7014b869 - SKIP
codefresh/cf-tls-sign 21079655e3bf8b4c08710c2b85a8f25d13b7dfa2 r.cfcr.io/codefresh-inc/codefresh/cf-tls-sign:21079655e3bf8b4c08710c2b85a8f25d13b7dfa2 - SKIP
./journal/2019-10-07_111840/codefresh__cf-tls-sign.tags
./journal/2019-10-07_111840/codefresh__cf-tls-sign.tags
./journal/2019-10-07_111840/codefresh__cf-tls-sign.tags
./journal/2019-10-07_111840/codefresh__cf-tls-sign.tags
./journal/2019-10-07_111840/codefresh__cf-tls-sign.tags
./journal/2019-10-07_111840/codefresh__cf-tls-sign.tags
./journal/2019-10-07_111840/codefresh__cf-tls-sign.tags
./journal/2019-10-07_111840/codefresh__cf-tls-sign.tags
./journal/2019-10-07_111840/codefresh__cf-tls-sign.tags
./journal/2019-10-07_111840/codefresh__cf-tls-sign.tags
./journal/2019-10-07_111840/codefresh__cf-tls-sign.tags
./journal/2019-10-07_111840/codefresh__cf-tls-sign.tags
./journal/2019-10-07_111840/codefresh__cf-tls-sign.tags
./journal/2019-10-07_111840/codefresh__cf-tls-sign.tags
./journal/2019-10-07_111840/codefresh__cf-tls-sign.tags
./journal/2019-10-07_111840/codefresh__cf-tls-sign.tags
./journal/2019-10-07_111840/codefresh__cf-tls-sign.tags
./journal/2019-10-07_111840/codefresh__cf-tls-sign.tags
./journal/2019-10-07_111840/codefresh__cf-tls-sign.tags
./journal/2019-10-07_111840/codefresh__cf-tls-sign.tags
./journal/2019-10-07_111840/codefresh__cf-tls-sign.tags
./journal/2019-10-07_111840/codefresh__cf-tls-sign.tags

--- Mon Oct  7 11:18:48 UTC 2019
Processing tag files

  ****************
  Mon Oct  7 11:18:48 UTC 2019 - ./journal/2019-10-07_111840/codefresh__cf-tls-sign.tags
Skipping Image gcr.io/codefresh-inc/codefresh/cf-tls-sign:master - it is already done
---------- Migrate r.cfcr.io/codefresh-inc/codefresh/cf-tls-sign:cf-onprem-v1.0.82 to gcr.io/codefresh-inc/codefresh/cf-tls-sign:cf-onprem-v1.0.82
cf-onprem-v1.0.82: Pulling from codefresh-inc/codefresh/cf-tls-sign
be666fb3dd35: Already exists
83be8b767650: Already exists
de8ae6598ff9: Already exists
b9618af6f83c: Already exists
8fd7fc9f0b83: Already exists
4b3c6775ea97: Already exists
34005a9946a4: Already exists
282f549b5b84: Already exists
be52a2531f18: Already exists
6539e18712a7: Already exists
e4897499f382: Already exists
cd5ff44ed583: Already exists
94b9a7c54443: Already exists
Digest: sha256:ffb5582e128d829606348c04c75ef0e2bfa632e56323f3791c2a67df8691745d
Status: Downloaded newer image for r.cfcr.io/codefresh-inc/codefresh/cf-tls-sign:cf-onprem-v1.0.82
r.cfcr.io/codefresh-inc/codefresh/cf-tls-sign:cf-onprem-v1.0.82
Pull r.cfcr.io/codefresh-inc/codefresh/cf-tls-sign:cf-onprem-v1.0.82 completed - Mon Oct  7 11:18:49 UTC 2019 !!!

Tag gcr.io/codefresh-inc/codefresh/cf-tls-sign:cf-onprem-v1.0.82 completed - Mon Oct  7 11:18:49 UTC 2019 !!!

The push refers to repository [gcr.io/codefresh-inc/codefresh/cf-tls-sign]
f90865700ec2: Preparing
aca8e0dfaed6: Preparing
064fc32f801a: Preparing
3bc0ebad8b8c: Preparing
ccf8b6573448: Preparing
5dc197047114: Preparing
9e5c49e6c20b: Preparing
099f37abad88: Preparing
d7bd42f1f660: Preparing
8b375be9de19: Preparing
0f8361255952: Preparing
71ce2dc7f761: Preparing
0d960f1d4fba: Preparing
f90865700ec2: Waiting
aca8e0dfaed6: Waiting
064fc32f801a: Waiting
3bc0ebad8b8c: Waiting
ccf8b6573448: Waiting
5dc197047114: Waiting
9e5c49e6c20b: Waiting
099f37abad88: Waiting
d7bd42f1f660: Waiting
8b375be9de19: Waiting
0f8361255952: Waiting
71ce2dc7f761: Waiting
0d960f1d4fba: Waiting
f90865700ec2: Layer already exists
aca8e0dfaed6: Layer already exists
064fc32f801a: Layer already exists
3bc0ebad8b8c: Layer already exists
ccf8b6573448: Layer already exists
5dc197047114: Layer already exists
9e5c49e6c20b: Layer already exists
099f37abad88: Layer already exists
d7bd42f1f660: Layer already exists
8b375be9de19: Layer already exists
0f8361255952: Layer already exists
71ce2dc7f761: Layer already exists
0d960f1d4fba: Layer already exists
cf-onprem-v1.0.82: digest: sha256:ffb5582e128d829606348c04c75ef0e2bfa632e56323f3791c2a67df8691745d size: 3050
Push gcr.io/codefresh-inc/codefresh/cf-tls-sign:cf-onprem-v1.0.82 completed - Mon Oct  7 11:18:52 UTC 2019 !!!

---------- Migrate r.cfcr.io/codefresh-inc/codefresh/cf-tls-sign:1.1.1-cf-onprem-v1.0.82 to gcr.io/codefresh-inc/codefresh/cf-tls-sign:1.1.1-cf-onprem-v1.0.82
1.1.1-cf-onprem-v1.0.82: Pulling from codefresh-inc/codefresh/cf-tls-sign
Digest: sha256:ffb5582e128d829606348c04c75ef0e2bfa632e56323f3791c2a67df8691745d
Status: Downloaded newer image for r.cfcr.io/codefresh-inc/codefresh/cf-tls-sign:1.1.1-cf-onprem-v1.0.82
r.cfcr.io/codefresh-inc/codefresh/cf-tls-sign:1.1.1-cf-onprem-v1.0.82
Pull r.cfcr.io/codefresh-inc/codefresh/cf-tls-sign:1.1.1-cf-onprem-v1.0.82 completed - Mon Oct  7 11:18:53 UTC 2019 !!!

Tag gcr.io/codefresh-inc/codefresh/cf-tls-sign:1.1.1-cf-onprem-v1.0.82 completed - Mon Oct  7 11:18:53 UTC 2019 !!!

The push refers to repository [gcr.io/codefresh-inc/codefresh/cf-tls-sign]
f90865700ec2: Preparing
aca8e0dfaed6: Preparing
064fc32f801a: Preparing
3bc0ebad8b8c: Preparing
ccf8b6573448: Preparing
5dc197047114: Preparing
9e5c49e6c20b: Preparing
099f37abad88: Preparing
d7bd42f1f660: Preparing
8b375be9de19: Preparing
0f8361255952: Preparing
71ce2dc7f761: Preparing
0d960f1d4fba: Preparing
aca8e0dfaed6: Waiting
064fc32f801a: Waiting
3bc0ebad8b8c: Waiting
ccf8b6573448: Waiting
5dc197047114: Waiting
9e5c49e6c20b: Waiting
099f37abad88: Waiting
d7bd42f1f660: Waiting
8b375be9de19: Waiting
0f8361255952: Waiting
71ce2dc7f761: Waiting
0d960f1d4fba: Waiting
f90865700ec2: Layer already exists
aca8e0dfaed6: Layer already exists
064fc32f801a: Layer already exists
3bc0ebad8b8c: Layer already exists
ccf8b6573448: Layer already exists
5dc197047114: Layer already exists
9e5c49e6c20b: Layer already exists
099f37abad88: Layer already exists
d7bd42f1f660: Layer already exists
8b375be9de19: Layer already exists
0f8361255952: Layer already exists
71ce2dc7f761: Layer already exists
0d960f1d4fba: Layer already exists
1.1.1-cf-onprem-v1.0.82: digest: sha256:ffb5582e128d829606348c04c75ef0e2bfa632e56323f3791c2a67df8691745d size: 3050
Push gcr.io/codefresh-inc/codefresh/cf-tls-sign:1.1.1-cf-onprem-v1.0.82 completed - Mon Oct  7 11:18:55 UTC 2019 !!!

---------- Migrate r.cfcr.io/codefresh-inc/codefresh/cf-tls-sign:cf-onprem-v1.0.81 to gcr.io/codefresh-inc/codefresh/cf-tls-sign:cf-onprem-v1.0.81
cf-onprem-v1.0.81: Pulling from codefresh-inc/codefresh/cf-tls-sign
be666fb3dd35: Already exists
83be8b767650: Already exists
de8ae6598ff9: Already exists
b9618af6f83c: Already exists
8fd7fc9f0b83: Already exists
4b3c6775ea97: Already exists
34005a9946a4: Already exists
282f549b5b84: Already exists
be52a2531f18: Already exists
6539e18712a7: Already exists
e4897499f382: Already exists
cd5ff44ed583: Already exists
94b9a7c54443: Already exists
Digest: sha256:120a187ab835c7b60ebb7b920d1ba385dae209f6116043f21c15c3c7a047d968
Status: Downloaded newer image for r.cfcr.io/codefresh-inc/codefresh/cf-tls-sign:cf-onprem-v1.0.81
r.cfcr.io/codefresh-inc/codefresh/cf-tls-sign:cf-onprem-v1.0.81
Pull r.cfcr.io/codefresh-inc/codefresh/cf-tls-sign:cf-onprem-v1.0.81 completed - Mon Oct  7 11:18:56 UTC 2019 !!!

Tag gcr.io/codefresh-inc/codefresh/cf-tls-sign:cf-onprem-v1.0.81 completed - Mon Oct  7 11:18:56 UTC 2019 !!!

The push refers to repository [gcr.io/codefresh-inc/codefresh/cf-tls-sign]
f90865700ec2: Preparing
aca8e0dfaed6: Preparing
064fc32f801a: Preparing
3bc0ebad8b8c: Preparing
ccf8b6573448: Preparing
5dc197047114: Preparing
9e5c49e6c20b: Preparing
099f37abad88: Preparing
d7bd42f1f660: Preparing
8b375be9de19: Preparing
0f8361255952: Preparing
71ce2dc7f761: Preparing
0d960f1d4fba: Preparing
3bc0ebad8b8c: Waiting
ccf8b6573448: Waiting
5dc197047114: Waiting
9e5c49e6c20b: Waiting
099f37abad88: Waiting
d7bd42f1f660: Waiting
8b375be9de19: Waiting
0f8361255952: Waiting
71ce2dc7f761: Waiting
0d960f1d4fba: Waiting
aca8e0dfaed6: Layer already exists
f90865700ec2: Layer already exists
064fc32f801a: Layer already exists
ccf8b6573448: Layer already exists
3bc0ebad8b8c: Layer already exists
5dc197047114: Layer already exists
9e5c49e6c20b: Layer already exists
099f37abad88: Layer already exists
d7bd42f1f660: Layer already exists
8b375be9de19: Layer already exists
0f8361255952: Layer already exists
71ce2dc7f761: Layer already exists
0d960f1d4fba: Layer already exists
cf-onprem-v1.0.81: digest: sha256:120a187ab835c7b60ebb7b920d1ba385dae209f6116043f21c15c3c7a047d968 size: 3050
Push gcr.io/codefresh-inc/codefresh/cf-tls-sign:cf-onprem-v1.0.81 completed - Mon Oct  7 11:18:58 UTC 2019 !!!

---------- Migrate r.cfcr.io/codefresh-inc/codefresh/cf-tls-sign:1.1.1-cf-onprem-v1.0.81 to gcr.io/codefresh-inc/codefresh/cf-tls-sign:1.1.1-cf-onprem-v1.0.81
1.1.1-cf-onprem-v1.0.81: Pulling from codefresh-inc/codefresh/cf-tls-sign
Digest: sha256:120a187ab835c7b60ebb7b920d1ba385dae209f6116043f21c15c3c7a047d968
Status: Downloaded newer image for r.cfcr.io/codefresh-inc/codefresh/cf-tls-sign:1.1.1-cf-onprem-v1.0.81
r.cfcr.io/codefresh-inc/codefresh/cf-tls-sign:1.1.1-cf-onprem-v1.0.81
Pull r.cfcr.io/codefresh-inc/codefresh/cf-tls-sign:1.1.1-cf-onprem-v1.0.81 completed - Mon Oct  7 11:18:59 UTC 2019 !!!

Tag gcr.io/codefresh-inc/codefresh/cf-tls-sign:1.1.1-cf-onprem-v1.0.81 completed - Mon Oct  7 11:18:59 UTC 2019 !!!

The push refers to repository [gcr.io/codefresh-inc/codefresh/cf-tls-sign]
f90865700ec2: Preparing
aca8e0dfaed6: Preparing
064fc32f801a: Preparing
3bc0ebad8b8c: Preparing
ccf8b6573448: Preparing
5dc197047114: Preparing
9e5c49e6c20b: Preparing
099f37abad88: Preparing
d7bd42f1f660: Preparing
8b375be9de19: Preparing
0f8361255952: Preparing
71ce2dc7f761: Preparing
0d960f1d4fba: Preparing
3bc0ebad8b8c: Waiting
ccf8b6573448: Waiting
5dc197047114: Waiting
9e5c49e6c20b: Waiting
099f37abad88: Waiting
d7bd42f1f660: Waiting
8b375be9de19: Waiting
0f8361255952: Waiting
71ce2dc7f761: Waiting
0d960f1d4fba: Waiting
f90865700ec2: Layer already exists
aca8e0dfaed6: Layer already exists
064fc32f801a: Layer already exists
3bc0ebad8b8c: Layer already exists
ccf8b6573448: Layer already exists
5dc197047114: Layer already exists
9e5c49e6c20b: Layer already exists
099f37abad88: Layer already exists
d7bd42f1f660: Layer already exists
8b375be9de19: Layer already exists
0f8361255952: Layer already exists
71ce2dc7f761: Layer already exists
0d960f1d4fba: Layer already exists
1.1.1-cf-onprem-v1.0.81: digest: sha256:120a187ab835c7b60ebb7b920d1ba385dae209f6116043f21c15c3c7a047d968 size: 3050
Push gcr.io/codefresh-inc/codefresh/cf-tls-sign:1.1.1-cf-onprem-v1.0.81 completed - Mon Oct  7 11:18:59 UTC 2019 !!!

---------- Migrate r.cfcr.io/codefresh-inc/codefresh/cf-tls-sign:1.1.1 to gcr.io/codefresh-inc/codefresh/cf-tls-sign:1.1.1
1.1.1: Pulling from codefresh-inc/codefresh/cf-tls-sign
be666fb3dd35: Already exists
83be8b767650: Already exists
de8ae6598ff9: Already exists
b9618af6f83c: Already exists
8fd7fc9f0b83: Already exists
4b3c6775ea97: Already exists
34005a9946a4: Already exists
282f549b5b84: Already exists
be52a2531f18: Already exists
6539e18712a7: Already exists
e4897499f382: Already exists
cd5ff44ed583: Already exists
94b9a7c54443: Already exists
Digest: sha256:69f834a0bccd121ad448d1943e71ae48388267b5042b840332c14c73445caf81
Status: Downloaded newer image for r.cfcr.io/codefresh-inc/codefresh/cf-tls-sign:1.1.1
r.cfcr.io/codefresh-inc/codefresh/cf-tls-sign:1.1.1
Pull r.cfcr.io/codefresh-inc/codefresh/cf-tls-sign:1.1.1 completed - Mon Oct  7 11:19:00 UTC 2019 !!!

Tag gcr.io/codefresh-inc/codefresh/cf-tls-sign:1.1.1 completed - Mon Oct  7 11:19:00 UTC 2019 !!!

The push refers to repository [gcr.io/codefresh-inc/codefresh/cf-tls-sign]
f90865700ec2: Preparing
aca8e0dfaed6: Preparing
064fc32f801a: Preparing
3bc0ebad8b8c: Preparing
ccf8b6573448: Preparing
5dc197047114: Preparing
9e5c49e6c20b: Preparing
099f37abad88: Preparing
d7bd42f1f660: Preparing
8b375be9de19: Preparing
0f8361255952: Preparing
71ce2dc7f761: Preparing
0d960f1d4fba: Preparing
3bc0ebad8b8c: Waiting
ccf8b6573448: Waiting
5dc197047114: Waiting
9e5c49e6c20b: Waiting
099f37abad88: Waiting
d7bd42f1f660: Waiting
8b375be9de19: Waiting
0f8361255952: Waiting
71ce2dc7f761: Waiting
0d960f1d4fba: Waiting
aca8e0dfaed6: Layer already exists
064fc32f801a: Layer already exists
f90865700ec2: Layer already exists
3bc0ebad8b8c: Layer already exists
ccf8b6573448: Layer already exists
9e5c49e6c20b: Layer already exists
099f37abad88: Layer already exists
d7bd42f1f660: Layer already exists
8b375be9de19: Layer already exists
0f8361255952: Layer already exists
71ce2dc7f761: Layer already exists
5dc197047114: Layer already exists
0d960f1d4fba: Layer already exists
1.1.1: digest: sha256:69f834a0bccd121ad448d1943e71ae48388267b5042b840332c14c73445caf81 size: 3051
Push gcr.io/codefresh-inc/codefresh/cf-tls-sign:1.1.1 completed - Mon Oct  7 11:19:02 UTC 2019 !!!

---------- Migrate r.cfcr.io/codefresh-inc/codefresh/cf-tls-sign:saas-3691 to gcr.io/codefresh-inc/codefresh/cf-tls-sign:saas-3691
saas-3691: Pulling from codefresh-inc/codefresh/cf-tls-sign
be666fb3dd35: Already exists
83be8b767650: Already exists
de8ae6598ff9: Already exists
b9618af6f83c: Already exists
8fd7fc9f0b83: Already exists
4b3c6775ea97: Already exists
34005a9946a4: Already exists
282f549b5b84: Already exists
be52a2531f18: Already exists
6539e18712a7: Already exists
e4897499f382: Already exists
cd5ff44ed583: Already exists
94b9a7c54443: Already exists
Digest: sha256:3b973758cb72e02c2146581fa37ec5951c92dc5e629c2c8c04ef22899f241f2c
Status: Downloaded newer image for r.cfcr.io/codefresh-inc/codefresh/cf-tls-sign:saas-3691
r.cfcr.io/codefresh-inc/codefresh/cf-tls-sign:saas-3691
Pull r.cfcr.io/codefresh-inc/codefresh/cf-tls-sign:saas-3691 completed - Mon Oct  7 11:19:04 UTC 2019 !!!

Tag gcr.io/codefresh-inc/codefresh/cf-tls-sign:saas-3691 completed - Mon Oct  7 11:19:04 UTC 2019 !!!

The push refers to repository [gcr.io/codefresh-inc/codefresh/cf-tls-sign]
f90865700ec2: Preparing
aca8e0dfaed6: Preparing
064fc32f801a: Preparing
3bc0ebad8b8c: Preparing
ccf8b6573448: Preparing
5dc197047114: Preparing
9e5c49e6c20b: Preparing
099f37abad88: Preparing
d7bd42f1f660: Preparing
8b375be9de19: Preparing
0f8361255952: Preparing
71ce2dc7f761: Preparing
0d960f1d4fba: Preparing
3bc0ebad8b8c: Waiting
ccf8b6573448: Waiting
5dc197047114: Waiting
9e5c49e6c20b: Waiting
099f37abad88: Waiting
d7bd42f1f660: Waiting
8b375be9de19: Waiting
0f8361255952: Waiting
71ce2dc7f761: Waiting
0d960f1d4fba: Waiting
064fc32f801a: Layer already exists
f90865700ec2: Layer already exists
aca8e0dfaed6: Layer already exists
3bc0ebad8b8c: Layer already exists
ccf8b6573448: Layer already exists
5dc197047114: Layer already exists
099f37abad88: Layer already exists
9e5c49e6c20b: Layer already exists
d7bd42f1f660: Layer already exists
0f8361255952: Layer already exists
8b375be9de19: Layer already exists
71ce2dc7f761: Layer already exists
0d960f1d4fba: Layer already exists
saas-3691: digest: sha256:a4abda3dbeb814bb7b13bdfbacab9f12e47e8912c29973b16a96ef1b9e6a38b6 size: 3050
Push gcr.io/codefresh-inc/codefresh/cf-tls-sign:saas-3691 completed - Mon Oct  7 11:19:06 UTC 2019 !!!

---------- Migrate r.cfcr.io/codefresh-inc/codefresh/cf-tls-sign:SAAS-3691 to gcr.io/codefresh-inc/codefresh/cf-tls-sign:SAAS-3691
SAAS-3691: Pulling from codefresh-inc/codefresh/cf-tls-sign
Digest: sha256:a4abda3dbeb814bb7b13bdfbacab9f12e47e8912c29973b16a96ef1b9e6a38b6
Status: Downloaded newer image for r.cfcr.io/codefresh-inc/codefresh/cf-tls-sign:SAAS-3691
r.cfcr.io/codefresh-inc/codefresh/cf-tls-sign:SAAS-3691
Pull r.cfcr.io/codefresh-inc/codefresh/cf-tls-sign:SAAS-3691 completed - Mon Oct  7 11:19:07 UTC 2019 !!!

Tag gcr.io/codefresh-inc/codefresh/cf-tls-sign:SAAS-3691 completed - Mon Oct  7 11:19:07 UTC 2019 !!!

The push refers to repository [gcr.io/codefresh-inc/codefresh/cf-tls-sign]
f90865700ec2: Preparing
aca8e0dfaed6: Preparing
064fc32f801a: Preparing
3bc0ebad8b8c: Preparing
ccf8b6573448: Preparing
5dc197047114: Preparing
9e5c49e6c20b: Preparing
099f37abad88: Preparing
d7bd42f1f660: Preparing
8b375be9de19: Preparing
0f8361255952: Preparing
71ce2dc7f761: Preparing
0d960f1d4fba: Preparing
3bc0ebad8b8c: Waiting
ccf8b6573448: Waiting
5dc197047114: Waiting
9e5c49e6c20b: Waiting
099f37abad88: Waiting
d7bd42f1f660: Waiting
8b375be9de19: Waiting
0f8361255952: Waiting
71ce2dc7f761: Waiting
0d960f1d4fba: Waiting
064fc32f801a: Layer already exists
f90865700ec2: Layer already exists
aca8e0dfaed6: Layer already exists
3bc0ebad8b8c: Layer already exists
5dc197047114: Layer already exists
ccf8b6573448: Layer already exists
9e5c49e6c20b: Layer already exists
099f37abad88: Layer already exists
d7bd42f1f660: Layer already exists
0f8361255952: Layer already exists
8b375be9de19: Layer already exists
71ce2dc7f761: Layer already exists
0d960f1d4fba: Layer already exists
SAAS-3691: digest: sha256:a4abda3dbeb814bb7b13bdfbacab9f12e47e8912c29973b16a96ef1b9e6a38b6 size: 3050
Push gcr.io/codefresh-inc/codefresh/cf-tls-sign:SAAS-3691 completed - Mon Oct  7 11:19:08 UTC 2019 !!!

---------- Migrate r.cfcr.io/codefresh-inc/codefresh/cf-tls-sign:1.1.1-saas-3691 to gcr.io/codefresh-inc/codefresh/cf-tls-sign:1.1.1-saas-3691
1.1.1-saas-3691: Pulling from codefresh-inc/codefresh/cf-tls-sign
Digest: sha256:a4abda3dbeb814bb7b13bdfbacab9f12e47e8912c29973b16a96ef1b9e6a38b6
Status: Downloaded newer image for r.cfcr.io/codefresh-inc/codefresh/cf-tls-sign:1.1.1-saas-3691
r.cfcr.io/codefresh-inc/codefresh/cf-tls-sign:1.1.1-saas-3691
Pull r.cfcr.io/codefresh-inc/codefresh/cf-tls-sign:1.1.1-saas-3691 completed - Mon Oct  7 11:19:08 UTC 2019 !!!

Tag gcr.io/codefresh-inc/codefresh/cf-tls-sign:1.1.1-saas-3691 completed - Mon Oct  7 11:19:08 UTC 2019 !!!

The push refers to repository [gcr.io/codefresh-inc/codefresh/cf-tls-sign]
f90865700ec2: Preparing
aca8e0dfaed6: Preparing
064fc32f801a: Preparing
3bc0ebad8b8c: Preparing
ccf8b6573448: Preparing
5dc197047114: Preparing
9e5c49e6c20b: Preparing
099f37abad88: Preparing
d7bd42f1f660: Preparing
8b375be9de19: Preparing
0f8361255952: Preparing
71ce2dc7f761: Preparing
0d960f1d4fba: Preparing
3bc0ebad8b8c: Waiting
ccf8b6573448: Waiting
5dc197047114: Waiting
9e5c49e6c20b: Waiting
099f37abad88: Waiting
d7bd42f1f660: Waiting
8b375be9de19: Waiting
0f8361255952: Waiting
71ce2dc7f761: Waiting
0d960f1d4fba: Waiting
064fc32f801a: Layer already exists
f90865700ec2: Layer already exists
aca8e0dfaed6: Layer already exists
3bc0ebad8b8c: Layer already exists
5dc197047114: Layer already exists
ccf8b6573448: Layer already exists
9e5c49e6c20b: Layer already exists
099f37abad88: Layer already exists
d7bd42f1f660: Layer already exists
8b375be9de19: Layer already exists
71ce2dc7f761: Layer already exists
0f8361255952: Layer already exists
0d960f1d4fba: Layer already exists
1.1.1-saas-3691: digest: sha256:a4abda3dbeb814bb7b13bdfbacab9f12e47e8912c29973b16a96ef1b9e6a38b6 size: 3050
Push gcr.io/codefresh-inc/codefresh/cf-tls-sign:1.1.1-saas-3691 completed - Mon Oct  7 11:19:09 UTC 2019 !!!

---------- Migrate r.cfcr.io/codefresh-inc/codefresh/cf-tls-sign:1.1.0-saas-3691 to gcr.io/codefresh-inc/codefresh/cf-tls-sign:1.1.0-saas-3691
1.1.0-saas-3691: Pulling from codefresh-inc/codefresh/cf-tls-sign
be666fb3dd35: Already exists
83be8b767650: Already exists
de8ae6598ff9: Already exists
b9618af6f83c: Already exists
8fd7fc9f0b83: Already exists
4b3c6775ea97: Already exists
34005a9946a4: Already exists
282f549b5b84: Already exists
be52a2531f18: Already exists
6539e18712a7: Already exists
e4897499f382: Already exists
cd5ff44ed583: Already exists
94b9a7c54443: Already exists
Digest: sha256:bee170422aeda646f313d03a364b0cdb1ba65ce8a1afea1eb248fe3ca66f19ec
Status: Downloaded newer image for r.cfcr.io/codefresh-inc/codefresh/cf-tls-sign:1.1.0-saas-3691
r.cfcr.io/codefresh-inc/codefresh/cf-tls-sign:1.1.0-saas-3691
Pull r.cfcr.io/codefresh-inc/codefresh/cf-tls-sign:1.1.0-saas-3691 completed - Mon Oct  7 11:19:10 UTC 2019 !!!

Tag gcr.io/codefresh-inc/codefresh/cf-tls-sign:1.1.0-saas-3691 completed - Mon Oct  7 11:19:10 UTC 2019 !!!

The push refers to repository [gcr.io/codefresh-inc/codefresh/cf-tls-sign]
f90865700ec2: Preparing
aca8e0dfaed6: Preparing
064fc32f801a: Preparing
3bc0ebad8b8c: Preparing
ccf8b6573448: Preparing
5dc197047114: Preparing
9e5c49e6c20b: Preparing
099f37abad88: Preparing
d7bd42f1f660: Preparing
8b375be9de19: Preparing
0f8361255952: Preparing
71ce2dc7f761: Preparing
0d960f1d4fba: Preparing
3bc0ebad8b8c: Waiting
ccf8b6573448: Waiting
5dc197047114: Waiting
9e5c49e6c20b: Waiting
099f37abad88: Waiting
d7bd42f1f660: Waiting
8b375be9de19: Waiting
0f8361255952: Waiting
71ce2dc7f761: Waiting
0d960f1d4fba: Waiting
f90865700ec2: Layer already exists
aca8e0dfaed6: Layer already exists
064fc32f801a: Layer already exists
3bc0ebad8b8c: Layer already exists
5dc197047114: Layer already exists
ccf8b6573448: Layer already exists
9e5c49e6c20b: Layer already exists
d7bd42f1f660: Layer already exists
099f37abad88: Layer already exists
8b375be9de19: Layer already exists
0f8361255952: Layer already exists
71ce2dc7f761: Layer already exists
0d960f1d4fba: Layer already exists
1.1.0-saas-3691: digest: sha256:bee170422aeda646f313d03a364b0cdb1ba65ce8a1afea1eb248fe3ca66f19ec size: 3050
Push gcr.io/codefresh-inc/codefresh/cf-tls-sign:1.1.0-saas-3691 completed - Mon Oct  7 11:19:12 UTC 2019 !!!

---------- Migrate r.cfcr.io/codefresh-inc/codefresh/cf-tls-sign:cf-onprem-v1.0.80 to gcr.io/codefresh-inc/codefresh/cf-tls-sign:cf-onprem-v1.0.80
cf-onprem-v1.0.80: Pulling from codefresh-inc/codefresh/cf-tls-sign
be666fb3dd35: Already exists
83be8b767650: Already exists
de8ae6598ff9: Already exists
b9618af6f83c: Already exists
8fd7fc9f0b83: Already exists
4b3c6775ea97: Already exists
34005a9946a4: Already exists
282f549b5b84: Already exists
be52a2531f18: Already exists
6539e18712a7: Already exists
e4897499f382: Already exists
cd5ff44ed583: Already exists
94b9a7c54443: Already exists
Digest: sha256:c319a41dbd39fae84818040689a6d3ac94ed6b551e87426ca8911fdbe20c15ff
Status: Downloaded newer image for r.cfcr.io/codefresh-inc/codefresh/cf-tls-sign:cf-onprem-v1.0.80
r.cfcr.io/codefresh-inc/codefresh/cf-tls-sign:cf-onprem-v1.0.80
Pull r.cfcr.io/codefresh-inc/codefresh/cf-tls-sign:cf-onprem-v1.0.80 completed - Mon Oct  7 11:19:13 UTC 2019 !!!

Tag gcr.io/codefresh-inc/codefresh/cf-tls-sign:cf-onprem-v1.0.80 completed - Mon Oct  7 11:19:13 UTC 2019 !!!

The push refers to repository [gcr.io/codefresh-inc/codefresh/cf-tls-sign]
f90865700ec2: Preparing
aca8e0dfaed6: Preparing
064fc32f801a: Preparing
3bc0ebad8b8c: Preparing
ccf8b6573448: Preparing
5dc197047114: Preparing
9e5c49e6c20b: Preparing
099f37abad88: Preparing
d7bd42f1f660: Preparing
8b375be9de19: Preparing
0f8361255952: Preparing
71ce2dc7f761: Preparing
0d960f1d4fba: Preparing
3bc0ebad8b8c: Waiting
ccf8b6573448: Waiting
5dc197047114: Waiting
9e5c49e6c20b: Waiting
099f37abad88: Waiting
d7bd42f1f660: Waiting
8b375be9de19: Waiting
0f8361255952: Waiting
71ce2dc7f761: Waiting
0d960f1d4fba: Waiting
f90865700ec2: Layer already exists
aca8e0dfaed6: Layer already exists
064fc32f801a: Layer already exists
ccf8b6573448: Layer already exists
5dc197047114: Layer already exists
3bc0ebad8b8c: Layer already exists
d7bd42f1f660: Layer already exists
9e5c49e6c20b: Layer already exists
099f37abad88: Layer already exists
8b375be9de19: Layer already exists
0f8361255952: Layer already exists
71ce2dc7f761: Layer already exists
0d960f1d4fba: Layer already exists
cf-onprem-v1.0.80: digest: sha256:c319a41dbd39fae84818040689a6d3ac94ed6b551e87426ca8911fdbe20c15ff size: 3050
Push gcr.io/codefresh-inc/codefresh/cf-tls-sign:cf-onprem-v1.0.80 completed - Mon Oct  7 11:19:15 UTC 2019 !!!

---------- Migrate r.cfcr.io/codefresh-inc/codefresh/cf-tls-sign:1.1.0-cf-onprem-v1.0.80 to gcr.io/codefresh-inc/codefresh/cf-tls-sign:1.1.0-cf-onprem-v1.0.80
1.1.0-cf-onprem-v1.0.80: Pulling from codefresh-inc/codefresh/cf-tls-sign
Digest: sha256:c319a41dbd39fae84818040689a6d3ac94ed6b551e87426ca8911fdbe20c15ff
Status: Downloaded newer image for r.cfcr.io/codefresh-inc/codefresh/cf-tls-sign:1.1.0-cf-onprem-v1.0.80
r.cfcr.io/codefresh-inc/codefresh/cf-tls-sign:1.1.0-cf-onprem-v1.0.80
Pull r.cfcr.io/codefresh-inc/codefresh/cf-tls-sign:1.1.0-cf-onprem-v1.0.80 completed - Mon Oct  7 11:19:16 UTC 2019 !!!

Tag gcr.io/codefresh-inc/codefresh/cf-tls-sign:1.1.0-cf-onprem-v1.0.80 completed - Mon Oct  7 11:19:16 UTC 2019 !!!

The push refers to repository [gcr.io/codefresh-inc/codefresh/cf-tls-sign]
f90865700ec2: Preparing
aca8e0dfaed6: Preparing
064fc32f801a: Preparing
3bc0ebad8b8c: Preparing
ccf8b6573448: Preparing
5dc197047114: Preparing
9e5c49e6c20b: Preparing
099f37abad88: Preparing
d7bd42f1f660: Preparing
8b375be9de19: Preparing
0f8361255952: Preparing
71ce2dc7f761: Preparing
0d960f1d4fba: Preparing
ccf8b6573448: Waiting
5dc197047114: Waiting
9e5c49e6c20b: Waiting
099f37abad88: Waiting
d7bd42f1f660: Waiting
8b375be9de19: Waiting
0f8361255952: Waiting
71ce2dc7f761: Waiting
0d960f1d4fba: Waiting
064fc32f801a: Layer already exists
aca8e0dfaed6: Layer already exists
f90865700ec2: Layer already exists
3bc0ebad8b8c: Layer already exists
5dc197047114: Layer already exists
9e5c49e6c20b: Layer already exists
099f37abad88: Layer already exists
ccf8b6573448: Layer already exists
d7bd42f1f660: Layer already exists
71ce2dc7f761: Layer already exists
8b375be9de19: Layer already exists
0f8361255952: Layer already exists
0d960f1d4fba: Layer already exists
1.1.0-cf-onprem-v1.0.80: digest: sha256:c319a41dbd39fae84818040689a6d3ac94ed6b551e87426ca8911fdbe20c15ff size: 3050
Push gcr.io/codefresh-inc/codefresh/cf-tls-sign:1.1.0-cf-onprem-v1.0.80 completed - Mon Oct  7 11:19:17 UTC 2019 !!!

---------- Migrate r.cfcr.io/codefresh-inc/codefresh/cf-tls-sign:1.1.0 to gcr.io/codefresh-inc/codefresh/cf-tls-sign:1.1.0
1.1.0: Pulling from codefresh-inc/codefresh/cf-tls-sign
be666fb3dd35: Already exists
83be8b767650: Already exists
de8ae6598ff9: Already exists
b9618af6f83c: Already exists
8fd7fc9f0b83: Already exists
4b3c6775ea97: Already exists
34005a9946a4: Already exists
282f549b5b84: Already exists
be52a2531f18: Already exists
6539e18712a7: Already exists
e4897499f382: Already exists
cd5ff44ed583: Already exists
94b9a7c54443: Already exists
Digest: sha256:4ccdd12f285c4e9c3552e6406cfa6a0a34b251ce578a0ff525d87bf3842e2d87
Status: Downloaded newer image for r.cfcr.io/codefresh-inc/codefresh/cf-tls-sign:1.1.0
r.cfcr.io/codefresh-inc/codefresh/cf-tls-sign:1.1.0
Pull r.cfcr.io/codefresh-inc/codefresh/cf-tls-sign:1.1.0 completed - Mon Oct  7 11:19:18 UTC 2019 !!!

Tag gcr.io/codefresh-inc/codefresh/cf-tls-sign:1.1.0 completed - Mon Oct  7 11:19:18 UTC 2019 !!!

The push refers to repository [gcr.io/codefresh-inc/codefresh/cf-tls-sign]
f90865700ec2: Preparing
aca8e0dfaed6: Preparing
064fc32f801a: Preparing
3bc0ebad8b8c: Preparing
ccf8b6573448: Preparing
5dc197047114: Preparing
9e5c49e6c20b: Preparing
099f37abad88: Preparing
d7bd42f1f660: Preparing
8b375be9de19: Preparing
0f8361255952: Preparing
71ce2dc7f761: Preparing
0d960f1d4fba: Preparing
ccf8b6573448: Waiting
5dc197047114: Waiting
9e5c49e6c20b: Waiting
099f37abad88: Waiting
d7bd42f1f660: Waiting
8b375be9de19: Waiting
0f8361255952: Waiting
71ce2dc7f761: Waiting
0d960f1d4fba: Waiting
f90865700ec2: Layer already exists
aca8e0dfaed6: Layer already exists
3bc0ebad8b8c: Layer already exists
064fc32f801a: Layer already exists
099f37abad88: Layer already exists
ccf8b6573448: Layer already exists
9e5c49e6c20b: Layer already exists
5dc197047114: Layer already exists
d7bd42f1f660: Layer already exists
8b375be9de19: Layer already exists
71ce2dc7f761: Layer already exists
0d960f1d4fba: Layer already exists
0f8361255952: Layer already exists
1.1.0: digest: sha256:4ccdd12f285c4e9c3552e6406cfa6a0a34b251ce578a0ff525d87bf3842e2d87 size: 3051
Push gcr.io/codefresh-inc/codefresh/cf-tls-sign:1.1.0 completed - Mon Oct  7 11:19:20 UTC 2019 !!!

---------- Migrate r.cfcr.io/codefresh-inc/codefresh/cf-tls-sign:istio-poc to gcr.io/codefresh-inc/codefresh/cf-tls-sign:istio-poc
istio-poc: Pulling from codefresh-inc/codefresh/cf-tls-sign
be666fb3dd35: Already exists
83be8b767650: Already exists
de8ae6598ff9: Already exists
b9618af6f83c: Already exists
8fd7fc9f0b83: Already exists
4b3c6775ea97: Already exists
34005a9946a4: Already exists
282f549b5b84: Already exists
be52a2531f18: Already exists
6539e18712a7: Already exists
e4897499f382: Already exists
cd5ff44ed583: Already exists
94b9a7c54443: Already exists
Digest: sha256:f9e1a25806e883fe38c3dd461f8d0f74a5551887736bd84197d82f0171238211
Status: Downloaded newer image for r.cfcr.io/codefresh-inc/codefresh/cf-tls-sign:istio-poc
r.cfcr.io/codefresh-inc/codefresh/cf-tls-sign:istio-poc
Pull r.cfcr.io/codefresh-inc/codefresh/cf-tls-sign:istio-poc completed - Mon Oct  7 11:19:21 UTC 2019 !!!

Tag gcr.io/codefresh-inc/codefresh/cf-tls-sign:istio-poc completed - Mon Oct  7 11:19:21 UTC 2019 !!!

The push refers to repository [gcr.io/codefresh-inc/codefresh/cf-tls-sign]
f90865700ec2: Preparing
aca8e0dfaed6: Preparing
064fc32f801a: Preparing
3bc0ebad8b8c: Preparing
ccf8b6573448: Preparing
5dc197047114: Preparing
9e5c49e6c20b: Preparing
099f37abad88: Preparing
d7bd42f1f660: Preparing
8b375be9de19: Preparing
0f8361255952: Preparing
71ce2dc7f761: Preparing
0d960f1d4fba: Preparing
aca8e0dfaed6: Waiting
064fc32f801a: Waiting
3bc0ebad8b8c: Waiting
ccf8b6573448: Waiting
5dc197047114: Waiting
9e5c49e6c20b: Waiting
099f37abad88: Waiting
d7bd42f1f660: Waiting
8b375be9de19: Waiting
0f8361255952: Waiting
71ce2dc7f761: Waiting
0d960f1d4fba: Waiting
f90865700ec2: Layer already exists
aca8e0dfaed6: Layer already exists
064fc32f801a: Layer already exists
3bc0ebad8b8c: Layer already exists
ccf8b6573448: Layer already exists
5dc197047114: Layer already exists
9e5c49e6c20b: Layer already exists
099f37abad88: Layer already exists
d7bd42f1f660: Layer already exists
8b375be9de19: Layer already exists
0f8361255952: Layer already exists
71ce2dc7f761: Layer already exists
0d960f1d4fba: Layer already exists
istio-poc: digest: sha256:f9e1a25806e883fe38c3dd461f8d0f74a5551887736bd84197d82f0171238211 size: 3050
Push gcr.io/codefresh-inc/codefresh/cf-tls-sign:istio-poc completed - Mon Oct  7 11:19:24 UTC 2019 !!!

---------- Migrate r.cfcr.io/codefresh-inc/codefresh/cf-tls-sign:1.1.0-istio-poc to gcr.io/codefresh-inc/codefresh/cf-tls-sign:1.1.0-istio-poc
1.1.0-istio-poc: Pulling from codefresh-inc/codefresh/cf-tls-sign
Digest: sha256:f9e1a25806e883fe38c3dd461f8d0f74a5551887736bd84197d82f0171238211
Status: Downloaded newer image for r.cfcr.io/codefresh-inc/codefresh/cf-tls-sign:1.1.0-istio-poc
r.cfcr.io/codefresh-inc/codefresh/cf-tls-sign:1.1.0-istio-poc
Pull r.cfcr.io/codefresh-inc/codefresh/cf-tls-sign:1.1.0-istio-poc completed - Mon Oct  7 11:19:25 UTC 2019 !!!

Tag gcr.io/codefresh-inc/codefresh/cf-tls-sign:1.1.0-istio-poc completed - Mon Oct  7 11:19:25 UTC 2019 !!!

The push refers to repository [gcr.io/codefresh-inc/codefresh/cf-tls-sign]
f90865700ec2: Preparing
aca8e0dfaed6: Preparing
064fc32f801a: Preparing
3bc0ebad8b8c: Preparing
ccf8b6573448: Preparing
5dc197047114: Preparing
9e5c49e6c20b: Preparing
099f37abad88: Preparing
d7bd42f1f660: Preparing
8b375be9de19: Preparing
0f8361255952: Preparing
71ce2dc7f761: Preparing
0d960f1d4fba: Preparing
ccf8b6573448: Waiting
5dc197047114: Waiting
9e5c49e6c20b: Waiting
099f37abad88: Waiting
d7bd42f1f660: Waiting
8b375be9de19: Waiting
0f8361255952: Waiting
71ce2dc7f761: Waiting
0d960f1d4fba: Waiting
064fc32f801a: Layer already exists
3bc0ebad8b8c: Layer already exists
aca8e0dfaed6: Layer already exists
5dc197047114: Layer already exists
9e5c49e6c20b: Layer already exists
f90865700ec2: Layer already exists
ccf8b6573448: Layer already exists
0f8361255952: Layer already exists
8b375be9de19: Layer already exists
d7bd42f1f660: Layer already exists
099f37abad88: Layer already exists
71ce2dc7f761: Layer already exists
0d960f1d4fba: Layer already exists
1.1.0-istio-poc: digest: sha256:f9e1a25806e883fe38c3dd461f8d0f74a5551887736bd84197d82f0171238211 size: 3050
Push gcr.io/codefresh-inc/codefresh/cf-tls-sign:1.1.0-istio-poc completed - Mon Oct  7 11:19:27 UTC 2019 !!!

---------- Migrate r.cfcr.io/codefresh-inc/codefresh/cf-tls-sign:cf-onprem-v1.0.79 to gcr.io/codefresh-inc/codefresh/cf-tls-sign:cf-onprem-v1.0.79
cf-onprem-v1.0.79: Pulling from codefresh-inc/codefresh/cf-tls-sign
be666fb3dd35: Already exists
83be8b767650: Already exists
de8ae6598ff9: Already exists
b9618af6f83c: Already exists
8fd7fc9f0b83: Already exists
4b3c6775ea97: Already exists
34005a9946a4: Already exists
282f549b5b84: Already exists
be52a2531f18: Already exists
6539e18712a7: Already exists
e4897499f382: Already exists
cd5ff44ed583: Already exists
94b9a7c54443: Already exists
Digest: sha256:58d4eb3b91f62d6204a6eacf5326c1e9b1a946b6f550b4dddc39b090ebca8a16
Status: Downloaded newer image for r.cfcr.io/codefresh-inc/codefresh/cf-tls-sign:cf-onprem-v1.0.79
r.cfcr.io/codefresh-inc/codefresh/cf-tls-sign:cf-onprem-v1.0.79
Pull r.cfcr.io/codefresh-inc/codefresh/cf-tls-sign:cf-onprem-v1.0.79 completed - Mon Oct  7 11:19:28 UTC 2019 !!!

Tag gcr.io/codefresh-inc/codefresh/cf-tls-sign:cf-onprem-v1.0.79 completed - Mon Oct  7 11:19:28 UTC 2019 !!!

The push refers to repository [gcr.io/codefresh-inc/codefresh/cf-tls-sign]
f90865700ec2: Preparing
aca8e0dfaed6: Preparing
064fc32f801a: Preparing
3bc0ebad8b8c: Preparing
ccf8b6573448: Preparing
5dc197047114: Preparing
9e5c49e6c20b: Preparing
099f37abad88: Preparing
d7bd42f1f660: Preparing
8b375be9de19: Preparing
0f8361255952: Preparing
71ce2dc7f761: Preparing
0d960f1d4fba: Preparing
ccf8b6573448: Waiting
5dc197047114: Waiting
9e5c49e6c20b: Waiting
099f37abad88: Waiting
d7bd42f1f660: Waiting
8b375be9de19: Waiting
0f8361255952: Waiting
71ce2dc7f761: Waiting
0d960f1d4fba: Waiting
aca8e0dfaed6: Layer already exists
064fc32f801a: Layer already exists
3bc0ebad8b8c: Layer already exists
f90865700ec2: Layer already exists
5dc197047114: Layer already exists
099f37abad88: Layer already exists
ccf8b6573448: Layer already exists
9e5c49e6c20b: Layer already exists
8b375be9de19: Layer already exists
d7bd42f1f660: Layer already exists
71ce2dc7f761: Layer already exists
0f8361255952: Layer already exists
0d960f1d4fba: Layer already exists
cf-onprem-v1.0.79: digest: sha256:58d4eb3b91f62d6204a6eacf5326c1e9b1a946b6f550b4dddc39b090ebca8a16 size: 3050
Push gcr.io/codefresh-inc/codefresh/cf-tls-sign:cf-onprem-v1.0.79 completed - Mon Oct  7 11:19:31 UTC 2019 !!!

---------- Migrate r.cfcr.io/codefresh-inc/codefresh/cf-tls-sign:1.0.6-cf-onprem-v1.0.79 to gcr.io/codefresh-inc/codefresh/cf-tls-sign:1.0.6-cf-onprem-v1.0.79
1.0.6-cf-onprem-v1.0.79: Pulling from codefresh-inc/codefresh/cf-tls-sign
Digest: sha256:58d4eb3b91f62d6204a6eacf5326c1e9b1a946b6f550b4dddc39b090ebca8a16
Status: Downloaded newer image for r.cfcr.io/codefresh-inc/codefresh/cf-tls-sign:1.0.6-cf-onprem-v1.0.79
r.cfcr.io/codefresh-inc/codefresh/cf-tls-sign:1.0.6-cf-onprem-v1.0.79
Pull r.cfcr.io/codefresh-inc/codefresh/cf-tls-sign:1.0.6-cf-onprem-v1.0.79 completed - Mon Oct  7 11:19:32 UTC 2019 !!!

Tag gcr.io/codefresh-inc/codefresh/cf-tls-sign:1.0.6-cf-onprem-v1.0.79 completed - Mon Oct  7 11:19:32 UTC 2019 !!!

The push refers to repository [gcr.io/codefresh-inc/codefresh/cf-tls-sign]
f90865700ec2: Preparing
aca8e0dfaed6: Preparing
064fc32f801a: Preparing
3bc0ebad8b8c: Preparing
ccf8b6573448: Preparing
5dc197047114: Preparing
9e5c49e6c20b: Preparing
099f37abad88: Preparing
d7bd42f1f660: Preparing
8b375be9de19: Preparing
0f8361255952: Preparing
71ce2dc7f761: Preparing
0d960f1d4fba: Preparing
ccf8b6573448: Waiting
5dc197047114: Waiting
9e5c49e6c20b: Waiting
099f37abad88: Waiting
d7bd42f1f660: Waiting
8b375be9de19: Waiting
0f8361255952: Waiting
71ce2dc7f761: Waiting
0d960f1d4fba: Waiting
3bc0ebad8b8c: Layer already exists
aca8e0dfaed6: Layer already exists
064fc32f801a: Layer already exists
f90865700ec2: Layer already exists
9e5c49e6c20b: Layer already exists
ccf8b6573448: Layer already exists
5dc197047114: Layer already exists
099f37abad88: Layer already exists
d7bd42f1f660: Layer already exists
8b375be9de19: Layer already exists
0f8361255952: Layer already exists
71ce2dc7f761: Layer already exists
0d960f1d4fba: Layer already exists
1.0.6-cf-onprem-v1.0.79: digest: sha256:58d4eb3b91f62d6204a6eacf5326c1e9b1a946b6f550b4dddc39b090ebca8a16 size: 3050
Push gcr.io/codefresh-inc/codefresh/cf-tls-sign:1.0.6-cf-onprem-v1.0.79 completed - Mon Oct  7 11:19:33 UTC 2019 !!!

---------- Migrate r.cfcr.io/codefresh-inc/codefresh/cf-tls-sign:1.0.6-istio-poc to gcr.io/codefresh-inc/codefresh/cf-tls-sign:1.0.6-istio-poc
1.0.6-istio-poc: Pulling from codefresh-inc/codefresh/cf-tls-sign
be666fb3dd35: Already exists
83be8b767650: Already exists
de8ae6598ff9: Already exists
b9618af6f83c: Already exists
8fd7fc9f0b83: Already exists
4b3c6775ea97: Already exists
34005a9946a4: Already exists
282f549b5b84: Already exists
be52a2531f18: Already exists
6539e18712a7: Already exists
e4897499f382: Already exists
cd5ff44ed583: Already exists
94b9a7c54443: Already exists
Digest: sha256:c96c56c52c043b7469d7779c01c3b8b4a44e946de007ff8697045c1ead3ca6c0
Status: Downloaded newer image for r.cfcr.io/codefresh-inc/codefresh/cf-tls-sign:1.0.6-istio-poc
r.cfcr.io/codefresh-inc/codefresh/cf-tls-sign:1.0.6-istio-poc
Pull r.cfcr.io/codefresh-inc/codefresh/cf-tls-sign:1.0.6-istio-poc completed - Mon Oct  7 11:19:34 UTC 2019 !!!

Tag gcr.io/codefresh-inc/codefresh/cf-tls-sign:1.0.6-istio-poc completed - Mon Oct  7 11:19:34 UTC 2019 !!!

The push refers to repository [gcr.io/codefresh-inc/codefresh/cf-tls-sign]
f90865700ec2: Preparing
aca8e0dfaed6: Preparing
064fc32f801a: Preparing
3bc0ebad8b8c: Preparing
ccf8b6573448: Preparing
5dc197047114: Preparing
9e5c49e6c20b: Preparing
099f37abad88: Preparing
d7bd42f1f660: Preparing
8b375be9de19: Preparing
0f8361255952: Preparing
71ce2dc7f761: Preparing
0d960f1d4fba: Preparing
ccf8b6573448: Waiting
5dc197047114: Waiting
9e5c49e6c20b: Waiting
099f37abad88: Waiting
d7bd42f1f660: Waiting
8b375be9de19: Waiting
0f8361255952: Waiting
71ce2dc7f761: Waiting
0d960f1d4fba: Waiting
3bc0ebad8b8c: Layer already exists
aca8e0dfaed6: Layer already exists
f90865700ec2: Layer already exists
064fc32f801a: Layer already exists
099f37abad88: Layer already exists
5dc197047114: Layer already exists
ccf8b6573448: Layer already exists
8b375be9de19: Layer already exists
d7bd42f1f660: Layer already exists
0f8361255952: Layer already exists
9e5c49e6c20b: Layer already exists
0d960f1d4fba: Layer already exists
71ce2dc7f761: Layer already exists
1.0.6-istio-poc: digest: sha256:c96c56c52c043b7469d7779c01c3b8b4a44e946de007ff8697045c1ead3ca6c0 size: 3050
Push gcr.io/codefresh-inc/codefresh/cf-tls-sign:1.0.6-istio-poc completed - Mon Oct  7 11:19:36 UTC 2019 !!!

---------- Migrate r.cfcr.io/codefresh-inc/codefresh/cf-tls-sign:cf-onprem-v1.0.78 to gcr.io/codefresh-inc/codefresh/cf-tls-sign:cf-onprem-v1.0.78
cf-onprem-v1.0.78: Pulling from codefresh-inc/codefresh/cf-tls-sign
be666fb3dd35: Already exists
83be8b767650: Already exists
de8ae6598ff9: Already exists
b9618af6f83c: Already exists
8fd7fc9f0b83: Already exists
4b3c6775ea97: Already exists
34005a9946a4: Already exists
282f549b5b84: Already exists
be52a2531f18: Already exists
6539e18712a7: Already exists
e4897499f382: Already exists
cd5ff44ed583: Already exists
94b9a7c54443: Already exists
Digest: sha256:83e92092472fa117c1c43bac4262ce891fe849d31c62d310bdb7ba798a8cd4dd
Status: Downloaded newer image for r.cfcr.io/codefresh-inc/codefresh/cf-tls-sign:cf-onprem-v1.0.78
r.cfcr.io/codefresh-inc/codefresh/cf-tls-sign:cf-onprem-v1.0.78
Pull r.cfcr.io/codefresh-inc/codefresh/cf-tls-sign:cf-onprem-v1.0.78 completed - Mon Oct  7 11:19:37 UTC 2019 !!!

Tag gcr.io/codefresh-inc/codefresh/cf-tls-sign:cf-onprem-v1.0.78 completed - Mon Oct  7 11:19:37 UTC 2019 !!!

The push refers to repository [gcr.io/codefresh-inc/codefresh/cf-tls-sign]
f90865700ec2: Preparing
aca8e0dfaed6: Preparing
064fc32f801a: Preparing
3bc0ebad8b8c: Preparing
ccf8b6573448: Preparing
5dc197047114: Preparing
9e5c49e6c20b: Preparing
099f37abad88: Preparing
d7bd42f1f660: Preparing
8b375be9de19: Preparing
0f8361255952: Preparing
71ce2dc7f761: Preparing
0d960f1d4fba: Preparing
ccf8b6573448: Waiting
5dc197047114: Waiting
9e5c49e6c20b: Waiting
099f37abad88: Waiting
d7bd42f1f660: Waiting
8b375be9de19: Waiting
0f8361255952: Waiting
71ce2dc7f761: Waiting
0d960f1d4fba: Waiting
064fc32f801a: Layer already exists
aca8e0dfaed6: Layer already exists
f90865700ec2: Layer already exists
3bc0ebad8b8c: Layer already exists
ccf8b6573448: Layer already exists
9e5c49e6c20b: Layer already exists
d7bd42f1f660: Layer already exists
5dc197047114: Layer already exists
099f37abad88: Layer already exists
8b375be9de19: Layer already exists
0f8361255952: Layer already exists
0d960f1d4fba: Layer already exists
71ce2dc7f761: Layer already exists
cf-onprem-v1.0.78: digest: sha256:83e92092472fa117c1c43bac4262ce891fe849d31c62d310bdb7ba798a8cd4dd size: 3050
Push gcr.io/codefresh-inc/codefresh/cf-tls-sign:cf-onprem-v1.0.78 completed - Mon Oct  7 11:19:39 UTC 2019 !!!

---------- Migrate r.cfcr.io/codefresh-inc/codefresh/cf-tls-sign:1.0.6-cf-onprem-v1.0.78 to gcr.io/codefresh-inc/codefresh/cf-tls-sign:1.0.6-cf-onprem-v1.0.78
1.0.6-cf-onprem-v1.0.78: Pulling from codefresh-inc/codefresh/cf-tls-sign
Digest: sha256:83e92092472fa117c1c43bac4262ce891fe849d31c62d310bdb7ba798a8cd4dd
Status: Downloaded newer image for r.cfcr.io/codefresh-inc/codefresh/cf-tls-sign:1.0.6-cf-onprem-v1.0.78
r.cfcr.io/codefresh-inc/codefresh/cf-tls-sign:1.0.6-cf-onprem-v1.0.78
Pull r.cfcr.io/codefresh-inc/codefresh/cf-tls-sign:1.0.6-cf-onprem-v1.0.78 completed - Mon Oct  7 11:19:40 UTC 2019 !!!

Tag gcr.io/codefresh-inc/codefresh/cf-tls-sign:1.0.6-cf-onprem-v1.0.78 completed - Mon Oct  7 11:19:40 UTC 2019 !!!

The push refers to repository [gcr.io/codefresh-inc/codefresh/cf-tls-sign]
f90865700ec2: Preparing
aca8e0dfaed6: Preparing
064fc32f801a: Preparing
3bc0ebad8b8c: Preparing
ccf8b6573448: Preparing
5dc197047114: Preparing
9e5c49e6c20b: Preparing
099f37abad88: Preparing
d7bd42f1f660: Preparing
8b375be9de19: Preparing
0f8361255952: Preparing
71ce2dc7f761: Preparing
0d960f1d4fba: Preparing
f90865700ec2: Waiting
aca8e0dfaed6: Waiting
064fc32f801a: Waiting
3bc0ebad8b8c: Waiting
ccf8b6573448: Waiting
5dc197047114: Waiting
9e5c49e6c20b: Waiting
099f37abad88: Waiting
d7bd42f1f660: Waiting
8b375be9de19: Waiting
0f8361255952: Waiting
71ce2dc7f761: Waiting
0d960f1d4fba: Waiting
aca8e0dfaed6: Layer already exists
f90865700ec2: Layer already exists
3bc0ebad8b8c: Layer already exists
064fc32f801a: Layer already exists
9e5c49e6c20b: Layer already exists
ccf8b6573448: Layer already exists
099f37abad88: Layer already exists
5dc197047114: Layer already exists
d7bd42f1f660: Layer already exists
8b375be9de19: Layer already exists
0f8361255952: Layer already exists
71ce2dc7f761: Layer already exists
0d960f1d4fba: Layer already exists
1.0.6-cf-onprem-v1.0.78: digest: sha256:83e92092472fa117c1c43bac4262ce891fe849d31c62d310bdb7ba798a8cd4dd size: 3050
Push gcr.io/codefresh-inc/codefresh/cf-tls-sign:1.0.6-cf-onprem-v1.0.78 completed - Mon Oct  7 11:19:41 UTC 2019 !!!

---------- Migrate r.cfcr.io/codefresh-inc/codefresh/cf-tls-sign:cf-onprem-v1.0.77 to gcr.io/codefresh-inc/codefresh/cf-tls-sign:cf-onprem-v1.0.77
cf-onprem-v1.0.77: Pulling from codefresh-inc/codefresh/cf-tls-sign
be666fb3dd35: Already exists
83be8b767650: Already exists
de8ae6598ff9: Already exists
b9618af6f83c: Already exists
8fd7fc9f0b83: Already exists
4b3c6775ea97: Already exists
34005a9946a4: Already exists
282f549b5b84: Already exists
be52a2531f18: Already exists
6539e18712a7: Already exists
e4897499f382: Already exists
cd5ff44ed583: Already exists
94b9a7c54443: Already exists
Digest: sha256:9d0322b14efd5e1fc4c54a386cd073fe45ac65573543391d7910059843ed3ecd
Status: Downloaded newer image for r.cfcr.io/codefresh-inc/codefresh/cf-tls-sign:cf-onprem-v1.0.77
r.cfcr.io/codefresh-inc/codefresh/cf-tls-sign:cf-onprem-v1.0.77
Pull r.cfcr.io/codefresh-inc/codefresh/cf-tls-sign:cf-onprem-v1.0.77 completed - Mon Oct  7 11:19:42 UTC 2019 !!!

Tag gcr.io/codefresh-inc/codefresh/cf-tls-sign:cf-onprem-v1.0.77 completed - Mon Oct  7 11:19:42 UTC 2019 !!!

The push refers to repository [gcr.io/codefresh-inc/codefresh/cf-tls-sign]
f90865700ec2: Preparing
aca8e0dfaed6: Preparing
064fc32f801a: Preparing
3bc0ebad8b8c: Preparing
ccf8b6573448: Preparing
5dc197047114: Preparing
9e5c49e6c20b: Preparing
099f37abad88: Preparing
d7bd42f1f660: Preparing
8b375be9de19: Preparing
0f8361255952: Preparing
71ce2dc7f761: Preparing
0d960f1d4fba: Preparing
f90865700ec2: Waiting
aca8e0dfaed6: Waiting
064fc32f801a: Waiting
3bc0ebad8b8c: Waiting
ccf8b6573448: Waiting
5dc197047114: Waiting
9e5c49e6c20b: Waiting
099f37abad88: Waiting
d7bd42f1f660: Waiting
8b375be9de19: Waiting
0f8361255952: Waiting
71ce2dc7f761: Waiting
0d960f1d4fba: Waiting
f90865700ec2: Layer already exists
aca8e0dfaed6: Layer already exists
064fc32f801a: Layer already exists
3bc0ebad8b8c: Layer already exists
ccf8b6573448: Layer already exists
5dc197047114: Layer already exists
9e5c49e6c20b: Layer already exists
099f37abad88: Layer already exists
d7bd42f1f660: Layer already exists
8b375be9de19: Layer already exists
0f8361255952: Layer already exists
71ce2dc7f761: Layer already exists
0d960f1d4fba: Layer already exists
cf-onprem-v1.0.77: digest: sha256:9d0322b14efd5e1fc4c54a386cd073fe45ac65573543391d7910059843ed3ecd size: 3050
Push gcr.io/codefresh-inc/codefresh/cf-tls-sign:cf-onprem-v1.0.77 completed - Mon Oct  7 11:19:48 UTC 2019 !!!

---------- Migrate r.cfcr.io/codefresh-inc/codefresh/cf-tls-sign:1.0.6-cf-onprem-v1.0.77 to gcr.io/codefresh-inc/codefresh/cf-tls-sign:1.0.6-cf-onprem-v1.0.77
1.0.6-cf-onprem-v1.0.77: Pulling from codefresh-inc/codefresh/cf-tls-sign
Digest: sha256:9d0322b14efd5e1fc4c54a386cd073fe45ac65573543391d7910059843ed3ecd
Status: Downloaded newer image for r.cfcr.io/codefresh-inc/codefresh/cf-tls-sign:1.0.6-cf-onprem-v1.0.77
r.cfcr.io/codefresh-inc/codefresh/cf-tls-sign:1.0.6-cf-onprem-v1.0.77
Pull r.cfcr.io/codefresh-inc/codefresh/cf-tls-sign:1.0.6-cf-onprem-v1.0.77 completed - Mon Oct  7 11:19:49 UTC 2019 !!!

Tag gcr.io/codefresh-inc/codefresh/cf-tls-sign:1.0.6-cf-onprem-v1.0.77 completed - Mon Oct  7 11:19:49 UTC 2019 !!!

The push refers to repository [gcr.io/codefresh-inc/codefresh/cf-tls-sign]
f90865700ec2: Preparing
aca8e0dfaed6: Preparing
064fc32f801a: Preparing
3bc0ebad8b8c: Preparing
ccf8b6573448: Preparing
5dc197047114: Preparing
9e5c49e6c20b: Preparing
099f37abad88: Preparing
d7bd42f1f660: Preparing
8b375be9de19: Preparing
0f8361255952: Preparing
71ce2dc7f761: Preparing
0d960f1d4fba: Preparing
064fc32f801a: Waiting
3bc0ebad8b8c: Waiting
ccf8b6573448: Waiting
5dc197047114: Waiting
9e5c49e6c20b: Waiting
099f37abad88: Waiting
d7bd42f1f660: Waiting
8b375be9de19: Waiting
0f8361255952: Waiting
71ce2dc7f761: Waiting
0d960f1d4fba: Waiting
f90865700ec2: Layer already exists
aca8e0dfaed6: Layer already exists
064fc32f801a: Layer already exists
3bc0ebad8b8c: Layer already exists
ccf8b6573448: Layer already exists
5dc197047114: Layer already exists
9e5c49e6c20b: Layer already exists
099f37abad88: Layer already exists
d7bd42f1f660: Layer already exists
8b375be9de19: Layer already exists
0f8361255952: Layer already exists
71ce2dc7f761: Layer already exists
0d960f1d4fba: Layer already exists
1.0.6-cf-onprem-v1.0.77: digest: sha256:9d0322b14efd5e1fc4c54a386cd073fe45ac65573543391d7910059843ed3ecd size: 3050
Push gcr.io/codefresh-inc/codefresh/cf-tls-sign:1.0.6-cf-onprem-v1.0.77 completed - Mon Oct  7 11:19:50 UTC 2019 !!!

---------- Migrate r.cfcr.io/codefresh-inc/codefresh/cf-tls-sign:cf-onprem-v1.0.76 to gcr.io/codefresh-inc/codefresh/cf-tls-sign:cf-onprem-v1.0.76
cf-onprem-v1.0.76: Pulling from codefresh-inc/codefresh/cf-tls-sign
be666fb3dd35: Already exists
83be8b767650: Already exists
de8ae6598ff9: Already exists
b9618af6f83c: Already exists
8fd7fc9f0b83: Already exists
4b3c6775ea97: Already exists
34005a9946a4: Already exists
282f549b5b84: Already exists
be52a2531f18: Already exists
6539e18712a7: Already exists
e4897499f382: Already exists
cd5ff44ed583: Already exists
94b9a7c54443: Already exists
Digest: sha256:105852c423ceb6f8464a0005644a4894027b4b4609fb6984ccf633658516cfb6
Status: Downloaded newer image for r.cfcr.io/codefresh-inc/codefresh/cf-tls-sign:cf-onprem-v1.0.76
r.cfcr.io/codefresh-inc/codefresh/cf-tls-sign:cf-onprem-v1.0.76
Pull r.cfcr.io/codefresh-inc/codefresh/cf-tls-sign:cf-onprem-v1.0.76 completed - Mon Oct  7 11:19:51 UTC 2019 !!!

Tag gcr.io/codefresh-inc/codefresh/cf-tls-sign:cf-onprem-v1.0.76 completed - Mon Oct  7 11:19:51 UTC 2019 !!!

The push refers to repository [gcr.io/codefresh-inc/codefresh/cf-tls-sign]
f90865700ec2: Preparing
aca8e0dfaed6: Preparing
064fc32f801a: Preparing
3bc0ebad8b8c: Preparing
ccf8b6573448: Preparing
5dc197047114: Preparing
9e5c49e6c20b: Preparing
099f37abad88: Preparing
d7bd42f1f660: Preparing
8b375be9de19: Preparing
0f8361255952: Preparing
71ce2dc7f761: Preparing
0d960f1d4fba: Preparing
9e5c49e6c20b: Waiting
099f37abad88: Waiting
d7bd42f1f660: Waiting
8b375be9de19: Waiting
0f8361255952: Waiting
71ce2dc7f761: Waiting
0d960f1d4fba: Waiting
064fc32f801a: Waiting
3bc0ebad8b8c: Waiting
ccf8b6573448: Waiting
5dc197047114: Waiting
f90865700ec2: Layer already exists
aca8e0dfaed6: Layer already exists
064fc32f801a: Layer already exists
3bc0ebad8b8c: Layer already exists
ccf8b6573448: Layer already exists
5dc197047114: Layer already exists
9e5c49e6c20b: Layer already exists
099f37abad88: Layer already exists
d7bd42f1f660: Layer already exists
0f8361255952: Layer already exists
8b375be9de19: Layer already exists
71ce2dc7f761: Layer already exists
0d960f1d4fba: Layer already exists
cf-onprem-v1.0.76: digest: sha256:105852c423ceb6f8464a0005644a4894027b4b4609fb6984ccf633658516cfb6 size: 3050
Push gcr.io/codefresh-inc/codefresh/cf-tls-sign:cf-onprem-v1.0.76 completed - Mon Oct  7 11:19:52 UTC 2019 !!!

---------- Migrate r.cfcr.io/codefresh-inc/codefresh/cf-tls-sign:1.0.6-cf-onprem-v1.0.76 to gcr.io/codefresh-inc/codefresh/cf-tls-sign:1.0.6-cf-onprem-v1.0.76
1.0.6-cf-onprem-v1.0.76: Pulling from codefresh-inc/codefresh/cf-tls-sign
Digest: sha256:105852c423ceb6f8464a0005644a4894027b4b4609fb6984ccf633658516cfb6
Status: Downloaded newer image for r.cfcr.io/codefresh-inc/codefresh/cf-tls-sign:1.0.6-cf-onprem-v1.0.76
r.cfcr.io/codefresh-inc/codefresh/cf-tls-sign:1.0.6-cf-onprem-v1.0.76
Pull r.cfcr.io/codefresh-inc/codefresh/cf-tls-sign:1.0.6-cf-onprem-v1.0.76 completed - Mon Oct  7 11:19:53 UTC 2019 !!!

Tag gcr.io/codefresh-inc/codefresh/cf-tls-sign:1.0.6-cf-onprem-v1.0.76 completed - Mon Oct  7 11:19:53 UTC 2019 !!!

The push refers to repository [gcr.io/codefresh-inc/codefresh/cf-tls-sign]
f90865700ec2: Preparing
aca8e0dfaed6: Preparing
064fc32f801a: Preparing
3bc0ebad8b8c: Preparing
ccf8b6573448: Preparing
5dc197047114: Preparing
9e5c49e6c20b: Preparing
099f37abad88: Preparing
d7bd42f1f660: Preparing
8b375be9de19: Preparing
0f8361255952: Preparing
71ce2dc7f761: Preparing
0d960f1d4fba: Preparing
064fc32f801a: Waiting
3bc0ebad8b8c: Waiting
ccf8b6573448: Waiting
5dc197047114: Waiting
9e5c49e6c20b: Waiting
099f37abad88: Waiting
d7bd42f1f660: Waiting
8b375be9de19: Waiting
0f8361255952: Waiting
71ce2dc7f761: Waiting
0d960f1d4fba: Waiting
aca8e0dfaed6: Layer already exists
f90865700ec2: Layer already exists
064fc32f801a: Layer already exists
3bc0ebad8b8c: Layer already exists
ccf8b6573448: Layer already exists
5dc197047114: Layer already exists
099f37abad88: Layer already exists
9e5c49e6c20b: Layer already exists
d7bd42f1f660: Layer already exists
8b375be9de19: Layer already exists
71ce2dc7f761: Layer already exists
0f8361255952: Layer already exists
0d960f1d4fba: Layer already exists
1.0.6-cf-onprem-v1.0.76: digest: sha256:105852c423ceb6f8464a0005644a4894027b4b4609fb6984ccf633658516cfb6 size: 3050
Push gcr.io/codefresh-inc/codefresh/cf-tls-sign:1.0.6-cf-onprem-v1.0.76 completed - Mon Oct  7 11:19:54 UTC 2019 !!!

---------- Migrate r.cfcr.io/codefresh-inc/codefresh/cf-tls-sign:cf-onprem-v1.0.75 to gcr.io/codefresh-inc/codefresh/cf-tls-sign:cf-onprem-v1.0.75
cf-onprem-v1.0.75: Pulling from codefresh-inc/codefresh/cf-tls-sign
be666fb3dd35: Already exists
83be8b767650: Already exists
de8ae6598ff9: Already exists
b9618af6f83c: Already exists
8fd7fc9f0b83: Already exists
4b3c6775ea97: Already exists
34005a9946a4: Already exists
282f549b5b84: Already exists
be52a2531f18: Already exists
6539e18712a7: Already exists
e4897499f382: Already exists
cd5ff44ed583: Already exists
94b9a7c54443: Already exists
Digest: sha256:cbf0375eb737fbc7b4386eb28cec51740b71b5d09545518a115d8fff3e6c40fb
Status: Downloaded newer image for r.cfcr.io/codefresh-inc/codefresh/cf-tls-sign:cf-onprem-v1.0.75
r.cfcr.io/codefresh-inc/codefresh/cf-tls-sign:cf-onprem-v1.0.75
Pull r.cfcr.io/codefresh-inc/codefresh/cf-tls-sign:cf-onprem-v1.0.75 completed - Mon Oct  7 11:19:55 UTC 2019 !!!

Tag gcr.io/codefresh-inc/codefresh/cf-tls-sign:cf-onprem-v1.0.75 completed - Mon Oct  7 11:19:55 UTC 2019 !!!

The push refers to repository [gcr.io/codefresh-inc/codefresh/cf-tls-sign]
f90865700ec2: Preparing
aca8e0dfaed6: Preparing
064fc32f801a: Preparing
3bc0ebad8b8c: Preparing
ccf8b6573448: Preparing
5dc197047114: Preparing
9e5c49e6c20b: Preparing
099f37abad88: Preparing
d7bd42f1f660: Preparing
8b375be9de19: Preparing
0f8361255952: Preparing
71ce2dc7f761: Preparing
0d960f1d4fba: Preparing
064fc32f801a: Waiting
3bc0ebad8b8c: Waiting
ccf8b6573448: Waiting
5dc197047114: Waiting
9e5c49e6c20b: Waiting
099f37abad88: Waiting
d7bd42f1f660: Waiting
8b375be9de19: Waiting
0f8361255952: Waiting
71ce2dc7f761: Waiting
0d960f1d4fba: Waiting
aca8e0dfaed6: Layer already exists
f90865700ec2: Layer already exists
3bc0ebad8b8c: Layer already exists
064fc32f801a: Layer already exists
ccf8b6573448: Layer already exists
5dc197047114: Layer already exists
9e5c49e6c20b: Layer already exists
d7bd42f1f660: Layer already exists
099f37abad88: Layer already exists
8b375be9de19: Layer already exists
71ce2dc7f761: Layer already exists
0f8361255952: Layer already exists
0d960f1d4fba: Layer already exists
cf-onprem-v1.0.75: digest: sha256:cbf0375eb737fbc7b4386eb28cec51740b71b5d09545518a115d8fff3e6c40fb size: 3050
Push gcr.io/codefresh-inc/codefresh/cf-tls-sign:cf-onprem-v1.0.75 completed - Mon Oct  7 11:19:57 UTC 2019 !!!

---------- Migrate r.cfcr.io/codefresh-inc/codefresh/cf-tls-sign:1.0.6-cf-onprem-v1.0.75 to gcr.io/codefresh-inc/codefresh/cf-tls-sign:1.0.6-cf-onprem-v1.0.75
1.0.6-cf-onprem-v1.0.75: Pulling from codefresh-inc/codefresh/cf-tls-sign
Digest: sha256:cbf0375eb737fbc7b4386eb28cec51740b71b5d09545518a115d8fff3e6c40fb
Status: Downloaded newer image for r.cfcr.io/codefresh-inc/codefresh/cf-tls-sign:1.0.6-cf-onprem-v1.0.75
r.cfcr.io/codefresh-inc/codefresh/cf-tls-sign:1.0.6-cf-onprem-v1.0.75
Pull r.cfcr.io/codefresh-inc/codefresh/cf-tls-sign:1.0.6-cf-onprem-v1.0.75 completed - Mon Oct  7 11:19:57 UTC 2019 !!!

Tag gcr.io/codefresh-inc/codefresh/cf-tls-sign:1.0.6-cf-onprem-v1.0.75 completed - Mon Oct  7 11:19:58 UTC 2019 !!!

The push refers to repository [gcr.io/codefresh-inc/codefresh/cf-tls-sign]
f90865700ec2: Preparing
aca8e0dfaed6: Preparing
064fc32f801a: Preparing
3bc0ebad8b8c: Preparing
ccf8b6573448: Preparing
5dc197047114: Preparing
9e5c49e6c20b: Preparing
099f37abad88: Preparing
d7bd42f1f660: Preparing
8b375be9de19: Preparing
0f8361255952: Preparing
71ce2dc7f761: Preparing
0d960f1d4fba: Preparing
064fc32f801a: Waiting
3bc0ebad8b8c: Waiting
ccf8b6573448: Waiting
5dc197047114: Waiting
9e5c49e6c20b: Waiting
099f37abad88: Waiting
d7bd42f1f660: Waiting
8b375be9de19: Waiting
0f8361255952: Waiting
71ce2dc7f761: Waiting
0d960f1d4fba: Waiting
f90865700ec2: Layer already exists
aca8e0dfaed6: Layer already exists
3bc0ebad8b8c: Layer already exists
ccf8b6573448: Layer already exists
064fc32f801a: Layer already exists
5dc197047114: Layer already exists
099f37abad88: Layer already exists
d7bd42f1f660: Layer already exists
9e5c49e6c20b: Layer already exists
8b375be9de19: Layer already exists
71ce2dc7f761: Layer already exists
0f8361255952: Layer already exists
0d960f1d4fba: Layer already exists
1.0.6-cf-onprem-v1.0.75: digest: sha256:cbf0375eb737fbc7b4386eb28cec51740b71b5d09545518a115d8fff3e6c40fb size: 3050
Push gcr.io/codefresh-inc/codefresh/cf-tls-sign:1.0.6-cf-onprem-v1.0.75 completed - Mon Oct  7 11:19:58 UTC 2019 !!!

---------- Migrate r.cfcr.io/codefresh-inc/codefresh/cf-tls-sign:cf-onprem-v1.0.74 to gcr.io/codefresh-inc/codefresh/cf-tls-sign:cf-onprem-v1.0.74
cf-onprem-v1.0.74: Pulling from codefresh-inc/codefresh/cf-tls-sign
be666fb3dd35: Already exists
83be8b767650: Already exists
de8ae6598ff9: Already exists
b9618af6f83c: Already exists
8fd7fc9f0b83: Already exists
4b3c6775ea97: Already exists
34005a9946a4: Already exists
282f549b5b84: Already exists
be52a2531f18: Already exists
6539e18712a7: Already exists
e4897499f382: Already exists
cd5ff44ed583: Already exists
94b9a7c54443: Already exists
Digest: sha256:d7208af066036dfcbbe525dfd864d97fddede29469f6dd3a1e6d18baa7825457
Status: Downloaded newer image for r.cfcr.io/codefresh-inc/codefresh/cf-tls-sign:cf-onprem-v1.0.74
r.cfcr.io/codefresh-inc/codefresh/cf-tls-sign:cf-onprem-v1.0.74
Pull r.cfcr.io/codefresh-inc/codefresh/cf-tls-sign:cf-onprem-v1.0.74 completed - Mon Oct  7 11:19:59 UTC 2019 !!!

Tag gcr.io/codefresh-inc/codefresh/cf-tls-sign:cf-onprem-v1.0.74 completed - Mon Oct  7 11:19:59 UTC 2019 !!!

The push refers to repository [gcr.io/codefresh-inc/codefresh/cf-tls-sign]
f90865700ec2: Preparing
aca8e0dfaed6: Preparing
064fc32f801a: Preparing
3bc0ebad8b8c: Preparing
ccf8b6573448: Preparing
5dc197047114: Preparing
9e5c49e6c20b: Preparing
099f37abad88: Preparing
d7bd42f1f660: Preparing
8b375be9de19: Preparing
0f8361255952: Preparing
71ce2dc7f761: Preparing
0d960f1d4fba: Preparing
aca8e0dfaed6: Waiting
064fc32f801a: Waiting
3bc0ebad8b8c: Waiting
ccf8b6573448: Waiting
5dc197047114: Waiting
9e5c49e6c20b: Waiting
099f37abad88: Waiting
d7bd42f1f660: Waiting
8b375be9de19: Waiting
0f8361255952: Waiting
71ce2dc7f761: Waiting
0d960f1d4fba: Waiting
f90865700ec2: Layer already exists
aca8e0dfaed6: Layer already exists
064fc32f801a: Layer already exists
5dc197047114: Layer already exists
ccf8b6573448: Layer already exists
3bc0ebad8b8c: Layer already exists
9e5c49e6c20b: Layer already exists
099f37abad88: Layer already exists
d7bd42f1f660: Layer already exists
8b375be9de19: Layer already exists
0f8361255952: Layer already exists
71ce2dc7f761: Layer already exists
0d960f1d4fba: Layer already exists
cf-onprem-v1.0.74: digest: sha256:d7208af066036dfcbbe525dfd864d97fddede29469f6dd3a1e6d18baa7825457 size: 3050
Push gcr.io/codefresh-inc/codefresh/cf-tls-sign:cf-onprem-v1.0.74 completed - Mon Oct  7 11:20:01 UTC 2019 !!!

---------- Migrate r.cfcr.io/codefresh-inc/codefresh/cf-tls-sign:1.0.6-cf-onprem-v1.0.74 to gcr.io/codefresh-inc/codefresh/cf-tls-sign:1.0.6-cf-onprem-v1.0.74
1.0.6-cf-onprem-v1.0.74: Pulling from codefresh-inc/codefresh/cf-tls-sign
Digest: sha256:d7208af066036dfcbbe525dfd864d97fddede29469f6dd3a1e6d18baa7825457
Status: Downloaded newer image for r.cfcr.io/codefresh-inc/codefresh/cf-tls-sign:1.0.6-cf-onprem-v1.0.74
r.cfcr.io/codefresh-inc/codefresh/cf-tls-sign:1.0.6-cf-onprem-v1.0.74
Pull r.cfcr.io/codefresh-inc/codefresh/cf-tls-sign:1.0.6-cf-onprem-v1.0.74 completed - Mon Oct  7 11:20:02 UTC 2019 !!!

Tag gcr.io/codefresh-inc/codefresh/cf-tls-sign:1.0.6-cf-onprem-v1.0.74 completed - Mon Oct  7 11:20:02 UTC 2019 !!!

The push refers to repository [gcr.io/codefresh-inc/codefresh/cf-tls-sign]
f90865700ec2: Preparing
aca8e0dfaed6: Preparing
064fc32f801a: Preparing
3bc0ebad8b8c: Preparing
ccf8b6573448: Preparing
5dc197047114: Preparing
9e5c49e6c20b: Preparing
099f37abad88: Preparing
d7bd42f1f660: Preparing
8b375be9de19: Preparing
0f8361255952: Preparing
71ce2dc7f761: Preparing
0d960f1d4fba: Preparing
064fc32f801a: Waiting
3bc0ebad8b8c: Waiting
ccf8b6573448: Waiting
5dc197047114: Waiting
9e5c49e6c20b: Waiting
099f37abad88: Waiting
d7bd42f1f660: Waiting
8b375be9de19: Waiting
0f8361255952: Waiting
71ce2dc7f761: Waiting
0d960f1d4fba: Waiting
f90865700ec2: Layer already exists
064fc32f801a: Layer already exists
aca8e0dfaed6: Layer already exists
3bc0ebad8b8c: Layer already exists
ccf8b6573448: Layer already exists
5dc197047114: Layer already exists
9e5c49e6c20b: Layer already exists
099f37abad88: Layer already exists
d7bd42f1f660: Layer already exists
8b375be9de19: Layer already exists
0f8361255952: Layer already exists
71ce2dc7f761: Layer already exists
0d960f1d4fba: Layer already exists
1.0.6-cf-onprem-v1.0.74: digest: sha256:d7208af066036dfcbbe525dfd864d97fddede29469f6dd3a1e6d18baa7825457 size: 3050
Push gcr.io/codefresh-inc/codefresh/cf-tls-sign:1.0.6-cf-onprem-v1.0.74 completed - Mon Oct  7 11:20:03 UTC 2019 !!!

---------- Migrate r.cfcr.io/codefresh-inc/codefresh/cf-tls-sign:cf-onprem-v1.0.73 to gcr.io/codefresh-inc/codefresh/cf-tls-sign:cf-onprem-v1.0.73
cf-onprem-v1.0.73: Pulling from codefresh-inc/codefresh/cf-tls-sign
be666fb3dd35: Already exists
83be8b767650: Already exists
de8ae6598ff9: Already exists
b9618af6f83c: Already exists
8fd7fc9f0b83: Already exists
4b3c6775ea97: Already exists
34005a9946a4: Already exists
282f549b5b84: Already exists
be52a2531f18: Already exists
6539e18712a7: Already exists
e4897499f382: Already exists
cd5ff44ed583: Already exists
94b9a7c54443: Already exists
Digest: sha256:8011ba43e14b83867852c116f436d7b3363243716f67deb174ff3e09f3a70a6f
Status: Downloaded newer image for r.cfcr.io/codefresh-inc/codefresh/cf-tls-sign:cf-onprem-v1.0.73
r.cfcr.io/codefresh-inc/codefresh/cf-tls-sign:cf-onprem-v1.0.73
Pull r.cfcr.io/codefresh-inc/codefresh/cf-tls-sign:cf-onprem-v1.0.73 completed - Mon Oct  7 11:20:04 UTC 2019 !!!

Tag gcr.io/codefresh-inc/codefresh/cf-tls-sign:cf-onprem-v1.0.73 completed - Mon Oct  7 11:20:04 UTC 2019 !!!

The push refers to repository [gcr.io/codefresh-inc/codefresh/cf-tls-sign]
f90865700ec2: Preparing
aca8e0dfaed6: Preparing
064fc32f801a: Preparing
3bc0ebad8b8c: Preparing
ccf8b6573448: Preparing
5dc197047114: Preparing
9e5c49e6c20b: Preparing
099f37abad88: Preparing
d7bd42f1f660: Preparing
8b375be9de19: Preparing
0f8361255952: Preparing
71ce2dc7f761: Preparing
0d960f1d4fba: Preparing
3bc0ebad8b8c: Waiting
ccf8b6573448: Waiting
5dc197047114: Waiting
9e5c49e6c20b: Waiting
099f37abad88: Waiting
d7bd42f1f660: Waiting
8b375be9de19: Waiting
0f8361255952: Waiting
71ce2dc7f761: Waiting
0d960f1d4fba: Waiting
aca8e0dfaed6: Layer already exists
064fc32f801a: Layer already exists
f90865700ec2: Layer already exists
ccf8b6573448: Layer already exists
5dc197047114: Layer already exists
3bc0ebad8b8c: Layer already exists
9e5c49e6c20b: Layer already exists
099f37abad88: Layer already exists
d7bd42f1f660: Layer already exists
8b375be9de19: Layer already exists
0f8361255952: Layer already exists
71ce2dc7f761: Layer already exists
0d960f1d4fba: Layer already exists
cf-onprem-v1.0.73: digest: sha256:8011ba43e14b83867852c116f436d7b3363243716f67deb174ff3e09f3a70a6f size: 3050
Push gcr.io/codefresh-inc/codefresh/cf-tls-sign:cf-onprem-v1.0.73 completed - Mon Oct  7 11:20:06 UTC 2019 !!!

---------- Migrate r.cfcr.io/codefresh-inc/codefresh/cf-tls-sign:1.0.6-cf-onprem-v1.0.73 to gcr.io/codefresh-inc/codefresh/cf-tls-sign:1.0.6-cf-onprem-v1.0.73
1.0.6-cf-onprem-v1.0.73: Pulling from codefresh-inc/codefresh/cf-tls-sign
Digest: sha256:8011ba43e14b83867852c116f436d7b3363243716f67deb174ff3e09f3a70a6f
Status: Downloaded newer image for r.cfcr.io/codefresh-inc/codefresh/cf-tls-sign:1.0.6-cf-onprem-v1.0.73
r.cfcr.io/codefresh-inc/codefresh/cf-tls-sign:1.0.6-cf-onprem-v1.0.73
Pull r.cfcr.io/codefresh-inc/codefresh/cf-tls-sign:1.0.6-cf-onprem-v1.0.73 completed - Mon Oct  7 11:20:06 UTC 2019 !!!

Tag gcr.io/codefresh-inc/codefresh/cf-tls-sign:1.0.6-cf-onprem-v1.0.73 completed - Mon Oct  7 11:20:07 UTC 2019 !!!

The push refers to repository [gcr.io/codefresh-inc/codefresh/cf-tls-sign]
f90865700ec2: Preparing
aca8e0dfaed6: Preparing
064fc32f801a: Preparing
3bc0ebad8b8c: Preparing
ccf8b6573448: Preparing
5dc197047114: Preparing
9e5c49e6c20b: Preparing
099f37abad88: Preparing
d7bd42f1f660: Preparing
8b375be9de19: Preparing
0f8361255952: Preparing
71ce2dc7f761: Preparing
0d960f1d4fba: Preparing
064fc32f801a: Waiting
3bc0ebad8b8c: Waiting
ccf8b6573448: Waiting
5dc197047114: Waiting
9e5c49e6c20b: Waiting
099f37abad88: Waiting
d7bd42f1f660: Waiting
8b375be9de19: Waiting
0f8361255952: Waiting
71ce2dc7f761: Waiting
0d960f1d4fba: Waiting
aca8e0dfaed6: Layer already exists
f90865700ec2: Layer already exists
3bc0ebad8b8c: Layer already exists
064fc32f801a: Layer already exists
5dc197047114: Layer already exists
ccf8b6573448: Layer already exists
9e5c49e6c20b: Layer already exists
099f37abad88: Layer already exists
8b375be9de19: Layer already exists
0f8361255952: Layer already exists
d7bd42f1f660: Layer already exists
71ce2dc7f761: Layer already exists
0d960f1d4fba: Layer already exists
1.0.6-cf-onprem-v1.0.73: digest: sha256:8011ba43e14b83867852c116f436d7b3363243716f67deb174ff3e09f3a70a6f size: 3050
Push gcr.io/codefresh-inc/codefresh/cf-tls-sign:1.0.6-cf-onprem-v1.0.73 completed - Mon Oct  7 11:20:07 UTC 2019 !!!

---------- Migrate r.cfcr.io/codefresh-inc/codefresh/cf-tls-sign:cf-onprem-v1.0.72 to gcr.io/codefresh-inc/codefresh/cf-tls-sign:cf-onprem-v1.0.72
cf-onprem-v1.0.72: Pulling from codefresh-inc/codefresh/cf-tls-sign
be666fb3dd35: Already exists
83be8b767650: Already exists
de8ae6598ff9: Already exists
b9618af6f83c: Already exists
8fd7fc9f0b83: Already exists
4b3c6775ea97: Already exists
34005a9946a4: Already exists
282f549b5b84: Already exists
be52a2531f18: Already exists
6539e18712a7: Already exists
e4897499f382: Already exists
cd5ff44ed583: Already exists
94b9a7c54443: Already exists
Digest: sha256:1d3643e1e8a8f229d0270416344499361a24ebf461c6e078383834e332750506
Status: Downloaded newer image for r.cfcr.io/codefresh-inc/codefresh/cf-tls-sign:cf-onprem-v1.0.72
r.cfcr.io/codefresh-inc/codefresh/cf-tls-sign:cf-onprem-v1.0.72
Pull r.cfcr.io/codefresh-inc/codefresh/cf-tls-sign:cf-onprem-v1.0.72 completed - Mon Oct  7 11:20:08 UTC 2019 !!!

Tag gcr.io/codefresh-inc/codefresh/cf-tls-sign:cf-onprem-v1.0.72 completed - Mon Oct  7 11:20:08 UTC 2019 !!!

The push refers to repository [gcr.io/codefresh-inc/codefresh/cf-tls-sign]
f90865700ec2: Preparing
aca8e0dfaed6: Preparing
064fc32f801a: Preparing
3bc0ebad8b8c: Preparing
ccf8b6573448: Preparing
5dc197047114: Preparing
9e5c49e6c20b: Preparing
099f37abad88: Preparing
d7bd42f1f660: Preparing
8b375be9de19: Preparing
0f8361255952: Preparing
71ce2dc7f761: Preparing
0d960f1d4fba: Preparing
3bc0ebad8b8c: Waiting
ccf8b6573448: Waiting
5dc197047114: Waiting
9e5c49e6c20b: Waiting
099f37abad88: Waiting
d7bd42f1f660: Waiting
8b375be9de19: Waiting
0f8361255952: Waiting
71ce2dc7f761: Waiting
0d960f1d4fba: Waiting
aca8e0dfaed6: Layer already exists
064fc32f801a: Layer already exists
f90865700ec2: Layer already exists
ccf8b6573448: Layer already exists
3bc0ebad8b8c: Layer already exists
5dc197047114: Layer already exists
9e5c49e6c20b: Layer already exists
099f37abad88: Layer already exists
d7bd42f1f660: Layer already exists
8b375be9de19: Layer already exists
0f8361255952: Layer already exists
71ce2dc7f761: Layer already exists
0d960f1d4fba: Layer already exists
cf-onprem-v1.0.72: digest: sha256:1d3643e1e8a8f229d0270416344499361a24ebf461c6e078383834e332750506 size: 3050
Push gcr.io/codefresh-inc/codefresh/cf-tls-sign:cf-onprem-v1.0.72 completed - Mon Oct  7 11:20:10 UTC 2019 !!!

---------- Migrate r.cfcr.io/codefresh-inc/codefresh/cf-tls-sign:1.0.6-cf-onprem-v1.0.72 to gcr.io/codefresh-inc/codefresh/cf-tls-sign:1.0.6-cf-onprem-v1.0.72
1.0.6-cf-onprem-v1.0.72: Pulling from codefresh-inc/codefresh/cf-tls-sign
Digest: sha256:1d3643e1e8a8f229d0270416344499361a24ebf461c6e078383834e332750506
Status: Downloaded newer image for r.cfcr.io/codefresh-inc/codefresh/cf-tls-sign:1.0.6-cf-onprem-v1.0.72
r.cfcr.io/codefresh-inc/codefresh/cf-tls-sign:1.0.6-cf-onprem-v1.0.72
Pull r.cfcr.io/codefresh-inc/codefresh/cf-tls-sign:1.0.6-cf-onprem-v1.0.72 completed - Mon Oct  7 11:20:11 UTC 2019 !!!

Tag gcr.io/codefresh-inc/codefresh/cf-tls-sign:1.0.6-cf-onprem-v1.0.72 completed - Mon Oct  7 11:20:11 UTC 2019 !!!

The push refers to repository [gcr.io/codefresh-inc/codefresh/cf-tls-sign]
f90865700ec2: Preparing
aca8e0dfaed6: Preparing
064fc32f801a: Preparing
3bc0ebad8b8c: Preparing
ccf8b6573448: Preparing
5dc197047114: Preparing
9e5c49e6c20b: Preparing
099f37abad88: Preparing
d7bd42f1f660: Preparing
8b375be9de19: Preparing
0f8361255952: Preparing
71ce2dc7f761: Preparing
0d960f1d4fba: Preparing
3bc0ebad8b8c: Waiting
ccf8b6573448: Waiting
5dc197047114: Waiting
9e5c49e6c20b: Waiting
099f37abad88: Waiting
d7bd42f1f660: Waiting
8b375be9de19: Waiting
0f8361255952: Waiting
71ce2dc7f761: Waiting
0d960f1d4fba: Waiting
f90865700ec2: Layer already exists
aca8e0dfaed6: Layer already exists
3bc0ebad8b8c: Layer already exists
ccf8b6573448: Layer already exists
064fc32f801a: Layer already exists
5dc197047114: Layer already exists
9e5c49e6c20b: Layer already exists
8b375be9de19: Layer already exists
d7bd42f1f660: Layer already exists
099f37abad88: Layer already exists
0f8361255952: Layer already exists
71ce2dc7f761: Layer already exists
0d960f1d4fba: Layer already exists
1.0.6-cf-onprem-v1.0.72: digest: sha256:1d3643e1e8a8f229d0270416344499361a24ebf461c6e078383834e332750506 size: 3050
Push gcr.io/codefresh-inc/codefresh/cf-tls-sign:1.0.6-cf-onprem-v1.0.72 completed - Mon Oct  7 11:20:12 UTC 2019 !!!

---------- Migrate r.cfcr.io/codefresh-inc/codefresh/cf-tls-sign:cf-onprem-v1.0.71 to gcr.io/codefresh-inc/codefresh/cf-tls-sign:cf-onprem-v1.0.71
cf-onprem-v1.0.71: Pulling from codefresh-inc/codefresh/cf-tls-sign
be666fb3dd35: Already exists
83be8b767650: Already exists
de8ae6598ff9: Already exists
b9618af6f83c: Already exists
8fd7fc9f0b83: Already exists
4b3c6775ea97: Already exists
34005a9946a4: Already exists
282f549b5b84: Already exists
be52a2531f18: Already exists
6539e18712a7: Already exists
e4897499f382: Already exists
cd5ff44ed583: Already exists
94b9a7c54443: Already exists
Digest: sha256:e8f8515dd31b599b0bdaee9106d4ac594e6b7371c2f03c1d89cc36603123394a
Status: Downloaded newer image for r.cfcr.io/codefresh-inc/codefresh/cf-tls-sign:cf-onprem-v1.0.71
r.cfcr.io/codefresh-inc/codefresh/cf-tls-sign:cf-onprem-v1.0.71
Pull r.cfcr.io/codefresh-inc/codefresh/cf-tls-sign:cf-onprem-v1.0.71 completed - Mon Oct  7 11:20:13 UTC 2019 !!!

Tag gcr.io/codefresh-inc/codefresh/cf-tls-sign:cf-onprem-v1.0.71 completed - Mon Oct  7 11:20:13 UTC 2019 !!!

The push refers to repository [gcr.io/codefresh-inc/codefresh/cf-tls-sign]
f90865700ec2: Preparing
aca8e0dfaed6: Preparing
064fc32f801a: Preparing
3bc0ebad8b8c: Preparing
ccf8b6573448: Preparing
5dc197047114: Preparing
9e5c49e6c20b: Preparing
099f37abad88: Preparing
d7bd42f1f660: Preparing
8b375be9de19: Preparing
0f8361255952: Preparing
71ce2dc7f761: Preparing
0d960f1d4fba: Preparing
3bc0ebad8b8c: Waiting
ccf8b6573448: Waiting
5dc197047114: Waiting
9e5c49e6c20b: Waiting
099f37abad88: Waiting
d7bd42f1f660: Waiting
8b375be9de19: Waiting
0f8361255952: Waiting
71ce2dc7f761: Waiting
0d960f1d4fba: Waiting
aca8e0dfaed6: Layer already exists
064fc32f801a: Layer already exists
f90865700ec2: Layer already exists
3bc0ebad8b8c: Layer already exists
ccf8b6573448: Layer already exists
5dc197047114: Layer already exists
9e5c49e6c20b: Layer already exists
099f37abad88: Layer already exists
d7bd42f1f660: Layer already exists
0f8361255952: Layer already exists
71ce2dc7f761: Layer already exists
8b375be9de19: Layer already exists
0d960f1d4fba: Layer already exists
cf-onprem-v1.0.71: digest: sha256:e8f8515dd31b599b0bdaee9106d4ac594e6b7371c2f03c1d89cc36603123394a size: 3050
Push gcr.io/codefresh-inc/codefresh/cf-tls-sign:cf-onprem-v1.0.71 completed - Mon Oct  7 11:20:15 UTC 2019 !!!

---------- Migrate r.cfcr.io/codefresh-inc/codefresh/cf-tls-sign:1.0.6-cf-onprem-v1.0.71 to gcr.io/codefresh-inc/codefresh/cf-tls-sign:1.0.6-cf-onprem-v1.0.71
1.0.6-cf-onprem-v1.0.71: Pulling from codefresh-inc/codefresh/cf-tls-sign
Digest: sha256:e8f8515dd31b599b0bdaee9106d4ac594e6b7371c2f03c1d89cc36603123394a
Status: Downloaded newer image for r.cfcr.io/codefresh-inc/codefresh/cf-tls-sign:1.0.6-cf-onprem-v1.0.71
r.cfcr.io/codefresh-inc/codefresh/cf-tls-sign:1.0.6-cf-onprem-v1.0.71
Pull r.cfcr.io/codefresh-inc/codefresh/cf-tls-sign:1.0.6-cf-onprem-v1.0.71 completed - Mon Oct  7 11:20:16 UTC 2019 !!!

Tag gcr.io/codefresh-inc/codefresh/cf-tls-sign:1.0.6-cf-onprem-v1.0.71 completed - Mon Oct  7 11:20:16 UTC 2019 !!!

The push refers to repository [gcr.io/codefresh-inc/codefresh/cf-tls-sign]
f90865700ec2: Preparing
aca8e0dfaed6: Preparing
064fc32f801a: Preparing
3bc0ebad8b8c: Preparing
ccf8b6573448: Preparing
5dc197047114: Preparing
9e5c49e6c20b: Preparing
099f37abad88: Preparing
d7bd42f1f660: Preparing
8b375be9de19: Preparing
0f8361255952: Preparing
71ce2dc7f761: Preparing
0d960f1d4fba: Preparing
3bc0ebad8b8c: Waiting
ccf8b6573448: Waiting
5dc197047114: Waiting
9e5c49e6c20b: Waiting
099f37abad88: Waiting
d7bd42f1f660: Waiting
8b375be9de19: Waiting
0f8361255952: Waiting
71ce2dc7f761: Waiting
0d960f1d4fba: Waiting
aca8e0dfaed6: Layer already exists
064fc32f801a: Layer already exists
f90865700ec2: Layer already exists
ccf8b6573448: Layer already exists
3bc0ebad8b8c: Layer already exists
5dc197047114: Layer already exists
9e5c49e6c20b: Layer already exists
099f37abad88: Layer already exists
d7bd42f1f660: Layer already exists
8b375be9de19: Layer already exists
0f8361255952: Layer already exists
71ce2dc7f761: Layer already exists
0d960f1d4fba: Layer already exists
1.0.6-cf-onprem-v1.0.71: digest: sha256:e8f8515dd31b599b0bdaee9106d4ac594e6b7371c2f03c1d89cc36603123394a size: 3050
Push gcr.io/codefresh-inc/codefresh/cf-tls-sign:1.0.6-cf-onprem-v1.0.71 completed - Mon Oct  7 11:20:16 UTC 2019 !!!

---------- Migrate r.cfcr.io/codefresh-inc/codefresh/cf-tls-sign:cf-onprem-v1.0.70 to gcr.io/codefresh-inc/codefresh/cf-tls-sign:cf-onprem-v1.0.70
cf-onprem-v1.0.70: Pulling from codefresh-inc/codefresh/cf-tls-sign
be666fb3dd35: Already exists
83be8b767650: Already exists
de8ae6598ff9: Already exists
b9618af6f83c: Already exists
8fd7fc9f0b83: Already exists
4b3c6775ea97: Already exists
34005a9946a4: Already exists
282f549b5b84: Already exists
be52a2531f18: Already exists
6539e18712a7: Already exists
e4897499f382: Already exists
cd5ff44ed583: Already exists
94b9a7c54443: Already exists
Digest: sha256:f914ca5074c012eb11a7dafe8717eb1a02639879d42e343423ad38b92d84ec42
Status: Downloaded newer image for r.cfcr.io/codefresh-inc/codefresh/cf-tls-sign:cf-onprem-v1.0.70
r.cfcr.io/codefresh-inc/codefresh/cf-tls-sign:cf-onprem-v1.0.70
Pull r.cfcr.io/codefresh-inc/codefresh/cf-tls-sign:cf-onprem-v1.0.70 completed - Mon Oct  7 11:20:17 UTC 2019 !!!

Tag gcr.io/codefresh-inc/codefresh/cf-tls-sign:cf-onprem-v1.0.70 completed - Mon Oct  7 11:20:17 UTC 2019 !!!

The push refers to repository [gcr.io/codefresh-inc/codefresh/cf-tls-sign]
f90865700ec2: Preparing
aca8e0dfaed6: Preparing
064fc32f801a: Preparing
3bc0ebad8b8c: Preparing
ccf8b6573448: Preparing
5dc197047114: Preparing
9e5c49e6c20b: Preparing
099f37abad88: Preparing
d7bd42f1f660: Preparing
8b375be9de19: Preparing
0f8361255952: Preparing
71ce2dc7f761: Preparing
0d960f1d4fba: Preparing
ccf8b6573448: Waiting
099f37abad88: Waiting
d7bd42f1f660: Waiting
8b375be9de19: Waiting
0f8361255952: Waiting
71ce2dc7f761: Waiting
0d960f1d4fba: Waiting
5dc197047114: Waiting
9e5c49e6c20b: Waiting
f90865700ec2: Layer already exists
3bc0ebad8b8c: Layer already exists
aca8e0dfaed6: Layer already exists
064fc32f801a: Layer already exists
9e5c49e6c20b: Layer already exists
ccf8b6573448: Layer already exists
5dc197047114: Layer already exists
099f37abad88: Layer already exists
0f8361255952: Layer already exists
71ce2dc7f761: Layer already exists
8b375be9de19: Layer already exists
d7bd42f1f660: Layer already exists
0d960f1d4fba: Layer already exists
cf-onprem-v1.0.70: digest: sha256:f914ca5074c012eb11a7dafe8717eb1a02639879d42e343423ad38b92d84ec42 size: 3050
Push gcr.io/codefresh-inc/codefresh/cf-tls-sign:cf-onprem-v1.0.70 completed - Mon Oct  7 11:20:19 UTC 2019 !!!

---------- Migrate r.cfcr.io/codefresh-inc/codefresh/cf-tls-sign:1.0.6-cf-onprem-v1.0.70 to gcr.io/codefresh-inc/codefresh/cf-tls-sign:1.0.6-cf-onprem-v1.0.70
1.0.6-cf-onprem-v1.0.70: Pulling from codefresh-inc/codefresh/cf-tls-sign
Digest: sha256:f914ca5074c012eb11a7dafe8717eb1a02639879d42e343423ad38b92d84ec42
Status: Downloaded newer image for r.cfcr.io/codefresh-inc/codefresh/cf-tls-sign:1.0.6-cf-onprem-v1.0.70
r.cfcr.io/codefresh-inc/codefresh/cf-tls-sign:1.0.6-cf-onprem-v1.0.70
Pull r.cfcr.io/codefresh-inc/codefresh/cf-tls-sign:1.0.6-cf-onprem-v1.0.70 completed - Mon Oct  7 11:20:19 UTC 2019 !!!

Tag gcr.io/codefresh-inc/codefresh/cf-tls-sign:1.0.6-cf-onprem-v1.0.70 completed - Mon Oct  7 11:20:20 UTC 2019 !!!

The push refers to repository [gcr.io/codefresh-inc/codefresh/cf-tls-sign]
f90865700ec2: Preparing
aca8e0dfaed6: Preparing
064fc32f801a: Preparing
3bc0ebad8b8c: Preparing
ccf8b6573448: Preparing
5dc197047114: Preparing
9e5c49e6c20b: Preparing
099f37abad88: Preparing
d7bd42f1f660: Preparing
8b375be9de19: Preparing
0f8361255952: Preparing
71ce2dc7f761: Preparing
0d960f1d4fba: Preparing
ccf8b6573448: Waiting
5dc197047114: Waiting
9e5c49e6c20b: Waiting
099f37abad88: Waiting
d7bd42f1f660: Waiting
8b375be9de19: Waiting
0f8361255952: Waiting
71ce2dc7f761: Waiting
0d960f1d4fba: Waiting
064fc32f801a: Layer already exists
aca8e0dfaed6: Layer already exists
f90865700ec2: Layer already exists
3bc0ebad8b8c: Layer already exists
9e5c49e6c20b: Layer already exists
099f37abad88: Layer already exists
ccf8b6573448: Layer already exists
8b375be9de19: Layer already exists
0f8361255952: Layer already exists
d7bd42f1f660: Layer already exists
0d960f1d4fba: Layer already exists
71ce2dc7f761: Layer already exists
5dc197047114: Layer already exists
1.0.6-cf-onprem-v1.0.70: digest: sha256:f914ca5074c012eb11a7dafe8717eb1a02639879d42e343423ad38b92d84ec42 size: 3050
Push gcr.io/codefresh-inc/codefresh/cf-tls-sign:1.0.6-cf-onprem-v1.0.70 completed - Mon Oct  7 11:20:20 UTC 2019 !!!

---------- Migrate r.cfcr.io/codefresh-inc/codefresh/cf-tls-sign:cf-onprem-v1.0.69 to gcr.io/codefresh-inc/codefresh/cf-tls-sign:cf-onprem-v1.0.69
cf-onprem-v1.0.69: Pulling from codefresh-inc/codefresh/cf-tls-sign
be666fb3dd35: Already exists
83be8b767650: Already exists
de8ae6598ff9: Already exists
b9618af6f83c: Already exists
8fd7fc9f0b83: Already exists
4b3c6775ea97: Already exists
34005a9946a4: Already exists
282f549b5b84: Already exists
be52a2531f18: Already exists
6539e18712a7: Already exists
e4897499f382: Already exists
cd5ff44ed583: Already exists
94b9a7c54443: Already exists
Digest: sha256:e5c53ab3f56cc7c6ed713f579b7b092b8061c0653cec00003ac735d6687d8908
Status: Downloaded newer image for r.cfcr.io/codefresh-inc/codefresh/cf-tls-sign:cf-onprem-v1.0.69
r.cfcr.io/codefresh-inc/codefresh/cf-tls-sign:cf-onprem-v1.0.69
Pull r.cfcr.io/codefresh-inc/codefresh/cf-tls-sign:cf-onprem-v1.0.69 completed - Mon Oct  7 11:20:21 UTC 2019 !!!

Tag gcr.io/codefresh-inc/codefresh/cf-tls-sign:cf-onprem-v1.0.69 completed - Mon Oct  7 11:20:21 UTC 2019 !!!

The push refers to repository [gcr.io/codefresh-inc/codefresh/cf-tls-sign]
f90865700ec2: Preparing
aca8e0dfaed6: Preparing
064fc32f801a: Preparing
3bc0ebad8b8c: Preparing
ccf8b6573448: Preparing
5dc197047114: Preparing
9e5c49e6c20b: Preparing
099f37abad88: Preparing
d7bd42f1f660: Preparing
8b375be9de19: Preparing
0f8361255952: Preparing
71ce2dc7f761: Preparing
0d960f1d4fba: Preparing
099f37abad88: Waiting
d7bd42f1f660: Waiting
8b375be9de19: Waiting
0f8361255952: Waiting
71ce2dc7f761: Waiting
0d960f1d4fba: Waiting
ccf8b6573448: Waiting
5dc197047114: Waiting
9e5c49e6c20b: Waiting
064fc32f801a: Layer already exists
aca8e0dfaed6: Layer already exists
3bc0ebad8b8c: Layer already exists
f90865700ec2: Layer already exists
ccf8b6573448: Layer already exists
9e5c49e6c20b: Layer already exists
5dc197047114: Layer already exists
099f37abad88: Layer already exists
8b375be9de19: Layer already exists
0f8361255952: Layer already exists
d7bd42f1f660: Layer already exists
71ce2dc7f761: Layer already exists
0d960f1d4fba: Layer already exists
cf-onprem-v1.0.69: digest: sha256:e5c53ab3f56cc7c6ed713f579b7b092b8061c0653cec00003ac735d6687d8908 size: 3050
Push gcr.io/codefresh-inc/codefresh/cf-tls-sign:cf-onprem-v1.0.69 completed - Mon Oct  7 11:20:23 UTC 2019 !!!

---------- Migrate r.cfcr.io/codefresh-inc/codefresh/cf-tls-sign:1.0.6-cf-onprem-v1.0.69 to gcr.io/codefresh-inc/codefresh/cf-tls-sign:1.0.6-cf-onprem-v1.0.69
1.0.6-cf-onprem-v1.0.69: Pulling from codefresh-inc/codefresh/cf-tls-sign
Digest: sha256:e5c53ab3f56cc7c6ed713f579b7b092b8061c0653cec00003ac735d6687d8908
Status: Downloaded newer image for r.cfcr.io/codefresh-inc/codefresh/cf-tls-sign:1.0.6-cf-onprem-v1.0.69
r.cfcr.io/codefresh-inc/codefresh/cf-tls-sign:1.0.6-cf-onprem-v1.0.69
Pull r.cfcr.io/codefresh-inc/codefresh/cf-tls-sign:1.0.6-cf-onprem-v1.0.69 completed - Mon Oct  7 11:20:23 UTC 2019 !!!

Tag gcr.io/codefresh-inc/codefresh/cf-tls-sign:1.0.6-cf-onprem-v1.0.69 completed - Mon Oct  7 11:20:23 UTC 2019 !!!

The push refers to repository [gcr.io/codefresh-inc/codefresh/cf-tls-sign]
f90865700ec2: Preparing
aca8e0dfaed6: Preparing
064fc32f801a: Preparing
3bc0ebad8b8c: Preparing
ccf8b6573448: Preparing
5dc197047114: Preparing
9e5c49e6c20b: Preparing
099f37abad88: Preparing
d7bd42f1f660: Preparing
8b375be9de19: Preparing
0f8361255952: Preparing
71ce2dc7f761: Preparing
0d960f1d4fba: Preparing
ccf8b6573448: Waiting
5dc197047114: Waiting
9e5c49e6c20b: Waiting
099f37abad88: Waiting
d7bd42f1f660: Waiting
8b375be9de19: Waiting
0f8361255952: Waiting
71ce2dc7f761: Waiting
0d960f1d4fba: Waiting
064fc32f801a: Layer already exists
f90865700ec2: Layer already exists
aca8e0dfaed6: Layer already exists
3bc0ebad8b8c: Layer already exists
5dc197047114: Layer already exists
ccf8b6573448: Layer already exists
9e5c49e6c20b: Layer already exists
099f37abad88: Layer already exists
d7bd42f1f660: Layer already exists
8b375be9de19: Layer already exists
0f8361255952: Layer already exists
71ce2dc7f761: Layer already exists
0d960f1d4fba: Layer already exists
1.0.6-cf-onprem-v1.0.69: digest: sha256:e5c53ab3f56cc7c6ed713f579b7b092b8061c0653cec00003ac735d6687d8908 size: 3050
Push gcr.io/codefresh-inc/codefresh/cf-tls-sign:1.0.6-cf-onprem-v1.0.69 completed - Mon Oct  7 11:20:24 UTC 2019 !!!

---------- Migrate r.cfcr.io/codefresh-inc/codefresh/cf-tls-sign:cf-onprem-v1.0.67 to gcr.io/codefresh-inc/codefresh/cf-tls-sign:cf-onprem-v1.0.67
cf-onprem-v1.0.67: Pulling from codefresh-inc/codefresh/cf-tls-sign
be666fb3dd35: Already exists
83be8b767650: Already exists
de8ae6598ff9: Already exists
b9618af6f83c: Already exists
8fd7fc9f0b83: Already exists
4b3c6775ea97: Already exists
34005a9946a4: Already exists
282f549b5b84: Already exists
be52a2531f18: Already exists
6539e18712a7: Already exists
e4897499f382: Already exists
cd5ff44ed583: Already exists
94b9a7c54443: Already exists
Digest: sha256:9657461448ff1f6732c921629356c39efa8f9059f661804d6455121873112f7a
Status: Downloaded newer image for r.cfcr.io/codefresh-inc/codefresh/cf-tls-sign:cf-onprem-v1.0.67
r.cfcr.io/codefresh-inc/codefresh/cf-tls-sign:cf-onprem-v1.0.67
Pull r.cfcr.io/codefresh-inc/codefresh/cf-tls-sign:cf-onprem-v1.0.67 completed - Mon Oct  7 11:20:25 UTC 2019 !!!

Tag gcr.io/codefresh-inc/codefresh/cf-tls-sign:cf-onprem-v1.0.67 completed - Mon Oct  7 11:20:25 UTC 2019 !!!

The push refers to repository [gcr.io/codefresh-inc/codefresh/cf-tls-sign]
f90865700ec2: Preparing
aca8e0dfaed6: Preparing
064fc32f801a: Preparing
3bc0ebad8b8c: Preparing
ccf8b6573448: Preparing
5dc197047114: Preparing
9e5c49e6c20b: Preparing
099f37abad88: Preparing
d7bd42f1f660: Preparing
8b375be9de19: Preparing
0f8361255952: Preparing
71ce2dc7f761: Preparing
0d960f1d4fba: Preparing
ccf8b6573448: Waiting
5dc197047114: Waiting
9e5c49e6c20b: Waiting
099f37abad88: Waiting
d7bd42f1f660: Waiting
8b375be9de19: Waiting
0f8361255952: Waiting
71ce2dc7f761: Waiting
0d960f1d4fba: Waiting
3bc0ebad8b8c: Waiting
064fc32f801a: Layer already exists
f90865700ec2: Layer already exists
aca8e0dfaed6: Layer already exists
5dc197047114: Layer already exists
ccf8b6573448: Layer already exists
3bc0ebad8b8c: Layer already exists
099f37abad88: Layer already exists
9e5c49e6c20b: Layer already exists
8b375be9de19: Layer already exists
71ce2dc7f761: Layer already exists
0f8361255952: Layer already exists
d7bd42f1f660: Layer already exists
0d960f1d4fba: Layer already exists
cf-onprem-v1.0.67: digest: sha256:9657461448ff1f6732c921629356c39efa8f9059f661804d6455121873112f7a size: 3050
Push gcr.io/codefresh-inc/codefresh/cf-tls-sign:cf-onprem-v1.0.67 completed - Mon Oct  7 11:20:26 UTC 2019 !!!

---------- Migrate r.cfcr.io/codefresh-inc/codefresh/cf-tls-sign:1.0.6-cf-onprem-v1.0.67 to gcr.io/codefresh-inc/codefresh/cf-tls-sign:1.0.6-cf-onprem-v1.0.67
1.0.6-cf-onprem-v1.0.67: Pulling from codefresh-inc/codefresh/cf-tls-sign
Digest: sha256:9657461448ff1f6732c921629356c39efa8f9059f661804d6455121873112f7a
Status: Downloaded newer image for r.cfcr.io/codefresh-inc/codefresh/cf-tls-sign:1.0.6-cf-onprem-v1.0.67
r.cfcr.io/codefresh-inc/codefresh/cf-tls-sign:1.0.6-cf-onprem-v1.0.67
Pull r.cfcr.io/codefresh-inc/codefresh/cf-tls-sign:1.0.6-cf-onprem-v1.0.67 completed - Mon Oct  7 11:20:27 UTC 2019 !!!

Tag gcr.io/codefresh-inc/codefresh/cf-tls-sign:1.0.6-cf-onprem-v1.0.67 completed - Mon Oct  7 11:20:27 UTC 2019 !!!

The push refers to repository [gcr.io/codefresh-inc/codefresh/cf-tls-sign]
f90865700ec2: Preparing
aca8e0dfaed6: Preparing
064fc32f801a: Preparing
3bc0ebad8b8c: Preparing
ccf8b6573448: Preparing
5dc197047114: Preparing
9e5c49e6c20b: Preparing
099f37abad88: Preparing
d7bd42f1f660: Preparing
8b375be9de19: Preparing
0f8361255952: Preparing
71ce2dc7f761: Preparing
0d960f1d4fba: Preparing
ccf8b6573448: Waiting
5dc197047114: Waiting
9e5c49e6c20b: Waiting
099f37abad88: Waiting
d7bd42f1f660: Waiting
8b375be9de19: Waiting
0f8361255952: Waiting
71ce2dc7f761: Waiting
0d960f1d4fba: Waiting
3bc0ebad8b8c: Layer already exists
aca8e0dfaed6: Layer already exists
064fc32f801a: Layer already exists
f90865700ec2: Layer already exists
ccf8b6573448: Layer already exists
9e5c49e6c20b: Layer already exists
5dc197047114: Layer already exists
099f37abad88: Layer already exists
d7bd42f1f660: Layer already exists
0f8361255952: Layer already exists
8b375be9de19: Layer already exists
71ce2dc7f761: Layer already exists
0d960f1d4fba: Layer already exists
1.0.6-cf-onprem-v1.0.67: digest: sha256:9657461448ff1f6732c921629356c39efa8f9059f661804d6455121873112f7a size: 3050
Push gcr.io/codefresh-inc/codefresh/cf-tls-sign:1.0.6-cf-onprem-v1.0.67 completed - Mon Oct  7 11:20:27 UTC 2019 !!!

