Entering ./migrate-from-cfcr.sh - Mon Oct  7 12:49:36 UTC 2019
JOURNAL_DIR = ./journal/2019-10-07_124933
DONE_DIR = ./done
IMAGES_LIST=./journal/2019-10-07_124933/images-list

Starting at Mon Oct  7 12:49:38 UTC 2019
Processing ./journal/2019-10-07_124933/images-list
NAME                        TAG                                      PULL - SKIP
./journal/2019-10-07_124933/codefresh__helm-repo-manager.tags
codefresh/helm-repo-manager d610ff54fd68a23e40a5e63bac0ababbbac927c3 r.cfcr.io/codefresh-inc/codefresh/helm-repo-manager:d610ff54fd68a23e40a5e63bac0ababbbac927c3 - SKIP
./journal/2019-10-07_124933/codefresh__helm-repo-manager.tags
./journal/2019-10-07_124933/codefresh__helm-repo-manager.tags
./journal/2019-10-07_124933/codefresh__helm-repo-manager.tags
./journal/2019-10-07_124933/codefresh__helm-repo-manager.tags
./journal/2019-10-07_124933/codefresh__helm-repo-manager.tags
./journal/2019-10-07_124933/codefresh__helm-repo-manager.tags
./journal/2019-10-07_124933/codefresh__helm-repo-manager.tags
./journal/2019-10-07_124933/codefresh__helm-repo-manager.tags
codefresh/helm-repo-manager 70ebb14e83a2905aa1a754aeb74e228133c2561b r.cfcr.io/codefresh-inc/codefresh/helm-repo-manager:70ebb14e83a2905aa1a754aeb74e228133c2561b - SKIP
./journal/2019-10-07_124933/codefresh__helm-repo-manager.tags
./journal/2019-10-07_124933/codefresh__helm-repo-manager.tags
codefresh/helm-repo-manager aa1cbe979a81cabecd7bea403155552c9699256b r.cfcr.io/codefresh-inc/codefresh/helm-repo-manager:aa1cbe979a81cabecd7bea403155552c9699256b - SKIP
./journal/2019-10-07_124933/codefresh__helm-repo-manager.tags
codefresh/helm-repo-manager ff7f63d1cb2f9d2c8d610929e7ad706b42d57b77 r.cfcr.io/codefresh-inc/codefresh/helm-repo-manager:ff7f63d1cb2f9d2c8d610929e7ad706b42d57b77 - SKIP
./journal/2019-10-07_124933/codefresh__helm-repo-manager.tags
codefresh/helm-repo-manager 742d34b15972e881bf589aa7d19f9e05151a156b r.cfcr.io/codefresh-inc/codefresh/helm-repo-manager:742d34b15972e881bf589aa7d19f9e05151a156b - SKIP
./journal/2019-10-07_124933/codefresh__helm-repo-manager.tags
./journal/2019-10-07_124933/codefresh__helm-repo-manager.tags
./journal/2019-10-07_124933/codefresh__helm-repo-manager.tags
./journal/2019-10-07_124933/codefresh__helm-repo-manager.tags
./journal/2019-10-07_124933/codefresh__helm-repo-manager.tags
./journal/2019-10-07_124933/codefresh__helm-repo-manager.tags
./journal/2019-10-07_124933/codefresh__helm-repo-manager.tags
./journal/2019-10-07_124933/codefresh__helm-repo-manager.tags
./journal/2019-10-07_124933/codefresh__helm-repo-manager.tags
./journal/2019-10-07_124933/codefresh__helm-repo-manager.tags
./journal/2019-10-07_124933/codefresh__helm-repo-manager.tags
./journal/2019-10-07_124933/codefresh__helm-repo-manager.tags
./journal/2019-10-07_124933/codefresh__helm-repo-manager.tags
./journal/2019-10-07_124933/codefresh__helm-repo-manager.tags
./journal/2019-10-07_124933/codefresh__helm-repo-manager.tags
./journal/2019-10-07_124933/codefresh__helm-repo-manager.tags
./journal/2019-10-07_124933/codefresh__helm-repo-manager.tags
./journal/2019-10-07_124933/codefresh__helm-repo-manager.tags
./journal/2019-10-07_124933/codefresh__helm-repo-manager.tags
./journal/2019-10-07_124933/codefresh__helm-repo-manager.tags
./journal/2019-10-07_124933/codefresh__helm-repo-manager.tags
./journal/2019-10-07_124933/codefresh__helm-repo-manager.tags
./journal/2019-10-07_124933/codefresh__helm-repo-manager.tags
codefresh/helm-repo-manager cd9fe62aed42351f0257ff2219d8123b4b24a6b7 r.cfcr.io/codefresh-inc/codefresh/helm-repo-manager:cd9fe62aed42351f0257ff2219d8123b4b24a6b7 - SKIP
./journal/2019-10-07_124933/codefresh__helm-repo-manager.tags
./journal/2019-10-07_124933/codefresh__helm-repo-manager.tags
codefresh/helm-repo-manager 1c0ac0b6bc5941ba9b9a47aac52593b66a639239 r.cfcr.io/codefresh-inc/codefresh/helm-repo-manager:1c0ac0b6bc5941ba9b9a47aac52593b66a639239 - SKIP
./journal/2019-10-07_124933/codefresh__helm-repo-manager.tags
codefresh/helm-repo-manager 86eef3a5c8f5bc8e27391557221c87ba62b3dd03 r.cfcr.io/codefresh-inc/codefresh/helm-repo-manager:86eef3a5c8f5bc8e27391557221c87ba62b3dd03 - SKIP
./journal/2019-10-07_124933/codefresh__helm-repo-manager.tags
./journal/2019-10-07_124933/codefresh__helm-repo-manager.tags
./journal/2019-10-07_124933/codefresh__helm-repo-manager.tags
./journal/2019-10-07_124933/codefresh__helm-repo-manager.tags
./journal/2019-10-07_124933/codefresh__helm-repo-manager.tags
codefresh/helm-repo-manager 8064497cea4e5aea701d7d4d35d41f366b7d7064 r.cfcr.io/codefresh-inc/codefresh/helm-repo-manager:8064497cea4e5aea701d7d4d35d41f366b7d7064 - SKIP
./journal/2019-10-07_124933/codefresh__helm-repo-manager.tags
./journal/2019-10-07_124933/codefresh__helm-repo-manager.tags
./journal/2019-10-07_124933/codefresh__helm-repo-manager.tags
codefresh/helm-repo-manager b5611fa3631c77e9172a39f110a675f49e5f90cf r.cfcr.io/codefresh-inc/codefresh/helm-repo-manager:b5611fa3631c77e9172a39f110a675f49e5f90cf - SKIP
./journal/2019-10-07_124933/codefresh__helm-repo-manager.tags
./journal/2019-10-07_124933/codefresh__helm-repo-manager.tags
./journal/2019-10-07_124933/codefresh__helm-repo-manager.tags
codefresh/helm-repo-manager 6be7e39ba264a913a597de653561a949dbd34f90 r.cfcr.io/codefresh-inc/codefresh/helm-repo-manager:6be7e39ba264a913a597de653561a949dbd34f90 - SKIP
./journal/2019-10-07_124933/codefresh__helm-repo-manager.tags
./journal/2019-10-07_124933/codefresh__helm-repo-manager.tags

--- Mon Oct  7 12:49:38 UTC 2019
Processing tag files

  ****************
  Mon Oct  7 12:49:38 UTC 2019 - ./journal/2019-10-07_124933/codefresh__helm-repo-manager.tags
grep: ./done/codefresh__helm-repo-manager.tags: No such file or directory
---------- Migrate r.cfcr.io/codefresh-inc/codefresh/helm-repo-manager:cf-onprem-v1.0.82 to gcr.io/codefresh-inc/codefresh/helm-repo-manager:cf-onprem-v1.0.82
cf-onprem-v1.0.82: Pulling from codefresh-inc/codefresh/helm-repo-manager
bdf0201b3a05: Already exists
3927f1222b65: Pulling fs layer
6855ffaf562a: Pulling fs layer
508d4e803f22: Pulling fs layer
3927f1222b65: Download complete
6855ffaf562a: Verifying Checksum
6855ffaf562a: Download complete
508d4e803f22: Verifying Checksum
508d4e803f22: Download complete
3927f1222b65: Pull complete
6855ffaf562a: Pull complete
508d4e803f22: Pull complete
Digest: sha256:846458806da9ce5c27a60bdc93c00ebec0c8bac8c6375b3551a321c38872387c
Status: Downloaded newer image for r.cfcr.io/codefresh-inc/codefresh/helm-repo-manager:cf-onprem-v1.0.82
r.cfcr.io/codefresh-inc/codefresh/helm-repo-manager:cf-onprem-v1.0.82
Pull r.cfcr.io/codefresh-inc/codefresh/helm-repo-manager:cf-onprem-v1.0.82 completed - Mon Oct  7 12:49:40 UTC 2019 !!!

Tag gcr.io/codefresh-inc/codefresh/helm-repo-manager:cf-onprem-v1.0.82 completed - Mon Oct  7 12:49:40 UTC 2019 !!!

The push refers to repository [gcr.io/codefresh-inc/codefresh/helm-repo-manager]
a0f76fc97cef: Preparing
8d8145adb5c5: Preparing
c599b32e7aa2: Preparing
a464c54f93a9: Preparing
a464c54f93a9: Layer already exists
8d8145adb5c5: Retrying in 5 seconds
a0f76fc97cef: Retrying in 5 seconds
8d8145adb5c5: Retrying in 4 seconds
a0f76fc97cef: Retrying in 4 seconds
c599b32e7aa2: Pushed
8d8145adb5c5: Retrying in 3 seconds
a0f76fc97cef: Retrying in 3 seconds
8d8145adb5c5: Retrying in 2 seconds
a0f76fc97cef: Retrying in 2 seconds
8d8145adb5c5: Retrying in 1 second
a0f76fc97cef: Retrying in 1 second
a0f76fc97cef: Retrying in 10 seconds
a0f76fc97cef: Retrying in 9 seconds
a0f76fc97cef: Retrying in 8 seconds
8d8145adb5c5: Pushed
a0f76fc97cef: Retrying in 7 seconds
a0f76fc97cef: Retrying in 6 seconds
a0f76fc97cef: Retrying in 5 seconds
a0f76fc97cef: Retrying in 4 seconds
a0f76fc97cef: Retrying in 3 seconds
a0f76fc97cef: Retrying in 2 seconds
a0f76fc97cef: Retrying in 1 second
a0f76fc97cef: Pushed
cf-onprem-v1.0.82: digest: sha256:846458806da9ce5c27a60bdc93c00ebec0c8bac8c6375b3551a321c38872387c size: 1161
Push gcr.io/codefresh-inc/codefresh/helm-repo-manager:cf-onprem-v1.0.82 completed - Mon Oct  7 12:49:59 UTC 2019 !!!

---------- Migrate r.cfcr.io/codefresh-inc/codefresh/helm-repo-manager:0.5.0-cf-onprem-v1.0.82 to gcr.io/codefresh-inc/codefresh/helm-repo-manager:0.5.0-cf-onprem-v1.0.82
0.5.0-cf-onprem-v1.0.82: Pulling from codefresh-inc/codefresh/helm-repo-manager
Digest: sha256:846458806da9ce5c27a60bdc93c00ebec0c8bac8c6375b3551a321c38872387c
Status: Downloaded newer image for r.cfcr.io/codefresh-inc/codefresh/helm-repo-manager:0.5.0-cf-onprem-v1.0.82
r.cfcr.io/codefresh-inc/codefresh/helm-repo-manager:0.5.0-cf-onprem-v1.0.82
Pull r.cfcr.io/codefresh-inc/codefresh/helm-repo-manager:0.5.0-cf-onprem-v1.0.82 completed - Mon Oct  7 12:50:00 UTC 2019 !!!

Tag gcr.io/codefresh-inc/codefresh/helm-repo-manager:0.5.0-cf-onprem-v1.0.82 completed - Mon Oct  7 12:50:00 UTC 2019 !!!

The push refers to repository [gcr.io/codefresh-inc/codefresh/helm-repo-manager]
a0f76fc97cef: Preparing
8d8145adb5c5: Preparing
c599b32e7aa2: Preparing
a464c54f93a9: Preparing
c599b32e7aa2: Layer already exists
8d8145adb5c5: Layer already exists
a0f76fc97cef: Layer already exists
a464c54f93a9: Layer already exists
0.5.0-cf-onprem-v1.0.82: digest: sha256:846458806da9ce5c27a60bdc93c00ebec0c8bac8c6375b3551a321c38872387c size: 1161
Push gcr.io/codefresh-inc/codefresh/helm-repo-manager:0.5.0-cf-onprem-v1.0.82 completed - Mon Oct  7 12:50:01 UTC 2019 !!!

---------- Migrate r.cfcr.io/codefresh-inc/codefresh/helm-repo-manager:cf-onprem-v1.0.81 to gcr.io/codefresh-inc/codefresh/helm-repo-manager:cf-onprem-v1.0.81
cf-onprem-v1.0.81: Pulling from codefresh-inc/codefresh/helm-repo-manager
bdf0201b3a05: Already exists
3927f1222b65: Already exists
c8015102ed5b: Pulling fs layer
ec9dcbef9f55: Pulling fs layer
c8015102ed5b: Verifying Checksum
c8015102ed5b: Download complete
ec9dcbef9f55: Verifying Checksum
ec9dcbef9f55: Download complete
c8015102ed5b: Pull complete
ec9dcbef9f55: Pull complete
Digest: sha256:a3c0a1c552c1e6e51915270a8ce4a74c92d19290e7a0fdcb6a7192a91232b1a1
Status: Downloaded newer image for r.cfcr.io/codefresh-inc/codefresh/helm-repo-manager:cf-onprem-v1.0.81
r.cfcr.io/codefresh-inc/codefresh/helm-repo-manager:cf-onprem-v1.0.81
Pull r.cfcr.io/codefresh-inc/codefresh/helm-repo-manager:cf-onprem-v1.0.81 completed - Mon Oct  7 12:50:02 UTC 2019 !!!

Tag gcr.io/codefresh-inc/codefresh/helm-repo-manager:cf-onprem-v1.0.81 completed - Mon Oct  7 12:50:03 UTC 2019 !!!

The push refers to repository [gcr.io/codefresh-inc/codefresh/helm-repo-manager]
bdbba133bf5c: Preparing
fcd7f8c99667: Preparing
c599b32e7aa2: Preparing
a464c54f93a9: Preparing
a464c54f93a9: Layer already exists
c599b32e7aa2: Layer already exists
bdbba133bf5c: Retrying in 5 seconds
bdbba133bf5c: Retrying in 4 seconds
fcd7f8c99667: Pushed
bdbba133bf5c: Retrying in 3 seconds
bdbba133bf5c: Retrying in 2 seconds
bdbba133bf5c: Retrying in 1 second
bdbba133bf5c: Pushed
cf-onprem-v1.0.81: digest: sha256:a3c0a1c552c1e6e51915270a8ce4a74c92d19290e7a0fdcb6a7192a91232b1a1 size: 1161
Push gcr.io/codefresh-inc/codefresh/helm-repo-manager:cf-onprem-v1.0.81 completed - Mon Oct  7 12:50:12 UTC 2019 !!!

---------- Migrate r.cfcr.io/codefresh-inc/codefresh/helm-repo-manager:0.5.0-cf-onprem-v1.0.81 to gcr.io/codefresh-inc/codefresh/helm-repo-manager:0.5.0-cf-onprem-v1.0.81
0.5.0-cf-onprem-v1.0.81: Pulling from codefresh-inc/codefresh/helm-repo-manager
Digest: sha256:a3c0a1c552c1e6e51915270a8ce4a74c92d19290e7a0fdcb6a7192a91232b1a1
Status: Downloaded newer image for r.cfcr.io/codefresh-inc/codefresh/helm-repo-manager:0.5.0-cf-onprem-v1.0.81
r.cfcr.io/codefresh-inc/codefresh/helm-repo-manager:0.5.0-cf-onprem-v1.0.81
Pull r.cfcr.io/codefresh-inc/codefresh/helm-repo-manager:0.5.0-cf-onprem-v1.0.81 completed - Mon Oct  7 12:50:12 UTC 2019 !!!

Tag gcr.io/codefresh-inc/codefresh/helm-repo-manager:0.5.0-cf-onprem-v1.0.81 completed - Mon Oct  7 12:50:12 UTC 2019 !!!

The push refers to repository [gcr.io/codefresh-inc/codefresh/helm-repo-manager]
bdbba133bf5c: Preparing
fcd7f8c99667: Preparing
c599b32e7aa2: Preparing
a464c54f93a9: Preparing
c599b32e7aa2: Layer already exists
bdbba133bf5c: Layer already exists
fcd7f8c99667: Layer already exists
a464c54f93a9: Layer already exists
0.5.0-cf-onprem-v1.0.81: digest: sha256:a3c0a1c552c1e6e51915270a8ce4a74c92d19290e7a0fdcb6a7192a91232b1a1 size: 1161
Push gcr.io/codefresh-inc/codefresh/helm-repo-manager:0.5.0-cf-onprem-v1.0.81 completed - Mon Oct  7 12:50:13 UTC 2019 !!!

---------- Migrate r.cfcr.io/codefresh-inc/codefresh/helm-repo-manager:cf-onprem-v1.0.80 to gcr.io/codefresh-inc/codefresh/helm-repo-manager:cf-onprem-v1.0.80
cf-onprem-v1.0.80: Pulling from codefresh-inc/codefresh/helm-repo-manager
bdf0201b3a05: Already exists
3927f1222b65: Already exists
0ad7872da2b6: Pulling fs layer
71a3dcd1e3af: Pulling fs layer
0ad7872da2b6: Verifying Checksum
0ad7872da2b6: Download complete
71a3dcd1e3af: Verifying Checksum
71a3dcd1e3af: Download complete
0ad7872da2b6: Pull complete
71a3dcd1e3af: Pull complete
Digest: sha256:ba1ed80f3328454c48a3efaed52b93cd475ed9045ec0533da6b3048f015f4dad
Status: Downloaded newer image for r.cfcr.io/codefresh-inc/codefresh/helm-repo-manager:cf-onprem-v1.0.80
r.cfcr.io/codefresh-inc/codefresh/helm-repo-manager:cf-onprem-v1.0.80
Pull r.cfcr.io/codefresh-inc/codefresh/helm-repo-manager:cf-onprem-v1.0.80 completed - Mon Oct  7 12:50:14 UTC 2019 !!!

Tag gcr.io/codefresh-inc/codefresh/helm-repo-manager:cf-onprem-v1.0.80 completed - Mon Oct  7 12:50:14 UTC 2019 !!!

The push refers to repository [gcr.io/codefresh-inc/codefresh/helm-repo-manager]
c19bfd1d998c: Preparing
810f51532d40: Preparing
c599b32e7aa2: Preparing
a464c54f93a9: Preparing
c19bfd1d998c: Waiting
c599b32e7aa2: Waiting
a464c54f93a9: Waiting
810f51532d40: Waiting
c599b32e7aa2: Layer already exists
a464c54f93a9: Layer already exists
810f51532d40: Pushed
c19bfd1d998c: Pushed
cf-onprem-v1.0.80: digest: sha256:ba1ed80f3328454c48a3efaed52b93cd475ed9045ec0533da6b3048f015f4dad size: 1161
Push gcr.io/codefresh-inc/codefresh/helm-repo-manager:cf-onprem-v1.0.80 completed - Mon Oct  7 12:50:19 UTC 2019 !!!

---------- Migrate r.cfcr.io/codefresh-inc/codefresh/helm-repo-manager:0.5.0-cf-onprem-v1.0.80 to gcr.io/codefresh-inc/codefresh/helm-repo-manager:0.5.0-cf-onprem-v1.0.80
0.5.0-cf-onprem-v1.0.80: Pulling from codefresh-inc/codefresh/helm-repo-manager
Digest: sha256:ba1ed80f3328454c48a3efaed52b93cd475ed9045ec0533da6b3048f015f4dad
Status: Downloaded newer image for r.cfcr.io/codefresh-inc/codefresh/helm-repo-manager:0.5.0-cf-onprem-v1.0.80
r.cfcr.io/codefresh-inc/codefresh/helm-repo-manager:0.5.0-cf-onprem-v1.0.80
Pull r.cfcr.io/codefresh-inc/codefresh/helm-repo-manager:0.5.0-cf-onprem-v1.0.80 completed - Mon Oct  7 12:50:20 UTC 2019 !!!

Tag gcr.io/codefresh-inc/codefresh/helm-repo-manager:0.5.0-cf-onprem-v1.0.80 completed - Mon Oct  7 12:50:20 UTC 2019 !!!

The push refers to repository [gcr.io/codefresh-inc/codefresh/helm-repo-manager]
c19bfd1d998c: Preparing
810f51532d40: Preparing
c599b32e7aa2: Preparing
a464c54f93a9: Preparing
c599b32e7aa2: Layer already exists
810f51532d40: Layer already exists
a464c54f93a9: Layer already exists
c19bfd1d998c: Layer already exists
0.5.0-cf-onprem-v1.0.80: digest: sha256:ba1ed80f3328454c48a3efaed52b93cd475ed9045ec0533da6b3048f015f4dad size: 1161
Push gcr.io/codefresh-inc/codefresh/helm-repo-manager:0.5.0-cf-onprem-v1.0.80 completed - Mon Oct  7 12:50:20 UTC 2019 !!!

---------- Migrate r.cfcr.io/codefresh-inc/codefresh/helm-repo-manager:master to gcr.io/codefresh-inc/codefresh/helm-repo-manager:master
master: Pulling from codefresh-inc/codefresh/helm-repo-manager
bdf0201b3a05: Already exists
3927f1222b65: Already exists
7ded30a3bebb: Pulling fs layer
ea38ca6006ac: Pulling fs layer
7ded30a3bebb: Waiting
ea38ca6006ac: Waiting
7ded30a3bebb: Verifying Checksum
7ded30a3bebb: Download complete
ea38ca6006ac: Verifying Checksum
ea38ca6006ac: Download complete
7ded30a3bebb: Pull complete
ea38ca6006ac: Pull complete
Digest: sha256:1f38ec2f95807a3ea93527ccc1c6e898b0b9cc07ac9de6b6842e112557ff48f7
Status: Downloaded newer image for r.cfcr.io/codefresh-inc/codefresh/helm-repo-manager:master
r.cfcr.io/codefresh-inc/codefresh/helm-repo-manager:master
Pull r.cfcr.io/codefresh-inc/codefresh/helm-repo-manager:master completed - Mon Oct  7 12:50:23 UTC 2019 !!!

Tag gcr.io/codefresh-inc/codefresh/helm-repo-manager:master completed - Mon Oct  7 12:50:23 UTC 2019 !!!

The push refers to repository [gcr.io/codefresh-inc/codefresh/helm-repo-manager]
1748d817ca9d: Preparing
7a498a512929: Preparing
c599b32e7aa2: Preparing
a464c54f93a9: Preparing
c599b32e7aa2: Layer already exists
a464c54f93a9: Layer already exists
1748d817ca9d: Retrying in 5 seconds
1748d817ca9d: Retrying in 4 seconds
1748d817ca9d: Retrying in 3 seconds
7a498a512929: Pushed
1748d817ca9d: Retrying in 2 seconds
1748d817ca9d: Retrying in 1 second
1748d817ca9d: Pushed
master: digest: sha256:8cbb7292250c020ca50c7b39188dd2cfcb322ba6527c0a61cde4a3ad46212acc size: 1161
Push gcr.io/codefresh-inc/codefresh/helm-repo-manager:master completed - Mon Oct  7 12:50:34 UTC 2019 !!!

---------- Migrate r.cfcr.io/codefresh-inc/codefresh/helm-repo-manager:0.5.0 to gcr.io/codefresh-inc/codefresh/helm-repo-manager:0.5.0
0.5.0: Pulling from codefresh-inc/codefresh/helm-repo-manager
Digest: sha256:8cbb7292250c020ca50c7b39188dd2cfcb322ba6527c0a61cde4a3ad46212acc
Status: Downloaded newer image for r.cfcr.io/codefresh-inc/codefresh/helm-repo-manager:0.5.0
r.cfcr.io/codefresh-inc/codefresh/helm-repo-manager:0.5.0
Pull r.cfcr.io/codefresh-inc/codefresh/helm-repo-manager:0.5.0 completed - Mon Oct  7 12:50:35 UTC 2019 !!!

Tag gcr.io/codefresh-inc/codefresh/helm-repo-manager:0.5.0 completed - Mon Oct  7 12:50:35 UTC 2019 !!!

The push refers to repository [gcr.io/codefresh-inc/codefresh/helm-repo-manager]
1748d817ca9d: Preparing
7a498a512929: Preparing
c599b32e7aa2: Preparing
a464c54f93a9: Preparing
1748d817ca9d: Waiting
7a498a512929: Waiting
c599b32e7aa2: Waiting
a464c54f93a9: Waiting
1748d817ca9d: Layer already exists
7a498a512929: Layer already exists
c599b32e7aa2: Layer already exists
a464c54f93a9: Layer already exists
0.5.0: digest: sha256:8cbb7292250c020ca50c7b39188dd2cfcb322ba6527c0a61cde4a3ad46212acc size: 1161
Push gcr.io/codefresh-inc/codefresh/helm-repo-manager:0.5.0 completed - Mon Oct  7 12:50:51 UTC 2019 !!!

---------- Migrate r.cfcr.io/codefresh-inc/codefresh/helm-repo-manager:istio-poc to gcr.io/codefresh-inc/codefresh/helm-repo-manager:istio-poc
istio-poc: Pulling from codefresh-inc/codefresh/helm-repo-manager
bdf0201b3a05: Already exists
3927f1222b65: Already exists
7ded30a3bebb: Already exists
ea38ca6006ac: Already exists
Digest: sha256:10fb8c69dccfc7a523bf56bffd797624d6bb6c4c0d64ce5f3e1dcda22d9aa76d
Status: Downloaded newer image for r.cfcr.io/codefresh-inc/codefresh/helm-repo-manager:istio-poc
r.cfcr.io/codefresh-inc/codefresh/helm-repo-manager:istio-poc
Pull r.cfcr.io/codefresh-inc/codefresh/helm-repo-manager:istio-poc completed - Mon Oct  7 12:50:53 UTC 2019 !!!

Tag gcr.io/codefresh-inc/codefresh/helm-repo-manager:istio-poc completed - Mon Oct  7 12:50:53 UTC 2019 !!!

The push refers to repository [gcr.io/codefresh-inc/codefresh/helm-repo-manager]
1748d817ca9d: Preparing
7a498a512929: Preparing
c599b32e7aa2: Preparing
a464c54f93a9: Preparing
7a498a512929: Waiting
c599b32e7aa2: Waiting
a464c54f93a9: Waiting
1748d817ca9d: Layer already exists
7a498a512929: Layer already exists
c599b32e7aa2: Layer already exists
a464c54f93a9: Layer already exists
istio-poc: digest: sha256:10fb8c69dccfc7a523bf56bffd797624d6bb6c4c0d64ce5f3e1dcda22d9aa76d size: 1161
Push gcr.io/codefresh-inc/codefresh/helm-repo-manager:istio-poc completed - Mon Oct  7 12:50:55 UTC 2019 !!!

---------- Migrate r.cfcr.io/codefresh-inc/codefresh/helm-repo-manager:0.5.0-istio-poc to gcr.io/codefresh-inc/codefresh/helm-repo-manager:0.5.0-istio-poc
0.5.0-istio-poc: Pulling from codefresh-inc/codefresh/helm-repo-manager
Digest: sha256:10fb8c69dccfc7a523bf56bffd797624d6bb6c4c0d64ce5f3e1dcda22d9aa76d
Status: Downloaded newer image for r.cfcr.io/codefresh-inc/codefresh/helm-repo-manager:0.5.0-istio-poc
r.cfcr.io/codefresh-inc/codefresh/helm-repo-manager:0.5.0-istio-poc
Pull r.cfcr.io/codefresh-inc/codefresh/helm-repo-manager:0.5.0-istio-poc completed - Mon Oct  7 12:50:56 UTC 2019 !!!

Tag gcr.io/codefresh-inc/codefresh/helm-repo-manager:0.5.0-istio-poc completed - Mon Oct  7 12:50:56 UTC 2019 !!!

The push refers to repository [gcr.io/codefresh-inc/codefresh/helm-repo-manager]
1748d817ca9d: Preparing
7a498a512929: Preparing
c599b32e7aa2: Preparing
7a498a512929: Waiting
a464c54f93a9: Preparing
a464c54f93a9: Waiting
1748d817ca9d: Layer already exists
7a498a512929: Layer already exists
c599b32e7aa2: Layer already exists
a464c54f93a9: Layer already exists
0.5.0-istio-poc: digest: sha256:10fb8c69dccfc7a523bf56bffd797624d6bb6c4c0d64ce5f3e1dcda22d9aa76d size: 1161
Push gcr.io/codefresh-inc/codefresh/helm-repo-manager:0.5.0-istio-poc completed - Mon Oct  7 12:50:56 UTC 2019 !!!

---------- Migrate r.cfcr.io/codefresh-inc/codefresh/helm-repo-manager:cf-onprem-v1.0.79 to gcr.io/codefresh-inc/codefresh/helm-repo-manager:cf-onprem-v1.0.79
cf-onprem-v1.0.79: Pulling from codefresh-inc/codefresh/helm-repo-manager
bdf0201b3a05: Already exists
3927f1222b65: Already exists
d8b1be296f79: Pulling fs layer
598a4786291d: Pulling fs layer
d8b1be296f79: Verifying Checksum
d8b1be296f79: Download complete
598a4786291d: Verifying Checksum
598a4786291d: Download complete
d8b1be296f79: Pull complete
598a4786291d: Pull complete
Digest: sha256:1c39a343cb972ecf05c0554fd7b37648bd446013b6cd16b0fab05b770990e9a1
Status: Downloaded newer image for r.cfcr.io/codefresh-inc/codefresh/helm-repo-manager:cf-onprem-v1.0.79
r.cfcr.io/codefresh-inc/codefresh/helm-repo-manager:cf-onprem-v1.0.79
Pull r.cfcr.io/codefresh-inc/codefresh/helm-repo-manager:cf-onprem-v1.0.79 completed - Mon Oct  7 12:50:58 UTC 2019 !!!

Tag gcr.io/codefresh-inc/codefresh/helm-repo-manager:cf-onprem-v1.0.79 completed - Mon Oct  7 12:50:58 UTC 2019 !!!

The push refers to repository [gcr.io/codefresh-inc/codefresh/helm-repo-manager]
4b3aa99d7838: Preparing
d4c5baeeb8a4: Preparing
c599b32e7aa2: Preparing
a464c54f93a9: Preparing
c599b32e7aa2: Waiting
a464c54f93a9: Waiting
d4c5baeeb8a4: Pushed
c599b32e7aa2: Layer already exists
a464c54f93a9: Layer already exists
4b3aa99d7838: Pushed
cf-onprem-v1.0.79: digest: sha256:1c39a343cb972ecf05c0554fd7b37648bd446013b6cd16b0fab05b770990e9a1 size: 1161
Push gcr.io/codefresh-inc/codefresh/helm-repo-manager:cf-onprem-v1.0.79 completed - Mon Oct  7 12:51:02 UTC 2019 !!!

---------- Migrate r.cfcr.io/codefresh-inc/codefresh/helm-repo-manager:0.4.1-cf-onprem-v1.0.79 to gcr.io/codefresh-inc/codefresh/helm-repo-manager:0.4.1-cf-onprem-v1.0.79
0.4.1-cf-onprem-v1.0.79: Pulling from codefresh-inc/codefresh/helm-repo-manager
Digest: sha256:1c39a343cb972ecf05c0554fd7b37648bd446013b6cd16b0fab05b770990e9a1
Status: Downloaded newer image for r.cfcr.io/codefresh-inc/codefresh/helm-repo-manager:0.4.1-cf-onprem-v1.0.79
r.cfcr.io/codefresh-inc/codefresh/helm-repo-manager:0.4.1-cf-onprem-v1.0.79
Pull r.cfcr.io/codefresh-inc/codefresh/helm-repo-manager:0.4.1-cf-onprem-v1.0.79 completed - Mon Oct  7 12:51:03 UTC 2019 !!!

Tag gcr.io/codefresh-inc/codefresh/helm-repo-manager:0.4.1-cf-onprem-v1.0.79 completed - Mon Oct  7 12:51:03 UTC 2019 !!!

The push refers to repository [gcr.io/codefresh-inc/codefresh/helm-repo-manager]
4b3aa99d7838: Preparing
d4c5baeeb8a4: Preparing
c599b32e7aa2: Preparing
a464c54f93a9: Preparing
d4c5baeeb8a4: Waiting
c599b32e7aa2: Waiting
a464c54f93a9: Waiting
4b3aa99d7838: Waiting
4b3aa99d7838: Layer already exists
d4c5baeeb8a4: Layer already exists
c599b32e7aa2: Layer already exists
a464c54f93a9: Layer already exists
0.4.1-cf-onprem-v1.0.79: digest: sha256:1c39a343cb972ecf05c0554fd7b37648bd446013b6cd16b0fab05b770990e9a1 size: 1161
Push gcr.io/codefresh-inc/codefresh/helm-repo-manager:0.4.1-cf-onprem-v1.0.79 completed - Mon Oct  7 12:51:04 UTC 2019 !!!

---------- Migrate r.cfcr.io/codefresh-inc/codefresh/helm-repo-manager:0.4.1-istio-poc to gcr.io/codefresh-inc/codefresh/helm-repo-manager:0.4.1-istio-poc
0.4.1-istio-poc: Pulling from codefresh-inc/codefresh/helm-repo-manager
bdf0201b3a05: Already exists
3927f1222b65: Already exists
65727ddab389: Pulling fs layer
75714f27f497: Pulling fs layer
65727ddab389: Download complete
75714f27f497: Verifying Checksum
75714f27f497: Download complete
65727ddab389: Pull complete
75714f27f497: Pull complete
Digest: sha256:8e7fd6b84409b93f27e45605c153eae209b6dd588010c70abaa3399624505556
Status: Downloaded newer image for r.cfcr.io/codefresh-inc/codefresh/helm-repo-manager:0.4.1-istio-poc
r.cfcr.io/codefresh-inc/codefresh/helm-repo-manager:0.4.1-istio-poc
Pull r.cfcr.io/codefresh-inc/codefresh/helm-repo-manager:0.4.1-istio-poc completed - Mon Oct  7 12:51:09 UTC 2019 !!!

Tag gcr.io/codefresh-inc/codefresh/helm-repo-manager:0.4.1-istio-poc completed - Mon Oct  7 12:51:09 UTC 2019 !!!

The push refers to repository [gcr.io/codefresh-inc/codefresh/helm-repo-manager]
962e5a995691: Preparing
494efd2f52ab: Preparing
c599b32e7aa2: Preparing
a464c54f93a9: Preparing
a464c54f93a9: Layer already exists
c599b32e7aa2: Layer already exists
962e5a995691: Retrying in 5 seconds
962e5a995691: Retrying in 4 seconds
494efd2f52ab: Pushed
962e5a995691: Retrying in 3 seconds
962e5a995691: Retrying in 2 seconds
962e5a995691: Retrying in 1 second
962e5a995691: Pushed
0.4.1-istio-poc: digest: sha256:8e7fd6b84409b93f27e45605c153eae209b6dd588010c70abaa3399624505556 size: 1161
Push gcr.io/codefresh-inc/codefresh/helm-repo-manager:0.4.1-istio-poc completed - Mon Oct  7 12:51:20 UTC 2019 !!!

---------- Migrate r.cfcr.io/codefresh-inc/codefresh/helm-repo-manager:cf-onprem-v1.0.78 to gcr.io/codefresh-inc/codefresh/helm-repo-manager:cf-onprem-v1.0.78
cf-onprem-v1.0.78: Pulling from codefresh-inc/codefresh/helm-repo-manager
bdf0201b3a05: Already exists
3927f1222b65: Already exists
2ff15591c645: Pulling fs layer
f0edda421c47: Pulling fs layer
f0edda421c47: Verifying Checksum
f0edda421c47: Download complete
2ff15591c645: Verifying Checksum
2ff15591c645: Download complete
2ff15591c645: Pull complete
f0edda421c47: Pull complete
Digest: sha256:3503fa2e13d6147df6864bcdb5efab5e94bd0cd8c3a0ab45686a24f3fee93f35
Status: Downloaded newer image for r.cfcr.io/codefresh-inc/codefresh/helm-repo-manager:cf-onprem-v1.0.78
r.cfcr.io/codefresh-inc/codefresh/helm-repo-manager:cf-onprem-v1.0.78
Pull r.cfcr.io/codefresh-inc/codefresh/helm-repo-manager:cf-onprem-v1.0.78 completed - Mon Oct  7 12:51:22 UTC 2019 !!!

Tag gcr.io/codefresh-inc/codefresh/helm-repo-manager:cf-onprem-v1.0.78 completed - Mon Oct  7 12:51:22 UTC 2019 !!!

The push refers to repository [gcr.io/codefresh-inc/codefresh/helm-repo-manager]
08eea095d65e: Preparing
cd94ade28e8d: Preparing
c599b32e7aa2: Preparing
a464c54f93a9: Preparing
08eea095d65e: Waiting
cd94ade28e8d: Waiting
c599b32e7aa2: Waiting
a464c54f93a9: Waiting
cd94ade28e8d: Pushed
c599b32e7aa2: Layer already exists
a464c54f93a9: Layer already exists
08eea095d65e: Pushed
cf-onprem-v1.0.78: digest: sha256:3503fa2e13d6147df6864bcdb5efab5e94bd0cd8c3a0ab45686a24f3fee93f35 size: 1161
Push gcr.io/codefresh-inc/codefresh/helm-repo-manager:cf-onprem-v1.0.78 completed - Mon Oct  7 12:51:27 UTC 2019 !!!

---------- Migrate r.cfcr.io/codefresh-inc/codefresh/helm-repo-manager:0.4.1-cf-onprem-v1.0.78 to gcr.io/codefresh-inc/codefresh/helm-repo-manager:0.4.1-cf-onprem-v1.0.78
0.4.1-cf-onprem-v1.0.78: Pulling from codefresh-inc/codefresh/helm-repo-manager
Digest: sha256:3503fa2e13d6147df6864bcdb5efab5e94bd0cd8c3a0ab45686a24f3fee93f35
Status: Downloaded newer image for r.cfcr.io/codefresh-inc/codefresh/helm-repo-manager:0.4.1-cf-onprem-v1.0.78
r.cfcr.io/codefresh-inc/codefresh/helm-repo-manager:0.4.1-cf-onprem-v1.0.78
Pull r.cfcr.io/codefresh-inc/codefresh/helm-repo-manager:0.4.1-cf-onprem-v1.0.78 completed - Mon Oct  7 12:51:28 UTC 2019 !!!

Tag gcr.io/codefresh-inc/codefresh/helm-repo-manager:0.4.1-cf-onprem-v1.0.78 completed - Mon Oct  7 12:51:28 UTC 2019 !!!

The push refers to repository [gcr.io/codefresh-inc/codefresh/helm-repo-manager]
08eea095d65e: Preparing
cd94ade28e8d: Preparing
c599b32e7aa2: Preparing
a464c54f93a9: Preparing
c599b32e7aa2: Layer already exists
cd94ade28e8d: Layer already exists
08eea095d65e: Layer already exists
a464c54f93a9: Layer already exists
0.4.1-cf-onprem-v1.0.78: digest: sha256:3503fa2e13d6147df6864bcdb5efab5e94bd0cd8c3a0ab45686a24f3fee93f35 size: 1161
Push gcr.io/codefresh-inc/codefresh/helm-repo-manager:0.4.1-cf-onprem-v1.0.78 completed - Mon Oct  7 12:51:29 UTC 2019 !!!

---------- Migrate r.cfcr.io/codefresh-inc/codefresh/helm-repo-manager:cf-onprem-v1.0.77 to gcr.io/codefresh-inc/codefresh/helm-repo-manager:cf-onprem-v1.0.77
cf-onprem-v1.0.77: Pulling from codefresh-inc/codefresh/helm-repo-manager
bdf0201b3a05: Already exists
3927f1222b65: Already exists
5759bc156613: Pulling fs layer
ab75e9623d61: Pulling fs layer
5759bc156613: Verifying Checksum
5759bc156613: Download complete
ab75e9623d61: Verifying Checksum
ab75e9623d61: Download complete
5759bc156613: Pull complete
ab75e9623d61: Pull complete
Digest: sha256:f8a62dca32fdff6017a2717872adcd1afc9a7eba0547255e01c88bd213e77143
Status: Downloaded newer image for r.cfcr.io/codefresh-inc/codefresh/helm-repo-manager:cf-onprem-v1.0.77
r.cfcr.io/codefresh-inc/codefresh/helm-repo-manager:cf-onprem-v1.0.77
Pull r.cfcr.io/codefresh-inc/codefresh/helm-repo-manager:cf-onprem-v1.0.77 completed - Mon Oct  7 12:51:31 UTC 2019 !!!

Tag gcr.io/codefresh-inc/codefresh/helm-repo-manager:cf-onprem-v1.0.77 completed - Mon Oct  7 12:51:31 UTC 2019 !!!

The push refers to repository [gcr.io/codefresh-inc/codefresh/helm-repo-manager]
2938eac969a3: Preparing
98c40d94ff41: Preparing
c599b32e7aa2: Preparing
a464c54f93a9: Preparing
2938eac969a3: Waiting
98c40d94ff41: Waiting
c599b32e7aa2: Waiting
a464c54f93a9: Waiting
98c40d94ff41: Pushed
c599b32e7aa2: Layer already exists
a464c54f93a9: Layer already exists
2938eac969a3: Pushed
cf-onprem-v1.0.77: digest: sha256:f8a62dca32fdff6017a2717872adcd1afc9a7eba0547255e01c88bd213e77143 size: 1161
Push gcr.io/codefresh-inc/codefresh/helm-repo-manager:cf-onprem-v1.0.77 completed - Mon Oct  7 12:51:36 UTC 2019 !!!

---------- Migrate r.cfcr.io/codefresh-inc/codefresh/helm-repo-manager:0.4.1-cf-onprem-v1.0.77 to gcr.io/codefresh-inc/codefresh/helm-repo-manager:0.4.1-cf-onprem-v1.0.77
0.4.1-cf-onprem-v1.0.77: Pulling from codefresh-inc/codefresh/helm-repo-manager
Digest: sha256:f8a62dca32fdff6017a2717872adcd1afc9a7eba0547255e01c88bd213e77143
Status: Downloaded newer image for r.cfcr.io/codefresh-inc/codefresh/helm-repo-manager:0.4.1-cf-onprem-v1.0.77
r.cfcr.io/codefresh-inc/codefresh/helm-repo-manager:0.4.1-cf-onprem-v1.0.77
Pull r.cfcr.io/codefresh-inc/codefresh/helm-repo-manager:0.4.1-cf-onprem-v1.0.77 completed - Mon Oct  7 12:51:37 UTC 2019 !!!

Tag gcr.io/codefresh-inc/codefresh/helm-repo-manager:0.4.1-cf-onprem-v1.0.77 completed - Mon Oct  7 12:51:37 UTC 2019 !!!

The push refers to repository [gcr.io/codefresh-inc/codefresh/helm-repo-manager]
2938eac969a3: Preparing
98c40d94ff41: Preparing
c599b32e7aa2: Preparing
a464c54f93a9: Preparing
2938eac969a3: Waiting
98c40d94ff41: Waiting
c599b32e7aa2: Waiting
a464c54f93a9: Waiting
98c40d94ff41: Layer already exists
2938eac969a3: Layer already exists
c599b32e7aa2: Layer already exists
a464c54f93a9: Layer already exists
0.4.1-cf-onprem-v1.0.77: digest: sha256:f8a62dca32fdff6017a2717872adcd1afc9a7eba0547255e01c88bd213e77143 size: 1161
Push gcr.io/codefresh-inc/codefresh/helm-repo-manager:0.4.1-cf-onprem-v1.0.77 completed - Mon Oct  7 12:51:39 UTC 2019 !!!

---------- Migrate r.cfcr.io/codefresh-inc/codefresh/helm-repo-manager:cf-onprem-v1.0.76 to gcr.io/codefresh-inc/codefresh/helm-repo-manager:cf-onprem-v1.0.76
cf-onprem-v1.0.76: Pulling from codefresh-inc/codefresh/helm-repo-manager
bdf0201b3a05: Already exists
3927f1222b65: Already exists
1f227b018c96: Pulling fs layer
2e4bec6998fe: Pulling fs layer
2e4bec6998fe: Verifying Checksum
2e4bec6998fe: Download complete
1f227b018c96: Verifying Checksum
1f227b018c96: Download complete
1f227b018c96: Pull complete
2e4bec6998fe: Pull complete
Digest: sha256:68676a26316cd7fcfd9e2c67a348884d652c533f9d3dbaec45cda713c89e4a76
Status: Downloaded newer image for r.cfcr.io/codefresh-inc/codefresh/helm-repo-manager:cf-onprem-v1.0.76
r.cfcr.io/codefresh-inc/codefresh/helm-repo-manager:cf-onprem-v1.0.76
Pull r.cfcr.io/codefresh-inc/codefresh/helm-repo-manager:cf-onprem-v1.0.76 completed - Mon Oct  7 12:51:41 UTC 2019 !!!

Tag gcr.io/codefresh-inc/codefresh/helm-repo-manager:cf-onprem-v1.0.76 completed - Mon Oct  7 12:51:41 UTC 2019 !!!

The push refers to repository [gcr.io/codefresh-inc/codefresh/helm-repo-manager]
f76a411a819f: Preparing
a9ca91b7a8fc: Preparing
c599b32e7aa2: Preparing
a464c54f93a9: Preparing
f76a411a819f: Waiting
a9ca91b7a8fc: Waiting
c599b32e7aa2: Waiting
a464c54f93a9: Waiting
a9ca91b7a8fc: Pushed
c599b32e7aa2: Layer already exists
a464c54f93a9: Layer already exists
f76a411a819f: Pushed
cf-onprem-v1.0.76: digest: sha256:68676a26316cd7fcfd9e2c67a348884d652c533f9d3dbaec45cda713c89e4a76 size: 1161
Push gcr.io/codefresh-inc/codefresh/helm-repo-manager:cf-onprem-v1.0.76 completed - Mon Oct  7 12:51:47 UTC 2019 !!!

---------- Migrate r.cfcr.io/codefresh-inc/codefresh/helm-repo-manager:0.4.1-cf-onprem-v1.0.76 to gcr.io/codefresh-inc/codefresh/helm-repo-manager:0.4.1-cf-onprem-v1.0.76
0.4.1-cf-onprem-v1.0.76: Pulling from codefresh-inc/codefresh/helm-repo-manager
Digest: sha256:68676a26316cd7fcfd9e2c67a348884d652c533f9d3dbaec45cda713c89e4a76
Status: Downloaded newer image for r.cfcr.io/codefresh-inc/codefresh/helm-repo-manager:0.4.1-cf-onprem-v1.0.76
r.cfcr.io/codefresh-inc/codefresh/helm-repo-manager:0.4.1-cf-onprem-v1.0.76
Pull r.cfcr.io/codefresh-inc/codefresh/helm-repo-manager:0.4.1-cf-onprem-v1.0.76 completed - Mon Oct  7 12:51:48 UTC 2019 !!!

Tag gcr.io/codefresh-inc/codefresh/helm-repo-manager:0.4.1-cf-onprem-v1.0.76 completed - Mon Oct  7 12:51:48 UTC 2019 !!!

The push refers to repository [gcr.io/codefresh-inc/codefresh/helm-repo-manager]
f76a411a819f: Preparing
a9ca91b7a8fc: Preparing
c599b32e7aa2: Preparing
a464c54f93a9: Preparing
f76a411a819f: Waiting
a9ca91b7a8fc: Waiting
c599b32e7aa2: Waiting
a464c54f93a9: Waiting
a9ca91b7a8fc: Layer already exists
f76a411a819f: Layer already exists
c599b32e7aa2: Layer already exists
a464c54f93a9: Layer already exists
0.4.1-cf-onprem-v1.0.76: digest: sha256:68676a26316cd7fcfd9e2c67a348884d652c533f9d3dbaec45cda713c89e4a76 size: 1161
Push gcr.io/codefresh-inc/codefresh/helm-repo-manager:0.4.1-cf-onprem-v1.0.76 completed - Mon Oct  7 12:51:50 UTC 2019 !!!

---------- Migrate r.cfcr.io/codefresh-inc/codefresh/helm-repo-manager:cf-onprem-v1.0.75 to gcr.io/codefresh-inc/codefresh/helm-repo-manager:cf-onprem-v1.0.75
cf-onprem-v1.0.75: Pulling from codefresh-inc/codefresh/helm-repo-manager
bdf0201b3a05: Already exists
3927f1222b65: Already exists
3f45aaa2e08d: Pulling fs layer
9b9156c51799: Pulling fs layer
9b9156c51799: Verifying Checksum
9b9156c51799: Download complete
3f45aaa2e08d: Download complete
3f45aaa2e08d: Pull complete
9b9156c51799: Pull complete
Digest: sha256:094814df6fbb29f72fab61faf4d7246f9e4f5ab1762cadb6957579d44f1504e6
Status: Downloaded newer image for r.cfcr.io/codefresh-inc/codefresh/helm-repo-manager:cf-onprem-v1.0.75
r.cfcr.io/codefresh-inc/codefresh/helm-repo-manager:cf-onprem-v1.0.75
Pull r.cfcr.io/codefresh-inc/codefresh/helm-repo-manager:cf-onprem-v1.0.75 completed - Mon Oct  7 12:51:52 UTC 2019 !!!

Tag gcr.io/codefresh-inc/codefresh/helm-repo-manager:cf-onprem-v1.0.75 completed - Mon Oct  7 12:51:52 UTC 2019 !!!

The push refers to repository [gcr.io/codefresh-inc/codefresh/helm-repo-manager]
7a8047ca60ed: Preparing
ddeaa1ec15b2: Preparing
c599b32e7aa2: Preparing
a464c54f93a9: Preparing
c599b32e7aa2: Waiting
a464c54f93a9: Waiting
7a8047ca60ed: Retrying in 5 seconds
ddeaa1ec15b2: Pushed
7a8047ca60ed: Retrying in 4 seconds
c599b32e7aa2: Layer already exists
a464c54f93a9: Layer already exists
7a8047ca60ed: Retrying in 3 seconds
7a8047ca60ed: Retrying in 2 seconds
7a8047ca60ed: Retrying in 1 second
7a8047ca60ed: Pushed
cf-onprem-v1.0.75: digest: sha256:094814df6fbb29f72fab61faf4d7246f9e4f5ab1762cadb6957579d44f1504e6 size: 1161
Push gcr.io/codefresh-inc/codefresh/helm-repo-manager:cf-onprem-v1.0.75 completed - Mon Oct  7 12:52:01 UTC 2019 !!!

---------- Migrate r.cfcr.io/codefresh-inc/codefresh/helm-repo-manager:0.4.1-cf-onprem-v1.0.75 to gcr.io/codefresh-inc/codefresh/helm-repo-manager:0.4.1-cf-onprem-v1.0.75
0.4.1-cf-onprem-v1.0.75: Pulling from codefresh-inc/codefresh/helm-repo-manager
Digest: sha256:094814df6fbb29f72fab61faf4d7246f9e4f5ab1762cadb6957579d44f1504e6
Status: Downloaded newer image for r.cfcr.io/codefresh-inc/codefresh/helm-repo-manager:0.4.1-cf-onprem-v1.0.75
r.cfcr.io/codefresh-inc/codefresh/helm-repo-manager:0.4.1-cf-onprem-v1.0.75
Pull r.cfcr.io/codefresh-inc/codefresh/helm-repo-manager:0.4.1-cf-onprem-v1.0.75 completed - Mon Oct  7 12:52:02 UTC 2019 !!!

Tag gcr.io/codefresh-inc/codefresh/helm-repo-manager:0.4.1-cf-onprem-v1.0.75 completed - Mon Oct  7 12:52:02 UTC 2019 !!!

The push refers to repository [gcr.io/codefresh-inc/codefresh/helm-repo-manager]
7a8047ca60ed: Preparing
ddeaa1ec15b2: Preparing
c599b32e7aa2: Preparing
a464c54f93a9: Preparing
c599b32e7aa2: Waiting
a464c54f93a9: Waiting
ddeaa1ec15b2: Layer already exists
7a8047ca60ed: Layer already exists
c599b32e7aa2: Layer already exists
a464c54f93a9: Layer already exists
0.4.1-cf-onprem-v1.0.75: digest: sha256:094814df6fbb29f72fab61faf4d7246f9e4f5ab1762cadb6957579d44f1504e6 size: 1161
Push gcr.io/codefresh-inc/codefresh/helm-repo-manager:0.4.1-cf-onprem-v1.0.75 completed - Mon Oct  7 12:52:02 UTC 2019 !!!

---------- Migrate r.cfcr.io/codefresh-inc/codefresh/helm-repo-manager:cf-onprem-v1.0.74 to gcr.io/codefresh-inc/codefresh/helm-repo-manager:cf-onprem-v1.0.74
cf-onprem-v1.0.74: Pulling from codefresh-inc/codefresh/helm-repo-manager
bdf0201b3a05: Already exists
3927f1222b65: Already exists
95f3b51249a1: Pulling fs layer
ca8a7bcbe812: Pulling fs layer
95f3b51249a1: Verifying Checksum
95f3b51249a1: Download complete
ca8a7bcbe812: Verifying Checksum
ca8a7bcbe812: Download complete
95f3b51249a1: Pull complete
ca8a7bcbe812: Pull complete
Digest: sha256:73dfd82e72c511a44efc57253610294bc55d8664b3a1b485dc8ef39703b2f75b
Status: Downloaded newer image for r.cfcr.io/codefresh-inc/codefresh/helm-repo-manager:cf-onprem-v1.0.74
r.cfcr.io/codefresh-inc/codefresh/helm-repo-manager:cf-onprem-v1.0.74
Pull r.cfcr.io/codefresh-inc/codefresh/helm-repo-manager:cf-onprem-v1.0.74 completed - Mon Oct  7 12:52:04 UTC 2019 !!!

Tag gcr.io/codefresh-inc/codefresh/helm-repo-manager:cf-onprem-v1.0.74 completed - Mon Oct  7 12:52:04 UTC 2019 !!!

The push refers to repository [gcr.io/codefresh-inc/codefresh/helm-repo-manager]
6939d0011f37: Preparing
b8b4c0253806: Preparing
c599b32e7aa2: Preparing
a464c54f93a9: Preparing
c599b32e7aa2: Waiting
a464c54f93a9: Waiting
c599b32e7aa2: Layer already exists
a464c54f93a9: Layer already exists
b8b4c0253806: Pushed
6939d0011f37: Pushed
cf-onprem-v1.0.74: digest: sha256:73dfd82e72c511a44efc57253610294bc55d8664b3a1b485dc8ef39703b2f75b size: 1161
Push gcr.io/codefresh-inc/codefresh/helm-repo-manager:cf-onprem-v1.0.74 completed - Mon Oct  7 12:52:08 UTC 2019 !!!

---------- Migrate r.cfcr.io/codefresh-inc/codefresh/helm-repo-manager:0.4.1-cf-onprem-v1.0.74 to gcr.io/codefresh-inc/codefresh/helm-repo-manager:0.4.1-cf-onprem-v1.0.74
0.4.1-cf-onprem-v1.0.74: Pulling from codefresh-inc/codefresh/helm-repo-manager
Digest: sha256:73dfd82e72c511a44efc57253610294bc55d8664b3a1b485dc8ef39703b2f75b
Status: Downloaded newer image for r.cfcr.io/codefresh-inc/codefresh/helm-repo-manager:0.4.1-cf-onprem-v1.0.74
r.cfcr.io/codefresh-inc/codefresh/helm-repo-manager:0.4.1-cf-onprem-v1.0.74
Pull r.cfcr.io/codefresh-inc/codefresh/helm-repo-manager:0.4.1-cf-onprem-v1.0.74 completed - Mon Oct  7 12:52:08 UTC 2019 !!!

Tag gcr.io/codefresh-inc/codefresh/helm-repo-manager:0.4.1-cf-onprem-v1.0.74 completed - Mon Oct  7 12:52:09 UTC 2019 !!!

The push refers to repository [gcr.io/codefresh-inc/codefresh/helm-repo-manager]
6939d0011f37: Preparing
b8b4c0253806: Preparing
c599b32e7aa2: Preparing
a464c54f93a9: Preparing
a464c54f93a9: Waiting
6939d0011f37: Layer already exists
b8b4c0253806: Layer already exists
c599b32e7aa2: Layer already exists
a464c54f93a9: Layer already exists
0.4.1-cf-onprem-v1.0.74: digest: sha256:73dfd82e72c511a44efc57253610294bc55d8664b3a1b485dc8ef39703b2f75b size: 1161
Push gcr.io/codefresh-inc/codefresh/helm-repo-manager:0.4.1-cf-onprem-v1.0.74 completed - Mon Oct  7 12:52:09 UTC 2019 !!!

---------- Migrate r.cfcr.io/codefresh-inc/codefresh/helm-repo-manager:cf-onprem-v1.0.73 to gcr.io/codefresh-inc/codefresh/helm-repo-manager:cf-onprem-v1.0.73
cf-onprem-v1.0.73: Pulling from codefresh-inc/codefresh/helm-repo-manager
bdf0201b3a05: Already exists
3927f1222b65: Already exists
95f3b51249a1: Already exists
84766fd7ef09: Pulling fs layer
84766fd7ef09: Verifying Checksum
84766fd7ef09: Download complete
84766fd7ef09: Pull complete
Digest: sha256:7da21169499063bd8871d642d9983cc14b7f39abfdecbc50e1963a41078c4642
Status: Downloaded newer image for r.cfcr.io/codefresh-inc/codefresh/helm-repo-manager:cf-onprem-v1.0.73
r.cfcr.io/codefresh-inc/codefresh/helm-repo-manager:cf-onprem-v1.0.73
Pull r.cfcr.io/codefresh-inc/codefresh/helm-repo-manager:cf-onprem-v1.0.73 completed - Mon Oct  7 12:52:11 UTC 2019 !!!

Tag gcr.io/codefresh-inc/codefresh/helm-repo-manager:cf-onprem-v1.0.73 completed - Mon Oct  7 12:52:12 UTC 2019 !!!

The push refers to repository [gcr.io/codefresh-inc/codefresh/helm-repo-manager]
79d917ecf908: Preparing
b8b4c0253806: Preparing
c599b32e7aa2: Preparing
a464c54f93a9: Preparing
b8b4c0253806: Waiting
c599b32e7aa2: Waiting
a464c54f93a9: Waiting
b8b4c0253806: Layer already exists
c599b32e7aa2: Layer already exists
a464c54f93a9: Layer already exists
79d917ecf908: Pushed
cf-onprem-v1.0.73: digest: sha256:7da21169499063bd8871d642d9983cc14b7f39abfdecbc50e1963a41078c4642 size: 1161
Push gcr.io/codefresh-inc/codefresh/helm-repo-manager:cf-onprem-v1.0.73 completed - Mon Oct  7 12:52:16 UTC 2019 !!!

---------- Migrate r.cfcr.io/codefresh-inc/codefresh/helm-repo-manager:0.4.1-cf-onprem-v1.0.73 to gcr.io/codefresh-inc/codefresh/helm-repo-manager:0.4.1-cf-onprem-v1.0.73
0.4.1-cf-onprem-v1.0.73: Pulling from codefresh-inc/codefresh/helm-repo-manager
Digest: sha256:7da21169499063bd8871d642d9983cc14b7f39abfdecbc50e1963a41078c4642
Status: Downloaded newer image for r.cfcr.io/codefresh-inc/codefresh/helm-repo-manager:0.4.1-cf-onprem-v1.0.73
r.cfcr.io/codefresh-inc/codefresh/helm-repo-manager:0.4.1-cf-onprem-v1.0.73
Pull r.cfcr.io/codefresh-inc/codefresh/helm-repo-manager:0.4.1-cf-onprem-v1.0.73 completed - Mon Oct  7 12:52:17 UTC 2019 !!!

Tag gcr.io/codefresh-inc/codefresh/helm-repo-manager:0.4.1-cf-onprem-v1.0.73 completed - Mon Oct  7 12:52:17 UTC 2019 !!!

The push refers to repository [gcr.io/codefresh-inc/codefresh/helm-repo-manager]
79d917ecf908: Preparing
b8b4c0253806: Preparing
c599b32e7aa2: Preparing
a464c54f93a9: Preparing
a464c54f93a9: Waiting
79d917ecf908: Layer already exists
c599b32e7aa2: Layer already exists
b8b4c0253806: Layer already exists
a464c54f93a9: Layer already exists
0.4.1-cf-onprem-v1.0.73: digest: sha256:7da21169499063bd8871d642d9983cc14b7f39abfdecbc50e1963a41078c4642 size: 1161
Push gcr.io/codefresh-inc/codefresh/helm-repo-manager:0.4.1-cf-onprem-v1.0.73 completed - Mon Oct  7 12:52:18 UTC 2019 !!!

---------- Migrate r.cfcr.io/codefresh-inc/codefresh/helm-repo-manager:cf-onprem-v1.0.72 to gcr.io/codefresh-inc/codefresh/helm-repo-manager:cf-onprem-v1.0.72
cf-onprem-v1.0.72: Pulling from codefresh-inc/codefresh/helm-repo-manager
bdf0201b3a05: Already exists
3927f1222b65: Already exists
95f3b51249a1: Already exists
cfa51f44aa62: Pulling fs layer
cfa51f44aa62: Verifying Checksum
cfa51f44aa62: Download complete
cfa51f44aa62: Pull complete
Digest: sha256:342cd5c78d744d65a53f2a964616bc16e816d63ce5c628cf8e19f737e19adb53
Status: Downloaded newer image for r.cfcr.io/codefresh-inc/codefresh/helm-repo-manager:cf-onprem-v1.0.72
r.cfcr.io/codefresh-inc/codefresh/helm-repo-manager:cf-onprem-v1.0.72
Pull r.cfcr.io/codefresh-inc/codefresh/helm-repo-manager:cf-onprem-v1.0.72 completed - Mon Oct  7 12:52:19 UTC 2019 !!!

Tag gcr.io/codefresh-inc/codefresh/helm-repo-manager:cf-onprem-v1.0.72 completed - Mon Oct  7 12:52:19 UTC 2019 !!!

The push refers to repository [gcr.io/codefresh-inc/codefresh/helm-repo-manager]
1e744c7da22c: Preparing
b8b4c0253806: Preparing
c599b32e7aa2: Preparing
a464c54f93a9: Preparing
b8b4c0253806: Waiting
c599b32e7aa2: Waiting
a464c54f93a9: Waiting
b8b4c0253806: Layer already exists
c599b32e7aa2: Layer already exists
a464c54f93a9: Layer already exists
1e744c7da22c: Pushed
cf-onprem-v1.0.72: digest: sha256:342cd5c78d744d65a53f2a964616bc16e816d63ce5c628cf8e19f737e19adb53 size: 1161
Push gcr.io/codefresh-inc/codefresh/helm-repo-manager:cf-onprem-v1.0.72 completed - Mon Oct  7 12:52:23 UTC 2019 !!!

---------- Migrate r.cfcr.io/codefresh-inc/codefresh/helm-repo-manager:0.4.1-cf-onprem-v1.0.72 to gcr.io/codefresh-inc/codefresh/helm-repo-manager:0.4.1-cf-onprem-v1.0.72
0.4.1-cf-onprem-v1.0.72: Pulling from codefresh-inc/codefresh/helm-repo-manager
Digest: sha256:342cd5c78d744d65a53f2a964616bc16e816d63ce5c628cf8e19f737e19adb53
Status: Downloaded newer image for r.cfcr.io/codefresh-inc/codefresh/helm-repo-manager:0.4.1-cf-onprem-v1.0.72
r.cfcr.io/codefresh-inc/codefresh/helm-repo-manager:0.4.1-cf-onprem-v1.0.72
Pull r.cfcr.io/codefresh-inc/codefresh/helm-repo-manager:0.4.1-cf-onprem-v1.0.72 completed - Mon Oct  7 12:52:24 UTC 2019 !!!

Tag gcr.io/codefresh-inc/codefresh/helm-repo-manager:0.4.1-cf-onprem-v1.0.72 completed - Mon Oct  7 12:52:24 UTC 2019 !!!

The push refers to repository [gcr.io/codefresh-inc/codefresh/helm-repo-manager]
1e744c7da22c: Preparing
b8b4c0253806: Preparing
c599b32e7aa2: Preparing
a464c54f93a9: Preparing
1e744c7da22c: Layer already exists
c599b32e7aa2: Layer already exists
b8b4c0253806: Layer already exists
a464c54f93a9: Layer already exists
0.4.1-cf-onprem-v1.0.72: digest: sha256:342cd5c78d744d65a53f2a964616bc16e816d63ce5c628cf8e19f737e19adb53 size: 1161
Push gcr.io/codefresh-inc/codefresh/helm-repo-manager:0.4.1-cf-onprem-v1.0.72 completed - Mon Oct  7 12:52:25 UTC 2019 !!!

---------- Migrate r.cfcr.io/codefresh-inc/codefresh/helm-repo-manager:cf-onprem-v1.0.71 to gcr.io/codefresh-inc/codefresh/helm-repo-manager:cf-onprem-v1.0.71
cf-onprem-v1.0.71: Pulling from codefresh-inc/codefresh/helm-repo-manager
bdf0201b3a05: Already exists
3927f1222b65: Already exists
95f3b51249a1: Already exists
380b1bbd4fc2: Pulling fs layer
380b1bbd4fc2: Verifying Checksum
380b1bbd4fc2: Download complete
380b1bbd4fc2: Pull complete
Digest: sha256:1b54fa5d1bcc5f957838a94d8b369f729ed639b8e567b4bc77f36e6cb113d819
Status: Downloaded newer image for r.cfcr.io/codefresh-inc/codefresh/helm-repo-manager:cf-onprem-v1.0.71
r.cfcr.io/codefresh-inc/codefresh/helm-repo-manager:cf-onprem-v1.0.71
Pull r.cfcr.io/codefresh-inc/codefresh/helm-repo-manager:cf-onprem-v1.0.71 completed - Mon Oct  7 12:52:26 UTC 2019 !!!

Tag gcr.io/codefresh-inc/codefresh/helm-repo-manager:cf-onprem-v1.0.71 completed - Mon Oct  7 12:52:26 UTC 2019 !!!

The push refers to repository [gcr.io/codefresh-inc/codefresh/helm-repo-manager]
c4ec7934d72d: Preparing
b8b4c0253806: Preparing
c599b32e7aa2: Preparing
a464c54f93a9: Preparing
b8b4c0253806: Layer already exists
c599b32e7aa2: Layer already exists
a464c54f93a9: Layer already exists
c4ec7934d72d: Pushed
cf-onprem-v1.0.71: digest: sha256:1b54fa5d1bcc5f957838a94d8b369f729ed639b8e567b4bc77f36e6cb113d819 size: 1161
Push gcr.io/codefresh-inc/codefresh/helm-repo-manager:cf-onprem-v1.0.71 completed - Mon Oct  7 12:52:31 UTC 2019 !!!

---------- Migrate r.cfcr.io/codefresh-inc/codefresh/helm-repo-manager:0.4.1-cf-onprem-v1.0.71 to gcr.io/codefresh-inc/codefresh/helm-repo-manager:0.4.1-cf-onprem-v1.0.71
0.4.1-cf-onprem-v1.0.71: Pulling from codefresh-inc/codefresh/helm-repo-manager
Digest: sha256:1b54fa5d1bcc5f957838a94d8b369f729ed639b8e567b4bc77f36e6cb113d819
Status: Downloaded newer image for r.cfcr.io/codefresh-inc/codefresh/helm-repo-manager:0.4.1-cf-onprem-v1.0.71
r.cfcr.io/codefresh-inc/codefresh/helm-repo-manager:0.4.1-cf-onprem-v1.0.71
Pull r.cfcr.io/codefresh-inc/codefresh/helm-repo-manager:0.4.1-cf-onprem-v1.0.71 completed - Mon Oct  7 12:52:32 UTC 2019 !!!

Tag gcr.io/codefresh-inc/codefresh/helm-repo-manager:0.4.1-cf-onprem-v1.0.71 completed - Mon Oct  7 12:52:32 UTC 2019 !!!

The push refers to repository [gcr.io/codefresh-inc/codefresh/helm-repo-manager]
c4ec7934d72d: Preparing
b8b4c0253806: Preparing
c599b32e7aa2: Preparing
a464c54f93a9: Preparing
c4ec7934d72d: Waiting
b8b4c0253806: Waiting
c599b32e7aa2: Waiting
a464c54f93a9: Waiting
c4ec7934d72d: Layer already exists
b8b4c0253806: Layer already exists
c599b32e7aa2: Layer already exists
a464c54f93a9: Layer already exists
0.4.1-cf-onprem-v1.0.71: digest: sha256:1b54fa5d1bcc5f957838a94d8b369f729ed639b8e567b4bc77f36e6cb113d819 size: 1161
Push gcr.io/codefresh-inc/codefresh/helm-repo-manager:0.4.1-cf-onprem-v1.0.71 completed - Mon Oct  7 12:52:34 UTC 2019 !!!

---------- Migrate r.cfcr.io/codefresh-inc/codefresh/helm-repo-manager:cf-onprem-v1.0.70 to gcr.io/codefresh-inc/codefresh/helm-repo-manager:cf-onprem-v1.0.70
cf-onprem-v1.0.70: Pulling from codefresh-inc/codefresh/helm-repo-manager
bdf0201b3a05: Already exists
3927f1222b65: Already exists
95f3b51249a1: Already exists
876b7da6d396: Pulling fs layer
876b7da6d396: Verifying Checksum
876b7da6d396: Download complete
876b7da6d396: Pull complete
Digest: sha256:8b0f13129648b79dfbcb456f58b03565b77e781dfccd9d729b74c6679b2adb86
Status: Downloaded newer image for r.cfcr.io/codefresh-inc/codefresh/helm-repo-manager:cf-onprem-v1.0.70
r.cfcr.io/codefresh-inc/codefresh/helm-repo-manager:cf-onprem-v1.0.70
Pull r.cfcr.io/codefresh-inc/codefresh/helm-repo-manager:cf-onprem-v1.0.70 completed - Mon Oct  7 12:52:37 UTC 2019 !!!

Tag gcr.io/codefresh-inc/codefresh/helm-repo-manager:cf-onprem-v1.0.70 completed - Mon Oct  7 12:52:38 UTC 2019 !!!

The push refers to repository [gcr.io/codefresh-inc/codefresh/helm-repo-manager]
703015f30e19: Preparing
b8b4c0253806: Preparing
c599b32e7aa2: Preparing
a464c54f93a9: Preparing
c599b32e7aa2: Waiting
a464c54f93a9: Waiting
b8b4c0253806: Layer already exists
c599b32e7aa2: Layer already exists
a464c54f93a9: Layer already exists
703015f30e19: Pushed
cf-onprem-v1.0.70: digest: sha256:8b0f13129648b79dfbcb456f58b03565b77e781dfccd9d729b74c6679b2adb86 size: 1161
Push gcr.io/codefresh-inc/codefresh/helm-repo-manager:cf-onprem-v1.0.70 completed - Mon Oct  7 12:52:42 UTC 2019 !!!

---------- Migrate r.cfcr.io/codefresh-inc/codefresh/helm-repo-manager:0.4.1-cf-onprem-v1.0.70 to gcr.io/codefresh-inc/codefresh/helm-repo-manager:0.4.1-cf-onprem-v1.0.70
0.4.1-cf-onprem-v1.0.70: Pulling from codefresh-inc/codefresh/helm-repo-manager
Digest: sha256:8b0f13129648b79dfbcb456f58b03565b77e781dfccd9d729b74c6679b2adb86
Status: Downloaded newer image for r.cfcr.io/codefresh-inc/codefresh/helm-repo-manager:0.4.1-cf-onprem-v1.0.70
r.cfcr.io/codefresh-inc/codefresh/helm-repo-manager:0.4.1-cf-onprem-v1.0.70
Pull r.cfcr.io/codefresh-inc/codefresh/helm-repo-manager:0.4.1-cf-onprem-v1.0.70 completed - Mon Oct  7 12:52:43 UTC 2019 !!!

Tag gcr.io/codefresh-inc/codefresh/helm-repo-manager:0.4.1-cf-onprem-v1.0.70 completed - Mon Oct  7 12:52:43 UTC 2019 !!!

The push refers to repository [gcr.io/codefresh-inc/codefresh/helm-repo-manager]
703015f30e19: Preparing
b8b4c0253806: Preparing
c599b32e7aa2: Preparing
a464c54f93a9: Preparing
703015f30e19: Waiting
b8b4c0253806: Waiting
c599b32e7aa2: Waiting
a464c54f93a9: Waiting
703015f30e19: Layer already exists
b8b4c0253806: Layer already exists
c599b32e7aa2: Layer already exists
a464c54f93a9: Layer already exists
0.4.1-cf-onprem-v1.0.70: digest: sha256:8b0f13129648b79dfbcb456f58b03565b77e781dfccd9d729b74c6679b2adb86 size: 1161
Push gcr.io/codefresh-inc/codefresh/helm-repo-manager:0.4.1-cf-onprem-v1.0.70 completed - Mon Oct  7 12:52:44 UTC 2019 !!!

---------- Migrate r.cfcr.io/codefresh-inc/codefresh/helm-repo-manager:cf-onprem-v1.0.69 to gcr.io/codefresh-inc/codefresh/helm-repo-manager:cf-onprem-v1.0.69
cf-onprem-v1.0.69: Pulling from codefresh-inc/codefresh/helm-repo-manager
bdf0201b3a05: Already exists
3927f1222b65: Already exists
95f3b51249a1: Already exists
d6ded005ae6b: Pulling fs layer
d6ded005ae6b: Verifying Checksum
d6ded005ae6b: Download complete
d6ded005ae6b: Pull complete
Digest: sha256:caac30739e2ef627b71ab994a69da1e5a12d2c7dbb1587cbd94a7c4a65f13060
Status: Downloaded newer image for r.cfcr.io/codefresh-inc/codefresh/helm-repo-manager:cf-onprem-v1.0.69
r.cfcr.io/codefresh-inc/codefresh/helm-repo-manager:cf-onprem-v1.0.69
Pull r.cfcr.io/codefresh-inc/codefresh/helm-repo-manager:cf-onprem-v1.0.69 completed - Mon Oct  7 12:52:46 UTC 2019 !!!

Tag gcr.io/codefresh-inc/codefresh/helm-repo-manager:cf-onprem-v1.0.69 completed - Mon Oct  7 12:52:46 UTC 2019 !!!

The push refers to repository [gcr.io/codefresh-inc/codefresh/helm-repo-manager]
68ded1095e27: Preparing
b8b4c0253806: Preparing
c599b32e7aa2: Preparing
a464c54f93a9: Preparing
c599b32e7aa2: Waiting
a464c54f93a9: Waiting
b8b4c0253806: Layer already exists
c599b32e7aa2: Layer already exists
a464c54f93a9: Layer already exists
68ded1095e27: Pushed
cf-onprem-v1.0.69: digest: sha256:caac30739e2ef627b71ab994a69da1e5a12d2c7dbb1587cbd94a7c4a65f13060 size: 1161
Push gcr.io/codefresh-inc/codefresh/helm-repo-manager:cf-onprem-v1.0.69 completed - Mon Oct  7 12:52:51 UTC 2019 !!!

---------- Migrate r.cfcr.io/codefresh-inc/codefresh/helm-repo-manager:0.4.1-cf-onprem-v1.0.69 to gcr.io/codefresh-inc/codefresh/helm-repo-manager:0.4.1-cf-onprem-v1.0.69
0.4.1-cf-onprem-v1.0.69: Pulling from codefresh-inc/codefresh/helm-repo-manager
Digest: sha256:caac30739e2ef627b71ab994a69da1e5a12d2c7dbb1587cbd94a7c4a65f13060
Status: Downloaded newer image for r.cfcr.io/codefresh-inc/codefresh/helm-repo-manager:0.4.1-cf-onprem-v1.0.69
r.cfcr.io/codefresh-inc/codefresh/helm-repo-manager:0.4.1-cf-onprem-v1.0.69
Pull r.cfcr.io/codefresh-inc/codefresh/helm-repo-manager:0.4.1-cf-onprem-v1.0.69 completed - Mon Oct  7 12:52:52 UTC 2019 !!!

Tag gcr.io/codefresh-inc/codefresh/helm-repo-manager:0.4.1-cf-onprem-v1.0.69 completed - Mon Oct  7 12:52:52 UTC 2019 !!!

The push refers to repository [gcr.io/codefresh-inc/codefresh/helm-repo-manager]
68ded1095e27: Preparing
b8b4c0253806: Preparing
c599b32e7aa2: Preparing
a464c54f93a9: Preparing
c599b32e7aa2: Layer already exists
b8b4c0253806: Layer already exists
a464c54f93a9: Layer already exists
68ded1095e27: Layer already exists
0.4.1-cf-onprem-v1.0.69: digest: sha256:caac30739e2ef627b71ab994a69da1e5a12d2c7dbb1587cbd94a7c4a65f13060 size: 1161
Push gcr.io/codefresh-inc/codefresh/helm-repo-manager:0.4.1-cf-onprem-v1.0.69 completed - Mon Oct  7 12:52:53 UTC 2019 !!!

---------- Migrate r.cfcr.io/codefresh-inc/codefresh/helm-repo-manager:cf-onprem-v1.0.67 to gcr.io/codefresh-inc/codefresh/helm-repo-manager:cf-onprem-v1.0.67
cf-onprem-v1.0.67: Pulling from codefresh-inc/codefresh/helm-repo-manager
bdf0201b3a05: Already exists
3927f1222b65: Already exists
95f3b51249a1: Already exists
ca9be0f3aab5: Pulling fs layer
ca9be0f3aab5: Verifying Checksum
ca9be0f3aab5: Download complete
ca9be0f3aab5: Pull complete
Digest: sha256:8f9a0770065c6be5f0e9a2fbed721c644ad9ee27109aa2c95cb058ead5a6a435
Status: Downloaded newer image for r.cfcr.io/codefresh-inc/codefresh/helm-repo-manager:cf-onprem-v1.0.67
r.cfcr.io/codefresh-inc/codefresh/helm-repo-manager:cf-onprem-v1.0.67
Pull r.cfcr.io/codefresh-inc/codefresh/helm-repo-manager:cf-onprem-v1.0.67 completed - Mon Oct  7 12:52:55 UTC 2019 !!!

Tag gcr.io/codefresh-inc/codefresh/helm-repo-manager:cf-onprem-v1.0.67 completed - Mon Oct  7 12:52:55 UTC 2019 !!!

The push refers to repository [gcr.io/codefresh-inc/codefresh/helm-repo-manager]
6a22d59d9109: Preparing
b8b4c0253806: Preparing
c599b32e7aa2: Preparing
a464c54f93a9: Preparing
a464c54f93a9: Layer already exists
b8b4c0253806: Layer already exists
c599b32e7aa2: Layer already exists
6a22d59d9109: Pushed
cf-onprem-v1.0.67: digest: sha256:8f9a0770065c6be5f0e9a2fbed721c644ad9ee27109aa2c95cb058ead5a6a435 size: 1161
Push gcr.io/codefresh-inc/codefresh/helm-repo-manager:cf-onprem-v1.0.67 completed - Mon Oct  7 12:53:01 UTC 2019 !!!

---------- Migrate r.cfcr.io/codefresh-inc/codefresh/helm-repo-manager:0.4.1-cf-onprem-v1.0.67 to gcr.io/codefresh-inc/codefresh/helm-repo-manager:0.4.1-cf-onprem-v1.0.67
0.4.1-cf-onprem-v1.0.67: Pulling from codefresh-inc/codefresh/helm-repo-manager
Digest: sha256:8f9a0770065c6be5f0e9a2fbed721c644ad9ee27109aa2c95cb058ead5a6a435
Status: Downloaded newer image for r.cfcr.io/codefresh-inc/codefresh/helm-repo-manager:0.4.1-cf-onprem-v1.0.67
r.cfcr.io/codefresh-inc/codefresh/helm-repo-manager:0.4.1-cf-onprem-v1.0.67
Pull r.cfcr.io/codefresh-inc/codefresh/helm-repo-manager:0.4.1-cf-onprem-v1.0.67 completed - Mon Oct  7 12:53:02 UTC 2019 !!!

Tag gcr.io/codefresh-inc/codefresh/helm-repo-manager:0.4.1-cf-onprem-v1.0.67 completed - Mon Oct  7 12:53:02 UTC 2019 !!!

The push refers to repository [gcr.io/codefresh-inc/codefresh/helm-repo-manager]
6a22d59d9109: Preparing
b8b4c0253806: Preparing
c599b32e7aa2: Preparing
a464c54f93a9: Preparing
6a22d59d9109: Layer already exists
c599b32e7aa2: Layer already exists
a464c54f93a9: Layer already exists
b8b4c0253806: Layer already exists
0.4.1-cf-onprem-v1.0.67: digest: sha256:8f9a0770065c6be5f0e9a2fbed721c644ad9ee27109aa2c95cb058ead5a6a435 size: 1161
Push gcr.io/codefresh-inc/codefresh/helm-repo-manager:0.4.1-cf-onprem-v1.0.67 completed - Mon Oct  7 12:53:03 UTC 2019 !!!

---------- Migrate r.cfcr.io/codefresh-inc/codefresh/helm-repo-manager:fix_custom_registry to gcr.io/codefresh-inc/codefresh/helm-repo-manager:fix_custom_registry
fix_custom_registry: Pulling from codefresh-inc/codefresh/helm-repo-manager
ff3a5c916c92: Pulling fs layer
c4f576d46465: Pulling fs layer
a04aab305c37: Pulling fs layer
678f8f17d235: Pulling fs layer
678f8f17d235: Waiting
a04aab305c37: Verifying Checksum
a04aab305c37: Download complete
ff3a5c916c92: Verifying Checksum
ff3a5c916c92: Download complete
c4f576d46465: Verifying Checksum
c4f576d46465: Download complete
678f8f17d235: Verifying Checksum
678f8f17d235: Download complete
ff3a5c916c92: Pull complete
c4f576d46465: Pull complete
a04aab305c37: Pull complete
678f8f17d235: Pull complete
Digest: sha256:22d4e3afe1617bfb2b12a25e0d14ff725aeaddd969dd41b4305387332614becd
Status: Downloaded newer image for r.cfcr.io/codefresh-inc/codefresh/helm-repo-manager:fix_custom_registry
r.cfcr.io/codefresh-inc/codefresh/helm-repo-manager:fix_custom_registry
Pull r.cfcr.io/codefresh-inc/codefresh/helm-repo-manager:fix_custom_registry completed - Mon Oct  7 12:53:08 UTC 2019 !!!

Tag gcr.io/codefresh-inc/codefresh/helm-repo-manager:fix_custom_registry completed - Mon Oct  7 12:53:09 UTC 2019 !!!

The push refers to repository [gcr.io/codefresh-inc/codefresh/helm-repo-manager]
b04ba7b98601: Preparing
9b1fcf01d24e: Preparing
14eb2272e922: Preparing
cd7100a72410: Preparing
cd7100a72410: Layer already exists
b04ba7b98601: Retrying in 5 seconds
9b1fcf01d24e: Retrying in 5 seconds
9b1fcf01d24e: Retrying in 4 seconds
b04ba7b98601: Retrying in 4 seconds
9b1fcf01d24e: Retrying in 3 seconds
b04ba7b98601: Retrying in 3 seconds
14eb2272e922: Pushed
9b1fcf01d24e: Retrying in 2 seconds
b04ba7b98601: Retrying in 2 seconds
9b1fcf01d24e: Retrying in 1 second
b04ba7b98601: Retrying in 1 second
b04ba7b98601: Retrying in 10 seconds
b04ba7b98601: Retrying in 9 seconds
9b1fcf01d24e: Pushed
b04ba7b98601: Retrying in 8 seconds
b04ba7b98601: Retrying in 7 seconds
b04ba7b98601: Retrying in 6 seconds
b04ba7b98601: Retrying in 5 seconds
b04ba7b98601: Retrying in 4 seconds
b04ba7b98601: Retrying in 3 seconds
b04ba7b98601: Retrying in 2 seconds
b04ba7b98601: Retrying in 1 second
b04ba7b98601: Pushed
fix_custom_registry: digest: sha256:22d4e3afe1617bfb2b12a25e0d14ff725aeaddd969dd41b4305387332614becd size: 1160
Push gcr.io/codefresh-inc/codefresh/helm-repo-manager:fix_custom_registry completed - Mon Oct  7 12:53:29 UTC 2019 !!!

---------- Migrate r.cfcr.io/codefresh-inc/codefresh/helm-repo-manager:0.4.0-fix-custom-registry to gcr.io/codefresh-inc/codefresh/helm-repo-manager:0.4.0-fix-custom-registry
0.4.0-fix-custom-registry: Pulling from codefresh-inc/codefresh/helm-repo-manager
Digest: sha256:22d4e3afe1617bfb2b12a25e0d14ff725aeaddd969dd41b4305387332614becd
Status: Downloaded newer image for r.cfcr.io/codefresh-inc/codefresh/helm-repo-manager:0.4.0-fix-custom-registry
r.cfcr.io/codefresh-inc/codefresh/helm-repo-manager:0.4.0-fix-custom-registry
Pull r.cfcr.io/codefresh-inc/codefresh/helm-repo-manager:0.4.0-fix-custom-registry completed - Mon Oct  7 12:53:29 UTC 2019 !!!

Tag gcr.io/codefresh-inc/codefresh/helm-repo-manager:0.4.0-fix-custom-registry completed - Mon Oct  7 12:53:30 UTC 2019 !!!

The push refers to repository [gcr.io/codefresh-inc/codefresh/helm-repo-manager]
b04ba7b98601: Preparing
9b1fcf01d24e: Preparing
14eb2272e922: Preparing
cd7100a72410: Preparing
b04ba7b98601: Waiting
9b1fcf01d24e: Waiting
14eb2272e922: Waiting
cd7100a72410: Waiting
b04ba7b98601: Layer already exists
9b1fcf01d24e: Layer already exists
14eb2272e922: Layer already exists
cd7100a72410: Layer already exists
0.4.0-fix-custom-registry: digest: sha256:22d4e3afe1617bfb2b12a25e0d14ff725aeaddd969dd41b4305387332614becd size: 1160
Push gcr.io/codefresh-inc/codefresh/helm-repo-manager:0.4.0-fix-custom-registry completed - Mon Oct  7 12:53:33 UTC 2019 !!!

---------- Migrate r.cfcr.io/codefresh-inc/codefresh/helm-repo-manager:secimprovements to gcr.io/codefresh-inc/codefresh/helm-repo-manager:secimprovements
secimprovements: Pulling from codefresh-inc/codefresh/helm-repo-manager
bdf0201b3a05: Already exists
3927f1222b65: Already exists
9243dc69c19f: Pulling fs layer
74b6adf0bcac: Pulling fs layer
74b6adf0bcac: Verifying Checksum
74b6adf0bcac: Download complete
9243dc69c19f: Verifying Checksum
9243dc69c19f: Download complete
9243dc69c19f: Pull complete
74b6adf0bcac: Pull complete
Digest: sha256:f96d14eacd5bbea362de826240977db0ac647d027e8d3256779b90a1c401f5ba
Status: Downloaded newer image for r.cfcr.io/codefresh-inc/codefresh/helm-repo-manager:secimprovements
r.cfcr.io/codefresh-inc/codefresh/helm-repo-manager:secimprovements
Pull r.cfcr.io/codefresh-inc/codefresh/helm-repo-manager:secimprovements completed - Mon Oct  7 12:53:36 UTC 2019 !!!

Tag gcr.io/codefresh-inc/codefresh/helm-repo-manager:secimprovements completed - Mon Oct  7 12:53:36 UTC 2019 !!!

The push refers to repository [gcr.io/codefresh-inc/codefresh/helm-repo-manager]
397014f25104: Preparing
e38014b8797a: Preparing
c599b32e7aa2: Preparing
a464c54f93a9: Preparing
e38014b8797a: Waiting
c599b32e7aa2: Waiting
a464c54f93a9: Waiting
c599b32e7aa2: Layer already exists
a464c54f93a9: Layer already exists
e38014b8797a: Pushed
397014f25104: Pushed
secimprovements: digest: sha256:f96d14eacd5bbea362de826240977db0ac647d027e8d3256779b90a1c401f5ba size: 1161
Push gcr.io/codefresh-inc/codefresh/helm-repo-manager:secimprovements completed - Mon Oct  7 12:53:41 UTC 2019 !!!

---------- Migrate r.cfcr.io/codefresh-inc/codefresh/helm-repo-manager:0.4.0-secimprovements to gcr.io/codefresh-inc/codefresh/helm-repo-manager:0.4.0-secimprovements
0.4.0-secimprovements: Pulling from codefresh-inc/codefresh/helm-repo-manager
Digest: sha256:f96d14eacd5bbea362de826240977db0ac647d027e8d3256779b90a1c401f5ba
Status: Downloaded newer image for r.cfcr.io/codefresh-inc/codefresh/helm-repo-manager:0.4.0-secimprovements
r.cfcr.io/codefresh-inc/codefresh/helm-repo-manager:0.4.0-secimprovements
Pull r.cfcr.io/codefresh-inc/codefresh/helm-repo-manager:0.4.0-secimprovements completed - Mon Oct  7 12:53:42 UTC 2019 !!!

Tag gcr.io/codefresh-inc/codefresh/helm-repo-manager:0.4.0-secimprovements completed - Mon Oct  7 12:53:42 UTC 2019 !!!

The push refers to repository [gcr.io/codefresh-inc/codefresh/helm-repo-manager]
397014f25104: Preparing
e38014b8797a: Preparing
c599b32e7aa2: Preparing
a464c54f93a9: Preparing
c599b32e7aa2: Waiting
a464c54f93a9: Waiting
e38014b8797a: Layer already exists
397014f25104: Layer already exists
c599b32e7aa2: Layer already exists
a464c54f93a9: Layer already exists
0.4.0-secimprovements: digest: sha256:f96d14eacd5bbea362de826240977db0ac647d027e8d3256779b90a1c401f5ba size: 1161
Push gcr.io/codefresh-inc/codefresh/helm-repo-manager:0.4.0-secimprovements completed - Mon Oct  7 12:53:43 UTC 2019 !!!

---------- Migrate r.cfcr.io/codefresh-inc/codefresh/helm-repo-manager:0.4.1-secimprovements to gcr.io/codefresh-inc/codefresh/helm-repo-manager:0.4.1-secimprovements
0.4.1-secimprovements: Pulling from codefresh-inc/codefresh/helm-repo-manager
bdf0201b3a05: Already exists
3927f1222b65: Already exists
0207862fcfbe: Pulling fs layer
e49bf4e8a680: Pulling fs layer
0207862fcfbe: Verifying Checksum
0207862fcfbe: Download complete
e49bf4e8a680: Verifying Checksum
e49bf4e8a680: Download complete
0207862fcfbe: Pull complete
e49bf4e8a680: Pull complete
Digest: sha256:f8978fddc615e523287e88ac46cf21d2ed93b4526750bd1a74502b8de547a27a
Status: Downloaded newer image for r.cfcr.io/codefresh-inc/codefresh/helm-repo-manager:0.4.1-secimprovements
r.cfcr.io/codefresh-inc/codefresh/helm-repo-manager:0.4.1-secimprovements
Pull r.cfcr.io/codefresh-inc/codefresh/helm-repo-manager:0.4.1-secimprovements completed - Mon Oct  7 12:53:45 UTC 2019 !!!

Tag gcr.io/codefresh-inc/codefresh/helm-repo-manager:0.4.1-secimprovements completed - Mon Oct  7 12:53:45 UTC 2019 !!!

The push refers to repository [gcr.io/codefresh-inc/codefresh/helm-repo-manager]
a9a95caed613: Preparing
9a01556f8e2e: Preparing
c599b32e7aa2: Preparing
a464c54f93a9: Preparing
a9a95caed613: Waiting
9a01556f8e2e: Waiting
c599b32e7aa2: Waiting
a464c54f93a9: Waiting
c599b32e7aa2: Layer already exists
a464c54f93a9: Layer already exists
a9a95caed613: Pushed
9a01556f8e2e: Pushed
0.4.1-secimprovements: digest: sha256:f8978fddc615e523287e88ac46cf21d2ed93b4526750bd1a74502b8de547a27a size: 1161
Push gcr.io/codefresh-inc/codefresh/helm-repo-manager:0.4.1-secimprovements completed - Mon Oct  7 12:53:51 UTC 2019 !!!

---------- Migrate r.cfcr.io/codefresh-inc/codefresh/helm-repo-manager:sec1 to gcr.io/codefresh-inc/codefresh/helm-repo-manager:sec1
sec1: Pulling from codefresh-inc/codefresh/helm-repo-manager
Digest: sha256:f8978fddc615e523287e88ac46cf21d2ed93b4526750bd1a74502b8de547a27a
Status: Downloaded newer image for r.cfcr.io/codefresh-inc/codefresh/helm-repo-manager:sec1
r.cfcr.io/codefresh-inc/codefresh/helm-repo-manager:sec1
Pull r.cfcr.io/codefresh-inc/codefresh/helm-repo-manager:sec1 completed - Mon Oct  7 12:53:52 UTC 2019 !!!

Tag gcr.io/codefresh-inc/codefresh/helm-repo-manager:sec1 completed - Mon Oct  7 12:53:52 UTC 2019 !!!

The push refers to repository [gcr.io/codefresh-inc/codefresh/helm-repo-manager]
a9a95caed613: Preparing
9a01556f8e2e: Preparing
c599b32e7aa2: Preparing
a464c54f93a9: Preparing
9a01556f8e2e: Layer already exists
c599b32e7aa2: Layer already exists
a9a95caed613: Layer already exists
a464c54f93a9: Layer already exists
sec1: digest: sha256:f8978fddc615e523287e88ac46cf21d2ed93b4526750bd1a74502b8de547a27a size: 1161
Push gcr.io/codefresh-inc/codefresh/helm-repo-manager:sec1 completed - Mon Oct  7 12:53:53 UTC 2019 !!!

---------- Migrate r.cfcr.io/codefresh-inc/codefresh/helm-repo-manager:0.4.1 to gcr.io/codefresh-inc/codefresh/helm-repo-manager:0.4.1
0.4.1: Pulling from codefresh-inc/codefresh/helm-repo-manager
Digest: sha256:f8978fddc615e523287e88ac46cf21d2ed93b4526750bd1a74502b8de547a27a
Status: Downloaded newer image for r.cfcr.io/codefresh-inc/codefresh/helm-repo-manager:0.4.1
r.cfcr.io/codefresh-inc/codefresh/helm-repo-manager:0.4.1
Pull r.cfcr.io/codefresh-inc/codefresh/helm-repo-manager:0.4.1 completed - Mon Oct  7 12:53:54 UTC 2019 !!!

Tag gcr.io/codefresh-inc/codefresh/helm-repo-manager:0.4.1 completed - Mon Oct  7 12:53:54 UTC 2019 !!!

The push refers to repository [gcr.io/codefresh-inc/codefresh/helm-repo-manager]
a9a95caed613: Preparing
9a01556f8e2e: Preparing
c599b32e7aa2: Preparing
a464c54f93a9: Preparing
a9a95caed613: Waiting
9a01556f8e2e: Waiting
c599b32e7aa2: Waiting
a464c54f93a9: Waiting
a9a95caed613: Layer already exists
a464c54f93a9: Layer already exists
9a01556f8e2e: Layer already exists
c599b32e7aa2: Layer already exists
0.4.1: digest: sha256:f8978fddc615e523287e88ac46cf21d2ed93b4526750bd1a74502b8de547a27a size: 1161
Push gcr.io/codefresh-inc/codefresh/helm-repo-manager:0.4.1 completed - Mon Oct  7 12:53:55 UTC 2019 !!!

---------- Migrate r.cfcr.io/codefresh-inc/codefresh/helm-repo-manager:fix-chart-1 to gcr.io/codefresh-inc/codefresh/helm-repo-manager:fix-chart-1
fix-chart-1: Pulling from codefresh-inc/codefresh/helm-repo-manager
ff3a5c916c92: Already exists
c4f576d46465: Already exists
2a814fe8517c: Pulling fs layer
b3c2b5bf4fd6: Pulling fs layer
2a814fe8517c: Verifying Checksum
2a814fe8517c: Download complete
b3c2b5bf4fd6: Verifying Checksum
b3c2b5bf4fd6: Download complete
2a814fe8517c: Pull complete
b3c2b5bf4fd6: Pull complete
Digest: sha256:81c2e30864814f2fce923d50fc7bcd0ea86e31f0ae772b03189cf73b349e921f
Status: Downloaded newer image for r.cfcr.io/codefresh-inc/codefresh/helm-repo-manager:fix-chart-1
r.cfcr.io/codefresh-inc/codefresh/helm-repo-manager:fix-chart-1
Pull r.cfcr.io/codefresh-inc/codefresh/helm-repo-manager:fix-chart-1 completed - Mon Oct  7 12:53:56 UTC 2019 !!!

Tag gcr.io/codefresh-inc/codefresh/helm-repo-manager:fix-chart-1 completed - Mon Oct  7 12:53:57 UTC 2019 !!!

The push refers to repository [gcr.io/codefresh-inc/codefresh/helm-repo-manager]
69e5475c8b44: Preparing
c2db145712e3: Preparing
14eb2272e922: Preparing
cd7100a72410: Preparing
14eb2272e922: Layer already exists
cd7100a72410: Layer already exists
69e5475c8b44: Retrying in 5 seconds
69e5475c8b44: Retrying in 4 seconds
c2db145712e3: Pushed
69e5475c8b44: Retrying in 3 seconds
69e5475c8b44: Retrying in 2 seconds
69e5475c8b44: Retrying in 1 second
69e5475c8b44: Pushed
fix-chart-1: digest: sha256:81c2e30864814f2fce923d50fc7bcd0ea86e31f0ae772b03189cf73b349e921f size: 1160
Push gcr.io/codefresh-inc/codefresh/helm-repo-manager:fix-chart-1 completed - Mon Oct  7 12:54:06 UTC 2019 !!!

Skipping Image gcr.io/codefresh-inc/codefresh/helm-repo-manager:fix-chart-1 - it is already done
---------- Migrate r.cfcr.io/codefresh-inc/codefresh/helm-repo-manager:0.4.0-fix-chart-1 to gcr.io/codefresh-inc/codefresh/helm-repo-manager:0.4.0-fix-chart-1
0.4.0-fix-chart-1: Pulling from codefresh-inc/codefresh/helm-repo-manager
Digest: sha256:81c2e30864814f2fce923d50fc7bcd0ea86e31f0ae772b03189cf73b349e921f
Status: Downloaded newer image for r.cfcr.io/codefresh-inc/codefresh/helm-repo-manager:0.4.0-fix-chart-1
r.cfcr.io/codefresh-inc/codefresh/helm-repo-manager:0.4.0-fix-chart-1
Pull r.cfcr.io/codefresh-inc/codefresh/helm-repo-manager:0.4.0-fix-chart-1 completed - Mon Oct  7 12:54:07 UTC 2019 !!!

Tag gcr.io/codefresh-inc/codefresh/helm-repo-manager:0.4.0-fix-chart-1 completed - Mon Oct  7 12:54:07 UTC 2019 !!!

The push refers to repository [gcr.io/codefresh-inc/codefresh/helm-repo-manager]
69e5475c8b44: Preparing
c2db145712e3: Preparing
14eb2272e922: Preparing
cd7100a72410: Preparing
cd7100a72410: Layer already exists
14eb2272e922: Layer already exists
c2db145712e3: Layer already exists
69e5475c8b44: Layer already exists
0.4.0-fix-chart-1: digest: sha256:81c2e30864814f2fce923d50fc7bcd0ea86e31f0ae772b03189cf73b349e921f size: 1160
Push gcr.io/codefresh-inc/codefresh/helm-repo-manager:0.4.0-fix-chart-1 completed - Mon Oct  7 12:54:08 UTC 2019 !!!

---------- Migrate r.cfcr.io/codefresh-inc/codefresh/helm-repo-manager:0.4.0 to gcr.io/codefresh-inc/codefresh/helm-repo-manager:0.4.0
0.4.0: Pulling from codefresh-inc/codefresh/helm-repo-manager
Digest: sha256:81c2e30864814f2fce923d50fc7bcd0ea86e31f0ae772b03189cf73b349e921f
Status: Downloaded newer image for r.cfcr.io/codefresh-inc/codefresh/helm-repo-manager:0.4.0
r.cfcr.io/codefresh-inc/codefresh/helm-repo-manager:0.4.0
Pull r.cfcr.io/codefresh-inc/codefresh/helm-repo-manager:0.4.0 completed - Mon Oct  7 12:54:09 UTC 2019 !!!

Tag gcr.io/codefresh-inc/codefresh/helm-repo-manager:0.4.0 completed - Mon Oct  7 12:54:09 UTC 2019 !!!

The push refers to repository [gcr.io/codefresh-inc/codefresh/helm-repo-manager]
69e5475c8b44: Preparing
c2db145712e3: Preparing
14eb2272e922: Preparing
cd7100a72410: Preparing
14eb2272e922: Layer already exists
69e5475c8b44: Layer already exists
cd7100a72410: Layer already exists
c2db145712e3: Layer already exists
0.4.0: digest: sha256:81c2e30864814f2fce923d50fc7bcd0ea86e31f0ae772b03189cf73b349e921f size: 1160
Push gcr.io/codefresh-inc/codefresh/helm-repo-manager:0.4.0 completed - Mon Oct  7 12:54:10 UTC 2019 !!!

---------- Migrate r.cfcr.io/codefresh-inc/codefresh/helm-repo-manager:update-version to gcr.io/codefresh-inc/codefresh/helm-repo-manager:update-version
update-version: Pulling from codefresh-inc/codefresh/helm-repo-manager
ff3a5c916c92: Already exists
c4f576d46465: Already exists
6cc076d025ec: Pulling fs layer
47ba149ea807: Pulling fs layer
6cc076d025ec: Verifying Checksum
6cc076d025ec: Download complete
47ba149ea807: Verifying Checksum
47ba149ea807: Download complete
6cc076d025ec: Pull complete
47ba149ea807: Pull complete
Digest: sha256:842119cb1a3008d938e97f0d5334ab53159e339beef345981ff06a0d31b7f4b7
Status: Downloaded newer image for r.cfcr.io/codefresh-inc/codefresh/helm-repo-manager:update-version
r.cfcr.io/codefresh-inc/codefresh/helm-repo-manager:update-version
Pull r.cfcr.io/codefresh-inc/codefresh/helm-repo-manager:update-version completed - Mon Oct  7 12:54:13 UTC 2019 !!!

Tag gcr.io/codefresh-inc/codefresh/helm-repo-manager:update-version completed - Mon Oct  7 12:54:13 UTC 2019 !!!

The push refers to repository [gcr.io/codefresh-inc/codefresh/helm-repo-manager]
eb131c84b301: Preparing
2ed43c4cec21: Preparing
14eb2272e922: Preparing
cd7100a72410: Preparing
eb131c84b301: Waiting
2ed43c4cec21: Waiting
14eb2272e922: Waiting
cd7100a72410: Waiting
2ed43c4cec21: Pushed
14eb2272e922: Layer already exists
cd7100a72410: Layer already exists
eb131c84b301: Pushed
update-version: digest: sha256:842119cb1a3008d938e97f0d5334ab53159e339beef345981ff06a0d31b7f4b7 size: 1160
Push gcr.io/codefresh-inc/codefresh/helm-repo-manager:update-version completed - Mon Oct  7 12:54:19 UTC 2019 !!!

---------- Migrate r.cfcr.io/codefresh-inc/codefresh/helm-repo-manager:0.3.3-update-version to gcr.io/codefresh-inc/codefresh/helm-repo-manager:0.3.3-update-version
0.3.3-update-version: Pulling from codefresh-inc/codefresh/helm-repo-manager
Digest: sha256:842119cb1a3008d938e97f0d5334ab53159e339beef345981ff06a0d31b7f4b7
Status: Downloaded newer image for r.cfcr.io/codefresh-inc/codefresh/helm-repo-manager:0.3.3-update-version
r.cfcr.io/codefresh-inc/codefresh/helm-repo-manager:0.3.3-update-version
Pull r.cfcr.io/codefresh-inc/codefresh/helm-repo-manager:0.3.3-update-version completed - Mon Oct  7 12:54:19 UTC 2019 !!!

Tag gcr.io/codefresh-inc/codefresh/helm-repo-manager:0.3.3-update-version completed - Mon Oct  7 12:54:20 UTC 2019 !!!

The push refers to repository [gcr.io/codefresh-inc/codefresh/helm-repo-manager]
eb131c84b301: Preparing
2ed43c4cec21: Preparing
14eb2272e922: Preparing
cd7100a72410: Preparing
2ed43c4cec21: Waiting
14eb2272e922: Waiting
cd7100a72410: Waiting
eb131c84b301: Waiting
eb131c84b301: Layer already exists
2ed43c4cec21: Layer already exists
14eb2272e922: Layer already exists
cd7100a72410: Layer already exists
0.3.3-update-version: digest: sha256:842119cb1a3008d938e97f0d5334ab53159e339beef345981ff06a0d31b7f4b7 size: 1160
Push gcr.io/codefresh-inc/codefresh/helm-repo-manager:0.3.3-update-version completed - Mon Oct  7 12:54:23 UTC 2019 !!!

---------- Migrate r.cfcr.io/codefresh-inc/codefresh/helm-repo-manager:0.3.3 to gcr.io/codefresh-inc/codefresh/helm-repo-manager:0.3.3
0.3.3: Pulling from codefresh-inc/codefresh/helm-repo-manager
Digest: sha256:842119cb1a3008d938e97f0d5334ab53159e339beef345981ff06a0d31b7f4b7
Status: Downloaded newer image for r.cfcr.io/codefresh-inc/codefresh/helm-repo-manager:0.3.3
r.cfcr.io/codefresh-inc/codefresh/helm-repo-manager:0.3.3
Pull r.cfcr.io/codefresh-inc/codefresh/helm-repo-manager:0.3.3 completed - Mon Oct  7 12:54:24 UTC 2019 !!!

Tag gcr.io/codefresh-inc/codefresh/helm-repo-manager:0.3.3 completed - Mon Oct  7 12:54:24 UTC 2019 !!!

The push refers to repository [gcr.io/codefresh-inc/codefresh/helm-repo-manager]
eb131c84b301: Preparing
2ed43c4cec21: Preparing
14eb2272e922: Preparing
cd7100a72410: Preparing
14eb2272e922: Waiting
cd7100a72410: Waiting
2ed43c4cec21: Layer already exists
eb131c84b301: Layer already exists
cd7100a72410: Layer already exists
14eb2272e922: Layer already exists
0.3.3: digest: sha256:842119cb1a3008d938e97f0d5334ab53159e339beef345981ff06a0d31b7f4b7 size: 1160
Push gcr.io/codefresh-inc/codefresh/helm-repo-manager:0.3.3 completed - Mon Oct  7 12:54:25 UTC 2019 !!!

---------- Migrate r.cfcr.io/codefresh-inc/codefresh/helm-repo-manager:fix-chart to gcr.io/codefresh-inc/codefresh/helm-repo-manager:fix-chart
fix-chart: Pulling from codefresh-inc/codefresh/helm-repo-manager
ff3a5c916c92: Already exists
c4f576d46465: Already exists
6cc076d025ec: Already exists
46f4612f5796: Pulling fs layer
46f4612f5796: Verifying Checksum
46f4612f5796: Download complete
46f4612f5796: Pull complete
Digest: sha256:0896c41a108179c2d14be5ee770147ee46cdd819f4cb65165276b80ffecdb3f0
Status: Downloaded newer image for r.cfcr.io/codefresh-inc/codefresh/helm-repo-manager:fix-chart
r.cfcr.io/codefresh-inc/codefresh/helm-repo-manager:fix-chart
Pull r.cfcr.io/codefresh-inc/codefresh/helm-repo-manager:fix-chart completed - Mon Oct  7 12:54:27 UTC 2019 !!!

Tag gcr.io/codefresh-inc/codefresh/helm-repo-manager:fix-chart completed - Mon Oct  7 12:54:28 UTC 2019 !!!

The push refers to repository [gcr.io/codefresh-inc/codefresh/helm-repo-manager]
7c71c05270e2: Preparing
2ed43c4cec21: Preparing
14eb2272e922: Preparing
cd7100a72410: Preparing
14eb2272e922: Layer already exists
cd7100a72410: Layer already exists
2ed43c4cec21: Layer already exists
7c71c05270e2: Pushed
fix-chart: digest: sha256:0896c41a108179c2d14be5ee770147ee46cdd819f4cb65165276b80ffecdb3f0 size: 1160
Push gcr.io/codefresh-inc/codefresh/helm-repo-manager:fix-chart completed - Mon Oct  7 12:54:35 UTC 2019 !!!

---------- Migrate r.cfcr.io/codefresh-inc/codefresh/helm-repo-manager:0.3.1-fix-chart to gcr.io/codefresh-inc/codefresh/helm-repo-manager:0.3.1-fix-chart
0.3.1-fix-chart: Pulling from codefresh-inc/codefresh/helm-repo-manager
Digest: sha256:0896c41a108179c2d14be5ee770147ee46cdd819f4cb65165276b80ffecdb3f0
Status: Downloaded newer image for r.cfcr.io/codefresh-inc/codefresh/helm-repo-manager:0.3.1-fix-chart
r.cfcr.io/codefresh-inc/codefresh/helm-repo-manager:0.3.1-fix-chart
Pull r.cfcr.io/codefresh-inc/codefresh/helm-repo-manager:0.3.1-fix-chart completed - Mon Oct  7 12:54:36 UTC 2019 !!!

Tag gcr.io/codefresh-inc/codefresh/helm-repo-manager:0.3.1-fix-chart completed - Mon Oct  7 12:54:36 UTC 2019 !!!

The push refers to repository [gcr.io/codefresh-inc/codefresh/helm-repo-manager]
7c71c05270e2: Preparing
2ed43c4cec21: Preparing
14eb2272e922: Preparing
cd7100a72410: Preparing
14eb2272e922: Waiting
cd7100a72410: Waiting
7c71c05270e2: Layer already exists
14eb2272e922: Layer already exists
2ed43c4cec21: Layer already exists
cd7100a72410: Layer already exists
0.3.1-fix-chart: digest: sha256:0896c41a108179c2d14be5ee770147ee46cdd819f4cb65165276b80ffecdb3f0 size: 1160
Push gcr.io/codefresh-inc/codefresh/helm-repo-manager:0.3.1-fix-chart completed - Mon Oct  7 12:54:38 UTC 2019 !!!

---------- Migrate r.cfcr.io/codefresh-inc/codefresh/helm-repo-manager:0.3.1 to gcr.io/codefresh-inc/codefresh/helm-repo-manager:0.3.1
0.3.1: Pulling from codefresh-inc/codefresh/helm-repo-manager
Digest: sha256:0896c41a108179c2d14be5ee770147ee46cdd819f4cb65165276b80ffecdb3f0
Status: Downloaded newer image for r.cfcr.io/codefresh-inc/codefresh/helm-repo-manager:0.3.1
r.cfcr.io/codefresh-inc/codefresh/helm-repo-manager:0.3.1
Pull r.cfcr.io/codefresh-inc/codefresh/helm-repo-manager:0.3.1 completed - Mon Oct  7 12:54:39 UTC 2019 !!!

Tag gcr.io/codefresh-inc/codefresh/helm-repo-manager:0.3.1 completed - Mon Oct  7 12:54:39 UTC 2019 !!!

The push refers to repository [gcr.io/codefresh-inc/codefresh/helm-repo-manager]
7c71c05270e2: Preparing
2ed43c4cec21: Preparing
14eb2272e922: Preparing
cd7100a72410: Preparing
7c71c05270e2: Waiting
2ed43c4cec21: Waiting
14eb2272e922: Waiting
cd7100a72410: Waiting
7c71c05270e2: Layer already exists
2ed43c4cec21: Layer already exists
14eb2272e922: Layer already exists
cd7100a72410: Layer already exists
0.3.1: digest: sha256:0896c41a108179c2d14be5ee770147ee46cdd819f4cb65165276b80ffecdb3f0 size: 1160
Push gcr.io/codefresh-inc/codefresh/helm-repo-manager:0.3.1 completed - Mon Oct  7 12:54:44 UTC 2019 !!!

