Entering ./migrate-from-cfcr.sh - Mon Oct  7 07:30:02 UTC 2019
JOURNAL_DIR = ./journal/2019-10-07_072958
DONE_DIR = ./done
IMAGES_LIST=./journal/2019-10-07_072958/images-list

Starting at Mon Oct  7 07:30:05 UTC 2019
Processing ./journal/2019-10-07_072958/images-list
NAME                       TAG                                      PULL - SKIP
./journal/2019-10-07_072958/codefresh__cf-api.tags
./journal/2019-10-07_072958/codefresh__cf-api.tags
codefresh/cf-api           451f25bff045e987c79b04a1bd40c55982149955 r.cfcr.io/codefresh-inc/codefresh/cf-api:451f25bff045e987c79b04a1bd40c55982149955 - SKIP
./journal/2019-10-07_072958/codefresh__cf-api.tags
./journal/2019-10-07_072958/codefresh__engine.tags
codefresh/engine           <none> - SKIP
codefresh/cf-api           935f64553cb8ac6d35ccd62c7f69f7f715024e5e r.cfcr.io/codefresh-inc/codefresh/cf-api:935f64553cb8ac6d35ccd62c7f69f7f715024e5e - SKIP
./journal/2019-10-07_072958/codefresh__cf-api.tags
codefresh/cf-api           04a404e3e7900180a6e291b69019dff730959d44 r.cfcr.io/codefresh-inc/codefresh/cf-api:04a404e3e7900180a6e291b69019dff730959d44 - SKIP
./journal/2019-10-07_072958/codefresh__cf-api.tags
./journal/2019-10-07_072958/codefresh__pipeline-manager.tags
./journal/2019-10-07_072958/codefresh__pipeline-manager.tags
codefresh/pipeline-manager c89b9a2ec78fd07b9886e1ffa6b08e99a0cb20d5 r.cfcr.io/codefresh-inc/codefresh/pipeline-manager:c89b9a2ec78fd07b9886e1ffa6b08e99a0cb20d5 - SKIP
./journal/2019-10-07_072958/codefresh__pipeline-manager.tags
codefresh/pipeline-manager 55a512450edb0f064026b84443b889fdceac173b r.cfcr.io/codefresh-inc/codefresh/pipeline-manager:55a512450edb0f064026b84443b889fdceac173b - SKIP
./journal/2019-10-07_072958/codefresh__pipeline-manager.tags
./journal/2019-10-07_072958/codefresh__cf-ui.tags
./journal/2019-10-07_072958/codefresh__cf-ui.tags
codefresh/cf-ui            49641e8d6e400b1999a784a5b685d01af775f37a r.cfcr.io/codefresh-inc/codefresh/cf-ui:49641e8d6e400b1999a784a5b685d01af775f37a - SKIP
./journal/2019-10-07_072958/codefresh__cf-ui.tags
./journal/2019-10-07_072958/codefresh__cf-ui.tags
codefresh/cf-ui            1fd081c944abc8c20715b20e11d415e8b3a7543b r.cfcr.io/codefresh-inc/codefresh/cf-ui:1fd081c944abc8c20715b20e11d415e8b3a7543b - SKIP
./journal/2019-10-07_072958/codefresh__cf-ui.tags
./journal/2019-10-07_072958/codefresh__cf-tls-sign.tags
./journal/2019-10-07_072958/codefresh__cf-ui.tags
codefresh/cf-ui            e994c1d198bc6f25964da9f5eeb7ccc86eb44f02 r.cfcr.io/codefresh-inc/codefresh/cf-ui:e994c1d198bc6f25964da9f5eeb7ccc86eb44f02 - SKIP
codefresh/cf-ui            5be5418fc3a588c6f33702d56b104fb185b0261f r.cfcr.io/codefresh-inc/codefresh/cf-ui:5be5418fc3a588c6f33702d56b104fb185b0261f - SKIP
./journal/2019-10-07_072958/codefresh__cf-ui.tags
./journal/2019-10-07_072958/codefresh__cf-ui.tags
./journal/2019-10-07_072958/codefresh__cf-ui.tags
codefresh/cf-ui            b9a55308e0c292bc15068684441229118e5ba8cc r.cfcr.io/codefresh-inc/codefresh/cf-ui:b9a55308e0c292bc15068684441229118e5ba8cc - SKIP
./journal/2019-10-07_072958/codefresh__cf-ui.tags
./journal/2019-10-07_072958/codefresh__build-test.tags
codefresh/engine           <none> - SKIP
codefresh/engine           <none> - SKIP
./journal/2019-10-07_072958/codefresh__cf-api.tags
./journal/2019-10-07_072958/codefresh__cf-api.tags
codefresh/cf-api           942414e736fd47b60930fe6f0400646b29ce8f87 r.cfcr.io/codefresh-inc/codefresh/cf-api:942414e736fd47b60930fe6f0400646b29ce8f87 - SKIP
codefresh/cf-ui            12f63a81deea36aca542bfedf530b5853adc6d41 r.cfcr.io/codefresh-inc/codefresh/cf-ui:12f63a81deea36aca542bfedf530b5853adc6d41 - SKIP
./journal/2019-10-07_072958/codefresh__cf-ui.tags
./journal/2019-10-07_072958/codefresh__cf-api.tags
./journal/2019-10-07_072958/codefresh__cf-api.tags
codefresh/cf-api           be2ab153ba40b7e0e208b49a85e9af6e24c00762 r.cfcr.io/codefresh-inc/codefresh/cf-api:be2ab153ba40b7e0e208b49a85e9af6e24c00762 - SKIP
./journal/2019-10-07_072958/codefresh__cf-api.tags
./journal/2019-10-07_072958/codefresh__pipeline-manager.tags
./journal/2019-10-07_072958/codefresh__pipeline-manager.tags
codefresh/pipeline-manager 80ef6a247f50aaf7a1d86d52669126e8e7e50ad1 r.cfcr.io/codefresh-inc/codefresh/pipeline-manager:80ef6a247f50aaf7a1d86d52669126e8e7e50ad1 - SKIP
./journal/2019-10-07_072958/codefresh__pipeline-manager.tags
./journal/2019-10-07_072958/codefresh__cf-api.tags
./journal/2019-10-07_072958/codefresh__cf-api.tags
codefresh/cf-api           bf7f941580d47c8e1f2db9e8005f2e62e0f74a23 r.cfcr.io/codefresh-inc/codefresh/cf-api:bf7f941580d47c8e1f2db9e8005f2e62e0f74a23 - SKIP
./journal/2019-10-07_072958/codefresh__cf-api.tags
codefresh/engine           <none> - SKIP
codefresh/engine           <none> - SKIP
codefresh/cf-api           97c12f1472635464fba55b1085293ee2f54f411c r.cfcr.io/codefresh-inc/codefresh/cf-api:97c12f1472635464fba55b1085293ee2f54f411c - SKIP
codefresh/cf-api           f40ec2e2e7eec537a9caeedaf093188dded59303 r.cfcr.io/codefresh-inc/codefresh/cf-api:f40ec2e2e7eec537a9caeedaf093188dded59303 - SKIP

--- Mon Oct  7 07:30:05 UTC 2019
Processing tag files

  ****************
  Mon Oct  7 07:30:05 UTC 2019 - ./journal/2019-10-07_072958/codefresh__build-test.tags
Skipping Image gcr.io/codefresh-inc/codefresh/build-test:master - it is already done

  ****************
  Mon Oct  7 07:30:05 UTC 2019 - ./journal/2019-10-07_072958/codefresh__cf-api.tags
Skipping Image gcr.io/codefresh-inc/codefresh/cf-api:saas-3119 - it is already done
Skipping Image gcr.io/codefresh-inc/codefresh/cf-api:SAAS-3119 - it is already done
Skipping Image gcr.io/codefresh-inc/codefresh/cf-api:6.189.0-saas-3119 - it is already done
Skipping Image gcr.io/codefresh-inc/codefresh/cf-api:6.188.4-saas-3119 - it is already done
Skipping Image gcr.io/codefresh-inc/codefresh/cf-api:6.188.3-saas-3119 - it is already done
Skipping Image gcr.io/codefresh-inc/codefresh/cf-api:master - it is already done
Skipping Image gcr.io/codefresh-inc/codefresh/cf-api:6.188.3 - it is already done
Skipping Image gcr.io/codefresh-inc/codefresh/cf-api:saas-data-retention-fix - it is already done
Skipping Image gcr.io/codefresh-inc/codefresh/cf-api:SAAS-Data-Retention-Fix - it is already done
Skipping Image gcr.io/codefresh-inc/codefresh/cf-api:6.188.3-saas-data-retention-fix - it is already done
Skipping Image gcr.io/codefresh-inc/codefresh/cf-api:saas-data-retention-migration1 - it is already done
Skipping Image gcr.io/codefresh-inc/codefresh/cf-api:SAAS-Data-Retention-Migration1 - it is already done
Skipping Image gcr.io/codefresh-inc/codefresh/cf-api:6.188.3-saas-data-retention-migration1 - it is already done

  ****************
  Mon Oct  7 07:30:05 UTC 2019 - ./journal/2019-10-07_072958/codefresh__cf-tls-sign.tags
Skipping Image gcr.io/codefresh-inc/codefresh/cf-tls-sign:master - it is already done

  ****************
  Mon Oct  7 07:30:05 UTC 2019 - ./journal/2019-10-07_072958/codefresh__cf-ui.tags
Skipping Image gcr.io/codefresh-inc/codefresh/cf-ui:master - it is already done
Skipping Image gcr.io/codefresh-inc/codefresh/cf-ui:4.178.0 - it is already done
Skipping Image gcr.io/codefresh-inc/codefresh/cf-ui:saas-work - it is already done
Skipping Image gcr.io/codefresh-inc/codefresh/cf-ui:SAAS-Work - it is already done
Skipping Image gcr.io/codefresh-inc/codefresh/cf-ui:4.178.0-saas-work - it is already done
---------- Migrate r.cfcr.io/codefresh-inc/codefresh/cf-ui:4.177.0 to gcr.io/codefresh-inc/codefresh/cf-ui:4.177.0
4.177.0: Pulling from codefresh-inc/codefresh/cf-ui
Digest: sha256:f8482849f6003ef3ed36b12ff34eeb137f2c45ee1c2f578b8178e129e2bd372f
Status: Image is up to date for r.cfcr.io/codefresh-inc/codefresh/cf-ui:4.177.0
r.cfcr.io/codefresh-inc/codefresh/cf-ui:4.177.0
Pull r.cfcr.io/codefresh-inc/codefresh/cf-ui:4.177.0 completed - Mon Oct  7 07:30:06 UTC 2019 !!!

Tag gcr.io/codefresh-inc/codefresh/cf-ui:4.177.0 completed - Mon Oct  7 07:30:06 UTC 2019 !!!

The push refers to repository [gcr.io/codefresh-inc/codefresh/cf-ui]
d7eaf8d188a9: Preparing
bfb703dfc774: Preparing
d81c814e2217: Preparing
cb12a70eba68: Preparing
69691c95e04e: Preparing
0cc05a10f2e9: Preparing
8055ea9c96c6: Preparing
30a02cb282ad: Preparing
9f6283bda2c4: Preparing
dc29a0d03d74: Preparing
b46a8f138a9e: Preparing
109c4a769edd: Preparing
04db5bd8a39f: Preparing
eaa2fd82d1ac: Preparing
f1b5933fe4b5: Preparing
9f6283bda2c4: Waiting
dc29a0d03d74: Waiting
b46a8f138a9e: Waiting
109c4a769edd: Waiting
0cc05a10f2e9: Waiting
8055ea9c96c6: Waiting
04db5bd8a39f: Waiting
eaa2fd82d1ac: Waiting
30a02cb282ad: Waiting
f1b5933fe4b5: Waiting
69691c95e04e: Layer already exists
bfb703dfc774: Retrying in 5 seconds
d81c814e2217: Retrying in 5 seconds
d7eaf8d188a9: Retrying in 5 seconds
d7eaf8d188a9: Retrying in 4 seconds
bfb703dfc774: Retrying in 4 seconds
d81c814e2217: Retrying in 4 seconds
d7eaf8d188a9: Retrying in 3 seconds
bfb703dfc774: Retrying in 3 seconds
d81c814e2217: Retrying in 3 seconds
d7eaf8d188a9: Retrying in 2 seconds
bfb703dfc774: Retrying in 2 seconds
d81c814e2217: Retrying in 2 seconds
d7eaf8d188a9: Retrying in 1 second
bfb703dfc774: Retrying in 1 second
d81c814e2217: Retrying in 1 second
cb12a70eba68: Pushed
8055ea9c96c6: Layer already exists
30a02cb282ad: Layer already exists
9f6283bda2c4: Layer already exists
dc29a0d03d74: Layer already exists
bfb703dfc774: Retrying in 10 seconds
d81c814e2217: Retrying in 10 seconds
d7eaf8d188a9: Retrying in 10 seconds
b46a8f138a9e: Layer already exists
109c4a769edd: Layer already exists
04db5bd8a39f: Layer already exists
eaa2fd82d1ac: Layer already exists
f1b5933fe4b5: Layer already exists
bfb703dfc774: Retrying in 9 seconds
d81c814e2217: Retrying in 9 seconds
d7eaf8d188a9: Retrying in 9 seconds
bfb703dfc774: Retrying in 8 seconds
d7eaf8d188a9: Retrying in 8 seconds
d81c814e2217: Retrying in 8 seconds
bfb703dfc774: Retrying in 7 seconds
d81c814e2217: Retrying in 7 seconds
d7eaf8d188a9: Retrying in 7 seconds
bfb703dfc774: Retrying in 6 seconds
d81c814e2217: Retrying in 6 seconds
d7eaf8d188a9: Retrying in 6 seconds
d7eaf8d188a9: Retrying in 5 seconds
bfb703dfc774: Retrying in 5 seconds
d81c814e2217: Retrying in 5 seconds
bfb703dfc774: Retrying in 4 seconds
d81c814e2217: Retrying in 4 seconds
d7eaf8d188a9: Retrying in 4 seconds
bfb703dfc774: Retrying in 3 seconds
d81c814e2217: Retrying in 3 seconds
d7eaf8d188a9: Retrying in 3 seconds
bfb703dfc774: Retrying in 2 seconds
d81c814e2217: Retrying in 2 seconds
d7eaf8d188a9: Retrying in 2 seconds
bfb703dfc774: Retrying in 1 second
d81c814e2217: Retrying in 1 second
d7eaf8d188a9: Retrying in 1 second
d81c814e2217: Retrying in 15 seconds
d7eaf8d188a9: Retrying in 15 seconds
bfb703dfc774: Retrying in 15 seconds
d81c814e2217: Retrying in 14 seconds
d7eaf8d188a9: Retrying in 14 seconds
bfb703dfc774: Retrying in 14 seconds
d81c814e2217: Retrying in 13 seconds
d7eaf8d188a9: Retrying in 13 seconds
bfb703dfc774: Retrying in 13 seconds
d81c814e2217: Retrying in 12 seconds
bfb703dfc774: Retrying in 12 seconds
d7eaf8d188a9: Retrying in 12 seconds
d81c814e2217: Retrying in 11 seconds
d7eaf8d188a9: Retrying in 11 seconds
bfb703dfc774: Retrying in 11 seconds
d81c814e2217: Retrying in 10 seconds
bfb703dfc774: Retrying in 10 seconds
d7eaf8d188a9: Retrying in 10 seconds
d81c814e2217: Retrying in 9 seconds
d7eaf8d188a9: Retrying in 9 seconds
bfb703dfc774: Retrying in 9 seconds
d81c814e2217: Retrying in 8 seconds
d7eaf8d188a9: Retrying in 8 seconds
bfb703dfc774: Retrying in 8 seconds
d81c814e2217: Retrying in 7 seconds
d7eaf8d188a9: Retrying in 7 seconds
bfb703dfc774: Retrying in 7 seconds
d81c814e2217: Retrying in 6 seconds
d7eaf8d188a9: Retrying in 6 seconds
bfb703dfc774: Retrying in 6 seconds
d81c814e2217: Retrying in 5 seconds
d7eaf8d188a9: Retrying in 5 seconds
bfb703dfc774: Retrying in 5 seconds
d81c814e2217: Retrying in 4 seconds
d7eaf8d188a9: Retrying in 4 seconds
bfb703dfc774: Retrying in 4 seconds
d81c814e2217: Retrying in 3 seconds
d7eaf8d188a9: Retrying in 3 seconds
bfb703dfc774: Retrying in 3 seconds
d81c814e2217: Retrying in 2 seconds
bfb703dfc774: Retrying in 2 seconds
d7eaf8d188a9: Retrying in 2 seconds
d81c814e2217: Retrying in 1 second
d7eaf8d188a9: Retrying in 1 second
bfb703dfc774: Retrying in 1 second
bfb703dfc774: Retrying in 20 seconds
d7eaf8d188a9: Retrying in 20 seconds
d81c814e2217: Retrying in 20 seconds
bfb703dfc774: Retrying in 19 seconds
d7eaf8d188a9: Retrying in 19 seconds
d81c814e2217: Retrying in 19 seconds
bfb703dfc774: Retrying in 18 seconds
d7eaf8d188a9: Retrying in 18 seconds
d81c814e2217: Retrying in 18 seconds
bfb703dfc774: Retrying in 17 seconds
d7eaf8d188a9: Retrying in 17 seconds
d81c814e2217: Retrying in 17 seconds
bfb703dfc774: Retrying in 16 seconds
d7eaf8d188a9: Retrying in 16 seconds
d81c814e2217: Retrying in 16 seconds
bfb703dfc774: Retrying in 15 seconds
d7eaf8d188a9: Retrying in 15 seconds
d81c814e2217: Retrying in 15 seconds
bfb703dfc774: Retrying in 14 seconds
d7eaf8d188a9: Retrying in 14 seconds
d81c814e2217: Retrying in 14 seconds
bfb703dfc774: Retrying in 13 seconds
d7eaf8d188a9: Retrying in 13 seconds
d81c814e2217: Retrying in 13 seconds
bfb703dfc774: Retrying in 12 seconds
d7eaf8d188a9: Retrying in 12 seconds
d81c814e2217: Retrying in 12 seconds
bfb703dfc774: Retrying in 11 seconds
d7eaf8d188a9: Retrying in 11 seconds
d81c814e2217: Retrying in 11 seconds
bfb703dfc774: Retrying in 10 seconds
d7eaf8d188a9: Retrying in 10 seconds
d81c814e2217: Retrying in 10 seconds
bfb703dfc774: Retrying in 9 seconds
d7eaf8d188a9: Retrying in 9 seconds
d81c814e2217: Retrying in 9 seconds
bfb703dfc774: Retrying in 8 seconds
d7eaf8d188a9: Retrying in 8 seconds
d81c814e2217: Retrying in 8 seconds
bfb703dfc774: Retrying in 7 seconds
d7eaf8d188a9: Retrying in 7 seconds
d81c814e2217: Retrying in 7 seconds
bfb703dfc774: Retrying in 6 seconds
d7eaf8d188a9: Retrying in 6 seconds
d81c814e2217: Retrying in 6 seconds
bfb703dfc774: Retrying in 5 seconds
d7eaf8d188a9: Retrying in 5 seconds
d81c814e2217: Retrying in 5 seconds
bfb703dfc774: Retrying in 4 seconds
d7eaf8d188a9: Retrying in 4 seconds
d81c814e2217: Retrying in 4 seconds
d7eaf8d188a9: Retrying in 3 seconds
bfb703dfc774: Retrying in 3 seconds
d81c814e2217: Retrying in 3 seconds
d7eaf8d188a9: Retrying in 2 seconds
bfb703dfc774: Retrying in 2 seconds
d81c814e2217: Retrying in 2 seconds
bfb703dfc774: Retrying in 1 second
d7eaf8d188a9: Retrying in 1 second
d81c814e2217: Retrying in 1 second
error creating overlay mount to /var/lib/docker/overlay2/c2d999707e899d3e03386bdb16ba710c429ffd0cd07e5d33f4f476d9b3e5439a/merged: device or resource busy
ERROR - r.cfcr.io/codefresh-inc/codefresh/cf-ui:4.177.0 to gcr.io/codefresh-inc/codefresh/cf-ui:4.177.0
---------- Migrate r.cfcr.io/codefresh-inc/codefresh/cf-ui:4.177.0-saas-work to gcr.io/codefresh-inc/codefresh/cf-ui:4.177.0-saas-work
4.177.0-saas-work: Pulling from codefresh-inc/codefresh/cf-ui
e7c96db7181b: Already exists
bbec46749066: Already exists
89e5cf82282d: Already exists
5de6895db72f: Already exists
3b0ae57837d1: Already exists
2873bd6b3035: Already exists
9e0dfae569dc: Already exists
034415574c61: Already exists
9e1e94c20bad: Already exists
a754ee727f57: Already exists
09f840c7c0fe: Already exists
5cc17d94d7ee: Already exists
b7eaec7f1485: Already exists
78ea0f93352c: Already exists
36fcad2314c2: Already exists
Digest: sha256:dc745f1f9e7214ac0b2c9f34ce50b97c4a48db70eafefb899757445e072b5e35
Status: Downloaded newer image for r.cfcr.io/codefresh-inc/codefresh/cf-ui:4.177.0-saas-work
r.cfcr.io/codefresh-inc/codefresh/cf-ui:4.177.0-saas-work
Pull r.cfcr.io/codefresh-inc/codefresh/cf-ui:4.177.0-saas-work completed - Mon Oct  7 07:30:58 UTC 2019 !!!

Tag gcr.io/codefresh-inc/codefresh/cf-ui:4.177.0-saas-work completed - Mon Oct  7 07:30:58 UTC 2019 !!!

The push refers to repository [gcr.io/codefresh-inc/codefresh/cf-ui]
d7eaf8d188a9: Preparing
bfb703dfc774: Preparing
d81c814e2217: Preparing
cb12a70eba68: Preparing
69691c95e04e: Preparing
0cc05a10f2e9: Preparing
8055ea9c96c6: Preparing
30a02cb282ad: Preparing
9f6283bda2c4: Preparing
dc29a0d03d74: Preparing
b46a8f138a9e: Preparing
109c4a769edd: Preparing
04db5bd8a39f: Preparing
eaa2fd82d1ac: Preparing
f1b5933fe4b5: Preparing
9f6283bda2c4: Waiting
dc29a0d03d74: Waiting
0cc05a10f2e9: Waiting
b46a8f138a9e: Waiting
109c4a769edd: Waiting
04db5bd8a39f: Waiting
8055ea9c96c6: Waiting
eaa2fd82d1ac: Waiting
30a02cb282ad: Waiting
f1b5933fe4b5: Waiting
cb12a70eba68: Layer already exists
69691c95e04e: Layer already exists
8055ea9c96c6: Layer already exists
30a02cb282ad: Layer already exists
9f6283bda2c4: Layer already exists
dc29a0d03d74: Layer already exists
b46a8f138a9e: Layer already exists
bfb703dfc774: Retrying in 5 seconds
d7eaf8d188a9: Retrying in 5 seconds
109c4a769edd: Layer already exists
04db5bd8a39f: Layer already exists
eaa2fd82d1ac: Layer already exists
f1b5933fe4b5: Layer already exists
bfb703dfc774: Retrying in 4 seconds
d7eaf8d188a9: Retrying in 4 seconds
d81c814e2217: Pushed
bfb703dfc774: Retrying in 3 seconds
d7eaf8d188a9: Retrying in 3 seconds
bfb703dfc774: Retrying in 2 seconds
d7eaf8d188a9: Retrying in 2 seconds
bfb703dfc774: Retrying in 1 second
d7eaf8d188a9: Retrying in 1 second
bfb703dfc774: Retrying in 10 seconds
d7eaf8d188a9: Retrying in 10 seconds
bfb703dfc774: Retrying in 9 seconds
d7eaf8d188a9: Retrying in 9 seconds
bfb703dfc774: Retrying in 8 seconds
d7eaf8d188a9: Retrying in 8 seconds
bfb703dfc774: Retrying in 7 seconds
d7eaf8d188a9: Retrying in 7 seconds
bfb703dfc774: Retrying in 6 seconds
d7eaf8d188a9: Retrying in 6 seconds
bfb703dfc774: Retrying in 5 seconds
d7eaf8d188a9: Retrying in 5 seconds
bfb703dfc774: Retrying in 4 seconds
d7eaf8d188a9: Retrying in 4 seconds
bfb703dfc774: Retrying in 3 seconds
d7eaf8d188a9: Retrying in 3 seconds
bfb703dfc774: Retrying in 2 seconds
d7eaf8d188a9: Retrying in 2 seconds
bfb703dfc774: Retrying in 1 second
d7eaf8d188a9: Retrying in 1 second
bfb703dfc774: Retrying in 15 seconds
d7eaf8d188a9: Retrying in 15 seconds
bfb703dfc774: Retrying in 14 seconds
d7eaf8d188a9: Retrying in 14 seconds
bfb703dfc774: Retrying in 13 seconds
d7eaf8d188a9: Retrying in 13 seconds
bfb703dfc774: Retrying in 12 seconds
d7eaf8d188a9: Retrying in 12 seconds
bfb703dfc774: Retrying in 11 seconds
d7eaf8d188a9: Retrying in 11 seconds
bfb703dfc774: Retrying in 10 seconds
d7eaf8d188a9: Retrying in 10 seconds
bfb703dfc774: Retrying in 9 seconds
d7eaf8d188a9: Retrying in 9 seconds
bfb703dfc774: Retrying in 8 seconds
d7eaf8d188a9: Retrying in 8 seconds
bfb703dfc774: Retrying in 7 seconds
d7eaf8d188a9: Retrying in 7 seconds
bfb703dfc774: Retrying in 6 seconds
d7eaf8d188a9: Retrying in 6 seconds
bfb703dfc774: Retrying in 5 seconds
d7eaf8d188a9: Retrying in 5 seconds
bfb703dfc774: Retrying in 4 seconds
d7eaf8d188a9: Retrying in 4 seconds
bfb703dfc774: Retrying in 3 seconds
d7eaf8d188a9: Retrying in 3 seconds
bfb703dfc774: Retrying in 2 seconds
d7eaf8d188a9: Retrying in 2 seconds
bfb703dfc774: Retrying in 1 second
d7eaf8d188a9: Retrying in 1 second
bfb703dfc774: Retrying in 20 seconds
d7eaf8d188a9: Retrying in 20 seconds
bfb703dfc774: Retrying in 19 seconds
d7eaf8d188a9: Retrying in 19 seconds
bfb703dfc774: Retrying in 18 seconds
d7eaf8d188a9: Retrying in 18 seconds
bfb703dfc774: Retrying in 17 seconds
d7eaf8d188a9: Retrying in 17 seconds
bfb703dfc774: Retrying in 16 seconds
d7eaf8d188a9: Retrying in 16 seconds
bfb703dfc774: Retrying in 15 seconds
d7eaf8d188a9: Retrying in 15 seconds
bfb703dfc774: Retrying in 14 seconds
d7eaf8d188a9: Retrying in 14 seconds
bfb703dfc774: Retrying in 13 seconds
d7eaf8d188a9: Retrying in 13 seconds
bfb703dfc774: Retrying in 12 seconds
d7eaf8d188a9: Retrying in 12 seconds
bfb703dfc774: Retrying in 11 seconds
d7eaf8d188a9: Retrying in 11 seconds
bfb703dfc774: Retrying in 10 seconds
d7eaf8d188a9: Retrying in 10 seconds
bfb703dfc774: Retrying in 9 seconds
d7eaf8d188a9: Retrying in 9 seconds
bfb703dfc774: Retrying in 8 seconds
d7eaf8d188a9: Retrying in 8 seconds
bfb703dfc774: Retrying in 7 seconds
d7eaf8d188a9: Retrying in 7 seconds
bfb703dfc774: Retrying in 6 seconds
d7eaf8d188a9: Retrying in 6 seconds
bfb703dfc774: Retrying in 5 seconds
d7eaf8d188a9: Retrying in 5 seconds
bfb703dfc774: Retrying in 4 seconds
d7eaf8d188a9: Retrying in 4 seconds
bfb703dfc774: Retrying in 3 seconds
d7eaf8d188a9: Retrying in 3 seconds
bfb703dfc774: Retrying in 2 seconds
d7eaf8d188a9: Retrying in 2 seconds
bfb703dfc774: Retrying in 1 second
d7eaf8d188a9: Retrying in 1 second
error creating overlay mount to /var/lib/docker/overlay2/c2d999707e899d3e03386bdb16ba710c429ffd0cd07e5d33f4f476d9b3e5439a/merged: device or resource busy
ERROR - r.cfcr.io/codefresh-inc/codefresh/cf-ui:4.177.0-saas-work to gcr.io/codefresh-inc/codefresh/cf-ui:4.177.0-saas-work
---------- Migrate r.cfcr.io/codefresh-inc/codefresh/cf-ui:saas-data-retention-limits-fix to gcr.io/codefresh-inc/codefresh/cf-ui:saas-data-retention-limits-fix
saas-data-retention-limits-fix: Pulling from codefresh-inc/codefresh/cf-ui
e7c96db7181b: Already exists
bbec46749066: Already exists
89e5cf82282d: Already exists
5de6895db72f: Already exists
3b0ae57837d1: Already exists
2873bd6b3035: Already exists
e0f34e5e8502: Pulling fs layer
8ef46fff0f63: Pulling fs layer
615d9d570c72: Pulling fs layer
79ac25f11129: Pulling fs layer
1b65aa840f9e: Pulling fs layer
905e3192cda9: Pulling fs layer
d734f1ca9611: Pulling fs layer
ad0dd09638ad: Pulling fs layer
558a0741cdaa: Pulling fs layer
79ac25f11129: Waiting
1b65aa840f9e: Waiting
905e3192cda9: Waiting
d734f1ca9611: Waiting
ad0dd09638ad: Waiting
558a0741cdaa: Waiting
615d9d570c72: Verifying Checksum
615d9d570c72: Download complete
e0f34e5e8502: Verifying Checksum
e0f34e5e8502: Download complete
8ef46fff0f63: Verifying Checksum
8ef46fff0f63: Download complete
e0f34e5e8502: Pull complete
8ef46fff0f63: Pull complete
615d9d570c72: Pull complete
1b65aa840f9e: Verifying Checksum
1b65aa840f9e: Download complete
d734f1ca9611: Verifying Checksum
d734f1ca9611: Download complete
905e3192cda9: Verifying Checksum
905e3192cda9: Download complete
ad0dd09638ad: Verifying Checksum
ad0dd09638ad: Download complete
558a0741cdaa: Verifying Checksum
558a0741cdaa: Download complete
79ac25f11129: Verifying Checksum
79ac25f11129: Download complete
79ac25f11129: Pull complete
1b65aa840f9e: Pull complete
905e3192cda9: Pull complete
d734f1ca9611: Pull complete
ad0dd09638ad: Pull complete
558a0741cdaa: Pull complete
Digest: sha256:ad7d84acdb98fbd3ee2d8dcf30b25be1773b4bebe7f5787e7b88cd102b4f4971
Status: Downloaded newer image for r.cfcr.io/codefresh-inc/codefresh/cf-ui:saas-data-retention-limits-fix
r.cfcr.io/codefresh-inc/codefresh/cf-ui:saas-data-retention-limits-fix
Pull r.cfcr.io/codefresh-inc/codefresh/cf-ui:saas-data-retention-limits-fix completed - Mon Oct  7 07:32:40 UTC 2019 !!!

Tag gcr.io/codefresh-inc/codefresh/cf-ui:saas-data-retention-limits-fix completed - Mon Oct  7 07:32:40 UTC 2019 !!!

The push refers to repository [gcr.io/codefresh-inc/codefresh/cf-ui]
974efbb0136d: Preparing
be207a8a4d3f: Preparing
02d562dfe67a: Preparing
1e6a0be92042: Preparing
dc44298f0ddc: Preparing
7601e44a7132: Preparing
94757e1a9119: Preparing
669c221454b6: Preparing
25ec69030ff7: Preparing
dc29a0d03d74: Preparing
b46a8f138a9e: Preparing
109c4a769edd: Preparing
04db5bd8a39f: Preparing
eaa2fd82d1ac: Preparing
f1b5933fe4b5: Preparing
25ec69030ff7: Waiting
dc29a0d03d74: Waiting
b46a8f138a9e: Waiting
109c4a769edd: Waiting
7601e44a7132: Waiting
04db5bd8a39f: Waiting
eaa2fd82d1ac: Waiting
f1b5933fe4b5: Waiting
94757e1a9119: Waiting
669c221454b6: Waiting
974efbb0136d: Retrying in 5 seconds
02d562dfe67a: Retrying in 5 seconds
be207a8a4d3f: Retrying in 5 seconds
1e6a0be92042: Retrying in 5 seconds
974efbb0136d: Retrying in 4 seconds
02d562dfe67a: Retrying in 4 seconds
be207a8a4d3f: Retrying in 4 seconds
1e6a0be92042: Retrying in 4 seconds
974efbb0136d: Retrying in 3 seconds
02d562dfe67a: Retrying in 3 seconds
be207a8a4d3f: Retrying in 3 seconds
1e6a0be92042: Retrying in 3 seconds
dc44298f0ddc: Pushed
974efbb0136d: Retrying in 2 seconds
02d562dfe67a: Retrying in 2 seconds
be207a8a4d3f: Retrying in 2 seconds
1e6a0be92042: Retrying in 2 seconds
974efbb0136d: Retrying in 1 second
02d562dfe67a: Retrying in 1 second
be207a8a4d3f: Retrying in 1 second
1e6a0be92042: Retrying in 1 second
be207a8a4d3f: Retrying in 10 seconds
02d562dfe67a: Retrying in 10 seconds
1e6a0be92042: Retrying in 10 seconds
974efbb0136d: Retrying in 10 seconds
be207a8a4d3f: Retrying in 9 seconds
02d562dfe67a: Retrying in 9 seconds
1e6a0be92042: Retrying in 9 seconds
974efbb0136d: Retrying in 9 seconds
be207a8a4d3f: Retrying in 8 seconds
02d562dfe67a: Retrying in 8 seconds
1e6a0be92042: Retrying in 8 seconds
974efbb0136d: Retrying in 8 seconds
be207a8a4d3f: Retrying in 7 seconds
02d562dfe67a: Retrying in 7 seconds
1e6a0be92042: Retrying in 7 seconds
974efbb0136d: Retrying in 7 seconds
be207a8a4d3f: Retrying in 6 seconds
1e6a0be92042: Retrying in 6 seconds
02d562dfe67a: Retrying in 6 seconds
974efbb0136d: Retrying in 6 seconds
be207a8a4d3f: Retrying in 5 seconds
02d562dfe67a: Retrying in 5 seconds
1e6a0be92042: Retrying in 5 seconds
974efbb0136d: Retrying in 5 seconds
be207a8a4d3f: Retrying in 4 seconds
02d562dfe67a: Retrying in 4 seconds
1e6a0be92042: Retrying in 4 seconds
974efbb0136d: Retrying in 4 seconds
be207a8a4d3f: Retrying in 3 seconds
02d562dfe67a: Retrying in 3 seconds
1e6a0be92042: Retrying in 3 seconds
974efbb0136d: Retrying in 3 seconds
be207a8a4d3f: Retrying in 2 seconds
1e6a0be92042: Retrying in 2 seconds
02d562dfe67a: Retrying in 2 seconds
974efbb0136d: Retrying in 2 seconds
be207a8a4d3f: Retrying in 1 second
02d562dfe67a: Retrying in 1 second
1e6a0be92042: Retrying in 1 second
974efbb0136d: Retrying in 1 second
be207a8a4d3f: Retrying in 15 seconds
1e6a0be92042: Retrying in 15 seconds
02d562dfe67a: Retrying in 15 seconds
974efbb0136d: Retrying in 15 seconds
be207a8a4d3f: Retrying in 14 seconds
1e6a0be92042: Retrying in 14 seconds
02d562dfe67a: Retrying in 14 seconds
974efbb0136d: Retrying in 14 seconds
be207a8a4d3f: Retrying in 13 seconds
1e6a0be92042: Retrying in 13 seconds
02d562dfe67a: Retrying in 13 seconds
974efbb0136d: Retrying in 13 seconds
be207a8a4d3f: Retrying in 12 seconds
1e6a0be92042: Retrying in 12 seconds
02d562dfe67a: Retrying in 12 seconds
974efbb0136d: Retrying in 12 seconds
be207a8a4d3f: Retrying in 11 seconds
1e6a0be92042: Retrying in 11 seconds
02d562dfe67a: Retrying in 11 seconds
974efbb0136d: Retrying in 11 seconds
be207a8a4d3f: Retrying in 10 seconds
02d562dfe67a: Retrying in 10 seconds
1e6a0be92042: Retrying in 10 seconds
974efbb0136d: Retrying in 10 seconds
be207a8a4d3f: Retrying in 9 seconds
1e6a0be92042: Retrying in 9 seconds
02d562dfe67a: Retrying in 9 seconds
974efbb0136d: Retrying in 9 seconds
be207a8a4d3f: Retrying in 8 seconds
1e6a0be92042: Retrying in 8 seconds
02d562dfe67a: Retrying in 8 seconds
974efbb0136d: Retrying in 8 seconds
be207a8a4d3f: Retrying in 7 seconds
1e6a0be92042: Retrying in 7 seconds
02d562dfe67a: Retrying in 7 seconds
974efbb0136d: Retrying in 7 seconds
be207a8a4d3f: Retrying in 6 seconds
1e6a0be92042: Retrying in 6 seconds
02d562dfe67a: Retrying in 6 seconds
974efbb0136d: Retrying in 6 seconds
be207a8a4d3f: Retrying in 5 seconds
1e6a0be92042: Retrying in 5 seconds
02d562dfe67a: Retrying in 5 seconds
974efbb0136d: Retrying in 5 seconds
be207a8a4d3f: Retrying in 4 seconds
1e6a0be92042: Retrying in 4 seconds
02d562dfe67a: Retrying in 4 seconds
974efbb0136d: Retrying in 4 seconds
be207a8a4d3f: Retrying in 3 seconds
1e6a0be92042: Retrying in 3 seconds
02d562dfe67a: Retrying in 3 seconds
974efbb0136d: Retrying in 3 seconds
be207a8a4d3f: Retrying in 2 seconds
1e6a0be92042: Retrying in 2 seconds
02d562dfe67a: Retrying in 2 seconds
974efbb0136d: Retrying in 2 seconds
be207a8a4d3f: Retrying in 1 second
1e6a0be92042: Retrying in 1 second
02d562dfe67a: Retrying in 1 second
974efbb0136d: Retrying in 1 second
be207a8a4d3f: Retrying in 20 seconds
1e6a0be92042: Retrying in 20 seconds
02d562dfe67a: Retrying in 20 seconds
974efbb0136d: Retrying in 20 seconds
be207a8a4d3f: Retrying in 19 seconds
1e6a0be92042: Retrying in 19 seconds
02d562dfe67a: Retrying in 19 seconds
974efbb0136d: Retrying in 19 seconds
be207a8a4d3f: Retrying in 18 seconds
1e6a0be92042: Retrying in 18 seconds
02d562dfe67a: Retrying in 18 seconds
974efbb0136d: Retrying in 18 seconds
be207a8a4d3f: Retrying in 17 seconds
1e6a0be92042: Retrying in 17 seconds
02d562dfe67a: Retrying in 17 seconds
974efbb0136d: Retrying in 17 seconds
be207a8a4d3f: Retrying in 16 seconds
1e6a0be92042: Retrying in 16 seconds
02d562dfe67a: Retrying in 16 seconds
974efbb0136d: Retrying in 16 seconds
be207a8a4d3f: Retrying in 15 seconds
1e6a0be92042: Retrying in 15 seconds
02d562dfe67a: Retrying in 15 seconds
974efbb0136d: Retrying in 15 seconds
be207a8a4d3f: Retrying in 14 seconds
1e6a0be92042: Retrying in 14 seconds
02d562dfe67a: Retrying in 14 seconds
974efbb0136d: Retrying in 14 seconds
be207a8a4d3f: Retrying in 13 seconds
1e6a0be92042: Retrying in 13 seconds
02d562dfe67a: Retrying in 13 seconds
974efbb0136d: Retrying in 13 seconds
be207a8a4d3f: Retrying in 12 seconds
1e6a0be92042: Retrying in 12 seconds
02d562dfe67a: Retrying in 12 seconds
974efbb0136d: Retrying in 12 seconds
be207a8a4d3f: Retrying in 11 seconds
1e6a0be92042: Retrying in 11 seconds
02d562dfe67a: Retrying in 11 seconds
974efbb0136d: Retrying in 11 seconds
be207a8a4d3f: Retrying in 10 seconds
1e6a0be92042: Retrying in 10 seconds
02d562dfe67a: Retrying in 10 seconds
974efbb0136d: Retrying in 10 seconds
be207a8a4d3f: Retrying in 9 seconds
1e6a0be92042: Retrying in 9 seconds
02d562dfe67a: Retrying in 9 seconds
974efbb0136d: Retrying in 9 seconds
be207a8a4d3f: Retrying in 8 seconds
1e6a0be92042: Retrying in 8 seconds
02d562dfe67a: Retrying in 8 seconds
974efbb0136d: Retrying in 8 seconds
be207a8a4d3f: Retrying in 7 seconds
1e6a0be92042: Retrying in 7 seconds
02d562dfe67a: Retrying in 7 seconds
974efbb0136d: Retrying in 7 seconds
be207a8a4d3f: Retrying in 6 seconds
1e6a0be92042: Retrying in 6 seconds
02d562dfe67a: Retrying in 6 seconds
974efbb0136d: Retrying in 6 seconds
be207a8a4d3f: Retrying in 5 seconds
1e6a0be92042: Retrying in 5 seconds
02d562dfe67a: Retrying in 5 seconds
974efbb0136d: Retrying in 5 seconds
be207a8a4d3f: Retrying in 4 seconds
1e6a0be92042: Retrying in 4 seconds
02d562dfe67a: Retrying in 4 seconds
974efbb0136d: Retrying in 4 seconds
be207a8a4d3f: Retrying in 3 seconds
1e6a0be92042: Retrying in 3 seconds
02d562dfe67a: Retrying in 3 seconds
974efbb0136d: Retrying in 3 seconds
be207a8a4d3f: Retrying in 2 seconds
1e6a0be92042: Retrying in 2 seconds
02d562dfe67a: Retrying in 2 seconds
974efbb0136d: Retrying in 2 seconds
be207a8a4d3f: Retrying in 1 second
1e6a0be92042: Retrying in 1 second
02d562dfe67a: Retrying in 1 second
974efbb0136d: Retrying in 1 second
error creating overlay mount to /var/lib/docker/overlay2/dbced94c26e2186805df34e38f1648bac2dac9e32a534d9cc62a87eaddc5a9fe/merged: device or resource busy
ERROR - r.cfcr.io/codefresh-inc/codefresh/cf-ui:saas-data-retention-limits-fix to gcr.io/codefresh-inc/codefresh/cf-ui:saas-data-retention-limits-fix
---------- Migrate r.cfcr.io/codefresh-inc/codefresh/cf-ui:SAAS-data-retention-limits-FIX to gcr.io/codefresh-inc/codefresh/cf-ui:SAAS-data-retention-limits-FIX
SAAS-data-retention-limits-FIX: Pulling from codefresh-inc/codefresh/cf-ui
Digest: sha256:30599ee6f8d3e831952b37ed72c7cab08bc08c9eb9ebc0626ffe8b884fb87777
Status: Downloaded newer image for r.cfcr.io/codefresh-inc/codefresh/cf-ui:SAAS-data-retention-limits-FIX
r.cfcr.io/codefresh-inc/codefresh/cf-ui:SAAS-data-retention-limits-FIX
Pull r.cfcr.io/codefresh-inc/codefresh/cf-ui:SAAS-data-retention-limits-FIX completed - Mon Oct  7 07:33:32 UTC 2019 !!!

Tag gcr.io/codefresh-inc/codefresh/cf-ui:SAAS-data-retention-limits-FIX completed - Mon Oct  7 07:33:32 UTC 2019 !!!

The push refers to repository [gcr.io/codefresh-inc/codefresh/cf-ui]
974efbb0136d: Preparing
be207a8a4d3f: Preparing
02d562dfe67a: Preparing
1e6a0be92042: Preparing
dc44298f0ddc: Preparing
7601e44a7132: Preparing
94757e1a9119: Preparing
669c221454b6: Preparing
25ec69030ff7: Preparing
dc29a0d03d74: Preparing
b46a8f138a9e: Preparing
109c4a769edd: Preparing
04db5bd8a39f: Preparing
eaa2fd82d1ac: Preparing
f1b5933fe4b5: Preparing
dc29a0d03d74: Waiting
b46a8f138a9e: Waiting
109c4a769edd: Waiting
04db5bd8a39f: Waiting
eaa2fd82d1ac: Waiting
f1b5933fe4b5: Waiting
7601e44a7132: Waiting
94757e1a9119: Waiting
669c221454b6: Waiting
25ec69030ff7: Waiting
dc44298f0ddc: Layer already exists
02d562dfe67a: Retrying in 5 seconds
02d562dfe67a: Retrying in 4 seconds
be207a8a4d3f: Pushed
974efbb0136d: Pushed
02d562dfe67a: Retrying in 3 seconds
94757e1a9119: Retrying in 5 seconds
02d562dfe67a: Retrying in 2 seconds
94757e1a9119: Retrying in 4 seconds
669c221454b6: Pushed
02d562dfe67a: Retrying in 1 second
1e6a0be92042: Pushed
dc29a0d03d74: Layer already exists
94757e1a9119: Retrying in 3 seconds
b46a8f138a9e: Layer already exists
109c4a769edd: Layer already exists
04db5bd8a39f: Layer already exists
eaa2fd82d1ac: Layer already exists
f1b5933fe4b5: Layer already exists
02d562dfe67a: Retrying in 10 seconds
25ec69030ff7: Pushed
94757e1a9119: Retrying in 2 seconds
02d562dfe67a: Retrying in 9 seconds
94757e1a9119: Retrying in 1 second
02d562dfe67a: Retrying in 8 seconds
02d562dfe67a: Retrying in 7 seconds
02d562dfe67a: Retrying in 6 seconds
94757e1a9119: Pushed
02d562dfe67a: Retrying in 5 seconds
02d562dfe67a: Retrying in 4 seconds
02d562dfe67a: Retrying in 3 seconds
02d562dfe67a: Retrying in 2 seconds
02d562dfe67a: Retrying in 1 second
02d562dfe67a: Retrying in 15 seconds
02d562dfe67a: Retrying in 14 seconds
02d562dfe67a: Retrying in 13 seconds
02d562dfe67a: Retrying in 12 seconds
02d562dfe67a: Retrying in 11 seconds
02d562dfe67a: Retrying in 10 seconds
02d562dfe67a: Retrying in 9 seconds
02d562dfe67a: Retrying in 8 seconds
02d562dfe67a: Retrying in 7 seconds
02d562dfe67a: Retrying in 6 seconds
02d562dfe67a: Retrying in 5 seconds
02d562dfe67a: Retrying in 4 seconds
02d562dfe67a: Retrying in 3 seconds
02d562dfe67a: Retrying in 2 seconds
02d562dfe67a: Retrying in 1 second
02d562dfe67a: Retrying in 20 seconds
02d562dfe67a: Retrying in 19 seconds
02d562dfe67a: Retrying in 18 seconds
02d562dfe67a: Retrying in 17 seconds
02d562dfe67a: Retrying in 16 seconds
02d562dfe67a: Retrying in 15 seconds
02d562dfe67a: Retrying in 14 seconds
02d562dfe67a: Retrying in 13 seconds
02d562dfe67a: Retrying in 12 seconds
02d562dfe67a: Retrying in 11 seconds
02d562dfe67a: Retrying in 10 seconds
02d562dfe67a: Retrying in 9 seconds
02d562dfe67a: Retrying in 8 seconds
02d562dfe67a: Retrying in 7 seconds
02d562dfe67a: Retrying in 6 seconds
02d562dfe67a: Retrying in 5 seconds
02d562dfe67a: Retrying in 4 seconds
02d562dfe67a: Retrying in 3 seconds
02d562dfe67a: Retrying in 2 seconds
02d562dfe67a: Retrying in 1 second
error creating overlay mount to /var/lib/docker/overlay2/9b6ffd750c21110a8b6e6c45ffaaf81fa1803e7a832303c4a18495f76e6714dc/merged: device or resource busy
ERROR - r.cfcr.io/codefresh-inc/codefresh/cf-ui:SAAS-data-retention-limits-FIX to gcr.io/codefresh-inc/codefresh/cf-ui:SAAS-data-retention-limits-FIX
---------- Migrate r.cfcr.io/codefresh-inc/codefresh/cf-ui:4.177.0-saas-data-retention-limits-fix to gcr.io/codefresh-inc/codefresh/cf-ui:4.177.0-saas-data-retention-limits-fix
4.177.0-saas-data-retention-limits-fix: Pulling from codefresh-inc/codefresh/cf-ui
Digest: sha256:30599ee6f8d3e831952b37ed72c7cab08bc08c9eb9ebc0626ffe8b884fb87777
Status: Downloaded newer image for r.cfcr.io/codefresh-inc/codefresh/cf-ui:4.177.0-saas-data-retention-limits-fix
r.cfcr.io/codefresh-inc/codefresh/cf-ui:4.177.0-saas-data-retention-limits-fix
Pull r.cfcr.io/codefresh-inc/codefresh/cf-ui:4.177.0-saas-data-retention-limits-fix completed - Mon Oct  7 07:34:23 UTC 2019 !!!

Tag gcr.io/codefresh-inc/codefresh/cf-ui:4.177.0-saas-data-retention-limits-fix completed - Mon Oct  7 07:34:23 UTC 2019 !!!

The push refers to repository [gcr.io/codefresh-inc/codefresh/cf-ui]
974efbb0136d: Preparing
be207a8a4d3f: Preparing
02d562dfe67a: Preparing
1e6a0be92042: Preparing
dc44298f0ddc: Preparing
7601e44a7132: Preparing
94757e1a9119: Preparing
669c221454b6: Preparing
25ec69030ff7: Preparing
dc29a0d03d74: Preparing
b46a8f138a9e: Preparing
109c4a769edd: Preparing
04db5bd8a39f: Preparing
eaa2fd82d1ac: Preparing
f1b5933fe4b5: Preparing
dc29a0d03d74: Waiting
b46a8f138a9e: Waiting
109c4a769edd: Waiting
04db5bd8a39f: Waiting
eaa2fd82d1ac: Waiting
7601e44a7132: Waiting
f1b5933fe4b5: Waiting
94757e1a9119: Waiting
669c221454b6: Waiting
25ec69030ff7: Waiting
be207a8a4d3f: Layer already exists
974efbb0136d: Layer already exists
1e6a0be92042: Layer already exists
dc44298f0ddc: Layer already exists
669c221454b6: Layer already exists
94757e1a9119: Layer already exists
25ec69030ff7: Layer already exists
b46a8f138a9e: Layer already exists
109c4a769edd: Layer already exists
dc29a0d03d74: Layer already exists
eaa2fd82d1ac: Layer already exists
f1b5933fe4b5: Layer already exists
04db5bd8a39f: Layer already exists
02d562dfe67a: Pushed
7601e44a7132: Pushed
4.177.0-saas-data-retention-limits-fix: digest: sha256:30599ee6f8d3e831952b37ed72c7cab08bc08c9eb9ebc0626ffe8b884fb87777 size: 3464
Push gcr.io/codefresh-inc/codefresh/cf-ui:4.177.0-saas-data-retention-limits-fix completed - Mon Oct  7 07:35:46 UTC 2019 !!!

---------- Migrate r.cfcr.io/codefresh-inc/codefresh/cf-ui:4.173.0-saas-data-retention-limits-fix to gcr.io/codefresh-inc/codefresh/cf-ui:4.173.0-saas-data-retention-limits-fix
4.173.0-saas-data-retention-limits-fix: Pulling from codefresh-inc/codefresh/cf-ui
e7c96db7181b: Already exists
bbec46749066: Already exists
89e5cf82282d: Already exists
5de6895db72f: Already exists
3b0ae57837d1: Already exists
2873bd6b3035: Already exists
e0f34e5e8502: Already exists
b0209e099985: Pulling fs layer
b6e9e2831b59: Pulling fs layer
f4451af2acd4: Pulling fs layer
cc5f7a86f090: Pulling fs layer
4f3541e7a753: Pulling fs layer
e2f4ddb3da05: Pulling fs layer
e21680c3a9d5: Pulling fs layer
a8cda11b8251: Pulling fs layer
cc5f7a86f090: Waiting
e2f4ddb3da05: Waiting
e21680c3a9d5: Waiting
a8cda11b8251: Waiting
4f3541e7a753: Waiting
b0209e099985: Verifying Checksum
b0209e099985: Download complete
b6e9e2831b59: Verifying Checksum
b6e9e2831b59: Download complete
b0209e099985: Pull complete
b6e9e2831b59: Pull complete
cc5f7a86f090: Verifying Checksum
cc5f7a86f090: Download complete
4f3541e7a753: Verifying Checksum
4f3541e7a753: Download complete
e2f4ddb3da05: Verifying Checksum
e2f4ddb3da05: Download complete
a8cda11b8251: Verifying Checksum
a8cda11b8251: Download complete
e21680c3a9d5: Verifying Checksum
e21680c3a9d5: Download complete
f4451af2acd4: Verifying Checksum
f4451af2acd4: Download complete
f4451af2acd4: Pull complete
cc5f7a86f090: Pull complete
4f3541e7a753: Pull complete
e2f4ddb3da05: Pull complete
e21680c3a9d5: Pull complete
a8cda11b8251: Pull complete
Digest: sha256:d2059a28506ae2fd1b32201a241da8abc3faf6b801ac97952819977229c25536
Status: Downloaded newer image for r.cfcr.io/codefresh-inc/codefresh/cf-ui:4.173.0-saas-data-retention-limits-fix
r.cfcr.io/codefresh-inc/codefresh/cf-ui:4.173.0-saas-data-retention-limits-fix
Pull r.cfcr.io/codefresh-inc/codefresh/cf-ui:4.173.0-saas-data-retention-limits-fix completed - Mon Oct  7 07:36:34 UTC 2019 !!!

Tag gcr.io/codefresh-inc/codefresh/cf-ui:4.173.0-saas-data-retention-limits-fix completed - Mon Oct  7 07:36:34 UTC 2019 !!!

The push refers to repository [gcr.io/codefresh-inc/codefresh/cf-ui]
6101089728c7: Preparing
5d7d8d9b4f54: Preparing
d8024c1302f2: Preparing
1e9849de163a: Preparing
ffd51b3ef301: Preparing
f01bf3b3e9e3: Preparing
7056da121b8f: Preparing
78b2232e312d: Preparing
25ec69030ff7: Preparing
dc29a0d03d74: Preparing
b46a8f138a9e: Preparing
109c4a769edd: Preparing
04db5bd8a39f: Preparing
eaa2fd82d1ac: Preparing
f1b5933fe4b5: Preparing
dc29a0d03d74: Waiting
b46a8f138a9e: Waiting
109c4a769edd: Waiting
04db5bd8a39f: Waiting
eaa2fd82d1ac: Waiting
f1b5933fe4b5: Waiting
f01bf3b3e9e3: Waiting
7056da121b8f: Waiting
78b2232e312d: Waiting
25ec69030ff7: Waiting
d8024c1302f2: Retrying in 5 seconds
6101089728c7: Retrying in 5 seconds
5d7d8d9b4f54: Retrying in 5 seconds
d8024c1302f2: Retrying in 4 seconds
5d7d8d9b4f54: Retrying in 4 seconds
6101089728c7: Retrying in 4 seconds
d8024c1302f2: Retrying in 3 seconds
6101089728c7: Retrying in 3 seconds
5d7d8d9b4f54: Retrying in 3 seconds
d8024c1302f2: Retrying in 2 seconds
6101089728c7: Retrying in 2 seconds
5d7d8d9b4f54: Retrying in 2 seconds
d8024c1302f2: Retrying in 1 second
6101089728c7: Retrying in 1 second
5d7d8d9b4f54: Retrying in 1 second
1e9849de163a: Pushed
ffd51b3ef301: Pushed
d8024c1302f2: Retrying in 10 seconds
6101089728c7: Retrying in 10 seconds
5d7d8d9b4f54: Retrying in 10 seconds
7056da121b8f: Pushed
5d7d8d9b4f54: Retrying in 9 seconds
d8024c1302f2: Retrying in 9 seconds
6101089728c7: Retrying in 9 seconds
d8024c1302f2: Retrying in 8 seconds
6101089728c7: Retrying in 8 seconds
5d7d8d9b4f54: Retrying in 8 seconds
78b2232e312d: Pushed
25ec69030ff7: Layer already exists
dc29a0d03d74: Layer already exists
b46a8f138a9e: Layer already exists
109c4a769edd: Layer already exists
04db5bd8a39f: Layer already exists
eaa2fd82d1ac: Layer already exists
f1b5933fe4b5: Layer already exists
d8024c1302f2: Retrying in 7 seconds
6101089728c7: Retrying in 7 seconds
5d7d8d9b4f54: Retrying in 7 seconds
d8024c1302f2: Retrying in 6 seconds
6101089728c7: Retrying in 6 seconds
5d7d8d9b4f54: Retrying in 6 seconds
d8024c1302f2: Retrying in 5 seconds
6101089728c7: Retrying in 5 seconds
5d7d8d9b4f54: Retrying in 5 seconds
d8024c1302f2: Retrying in 4 seconds
6101089728c7: Retrying in 4 seconds
5d7d8d9b4f54: Retrying in 4 seconds
d8024c1302f2: Retrying in 3 seconds
6101089728c7: Retrying in 3 seconds
5d7d8d9b4f54: Retrying in 3 seconds
d8024c1302f2: Retrying in 2 seconds
6101089728c7: Retrying in 2 seconds
5d7d8d9b4f54: Retrying in 2 seconds
d8024c1302f2: Retrying in 1 second
6101089728c7: Retrying in 1 second
5d7d8d9b4f54: Retrying in 1 second
d8024c1302f2: Retrying in 15 seconds
6101089728c7: Retrying in 15 seconds
5d7d8d9b4f54: Retrying in 15 seconds
d8024c1302f2: Retrying in 14 seconds
6101089728c7: Retrying in 14 seconds
5d7d8d9b4f54: Retrying in 14 seconds
d8024c1302f2: Retrying in 13 seconds
6101089728c7: Retrying in 13 seconds
5d7d8d9b4f54: Retrying in 13 seconds
d8024c1302f2: Retrying in 12 seconds
6101089728c7: Retrying in 12 seconds
5d7d8d9b4f54: Retrying in 12 seconds
d8024c1302f2: Retrying in 11 seconds
6101089728c7: Retrying in 11 seconds
5d7d8d9b4f54: Retrying in 11 seconds
d8024c1302f2: Retrying in 10 seconds
6101089728c7: Retrying in 10 seconds
5d7d8d9b4f54: Retrying in 10 seconds
d8024c1302f2: Retrying in 9 seconds
6101089728c7: Retrying in 9 seconds
5d7d8d9b4f54: Retrying in 9 seconds
d8024c1302f2: Retrying in 8 seconds
6101089728c7: Retrying in 8 seconds
5d7d8d9b4f54: Retrying in 8 seconds
d8024c1302f2: Retrying in 7 seconds
6101089728c7: Retrying in 7 seconds
5d7d8d9b4f54: Retrying in 7 seconds
d8024c1302f2: Retrying in 6 seconds
6101089728c7: Retrying in 6 seconds
5d7d8d9b4f54: Retrying in 6 seconds
d8024c1302f2: Retrying in 5 seconds
6101089728c7: Retrying in 5 seconds
5d7d8d9b4f54: Retrying in 5 seconds
d8024c1302f2: Retrying in 4 seconds
6101089728c7: Retrying in 4 seconds
5d7d8d9b4f54: Retrying in 4 seconds
d8024c1302f2: Retrying in 3 seconds
6101089728c7: Retrying in 3 seconds
5d7d8d9b4f54: Retrying in 3 seconds
d8024c1302f2: Retrying in 2 seconds
6101089728c7: Retrying in 2 seconds
5d7d8d9b4f54: Retrying in 2 seconds
d8024c1302f2: Retrying in 1 second
6101089728c7: Retrying in 1 second
5d7d8d9b4f54: Retrying in 1 second
d8024c1302f2: Retrying in 20 seconds
5d7d8d9b4f54: Retrying in 20 seconds
6101089728c7: Retrying in 20 seconds
d8024c1302f2: Retrying in 19 seconds
6101089728c7: Retrying in 19 seconds
5d7d8d9b4f54: Retrying in 19 seconds
5d7d8d9b4f54: Retrying in 18 seconds
d8024c1302f2: Retrying in 18 seconds
6101089728c7: Retrying in 18 seconds
d8024c1302f2: Retrying in 17 seconds
5d7d8d9b4f54: Retrying in 17 seconds
6101089728c7: Retrying in 17 seconds
d8024c1302f2: Retrying in 16 seconds
5d7d8d9b4f54: Retrying in 16 seconds
6101089728c7: Retrying in 16 seconds
d8024c1302f2: Retrying in 15 seconds
5d7d8d9b4f54: Retrying in 15 seconds
6101089728c7: Retrying in 15 seconds
d8024c1302f2: Retrying in 14 seconds
5d7d8d9b4f54: Retrying in 14 seconds
6101089728c7: Retrying in 14 seconds
d8024c1302f2: Retrying in 13 seconds
5d7d8d9b4f54: Retrying in 13 seconds
6101089728c7: Retrying in 13 seconds
d8024c1302f2: Retrying in 12 seconds
5d7d8d9b4f54: Retrying in 12 seconds
6101089728c7: Retrying in 12 seconds
d8024c1302f2: Retrying in 11 seconds
5d7d8d9b4f54: Retrying in 11 seconds
6101089728c7: Retrying in 11 seconds
d8024c1302f2: Retrying in 10 seconds
5d7d8d9b4f54: Retrying in 10 seconds
6101089728c7: Retrying in 10 seconds
d8024c1302f2: Retrying in 9 seconds
5d7d8d9b4f54: Retrying in 9 seconds
6101089728c7: Retrying in 9 seconds
d8024c1302f2: Retrying in 8 seconds
6101089728c7: Retrying in 8 seconds
5d7d8d9b4f54: Retrying in 8 seconds
d8024c1302f2: Retrying in 7 seconds
5d7d8d9b4f54: Retrying in 7 seconds
6101089728c7: Retrying in 7 seconds
d8024c1302f2: Retrying in 6 seconds
5d7d8d9b4f54: Retrying in 6 seconds
6101089728c7: Retrying in 6 seconds
d8024c1302f2: Retrying in 5 seconds
6101089728c7: Retrying in 5 seconds
5d7d8d9b4f54: Retrying in 5 seconds
d8024c1302f2: Retrying in 4 seconds
6101089728c7: Retrying in 4 seconds
5d7d8d9b4f54: Retrying in 4 seconds
d8024c1302f2: Retrying in 3 seconds
5d7d8d9b4f54: Retrying in 3 seconds
6101089728c7: Retrying in 3 seconds
d8024c1302f2: Retrying in 2 seconds
5d7d8d9b4f54: Retrying in 2 seconds
6101089728c7: Retrying in 2 seconds
d8024c1302f2: Retrying in 1 second
5d7d8d9b4f54: Retrying in 1 second
6101089728c7: Retrying in 1 second
error creating overlay mount to /var/lib/docker/overlay2/761bb1d8a887633b9861c7114c6ea414af74763fcbdddcda782082b1f85145bc/merged: device or resource busy
ERROR - r.cfcr.io/codefresh-inc/codefresh/cf-ui:4.173.0-saas-data-retention-limits-fix to gcr.io/codefresh-inc/codefresh/cf-ui:4.173.0-saas-data-retention-limits-fix

  ****************
  Mon Oct  7 07:37:25 UTC 2019 - ./journal/2019-10-07_072958/codefresh__engine.tags
grep: ./done/codefresh__engine.tags: No such file or directory
---------- Migrate r.cfcr.io/codefresh-inc/codefresh/engine:saas-3119 to gcr.io/codefresh-inc/codefresh/engine:saas-3119
saas-3119: Pulling from codefresh-inc/codefresh/engine
4fe2ade4980c: Pulling fs layer
c245f6a8ecc5: Pulling fs layer
82bdc9503d50: Pulling fs layer
b532a02e2a07: Pulling fs layer
e22ff6bef7e2: Pulling fs layer
60716455aff6: Pulling fs layer
48ef806501af: Pulling fs layer
6690811ed9f8: Pulling fs layer
03fb26827527: Pulling fs layer
b532a02e2a07: Waiting
e22ff6bef7e2: Waiting
60716455aff6: Waiting
48ef806501af: Waiting
6690811ed9f8: Waiting
03fb26827527: Waiting
4fe2ade4980c: Verifying Checksum
4fe2ade4980c: Download complete
82bdc9503d50: Verifying Checksum
82bdc9503d50: Download complete
4fe2ade4980c: Pull complete
b532a02e2a07: Verifying Checksum
b532a02e2a07: Download complete
c245f6a8ecc5: Verifying Checksum
c245f6a8ecc5: Download complete
60716455aff6: Verifying Checksum
60716455aff6: Download complete
e22ff6bef7e2: Verifying Checksum
e22ff6bef7e2: Download complete
48ef806501af: Verifying Checksum
48ef806501af: Download complete
03fb26827527: Verifying Checksum
03fb26827527: Download complete
6690811ed9f8: Verifying Checksum
6690811ed9f8: Download complete
c245f6a8ecc5: Pull complete
82bdc9503d50: Pull complete
b532a02e2a07: Pull complete
e22ff6bef7e2: Pull complete
60716455aff6: Pull complete
48ef806501af: Pull complete
6690811ed9f8: Pull complete
03fb26827527: Pull complete
Digest: sha256:3aa34c84e033bf03743fedf6fe5bf3022ba079631d0b155a00a2a1aeb71ef502
Status: Downloaded newer image for r.cfcr.io/codefresh-inc/codefresh/engine:saas-3119
r.cfcr.io/codefresh-inc/codefresh/engine:saas-3119
Pull r.cfcr.io/codefresh-inc/codefresh/engine:saas-3119 completed - Mon Oct  7 07:37:39 UTC 2019 !!!

Tag gcr.io/codefresh-inc/codefresh/engine:saas-3119 completed - Mon Oct  7 07:37:39 UTC 2019 !!!

The push refers to repository [gcr.io/codefresh-inc/codefresh/engine]
f43cc93fd9c9: Preparing
2094572f0334: Preparing
e11649a75124: Preparing
e0de1cc54d1f: Preparing
8c095f5d1857: Preparing
9d40a0a1cadd: Preparing
2faeaaebb113: Preparing
387bc77dd3f2: Preparing
df64d3292fd6: Preparing
9d40a0a1cadd: Waiting
387bc77dd3f2: Waiting
2faeaaebb113: Waiting
df64d3292fd6: Waiting
2094572f0334: Retrying in 5 seconds
f43cc93fd9c9: Retrying in 5 seconds
e11649a75124: Retrying in 5 seconds
2094572f0334: Retrying in 4 seconds
f43cc93fd9c9: Retrying in 4 seconds
e11649a75124: Retrying in 4 seconds
f43cc93fd9c9: Retrying in 3 seconds
2094572f0334: Retrying in 3 seconds
e11649a75124: Retrying in 3 seconds
f43cc93fd9c9: Retrying in 2 seconds
2094572f0334: Retrying in 2 seconds
e0de1cc54d1f: Pushed
e11649a75124: Retrying in 2 seconds
8c095f5d1857: Pushed
2faeaaebb113: Layer already exists
387bc77dd3f2: Layer already exists
df64d3292fd6: Layer already exists
f43cc93fd9c9: Retrying in 1 second
2094572f0334: Retrying in 1 second
e11649a75124: Retrying in 1 second
9d40a0a1cadd: Pushed
e11649a75124: Pushed
f43cc93fd9c9: Pushed
2094572f0334: Pushed
saas-3119: digest: sha256:94b6765de3093286a83b6ade65c2eb681bdf981ca5f4e7a6cd620371b9f081cb size: 2211
Push gcr.io/codefresh-inc/codefresh/engine:saas-3119 completed - Mon Oct  7 07:38:01 UTC 2019 !!!


  ****************
  Mon Oct  7 07:38:01 UTC 2019 - ./journal/2019-10-07_072958/codefresh__pipeline-manager.tags
grep: ./done/codefresh__pipeline-manager.tags: No such file or directory
---------- Migrate r.cfcr.io/codefresh-inc/codefresh/pipeline-manager:master to gcr.io/codefresh-inc/codefresh/pipeline-manager:master
master: Pulling from codefresh-inc/codefresh/pipeline-manager
e7c96db7181b: Already exists
df9eac31dfef: Already exists
0a20433d95a4: Already exists
c56c15404bf7: Pulling fs layer
4a336c6cdaaa: Pulling fs layer
5a8a232faff0: Pulling fs layer
463a4aa1b7a6: Pulling fs layer
24946e3a5be6: Pulling fs layer
463a4aa1b7a6: Waiting
24946e3a5be6: Waiting
4a336c6cdaaa: Verifying Checksum
4a336c6cdaaa: Download complete
c56c15404bf7: Verifying Checksum
c56c15404bf7: Download complete
5a8a232faff0: Verifying Checksum
5a8a232faff0: Download complete
24946e3a5be6: Download complete
c56c15404bf7: Pull complete
4a336c6cdaaa: Pull complete
5a8a232faff0: Pull complete
463a4aa1b7a6: Verifying Checksum
463a4aa1b7a6: Download complete
463a4aa1b7a6: Pull complete
24946e3a5be6: Pull complete
Digest: sha256:c1e0ceb48625cc5015726201e90a0b74fe1a2ba09ff973645f3ff620e97698c6
Status: Downloaded newer image for r.cfcr.io/codefresh-inc/codefresh/pipeline-manager:master
r.cfcr.io/codefresh-inc/codefresh/pipeline-manager:master
Pull r.cfcr.io/codefresh-inc/codefresh/pipeline-manager:master completed - Mon Oct  7 07:38:08 UTC 2019 !!!

Tag gcr.io/codefresh-inc/codefresh/pipeline-manager:master completed - Mon Oct  7 07:38:08 UTC 2019 !!!

The push refers to repository [gcr.io/codefresh-inc/codefresh/pipeline-manager]
2e4962585b33: Preparing
195daf48b0a0: Preparing
95cd708e0190: Preparing
21e1ce8bb1b1: Preparing
d48bf2fd83d6: Preparing
28bf756b6f8e: Preparing
4c299e1e70d5: Preparing
f1b5933fe4b5: Preparing
28bf756b6f8e: Waiting
4c299e1e70d5: Waiting
f1b5933fe4b5: Waiting
195daf48b0a0: Layer already exists
2e4962585b33: Layer already exists
95cd708e0190: Layer already exists
21e1ce8bb1b1: Layer already exists
d48bf2fd83d6: Layer already exists
28bf756b6f8e: Layer already exists
4c299e1e70d5: Layer already exists
f1b5933fe4b5: Layer already exists
master: digest: sha256:cd252f8b2d06f45c41493d2fe93f8c2341aaadd00556efededa745e71635c2aa size: 1998
Push gcr.io/codefresh-inc/codefresh/pipeline-manager:master completed - Mon Oct  7 07:38:08 UTC 2019 !!!

---------- Migrate r.cfcr.io/codefresh-inc/codefresh/pipeline-manager:3.46.5 to gcr.io/codefresh-inc/codefresh/pipeline-manager:3.46.5
3.46.5: Pulling from codefresh-inc/codefresh/pipeline-manager
Digest: sha256:cd252f8b2d06f45c41493d2fe93f8c2341aaadd00556efededa745e71635c2aa
Status: Downloaded newer image for r.cfcr.io/codefresh-inc/codefresh/pipeline-manager:3.46.5
r.cfcr.io/codefresh-inc/codefresh/pipeline-manager:3.46.5
Pull r.cfcr.io/codefresh-inc/codefresh/pipeline-manager:3.46.5 completed - Mon Oct  7 07:38:09 UTC 2019 !!!

Tag gcr.io/codefresh-inc/codefresh/pipeline-manager:3.46.5 completed - Mon Oct  7 07:38:09 UTC 2019 !!!

The push refers to repository [gcr.io/codefresh-inc/codefresh/pipeline-manager]
2e4962585b33: Preparing
195daf48b0a0: Preparing
95cd708e0190: Preparing
21e1ce8bb1b1: Preparing
d48bf2fd83d6: Preparing
28bf756b6f8e: Preparing
4c299e1e70d5: Preparing
f1b5933fe4b5: Preparing
f1b5933fe4b5: Waiting
28bf756b6f8e: Waiting
4c299e1e70d5: Waiting
95cd708e0190: Layer already exists
2e4962585b33: Layer already exists
195daf48b0a0: Layer already exists
21e1ce8bb1b1: Layer already exists
d48bf2fd83d6: Layer already exists
28bf756b6f8e: Layer already exists
f1b5933fe4b5: Layer already exists
4c299e1e70d5: Layer already exists
3.46.5: digest: sha256:cd252f8b2d06f45c41493d2fe93f8c2341aaadd00556efededa745e71635c2aa size: 1998
Push gcr.io/codefresh-inc/codefresh/pipeline-manager:3.46.5 completed - Mon Oct  7 07:38:10 UTC 2019 !!!

---------- Migrate r.cfcr.io/codefresh-inc/codefresh/pipeline-manager:env_model to gcr.io/codefresh-inc/codefresh/pipeline-manager:env_model
env_model: Pulling from codefresh-inc/codefresh/pipeline-manager
e7c96db7181b: Already exists
df9eac31dfef: Already exists
0a20433d95a4: Already exists
c56c15404bf7: Already exists
4a336c6cdaaa: Already exists
5a8a232faff0: Already exists
463a4aa1b7a6: Already exists
94b510c1c24c: Pulling fs layer
94b510c1c24c: Verifying Checksum
94b510c1c24c: Download complete
94b510c1c24c: Pull complete
Digest: sha256:b6a84e260f8072f33f2ceec38487eb7859c9a5a78bb9c5e5bd9c4fdd2ae52fd8
Status: Downloaded newer image for r.cfcr.io/codefresh-inc/codefresh/pipeline-manager:env_model
r.cfcr.io/codefresh-inc/codefresh/pipeline-manager:env_model
Pull r.cfcr.io/codefresh-inc/codefresh/pipeline-manager:env_model completed - Mon Oct  7 07:38:11 UTC 2019 !!!

Tag gcr.io/codefresh-inc/codefresh/pipeline-manager:env_model completed - Mon Oct  7 07:38:11 UTC 2019 !!!

The push refers to repository [gcr.io/codefresh-inc/codefresh/pipeline-manager]
db7df65179de: Preparing
195daf48b0a0: Preparing
95cd708e0190: Preparing
21e1ce8bb1b1: Preparing
d48bf2fd83d6: Preparing
28bf756b6f8e: Preparing
4c299e1e70d5: Preparing
f1b5933fe4b5: Preparing
28bf756b6f8e: Waiting
4c299e1e70d5: Waiting
f1b5933fe4b5: Waiting
95cd708e0190: Layer already exists
195daf48b0a0: Layer already exists
d48bf2fd83d6: Layer already exists
db7df65179de: Layer already exists
28bf756b6f8e: Layer already exists
4c299e1e70d5: Layer already exists
f1b5933fe4b5: Layer already exists
21e1ce8bb1b1: Layer already exists
env_model: digest: sha256:b6a84e260f8072f33f2ceec38487eb7859c9a5a78bb9c5e5bd9c4fdd2ae52fd8 size: 1998
Push gcr.io/codefresh-inc/codefresh/pipeline-manager:env_model completed - Mon Oct  7 07:38:12 UTC 2019 !!!

---------- Migrate r.cfcr.io/codefresh-inc/codefresh/pipeline-manager:3.46.3-env-model to gcr.io/codefresh-inc/codefresh/pipeline-manager:3.46.3-env-model
3.46.3-env-model: Pulling from codefresh-inc/codefresh/pipeline-manager
Digest: sha256:b6a84e260f8072f33f2ceec38487eb7859c9a5a78bb9c5e5bd9c4fdd2ae52fd8
Status: Downloaded newer image for r.cfcr.io/codefresh-inc/codefresh/pipeline-manager:3.46.3-env-model
r.cfcr.io/codefresh-inc/codefresh/pipeline-manager:3.46.3-env-model
Pull r.cfcr.io/codefresh-inc/codefresh/pipeline-manager:3.46.3-env-model completed - Mon Oct  7 07:38:12 UTC 2019 !!!

Tag gcr.io/codefresh-inc/codefresh/pipeline-manager:3.46.3-env-model completed - Mon Oct  7 07:38:12 UTC 2019 !!!

The push refers to repository [gcr.io/codefresh-inc/codefresh/pipeline-manager]
db7df65179de: Preparing
195daf48b0a0: Preparing
95cd708e0190: Preparing
21e1ce8bb1b1: Preparing
d48bf2fd83d6: Preparing
28bf756b6f8e: Preparing
4c299e1e70d5: Preparing
f1b5933fe4b5: Preparing
28bf756b6f8e: Waiting
4c299e1e70d5: Waiting
f1b5933fe4b5: Waiting
195daf48b0a0: Layer already exists
db7df65179de: Layer already exists
d48bf2fd83d6: Layer already exists
21e1ce8bb1b1: Layer already exists
95cd708e0190: Layer already exists
4c299e1e70d5: Layer already exists
28bf756b6f8e: Layer already exists
f1b5933fe4b5: Layer already exists
3.46.3-env-model: digest: sha256:b6a84e260f8072f33f2ceec38487eb7859c9a5a78bb9c5e5bd9c4fdd2ae52fd8 size: 1998
Push gcr.io/codefresh-inc/codefresh/pipeline-manager:3.46.3-env-model completed - Mon Oct  7 07:38:13 UTC 2019 !!!

---------- Migrate r.cfcr.io/codefresh-inc/codefresh/pipeline-manager:saas-3119 to gcr.io/codefresh-inc/codefresh/pipeline-manager:saas-3119
saas-3119: Pulling from codefresh-inc/codefresh/pipeline-manager
e7c96db7181b: Already exists
df9eac31dfef: Already exists
0a20433d95a4: Already exists
c56c15404bf7: Already exists
4a336c6cdaaa: Already exists
5a8a232faff0: Already exists
463a4aa1b7a6: Already exists
24946e3a5be6: Already exists
Digest: sha256:37994defc32514e056e767d98fe7473237522fcf2c4303aadc5722478181fc4d
Status: Downloaded newer image for r.cfcr.io/codefresh-inc/codefresh/pipeline-manager:saas-3119
r.cfcr.io/codefresh-inc/codefresh/pipeline-manager:saas-3119
Pull r.cfcr.io/codefresh-inc/codefresh/pipeline-manager:saas-3119 completed - Mon Oct  7 07:38:14 UTC 2019 !!!

Tag gcr.io/codefresh-inc/codefresh/pipeline-manager:saas-3119 completed - Mon Oct  7 07:38:14 UTC 2019 !!!

The push refers to repository [gcr.io/codefresh-inc/codefresh/pipeline-manager]
2e4962585b33: Preparing
195daf48b0a0: Preparing
95cd708e0190: Preparing
21e1ce8bb1b1: Preparing
d48bf2fd83d6: Preparing
28bf756b6f8e: Preparing
4c299e1e70d5: Preparing
f1b5933fe4b5: Preparing
28bf756b6f8e: Waiting
4c299e1e70d5: Waiting
f1b5933fe4b5: Waiting
2e4962585b33: Layer already exists
21e1ce8bb1b1: Layer already exists
d48bf2fd83d6: Layer already exists
195daf48b0a0: Layer already exists
95cd708e0190: Layer already exists
28bf756b6f8e: Layer already exists
4c299e1e70d5: Layer already exists
f1b5933fe4b5: Layer already exists
saas-3119: digest: sha256:c9a73495b76de65bf4363533971c9e8eb03b0125b5017d4973bb7c6aa12f080a size: 1998
Push gcr.io/codefresh-inc/codefresh/pipeline-manager:saas-3119 completed - Mon Oct  7 07:38:16 UTC 2019 !!!

---------- Migrate r.cfcr.io/codefresh-inc/codefresh/pipeline-manager:SAAS-3119 to gcr.io/codefresh-inc/codefresh/pipeline-manager:SAAS-3119
SAAS-3119: Pulling from codefresh-inc/codefresh/pipeline-manager
Digest: sha256:c9a73495b76de65bf4363533971c9e8eb03b0125b5017d4973bb7c6aa12f080a
Status: Downloaded newer image for r.cfcr.io/codefresh-inc/codefresh/pipeline-manager:SAAS-3119
r.cfcr.io/codefresh-inc/codefresh/pipeline-manager:SAAS-3119
Pull r.cfcr.io/codefresh-inc/codefresh/pipeline-manager:SAAS-3119 completed - Mon Oct  7 07:38:17 UTC 2019 !!!

Tag gcr.io/codefresh-inc/codefresh/pipeline-manager:SAAS-3119 completed - Mon Oct  7 07:38:17 UTC 2019 !!!

The push refers to repository [gcr.io/codefresh-inc/codefresh/pipeline-manager]
2e4962585b33: Preparing
195daf48b0a0: Preparing
95cd708e0190: Preparing
21e1ce8bb1b1: Preparing
d48bf2fd83d6: Preparing
28bf756b6f8e: Preparing
4c299e1e70d5: Preparing
f1b5933fe4b5: Preparing
4c299e1e70d5: Waiting
28bf756b6f8e: Waiting
f1b5933fe4b5: Waiting
95cd708e0190: Layer already exists
2e4962585b33: Layer already exists
21e1ce8bb1b1: Layer already exists
195daf48b0a0: Layer already exists
28bf756b6f8e: Layer already exists
d48bf2fd83d6: Layer already exists
4c299e1e70d5: Layer already exists
f1b5933fe4b5: Layer already exists
SAAS-3119: digest: sha256:c9a73495b76de65bf4363533971c9e8eb03b0125b5017d4973bb7c6aa12f080a size: 1998
Push gcr.io/codefresh-inc/codefresh/pipeline-manager:SAAS-3119 completed - Mon Oct  7 07:38:17 UTC 2019 !!!

---------- Migrate r.cfcr.io/codefresh-inc/codefresh/pipeline-manager:3.46.5-saas-3119 to gcr.io/codefresh-inc/codefresh/pipeline-manager:3.46.5-saas-3119
3.46.5-saas-3119: Pulling from codefresh-inc/codefresh/pipeline-manager
Digest: sha256:c9a73495b76de65bf4363533971c9e8eb03b0125b5017d4973bb7c6aa12f080a
Status: Downloaded newer image for r.cfcr.io/codefresh-inc/codefresh/pipeline-manager:3.46.5-saas-3119
r.cfcr.io/codefresh-inc/codefresh/pipeline-manager:3.46.5-saas-3119
Pull r.cfcr.io/codefresh-inc/codefresh/pipeline-manager:3.46.5-saas-3119 completed - Mon Oct  7 07:38:18 UTC 2019 !!!

Tag gcr.io/codefresh-inc/codefresh/pipeline-manager:3.46.5-saas-3119 completed - Mon Oct  7 07:38:18 UTC 2019 !!!

The push refers to repository [gcr.io/codefresh-inc/codefresh/pipeline-manager]
2e4962585b33: Preparing
195daf48b0a0: Preparing
95cd708e0190: Preparing
21e1ce8bb1b1: Preparing
d48bf2fd83d6: Preparing
28bf756b6f8e: Preparing
4c299e1e70d5: Preparing
f1b5933fe4b5: Preparing
28bf756b6f8e: Waiting
4c299e1e70d5: Waiting
f1b5933fe4b5: Waiting
195daf48b0a0: Layer already exists
2e4962585b33: Layer already exists
95cd708e0190: Layer already exists
d48bf2fd83d6: Layer already exists
4c299e1e70d5: Layer already exists
28bf756b6f8e: Layer already exists
21e1ce8bb1b1: Layer already exists
f1b5933fe4b5: Layer already exists
3.46.5-saas-3119: digest: sha256:c9a73495b76de65bf4363533971c9e8eb03b0125b5017d4973bb7c6aa12f080a size: 1998
Push gcr.io/codefresh-inc/codefresh/pipeline-manager:3.46.5-saas-3119 completed - Mon Oct  7 07:38:19 UTC 2019 !!!

