Entering ./migrate-from-cfcr.sh - Mon Oct  7 12:55:55 UTC 2019
JOURNAL_DIR = ./journal/2019-10-07_125551
DONE_DIR = ./done
IMAGES_LIST=./journal/2019-10-07_125551/images-list

Starting at Mon Oct  7 12:55:58 UTC 2019
Processing ./journal/2019-10-07_125551/images-list
NAME                          TAG                                      PULL - SKIP
./journal/2019-10-07_125551/codefresh__salesforce-reporter.tags
./journal/2019-10-07_125551/codefresh__salesforce-reporter.tags
codefresh/salesforce-reporter 8a867232a742f5802b509ef5228ddc205ca5db4e r.cfcr.io/codefresh-inc/codefresh/salesforce-reporter:8a867232a742f5802b509ef5228ddc205ca5db4e - SKIP
./journal/2019-10-07_125551/codefresh__salesforce-reporter.tags
codefresh/salesforce-reporter d50651c37260ba70a33984a702e0022fafe28935 r.cfcr.io/codefresh-inc/codefresh/salesforce-reporter:d50651c37260ba70a33984a702e0022fafe28935 - SKIP
./journal/2019-10-07_125551/codefresh__salesforce-reporter.tags
./journal/2019-10-07_125551/codefresh__salesforce-reporter.tags
codefresh/salesforce-reporter b25666a1a086e86597318211094fb3ce0015c118 r.cfcr.io/codefresh-inc/codefresh/salesforce-reporter:b25666a1a086e86597318211094fb3ce0015c118 - SKIP
./journal/2019-10-07_125551/codefresh__salesforce-reporter.tags
./journal/2019-10-07_125551/codefresh__salesforce-reporter.tags
codefresh/salesforce-reporter 8759e0de71ce265a5abd219364adc55f08342fd4 r.cfcr.io/codefresh-inc/codefresh/salesforce-reporter:8759e0de71ce265a5abd219364adc55f08342fd4 - SKIP
./journal/2019-10-07_125551/codefresh__salesforce-reporter.tags
./journal/2019-10-07_125551/codefresh__salesforce-reporter.tags
codefresh/salesforce-reporter 1a36ea4842d2efec341a15081fa3d70d167c0a63 r.cfcr.io/codefresh-inc/codefresh/salesforce-reporter:1a36ea4842d2efec341a15081fa3d70d167c0a63 - SKIP
./journal/2019-10-07_125551/codefresh__salesforce-reporter.tags
./journal/2019-10-07_125551/codefresh__salesforce-reporter.tags
codefresh/salesforce-reporter 8e8feed66b8106bf51c94febedd211a3ac2893f4 r.cfcr.io/codefresh-inc/codefresh/salesforce-reporter:8e8feed66b8106bf51c94febedd211a3ac2893f4 - SKIP
./journal/2019-10-07_125551/codefresh__salesforce-reporter.tags
./journal/2019-10-07_125551/codefresh__salesforce-reporter.tags
codefresh/salesforce-reporter 38e12d1d4c071807be06338248a514577ce16587 r.cfcr.io/codefresh-inc/codefresh/salesforce-reporter:38e12d1d4c071807be06338248a514577ce16587 - SKIP
./journal/2019-10-07_125551/codefresh__salesforce-reporter.tags
codefresh/salesforce-reporter 8affa5cf8717b5ad4a721175ce9a543308011c65 r.cfcr.io/codefresh-inc/codefresh/salesforce-reporter:8affa5cf8717b5ad4a721175ce9a543308011c65 - SKIP
./journal/2019-10-07_125551/codefresh__salesforce-reporter.tags
codefresh/salesforce-reporter 93bfe757a1ff21598e421daa3595e1ab774cbae4 r.cfcr.io/codefresh-inc/codefresh/salesforce-reporter:93bfe757a1ff21598e421daa3595e1ab774cbae4 - SKIP
./journal/2019-10-07_125551/codefresh__salesforce-reporter.tags
codefresh/salesforce-reporter d880e9efa593a182afcb3fc8d4a446603d7d989e r.cfcr.io/codefresh-inc/codefresh/salesforce-reporter:d880e9efa593a182afcb3fc8d4a446603d7d989e - SKIP
./journal/2019-10-07_125551/codefresh__salesforce-reporter.tags
codefresh/salesforce-reporter def5c78266f658c0b812366c3654a0e7106ebd1c r.cfcr.io/codefresh-inc/codefresh/salesforce-reporter:def5c78266f658c0b812366c3654a0e7106ebd1c - SKIP
./journal/2019-10-07_125551/codefresh__salesforce-reporter.tags
./journal/2019-10-07_125551/codefresh__salesforce-reporter.tags
codefresh/salesforce-reporter 4ddba8054ceaee0c6d8ed4862f4b457f7c4ac5fd r.cfcr.io/codefresh-inc/codefresh/salesforce-reporter:4ddba8054ceaee0c6d8ed4862f4b457f7c4ac5fd - SKIP
./journal/2019-10-07_125551/codefresh__salesforce-reporter.tags
./journal/2019-10-07_125551/codefresh__salesforce-reporter.tags
codefresh/salesforce-reporter 2fd268be0d3b6dbc291b90fe2786f6095bec5c9e r.cfcr.io/codefresh-inc/codefresh/salesforce-reporter:2fd268be0d3b6dbc291b90fe2786f6095bec5c9e - SKIP
./journal/2019-10-07_125551/codefresh__salesforce-reporter.tags
codefresh/salesforce-reporter 4de9f7d683e6b1acff0b32e6f5a5f4c92a0dc88b r.cfcr.io/codefresh-inc/codefresh/salesforce-reporter:4de9f7d683e6b1acff0b32e6f5a5f4c92a0dc88b - SKIP
./journal/2019-10-07_125551/codefresh__salesforce-reporter.tags
codefresh/salesforce-reporter 97ad45f79129c2d44ea4e2fb6090114ed261e040 r.cfcr.io/codefresh-inc/codefresh/salesforce-reporter:97ad45f79129c2d44ea4e2fb6090114ed261e040 - SKIP
./journal/2019-10-07_125551/codefresh__salesforce-reporter.tags
codefresh/salesforce-reporter b0e5ea53f681134b0d595a305a431d89b7e5c5c0 r.cfcr.io/codefresh-inc/codefresh/salesforce-reporter:b0e5ea53f681134b0d595a305a431d89b7e5c5c0 - SKIP
./journal/2019-10-07_125551/codefresh__salesforce-reporter.tags
codefresh/salesforce-reporter 451e04621c619dc5967b3c4524331c9d429118b8 r.cfcr.io/codefresh-inc/codefresh/salesforce-reporter:451e04621c619dc5967b3c4524331c9d429118b8 - SKIP
./journal/2019-10-07_125551/codefresh__salesforce-reporter.tags
./journal/2019-10-07_125551/codefresh__salesforce-reporter.tags
codefresh/salesforce-reporter dcec4b766045d93689bd73ff02092be5eb70d5b8 r.cfcr.io/codefresh-inc/codefresh/salesforce-reporter:dcec4b766045d93689bd73ff02092be5eb70d5b8 - SKIP
./journal/2019-10-07_125551/codefresh__salesforce-reporter.tags
codefresh/salesforce-reporter b264c4e9765d3bfc1c91ea740e4bf12e003ff2c7 r.cfcr.io/codefresh-inc/codefresh/salesforce-reporter:b264c4e9765d3bfc1c91ea740e4bf12e003ff2c7 - SKIP
./journal/2019-10-07_125551/codefresh__salesforce-reporter.tags
./journal/2019-10-07_125551/codefresh__salesforce-reporter.tags
./journal/2019-10-07_125551/codefresh__salesforce-reporter.tags
codefresh/salesforce-reporter 24858b68d568a6fc2b4482622b86ff32a6fade13 r.cfcr.io/codefresh-inc/codefresh/salesforce-reporter:24858b68d568a6fc2b4482622b86ff32a6fade13 - SKIP
./journal/2019-10-07_125551/codefresh__salesforce-reporter.tags
codefresh/salesforce-reporter b37ef1512302f5e52a3ca3d9fc37b32b47c8cf84 r.cfcr.io/codefresh-inc/codefresh/salesforce-reporter:b37ef1512302f5e52a3ca3d9fc37b32b47c8cf84 - SKIP
./journal/2019-10-07_125551/codefresh__salesforce-reporter.tags
./journal/2019-10-07_125551/codefresh__salesforce-reporter.tags
codefresh/salesforce-reporter 3ee6f7622306a5b12e6aa6be1fa664afeec9269b r.cfcr.io/codefresh-inc/codefresh/salesforce-reporter:3ee6f7622306a5b12e6aa6be1fa664afeec9269b - SKIP
./journal/2019-10-07_125551/codefresh__salesforce-reporter.tags
codefresh/salesforce-reporter 1ae2b74766d9ac7f45bb395c2b054575adcbf77f r.cfcr.io/codefresh-inc/codefresh/salesforce-reporter:1ae2b74766d9ac7f45bb395c2b054575adcbf77f - SKIP
./journal/2019-10-07_125551/codefresh__salesforce-reporter.tags
codefresh/salesforce-reporter 77a74a8d54b2d78f2d224eaf7c4149d7da289df7 r.cfcr.io/codefresh-inc/codefresh/salesforce-reporter:77a74a8d54b2d78f2d224eaf7c4149d7da289df7 - SKIP
./journal/2019-10-07_125551/codefresh__salesforce-reporter.tags
./journal/2019-10-07_125551/codefresh__salesforce-reporter.tags
codefresh/salesforce-reporter c589efa58b3b67aa79ff149179fa0284a441ff7d r.cfcr.io/codefresh-inc/codefresh/salesforce-reporter:c589efa58b3b67aa79ff149179fa0284a441ff7d - SKIP

--- Mon Oct  7 12:55:58 UTC 2019
Processing tag files

  ****************
  Mon Oct  7 12:55:58 UTC 2019 - ./journal/2019-10-07_125551/codefresh__salesforce-reporter.tags
grep: ./done/codefresh__salesforce-reporter.tags: No such file or directory
---------- Migrate r.cfcr.io/codefresh-inc/codefresh/salesforce-reporter:master to gcr.io/codefresh-inc/codefresh/salesforce-reporter:master
master: Pulling from codefresh-inc/codefresh/salesforce-reporter
605ce1bd3f31: Already exists
d9c1bb40879c: Already exists
d610e8516793: Already exists
2dc27af67c72: Pulling fs layer
eabbf1d5b16f: Pulling fs layer
33cb06a6deb0: Pulling fs layer
b40bdc43c602: Pulling fs layer
5727bb4fdb93: Pulling fs layer
f7b7b764530b: Pulling fs layer
b40bdc43c602: Waiting
5727bb4fdb93: Waiting
f7b7b764530b: Waiting
2dc27af67c72: Verifying Checksum
2dc27af67c72: Download complete
2dc27af67c72: Pull complete
33cb06a6deb0: Verifying Checksum
33cb06a6deb0: Download complete
eabbf1d5b16f: Verifying Checksum
eabbf1d5b16f: Download complete
b40bdc43c602: Verifying Checksum
b40bdc43c602: Download complete
f7b7b764530b: Verifying Checksum
f7b7b764530b: Download complete
5727bb4fdb93: Verifying Checksum
5727bb4fdb93: Download complete
eabbf1d5b16f: Pull complete
33cb06a6deb0: Pull complete
b40bdc43c602: Pull complete
5727bb4fdb93: Pull complete
f7b7b764530b: Pull complete
Digest: sha256:8abacc882f51a499d0c758d2ee9596d81e5a2246f1ace287e9cb88076b4c500e
Status: Downloaded newer image for r.cfcr.io/codefresh-inc/codefresh/salesforce-reporter:master
r.cfcr.io/codefresh-inc/codefresh/salesforce-reporter:master
Pull r.cfcr.io/codefresh-inc/codefresh/salesforce-reporter:master completed - Mon Oct  7 12:56:21 UTC 2019 !!!

Tag gcr.io/codefresh-inc/codefresh/salesforce-reporter:master completed - Mon Oct  7 12:56:21 UTC 2019 !!!

The push refers to repository [gcr.io/codefresh-inc/codefresh/salesforce-reporter]
c5564178f643: Preparing
3a6b9ee47164: Preparing
c9b57ff49897: Preparing
375f4b4c7f09: Preparing
2eafa6e73dae: Preparing
665dc3766a79: Preparing
5eab7faa6708: Preparing
24fb200fef55: Preparing
9dfa40a0da3b: Preparing
2eafa6e73dae: Waiting
665dc3766a79: Waiting
5eab7faa6708: Waiting
24fb200fef55: Waiting
9dfa40a0da3b: Waiting
c5564178f643: Retrying in 5 seconds
c9b57ff49897: Retrying in 5 seconds
c5564178f643: Retrying in 4 seconds
c9b57ff49897: Retrying in 4 seconds
375f4b4c7f09: Pushed
c5564178f643: Retrying in 3 seconds
c9b57ff49897: Retrying in 3 seconds
c5564178f643: Retrying in 2 seconds
c9b57ff49897: Retrying in 2 seconds
c5564178f643: Retrying in 1 second
c9b57ff49897: Retrying in 1 second
665dc3766a79: Pushed
c5564178f643: Retrying in 10 seconds
5eab7faa6708: Layer already exists
24fb200fef55: Layer already exists
9dfa40a0da3b: Layer already exists
2eafa6e73dae: Pushed
c5564178f643: Retrying in 9 seconds
c9b57ff49897: Pushed
c5564178f643: Retrying in 8 seconds
3a6b9ee47164: Pushed
c5564178f643: Retrying in 7 seconds
c5564178f643: Retrying in 6 seconds
c5564178f643: Retrying in 5 seconds
c5564178f643: Retrying in 4 seconds
c5564178f643: Retrying in 3 seconds
c5564178f643: Retrying in 2 seconds
c5564178f643: Retrying in 1 second
c5564178f643: Pushed
master: digest: sha256:3c8df21047ec5ea63119d8deb8d722caf0a8314eb1ae40dee0eaefc99949aec2 size: 2209
Push gcr.io/codefresh-inc/codefresh/salesforce-reporter:master completed - Mon Oct  7 12:56:39 UTC 2019 !!!

---------- Migrate r.cfcr.io/codefresh-inc/codefresh/salesforce-reporter:1.1.11 to gcr.io/codefresh-inc/codefresh/salesforce-reporter:1.1.11
1.1.11: Pulling from codefresh-inc/codefresh/salesforce-reporter
Digest: sha256:3c8df21047ec5ea63119d8deb8d722caf0a8314eb1ae40dee0eaefc99949aec2
Status: Downloaded newer image for r.cfcr.io/codefresh-inc/codefresh/salesforce-reporter:1.1.11
r.cfcr.io/codefresh-inc/codefresh/salesforce-reporter:1.1.11
Pull r.cfcr.io/codefresh-inc/codefresh/salesforce-reporter:1.1.11 completed - Mon Oct  7 12:56:40 UTC 2019 !!!

Tag gcr.io/codefresh-inc/codefresh/salesforce-reporter:1.1.11 completed - Mon Oct  7 12:56:40 UTC 2019 !!!

The push refers to repository [gcr.io/codefresh-inc/codefresh/salesforce-reporter]
c5564178f643: Preparing
3a6b9ee47164: Preparing
c9b57ff49897: Preparing
375f4b4c7f09: Preparing
2eafa6e73dae: Preparing
665dc3766a79: Preparing
5eab7faa6708: Preparing
24fb200fef55: Preparing
9dfa40a0da3b: Preparing
375f4b4c7f09: Waiting
2eafa6e73dae: Waiting
665dc3766a79: Waiting
5eab7faa6708: Waiting
24fb200fef55: Waiting
9dfa40a0da3b: Waiting
c9b57ff49897: Layer already exists
c5564178f643: Layer already exists
2eafa6e73dae: Layer already exists
375f4b4c7f09: Layer already exists
3a6b9ee47164: Layer already exists
24fb200fef55: Layer already exists
665dc3766a79: Layer already exists
5eab7faa6708: Layer already exists
9dfa40a0da3b: Layer already exists
1.1.11: digest: sha256:3c8df21047ec5ea63119d8deb8d722caf0a8314eb1ae40dee0eaefc99949aec2 size: 2209
Push gcr.io/codefresh-inc/codefresh/salesforce-reporter:1.1.11 completed - Mon Oct  7 12:56:42 UTC 2019 !!!

---------- Migrate r.cfcr.io/codefresh-inc/codefresh/salesforce-reporter:add_logs to gcr.io/codefresh-inc/codefresh/salesforce-reporter:add_logs
add_logs: Pulling from codefresh-inc/codefresh/salesforce-reporter
605ce1bd3f31: Already exists
d9c1bb40879c: Already exists
d610e8516793: Already exists
2dc27af67c72: Already exists
eabbf1d5b16f: Already exists
33cb06a6deb0: Already exists
b40bdc43c602: Already exists
5727bb4fdb93: Already exists
f7b7b764530b: Already exists
Digest: sha256:591ebd2a29787de9387a6e937848a423df5d2084299829ca2cae03e232a243b0
Status: Downloaded newer image for r.cfcr.io/codefresh-inc/codefresh/salesforce-reporter:add_logs
r.cfcr.io/codefresh-inc/codefresh/salesforce-reporter:add_logs
Pull r.cfcr.io/codefresh-inc/codefresh/salesforce-reporter:add_logs completed - Mon Oct  7 12:56:43 UTC 2019 !!!

Tag gcr.io/codefresh-inc/codefresh/salesforce-reporter:add_logs completed - Mon Oct  7 12:56:43 UTC 2019 !!!

The push refers to repository [gcr.io/codefresh-inc/codefresh/salesforce-reporter]
c5564178f643: Preparing
3a6b9ee47164: Preparing
c9b57ff49897: Preparing
375f4b4c7f09: Preparing
2eafa6e73dae: Preparing
665dc3766a79: Preparing
5eab7faa6708: Preparing
24fb200fef55: Preparing
9dfa40a0da3b: Preparing
2eafa6e73dae: Waiting
665dc3766a79: Waiting
5eab7faa6708: Waiting
24fb200fef55: Waiting
9dfa40a0da3b: Waiting
c9b57ff49897: Layer already exists
3a6b9ee47164: Layer already exists
375f4b4c7f09: Layer already exists
c5564178f643: Layer already exists
2eafa6e73dae: Layer already exists
5eab7faa6708: Layer already exists
24fb200fef55: Layer already exists
9dfa40a0da3b: Layer already exists
665dc3766a79: Layer already exists
add_logs: digest: sha256:591ebd2a29787de9387a6e937848a423df5d2084299829ca2cae03e232a243b0 size: 2209
Push gcr.io/codefresh-inc/codefresh/salesforce-reporter:add_logs completed - Mon Oct  7 12:56:46 UTC 2019 !!!

---------- Migrate r.cfcr.io/codefresh-inc/codefresh/salesforce-reporter:1.1.11-add-logs to gcr.io/codefresh-inc/codefresh/salesforce-reporter:1.1.11-add-logs
1.1.11-add-logs: Pulling from codefresh-inc/codefresh/salesforce-reporter
Digest: sha256:591ebd2a29787de9387a6e937848a423df5d2084299829ca2cae03e232a243b0
Status: Downloaded newer image for r.cfcr.io/codefresh-inc/codefresh/salesforce-reporter:1.1.11-add-logs
r.cfcr.io/codefresh-inc/codefresh/salesforce-reporter:1.1.11-add-logs
Pull r.cfcr.io/codefresh-inc/codefresh/salesforce-reporter:1.1.11-add-logs completed - Mon Oct  7 12:56:47 UTC 2019 !!!

Tag gcr.io/codefresh-inc/codefresh/salesforce-reporter:1.1.11-add-logs completed - Mon Oct  7 12:56:47 UTC 2019 !!!

The push refers to repository [gcr.io/codefresh-inc/codefresh/salesforce-reporter]
c5564178f643: Preparing
3a6b9ee47164: Preparing
c9b57ff49897: Preparing
375f4b4c7f09: Preparing
2eafa6e73dae: Preparing
665dc3766a79: Preparing
5eab7faa6708: Preparing
24fb200fef55: Preparing
9dfa40a0da3b: Preparing
2eafa6e73dae: Waiting
665dc3766a79: Waiting
5eab7faa6708: Waiting
24fb200fef55: Waiting
9dfa40a0da3b: Waiting
c9b57ff49897: Layer already exists
375f4b4c7f09: Layer already exists
3a6b9ee47164: Layer already exists
c5564178f643: Layer already exists
5eab7faa6708: Layer already exists
665dc3766a79: Layer already exists
2eafa6e73dae: Layer already exists
24fb200fef55: Layer already exists
9dfa40a0da3b: Layer already exists
1.1.11-add-logs: digest: sha256:591ebd2a29787de9387a6e937848a423df5d2084299829ca2cae03e232a243b0 size: 2209
Push gcr.io/codefresh-inc/codefresh/salesforce-reporter:1.1.11-add-logs completed - Mon Oct  7 12:56:48 UTC 2019 !!!

---------- Migrate r.cfcr.io/codefresh-inc/codefresh/salesforce-reporter:1.1.10 to gcr.io/codefresh-inc/codefresh/salesforce-reporter:1.1.10
1.1.10: Pulling from codefresh-inc/codefresh/salesforce-reporter
605ce1bd3f31: Already exists
d9c1bb40879c: Already exists
d610e8516793: Already exists
2dc27af67c72: Already exists
eabbf1d5b16f: Already exists
33cb06a6deb0: Already exists
b40bdc43c602: Already exists
5727bb4fdb93: Already exists
3bc9a413ad46: Pulling fs layer
3bc9a413ad46: Verifying Checksum
3bc9a413ad46: Download complete
3bc9a413ad46: Pull complete
Digest: sha256:541158f0c3dcc19cd8fd05630225cf0b7961e55df2e534ad2b2846a560ee414a
Status: Downloaded newer image for r.cfcr.io/codefresh-inc/codefresh/salesforce-reporter:1.1.10
r.cfcr.io/codefresh-inc/codefresh/salesforce-reporter:1.1.10
Pull r.cfcr.io/codefresh-inc/codefresh/salesforce-reporter:1.1.10 completed - Mon Oct  7 12:56:50 UTC 2019 !!!

Tag gcr.io/codefresh-inc/codefresh/salesforce-reporter:1.1.10 completed - Mon Oct  7 12:56:50 UTC 2019 !!!

The push refers to repository [gcr.io/codefresh-inc/codefresh/salesforce-reporter]
bae86609399e: Preparing
3a6b9ee47164: Preparing
c9b57ff49897: Preparing
375f4b4c7f09: Preparing
2eafa6e73dae: Preparing
665dc3766a79: Preparing
5eab7faa6708: Preparing
24fb200fef55: Preparing
9dfa40a0da3b: Preparing
2eafa6e73dae: Waiting
665dc3766a79: Waiting
5eab7faa6708: Waiting
24fb200fef55: Waiting
9dfa40a0da3b: Waiting
375f4b4c7f09: Layer already exists
3a6b9ee47164: Layer already exists
c9b57ff49897: Layer already exists
665dc3766a79: Layer already exists
2eafa6e73dae: Layer already exists
5eab7faa6708: Layer already exists
24fb200fef55: Layer already exists
9dfa40a0da3b: Layer already exists
bae86609399e: Pushed
1.1.10: digest: sha256:541158f0c3dcc19cd8fd05630225cf0b7961e55df2e534ad2b2846a560ee414a size: 2209
Push gcr.io/codefresh-inc/codefresh/salesforce-reporter:1.1.10 completed - Mon Oct  7 12:56:55 UTC 2019 !!!

---------- Migrate r.cfcr.io/codefresh-inc/codefresh/salesforce-reporter:preemptible-saas-3841 to gcr.io/codefresh-inc/codefresh/salesforce-reporter:preemptible-saas-3841
preemptible-saas-3841: Pulling from codefresh-inc/codefresh/salesforce-reporter
605ce1bd3f31: Already exists
d9c1bb40879c: Already exists
d610e8516793: Already exists
2dc27af67c72: Already exists
eabbf1d5b16f: Already exists
33cb06a6deb0: Already exists
b40bdc43c602: Already exists
5727bb4fdb93: Already exists
3bc9a413ad46: Already exists
Digest: sha256:48895a80773d5bd7ebe3cad1d2997dd7130fbfe1c55ed3a45394b9ece45f5054
Status: Downloaded newer image for r.cfcr.io/codefresh-inc/codefresh/salesforce-reporter:preemptible-saas-3841
r.cfcr.io/codefresh-inc/codefresh/salesforce-reporter:preemptible-saas-3841
Pull r.cfcr.io/codefresh-inc/codefresh/salesforce-reporter:preemptible-saas-3841 completed - Mon Oct  7 12:56:56 UTC 2019 !!!

Tag gcr.io/codefresh-inc/codefresh/salesforce-reporter:preemptible-saas-3841 completed - Mon Oct  7 12:56:56 UTC 2019 !!!

The push refers to repository [gcr.io/codefresh-inc/codefresh/salesforce-reporter]
bae86609399e: Preparing
3a6b9ee47164: Preparing
c9b57ff49897: Preparing
375f4b4c7f09: Preparing
2eafa6e73dae: Preparing
665dc3766a79: Preparing
5eab7faa6708: Preparing
24fb200fef55: Preparing
9dfa40a0da3b: Preparing
2eafa6e73dae: Waiting
665dc3766a79: Waiting
5eab7faa6708: Waiting
24fb200fef55: Waiting
9dfa40a0da3b: Waiting
3a6b9ee47164: Layer already exists
375f4b4c7f09: Layer already exists
c9b57ff49897: Layer already exists
bae86609399e: Layer already exists
2eafa6e73dae: Layer already exists
5eab7faa6708: Layer already exists
24fb200fef55: Layer already exists
665dc3766a79: Layer already exists
9dfa40a0da3b: Layer already exists
preemptible-saas-3841: digest: sha256:a3bbb553d89fa0381fddb7e4d144886cbc65d28cc07cab4d64a99c4690682ba1 size: 2209
Push gcr.io/codefresh-inc/codefresh/salesforce-reporter:preemptible-saas-3841 completed - Mon Oct  7 12:56:59 UTC 2019 !!!

---------- Migrate r.cfcr.io/codefresh-inc/codefresh/salesforce-reporter:preemptible-SAAS-3841 to gcr.io/codefresh-inc/codefresh/salesforce-reporter:preemptible-SAAS-3841
preemptible-SAAS-3841: Pulling from codefresh-inc/codefresh/salesforce-reporter
Digest: sha256:a3bbb553d89fa0381fddb7e4d144886cbc65d28cc07cab4d64a99c4690682ba1
Status: Downloaded newer image for r.cfcr.io/codefresh-inc/codefresh/salesforce-reporter:preemptible-SAAS-3841
r.cfcr.io/codefresh-inc/codefresh/salesforce-reporter:preemptible-SAAS-3841
Pull r.cfcr.io/codefresh-inc/codefresh/salesforce-reporter:preemptible-SAAS-3841 completed - Mon Oct  7 12:57:00 UTC 2019 !!!

Tag gcr.io/codefresh-inc/codefresh/salesforce-reporter:preemptible-SAAS-3841 completed - Mon Oct  7 12:57:00 UTC 2019 !!!

The push refers to repository [gcr.io/codefresh-inc/codefresh/salesforce-reporter]
bae86609399e: Preparing
3a6b9ee47164: Preparing
c9b57ff49897: Preparing
375f4b4c7f09: Preparing
2eafa6e73dae: Preparing
665dc3766a79: Preparing
5eab7faa6708: Preparing
24fb200fef55: Preparing
9dfa40a0da3b: Preparing
bae86609399e: Waiting
3a6b9ee47164: Waiting
c9b57ff49897: Waiting
375f4b4c7f09: Waiting
2eafa6e73dae: Waiting
665dc3766a79: Waiting
5eab7faa6708: Waiting
24fb200fef55: Waiting
9dfa40a0da3b: Waiting
bae86609399e: Layer already exists
3a6b9ee47164: Layer already exists
c9b57ff49897: Layer already exists
375f4b4c7f09: Layer already exists
2eafa6e73dae: Layer already exists
665dc3766a79: Layer already exists
5eab7faa6708: Layer already exists
24fb200fef55: Layer already exists
9dfa40a0da3b: Layer already exists
preemptible-SAAS-3841: digest: sha256:a3bbb553d89fa0381fddb7e4d144886cbc65d28cc07cab4d64a99c4690682ba1 size: 2209
Push gcr.io/codefresh-inc/codefresh/salesforce-reporter:preemptible-SAAS-3841 completed - Mon Oct  7 12:57:03 UTC 2019 !!!

---------- Migrate r.cfcr.io/codefresh-inc/codefresh/salesforce-reporter:1.1.10-preemptible-saas-3841 to gcr.io/codefresh-inc/codefresh/salesforce-reporter:1.1.10-preemptible-saas-3841
1.1.10-preemptible-saas-3841: Pulling from codefresh-inc/codefresh/salesforce-reporter
Digest: sha256:a3bbb553d89fa0381fddb7e4d144886cbc65d28cc07cab4d64a99c4690682ba1
Status: Downloaded newer image for r.cfcr.io/codefresh-inc/codefresh/salesforce-reporter:1.1.10-preemptible-saas-3841
r.cfcr.io/codefresh-inc/codefresh/salesforce-reporter:1.1.10-preemptible-saas-3841
Pull r.cfcr.io/codefresh-inc/codefresh/salesforce-reporter:1.1.10-preemptible-saas-3841 completed - Mon Oct  7 12:57:04 UTC 2019 !!!

Tag gcr.io/codefresh-inc/codefresh/salesforce-reporter:1.1.10-preemptible-saas-3841 completed - Mon Oct  7 12:57:04 UTC 2019 !!!

The push refers to repository [gcr.io/codefresh-inc/codefresh/salesforce-reporter]
bae86609399e: Preparing
3a6b9ee47164: Preparing
c9b57ff49897: Preparing
375f4b4c7f09: Preparing
2eafa6e73dae: Preparing
665dc3766a79: Preparing
5eab7faa6708: Preparing
24fb200fef55: Preparing
9dfa40a0da3b: Preparing
bae86609399e: Waiting
3a6b9ee47164: Waiting
c9b57ff49897: Waiting
375f4b4c7f09: Waiting
2eafa6e73dae: Waiting
665dc3766a79: Waiting
5eab7faa6708: Waiting
24fb200fef55: Waiting
9dfa40a0da3b: Waiting
bae86609399e: Layer already exists
3a6b9ee47164: Layer already exists
c9b57ff49897: Layer already exists
375f4b4c7f09: Layer already exists
2eafa6e73dae: Layer already exists
665dc3766a79: Layer already exists
5eab7faa6708: Layer already exists
24fb200fef55: Layer already exists
9dfa40a0da3b: Layer already exists
1.1.10-preemptible-saas-3841: digest: sha256:a3bbb553d89fa0381fddb7e4d144886cbc65d28cc07cab4d64a99c4690682ba1 size: 2209
Push gcr.io/codefresh-inc/codefresh/salesforce-reporter:1.1.10-preemptible-saas-3841 completed - Mon Oct  7 12:57:06 UTC 2019 !!!

---------- Migrate r.cfcr.io/codefresh-inc/codefresh/salesforce-reporter:encode-user-header to gcr.io/codefresh-inc/codefresh/salesforce-reporter:encode-user-header
encode-user-header: Pulling from codefresh-inc/codefresh/salesforce-reporter
605ce1bd3f31: Already exists
d9c1bb40879c: Already exists
d610e8516793: Already exists
2dc27af67c72: Already exists
eabbf1d5b16f: Already exists
33cb06a6deb0: Already exists
b40bdc43c602: Already exists
5727bb4fdb93: Already exists
4b26249d61de: Pulling fs layer
4b26249d61de: Verifying Checksum
4b26249d61de: Download complete
4b26249d61de: Pull complete
Digest: sha256:b807c759a850f64a64e7309d4332d3a47eeb3de63417db9bf0e726744ba5a64e
Status: Downloaded newer image for r.cfcr.io/codefresh-inc/codefresh/salesforce-reporter:encode-user-header
r.cfcr.io/codefresh-inc/codefresh/salesforce-reporter:encode-user-header
Pull r.cfcr.io/codefresh-inc/codefresh/salesforce-reporter:encode-user-header completed - Mon Oct  7 12:57:09 UTC 2019 !!!

Tag gcr.io/codefresh-inc/codefresh/salesforce-reporter:encode-user-header completed - Mon Oct  7 12:57:09 UTC 2019 !!!

The push refers to repository [gcr.io/codefresh-inc/codefresh/salesforce-reporter]
802c878e3c7c: Preparing
3a6b9ee47164: Preparing
c9b57ff49897: Preparing
375f4b4c7f09: Preparing
2eafa6e73dae: Preparing
665dc3766a79: Preparing
5eab7faa6708: Preparing
24fb200fef55: Preparing
9dfa40a0da3b: Preparing
802c878e3c7c: Waiting
3a6b9ee47164: Waiting
c9b57ff49897: Waiting
375f4b4c7f09: Waiting
2eafa6e73dae: Waiting
665dc3766a79: Waiting
5eab7faa6708: Waiting
24fb200fef55: Waiting
9dfa40a0da3b: Waiting
802c878e3c7c: Pushed
3a6b9ee47164: Layer already exists
c9b57ff49897: Layer already exists
375f4b4c7f09: Layer already exists
2eafa6e73dae: Layer already exists
665dc3766a79: Layer already exists
5eab7faa6708: Layer already exists
24fb200fef55: Layer already exists
9dfa40a0da3b: Layer already exists
encode-user-header: digest: sha256:b807c759a850f64a64e7309d4332d3a47eeb3de63417db9bf0e726744ba5a64e size: 2209
Push gcr.io/codefresh-inc/codefresh/salesforce-reporter:encode-user-header completed - Mon Oct  7 12:57:26 UTC 2019 !!!

---------- Migrate r.cfcr.io/codefresh-inc/codefresh/salesforce-reporter:1.1.10-encode-user-header to gcr.io/codefresh-inc/codefresh/salesforce-reporter:1.1.10-encode-user-header
1.1.10-encode-user-header: Pulling from codefresh-inc/codefresh/salesforce-reporter
Digest: sha256:b807c759a850f64a64e7309d4332d3a47eeb3de63417db9bf0e726744ba5a64e
Status: Downloaded newer image for r.cfcr.io/codefresh-inc/codefresh/salesforce-reporter:1.1.10-encode-user-header
r.cfcr.io/codefresh-inc/codefresh/salesforce-reporter:1.1.10-encode-user-header
Pull r.cfcr.io/codefresh-inc/codefresh/salesforce-reporter:1.1.10-encode-user-header completed - Mon Oct  7 12:57:27 UTC 2019 !!!

Tag gcr.io/codefresh-inc/codefresh/salesforce-reporter:1.1.10-encode-user-header completed - Mon Oct  7 12:57:27 UTC 2019 !!!

The push refers to repository [gcr.io/codefresh-inc/codefresh/salesforce-reporter]
802c878e3c7c: Preparing
3a6b9ee47164: Preparing
c9b57ff49897: Preparing
375f4b4c7f09: Preparing
2eafa6e73dae: Preparing
665dc3766a79: Preparing
5eab7faa6708: Preparing
24fb200fef55: Preparing
9dfa40a0da3b: Preparing
802c878e3c7c: Waiting
3a6b9ee47164: Waiting
c9b57ff49897: Waiting
375f4b4c7f09: Waiting
2eafa6e73dae: Waiting
665dc3766a79: Waiting
5eab7faa6708: Waiting
24fb200fef55: Waiting
9dfa40a0da3b: Waiting
802c878e3c7c: Layer already exists
3a6b9ee47164: Layer already exists
c9b57ff49897: Layer already exists
375f4b4c7f09: Layer already exists
2eafa6e73dae: Layer already exists
665dc3766a79: Layer already exists
5eab7faa6708: Layer already exists
24fb200fef55: Layer already exists
9dfa40a0da3b: Layer already exists
1.1.10-encode-user-header: digest: sha256:b807c759a850f64a64e7309d4332d3a47eeb3de63417db9bf0e726744ba5a64e size: 2209
Push gcr.io/codefresh-inc/codefresh/salesforce-reporter:1.1.10-encode-user-header completed - Mon Oct  7 12:57:34 UTC 2019 !!!

---------- Migrate r.cfcr.io/codefresh-inc/codefresh/salesforce-reporter:1.1.9 to gcr.io/codefresh-inc/codefresh/salesforce-reporter:1.1.9
1.1.9: Pulling from codefresh-inc/codefresh/salesforce-reporter
605ce1bd3f31: Already exists
d9c1bb40879c: Already exists
d610e8516793: Already exists
2dc27af67c72: Already exists
eabbf1d5b16f: Already exists
33cb06a6deb0: Already exists
b40bdc43c602: Already exists
5727bb4fdb93: Already exists
c38c7e5f817f: Pulling fs layer
c38c7e5f817f: Download complete
c38c7e5f817f: Pull complete
Digest: sha256:97bfba5dd9995ab1103ce5b53a951015e5a17c321f4fc6dd0bc2214a40d8ad7d
Status: Downloaded newer image for r.cfcr.io/codefresh-inc/codefresh/salesforce-reporter:1.1.9
r.cfcr.io/codefresh-inc/codefresh/salesforce-reporter:1.1.9
Pull r.cfcr.io/codefresh-inc/codefresh/salesforce-reporter:1.1.9 completed - Mon Oct  7 12:57:35 UTC 2019 !!!

Tag gcr.io/codefresh-inc/codefresh/salesforce-reporter:1.1.9 completed - Mon Oct  7 12:57:35 UTC 2019 !!!

The push refers to repository [gcr.io/codefresh-inc/codefresh/salesforce-reporter]
069df82aba7a: Preparing
3a6b9ee47164: Preparing
c9b57ff49897: Preparing
3a6b9ee47164: Waiting
375f4b4c7f09: Preparing
2eafa6e73dae: Preparing
c9b57ff49897: Waiting
375f4b4c7f09: Waiting
665dc3766a79: Preparing
5eab7faa6708: Preparing
24fb200fef55: Preparing
2eafa6e73dae: Waiting
665dc3766a79: Waiting
5eab7faa6708: Waiting
9dfa40a0da3b: Preparing
9dfa40a0da3b: Waiting
3a6b9ee47164: Layer already exists
c9b57ff49897: Layer already exists
375f4b4c7f09: Layer already exists
2eafa6e73dae: Layer already exists
665dc3766a79: Layer already exists
5eab7faa6708: Layer already exists
24fb200fef55: Layer already exists
9dfa40a0da3b: Layer already exists
069df82aba7a: Pushed
1.1.9: digest: sha256:97bfba5dd9995ab1103ce5b53a951015e5a17c321f4fc6dd0bc2214a40d8ad7d size: 2209
Push gcr.io/codefresh-inc/codefresh/salesforce-reporter:1.1.9 completed - Mon Oct  7 12:57:38 UTC 2019 !!!

---------- Migrate r.cfcr.io/codefresh-inc/codefresh/salesforce-reporter:saas-3678 to gcr.io/codefresh-inc/codefresh/salesforce-reporter:saas-3678
saas-3678: Pulling from codefresh-inc/codefresh/salesforce-reporter
605ce1bd3f31: Already exists
d9c1bb40879c: Already exists
d610e8516793: Already exists
2dc27af67c72: Already exists
eabbf1d5b16f: Already exists
33cb06a6deb0: Already exists
b40bdc43c602: Already exists
5727bb4fdb93: Already exists
c38c7e5f817f: Already exists
Digest: sha256:7570b363f301a60dcbb93dc97386d3b1bdd83e266e5e5dae6770329e80f5ef99
Status: Downloaded newer image for r.cfcr.io/codefresh-inc/codefresh/salesforce-reporter:saas-3678
r.cfcr.io/codefresh-inc/codefresh/salesforce-reporter:saas-3678
Pull r.cfcr.io/codefresh-inc/codefresh/salesforce-reporter:saas-3678 completed - Mon Oct  7 12:57:39 UTC 2019 !!!

Tag gcr.io/codefresh-inc/codefresh/salesforce-reporter:saas-3678 completed - Mon Oct  7 12:57:39 UTC 2019 !!!

The push refers to repository [gcr.io/codefresh-inc/codefresh/salesforce-reporter]
069df82aba7a: Preparing
3a6b9ee47164: Preparing
c9b57ff49897: Preparing
375f4b4c7f09: Preparing
2eafa6e73dae: Preparing
665dc3766a79: Preparing
5eab7faa6708: Preparing
24fb200fef55: Preparing
9dfa40a0da3b: Preparing
375f4b4c7f09: Waiting
2eafa6e73dae: Waiting
665dc3766a79: Waiting
5eab7faa6708: Waiting
24fb200fef55: Waiting
9dfa40a0da3b: Waiting
c9b57ff49897: Waiting
069df82aba7a: Layer already exists
3a6b9ee47164: Layer already exists
375f4b4c7f09: Layer already exists
c9b57ff49897: Layer already exists
2eafa6e73dae: Layer already exists
665dc3766a79: Layer already exists
5eab7faa6708: Layer already exists
9dfa40a0da3b: Layer already exists
24fb200fef55: Layer already exists
saas-3678: digest: sha256:f64b3861a24dd713693237952ade1743ba0d8dcd00b5b708b80515d0f5b4bf3c size: 2209
Push gcr.io/codefresh-inc/codefresh/salesforce-reporter:saas-3678 completed - Mon Oct  7 12:57:40 UTC 2019 !!!

---------- Migrate r.cfcr.io/codefresh-inc/codefresh/salesforce-reporter:SAAS-3678 to gcr.io/codefresh-inc/codefresh/salesforce-reporter:SAAS-3678
SAAS-3678: Pulling from codefresh-inc/codefresh/salesforce-reporter
Digest: sha256:f64b3861a24dd713693237952ade1743ba0d8dcd00b5b708b80515d0f5b4bf3c
Status: Downloaded newer image for r.cfcr.io/codefresh-inc/codefresh/salesforce-reporter:SAAS-3678
r.cfcr.io/codefresh-inc/codefresh/salesforce-reporter:SAAS-3678
Pull r.cfcr.io/codefresh-inc/codefresh/salesforce-reporter:SAAS-3678 completed - Mon Oct  7 12:57:41 UTC 2019 !!!

Tag gcr.io/codefresh-inc/codefresh/salesforce-reporter:SAAS-3678 completed - Mon Oct  7 12:57:41 UTC 2019 !!!

The push refers to repository [gcr.io/codefresh-inc/codefresh/salesforce-reporter]
069df82aba7a: Preparing
3a6b9ee47164: Preparing
c9b57ff49897: Preparing
375f4b4c7f09: Preparing
2eafa6e73dae: Preparing
665dc3766a79: Preparing
5eab7faa6708: Preparing
24fb200fef55: Preparing
9dfa40a0da3b: Preparing
c9b57ff49897: Waiting
375f4b4c7f09: Waiting
2eafa6e73dae: Waiting
665dc3766a79: Waiting
5eab7faa6708: Waiting
24fb200fef55: Waiting
9dfa40a0da3b: Waiting
3a6b9ee47164: Layer already exists
069df82aba7a: Layer already exists
c9b57ff49897: Layer already exists
375f4b4c7f09: Layer already exists
2eafa6e73dae: Layer already exists
665dc3766a79: Layer already exists
24fb200fef55: Layer already exists
5eab7faa6708: Layer already exists
9dfa40a0da3b: Layer already exists
SAAS-3678: digest: sha256:f64b3861a24dd713693237952ade1743ba0d8dcd00b5b708b80515d0f5b4bf3c size: 2209
Push gcr.io/codefresh-inc/codefresh/salesforce-reporter:SAAS-3678 completed - Mon Oct  7 12:57:42 UTC 2019 !!!

---------- Migrate r.cfcr.io/codefresh-inc/codefresh/salesforce-reporter:1.1.9-saas-3678 to gcr.io/codefresh-inc/codefresh/salesforce-reporter:1.1.9-saas-3678
1.1.9-saas-3678: Pulling from codefresh-inc/codefresh/salesforce-reporter
Digest: sha256:f64b3861a24dd713693237952ade1743ba0d8dcd00b5b708b80515d0f5b4bf3c
Status: Downloaded newer image for r.cfcr.io/codefresh-inc/codefresh/salesforce-reporter:1.1.9-saas-3678
r.cfcr.io/codefresh-inc/codefresh/salesforce-reporter:1.1.9-saas-3678
Pull r.cfcr.io/codefresh-inc/codefresh/salesforce-reporter:1.1.9-saas-3678 completed - Mon Oct  7 12:57:42 UTC 2019 !!!

Tag gcr.io/codefresh-inc/codefresh/salesforce-reporter:1.1.9-saas-3678 completed - Mon Oct  7 12:57:42 UTC 2019 !!!

The push refers to repository [gcr.io/codefresh-inc/codefresh/salesforce-reporter]
069df82aba7a: Preparing
3a6b9ee47164: Preparing
c9b57ff49897: Preparing
375f4b4c7f09: Preparing
2eafa6e73dae: Preparing
665dc3766a79: Preparing
5eab7faa6708: Preparing
24fb200fef55: Preparing
9dfa40a0da3b: Preparing
c9b57ff49897: Waiting
375f4b4c7f09: Waiting
2eafa6e73dae: Waiting
665dc3766a79: Waiting
5eab7faa6708: Waiting
24fb200fef55: Waiting
9dfa40a0da3b: Waiting
069df82aba7a: Layer already exists
3a6b9ee47164: Layer already exists
375f4b4c7f09: Layer already exists
c9b57ff49897: Layer already exists
2eafa6e73dae: Layer already exists
665dc3766a79: Layer already exists
5eab7faa6708: Layer already exists
24fb200fef55: Layer already exists
9dfa40a0da3b: Layer already exists
1.1.9-saas-3678: digest: sha256:f64b3861a24dd713693237952ade1743ba0d8dcd00b5b708b80515d0f5b4bf3c size: 2209
Push gcr.io/codefresh-inc/codefresh/salesforce-reporter:1.1.9-saas-3678 completed - Mon Oct  7 12:57:43 UTC 2019 !!!

---------- Migrate r.cfcr.io/codefresh-inc/codefresh/salesforce-reporter:1.1.8-saas-3678 to gcr.io/codefresh-inc/codefresh/salesforce-reporter:1.1.8-saas-3678
1.1.8-saas-3678: Pulling from codefresh-inc/codefresh/salesforce-reporter
605ce1bd3f31: Already exists
d9c1bb40879c: Already exists
d610e8516793: Already exists
2dc27af67c72: Already exists
eabbf1d5b16f: Already exists
33cb06a6deb0: Already exists
b40bdc43c602: Already exists
5727bb4fdb93: Already exists
eb1b1f7adf7e: Pulling fs layer
eb1b1f7adf7e: Waiting
eb1b1f7adf7e: Verifying Checksum
eb1b1f7adf7e: Download complete
eb1b1f7adf7e: Pull complete
Digest: sha256:aec2d20aaf4d46925f0205e9f2b8e6bb4d1c4a4d7fd0b7a5a0573c538ce58017
Status: Downloaded newer image for r.cfcr.io/codefresh-inc/codefresh/salesforce-reporter:1.1.8-saas-3678
r.cfcr.io/codefresh-inc/codefresh/salesforce-reporter:1.1.8-saas-3678
Pull r.cfcr.io/codefresh-inc/codefresh/salesforce-reporter:1.1.8-saas-3678 completed - Mon Oct  7 12:57:44 UTC 2019 !!!

Tag gcr.io/codefresh-inc/codefresh/salesforce-reporter:1.1.8-saas-3678 completed - Mon Oct  7 12:57:44 UTC 2019 !!!

The push refers to repository [gcr.io/codefresh-inc/codefresh/salesforce-reporter]
f86b0cb6c473: Preparing
3a6b9ee47164: Preparing
c9b57ff49897: Preparing
375f4b4c7f09: Preparing
2eafa6e73dae: Preparing
665dc3766a79: Preparing
5eab7faa6708: Preparing
24fb200fef55: Preparing
9dfa40a0da3b: Preparing
c9b57ff49897: Waiting
375f4b4c7f09: Waiting
2eafa6e73dae: Waiting
665dc3766a79: Waiting
5eab7faa6708: Waiting
24fb200fef55: Waiting
9dfa40a0da3b: Waiting
3a6b9ee47164: Layer already exists
c9b57ff49897: Layer already exists
375f4b4c7f09: Layer already exists
2eafa6e73dae: Layer already exists
665dc3766a79: Layer already exists
5eab7faa6708: Layer already exists
24fb200fef55: Layer already exists
9dfa40a0da3b: Layer already exists
f86b0cb6c473: Pushed
1.1.8-saas-3678: digest: sha256:aec2d20aaf4d46925f0205e9f2b8e6bb4d1c4a4d7fd0b7a5a0573c538ce58017 size: 2209
Push gcr.io/codefresh-inc/codefresh/salesforce-reporter:1.1.8-saas-3678 completed - Mon Oct  7 12:57:48 UTC 2019 !!!

---------- Migrate r.cfcr.io/codefresh-inc/codefresh/salesforce-reporter:1.1.8 to gcr.io/codefresh-inc/codefresh/salesforce-reporter:1.1.8
1.1.8: Pulling from codefresh-inc/codefresh/salesforce-reporter
605ce1bd3f31: Already exists
d9c1bb40879c: Already exists
d610e8516793: Already exists
2dc27af67c72: Already exists
eabbf1d5b16f: Already exists
fd2ad8f7325d: Pulling fs layer
9057d1c7b258: Pulling fs layer
9fca6b7b6c20: Pulling fs layer
2151ac05b5b9: Pulling fs layer
2151ac05b5b9: Waiting
fd2ad8f7325d: Verifying Checksum
fd2ad8f7325d: Download complete
9057d1c7b258: Verifying Checksum
9057d1c7b258: Download complete
2151ac05b5b9: Verifying Checksum
2151ac05b5b9: Download complete
fd2ad8f7325d: Pull complete
9fca6b7b6c20: Verifying Checksum
9fca6b7b6c20: Download complete
9057d1c7b258: Pull complete
9fca6b7b6c20: Pull complete
2151ac05b5b9: Pull complete
Digest: sha256:aeac6ecec80c7be84fff90e9776a91018792278c948cd19b0bb9dfc4f132a5d2
Status: Downloaded newer image for r.cfcr.io/codefresh-inc/codefresh/salesforce-reporter:1.1.8
r.cfcr.io/codefresh-inc/codefresh/salesforce-reporter:1.1.8
Pull r.cfcr.io/codefresh-inc/codefresh/salesforce-reporter:1.1.8 completed - Mon Oct  7 12:57:54 UTC 2019 !!!

Tag gcr.io/codefresh-inc/codefresh/salesforce-reporter:1.1.8 completed - Mon Oct  7 12:57:55 UTC 2019 !!!

The push refers to repository [gcr.io/codefresh-inc/codefresh/salesforce-reporter]
56a58f937ee2: Preparing
e1018c8f2f26: Preparing
96cb2e900c95: Preparing
41a7dcb95592: Preparing
2eafa6e73dae: Preparing
665dc3766a79: Preparing
5eab7faa6708: Preparing
24fb200fef55: Preparing
9dfa40a0da3b: Preparing
2eafa6e73dae: Waiting
665dc3766a79: Waiting
5eab7faa6708: Waiting
24fb200fef55: Waiting
9dfa40a0da3b: Waiting
56a58f937ee2: Retrying in 5 seconds
56a58f937ee2: Retrying in 4 seconds
96cb2e900c95: Pushed
2eafa6e73dae: Layer already exists
41a7dcb95592: Pushed
56a58f937ee2: Retrying in 3 seconds
665dc3766a79: Layer already exists
5eab7faa6708: Layer already exists
24fb200fef55: Layer already exists
9dfa40a0da3b: Layer already exists
56a58f937ee2: Retrying in 2 seconds
56a58f937ee2: Retrying in 1 second
e1018c8f2f26: Pushed
56a58f937ee2: Pushed
1.1.8: digest: sha256:aeac6ecec80c7be84fff90e9776a91018792278c948cd19b0bb9dfc4f132a5d2 size: 2208
Push gcr.io/codefresh-inc/codefresh/salesforce-reporter:1.1.8 completed - Mon Oct  7 12:58:04 UTC 2019 !!!

---------- Migrate r.cfcr.io/codefresh-inc/codefresh/salesforce-reporter:invited_lead_to_contacts to gcr.io/codefresh-inc/codefresh/salesforce-reporter:invited_lead_to_contacts
invited_lead_to_contacts: Pulling from codefresh-inc/codefresh/salesforce-reporter
605ce1bd3f31: Already exists
d9c1bb40879c: Already exists
d610e8516793: Already exists
2dc27af67c72: Already exists
eabbf1d5b16f: Already exists
fd2ad8f7325d: Already exists
9057d1c7b258: Already exists
9fca6b7b6c20: Already exists
2151ac05b5b9: Already exists
Digest: sha256:ac62d0155ba42f3735f25f305877c650d01fda0b2a06639e6a0937b458f37e82
Status: Downloaded newer image for r.cfcr.io/codefresh-inc/codefresh/salesforce-reporter:invited_lead_to_contacts
r.cfcr.io/codefresh-inc/codefresh/salesforce-reporter:invited_lead_to_contacts
Pull r.cfcr.io/codefresh-inc/codefresh/salesforce-reporter:invited_lead_to_contacts completed - Mon Oct  7 12:58:06 UTC 2019 !!!

Tag gcr.io/codefresh-inc/codefresh/salesforce-reporter:invited_lead_to_contacts completed - Mon Oct  7 12:58:06 UTC 2019 !!!

The push refers to repository [gcr.io/codefresh-inc/codefresh/salesforce-reporter]
56a58f937ee2: Preparing
e1018c8f2f26: Preparing
96cb2e900c95: Preparing
41a7dcb95592: Preparing
2eafa6e73dae: Preparing
665dc3766a79: Preparing
5eab7faa6708: Preparing
24fb200fef55: Preparing
9dfa40a0da3b: Preparing
41a7dcb95592: Waiting
2eafa6e73dae: Waiting
665dc3766a79: Waiting
5eab7faa6708: Waiting
24fb200fef55: Waiting
9dfa40a0da3b: Waiting
96cb2e900c95: Layer already exists
56a58f937ee2: Layer already exists
e1018c8f2f26: Layer already exists
665dc3766a79: Layer already exists
2eafa6e73dae: Layer already exists
41a7dcb95592: Layer already exists
5eab7faa6708: Layer already exists
24fb200fef55: Layer already exists
9dfa40a0da3b: Layer already exists
invited_lead_to_contacts: digest: sha256:ac62d0155ba42f3735f25f305877c650d01fda0b2a06639e6a0937b458f37e82 size: 2208
Push gcr.io/codefresh-inc/codefresh/salesforce-reporter:invited_lead_to_contacts completed - Mon Oct  7 12:58:10 UTC 2019 !!!

---------- Migrate r.cfcr.io/codefresh-inc/codefresh/salesforce-reporter:1.1.8-invited-lead-to-contacts to gcr.io/codefresh-inc/codefresh/salesforce-reporter:1.1.8-invited-lead-to-contacts
1.1.8-invited-lead-to-contacts: Pulling from codefresh-inc/codefresh/salesforce-reporter
Digest: sha256:ac62d0155ba42f3735f25f305877c650d01fda0b2a06639e6a0937b458f37e82
Status: Downloaded newer image for r.cfcr.io/codefresh-inc/codefresh/salesforce-reporter:1.1.8-invited-lead-to-contacts
r.cfcr.io/codefresh-inc/codefresh/salesforce-reporter:1.1.8-invited-lead-to-contacts
Pull r.cfcr.io/codefresh-inc/codefresh/salesforce-reporter:1.1.8-invited-lead-to-contacts completed - Mon Oct  7 12:58:11 UTC 2019 !!!

Tag gcr.io/codefresh-inc/codefresh/salesforce-reporter:1.1.8-invited-lead-to-contacts completed - Mon Oct  7 12:58:11 UTC 2019 !!!

The push refers to repository [gcr.io/codefresh-inc/codefresh/salesforce-reporter]
56a58f937ee2: Preparing
e1018c8f2f26: Preparing
96cb2e900c95: Preparing
41a7dcb95592: Preparing
2eafa6e73dae: Preparing
665dc3766a79: Preparing
5eab7faa6708: Preparing
24fb200fef55: Preparing
9dfa40a0da3b: Preparing
56a58f937ee2: Waiting
e1018c8f2f26: Waiting
96cb2e900c95: Waiting
41a7dcb95592: Waiting
2eafa6e73dae: Waiting
665dc3766a79: Waiting
5eab7faa6708: Waiting
24fb200fef55: Waiting
9dfa40a0da3b: Waiting
56a58f937ee2: Layer already exists
e1018c8f2f26: Layer already exists
96cb2e900c95: Layer already exists
41a7dcb95592: Layer already exists
2eafa6e73dae: Layer already exists
665dc3766a79: Layer already exists
5eab7faa6708: Layer already exists
24fb200fef55: Layer already exists
9dfa40a0da3b: Layer already exists
1.1.8-invited-lead-to-contacts: digest: sha256:ac62d0155ba42f3735f25f305877c650d01fda0b2a06639e6a0937b458f37e82 size: 2208
Push gcr.io/codefresh-inc/codefresh/salesforce-reporter:1.1.8-invited-lead-to-contacts completed - Mon Oct  7 12:58:17 UTC 2019 !!!

---------- Migrate r.cfcr.io/codefresh-inc/codefresh/salesforce-reporter:1.1.7 to gcr.io/codefresh-inc/codefresh/salesforce-reporter:1.1.7
1.1.7: Pulling from codefresh-inc/codefresh/salesforce-reporter
605ce1bd3f31: Already exists
d9c1bb40879c: Already exists
d610e8516793: Already exists
2dc27af67c72: Already exists
eabbf1d5b16f: Already exists
fd2ad8f7325d: Already exists
9057d1c7b258: Already exists
9fca6b7b6c20: Already exists
90aefee4732c: Pulling fs layer
90aefee4732c: Verifying Checksum
90aefee4732c: Download complete
90aefee4732c: Pull complete
Digest: sha256:c33ba51bcfe3f73d00a5492af2817c2edb6058110eff0075d734701fbce39449
Status: Downloaded newer image for r.cfcr.io/codefresh-inc/codefresh/salesforce-reporter:1.1.7
r.cfcr.io/codefresh-inc/codefresh/salesforce-reporter:1.1.7
Pull r.cfcr.io/codefresh-inc/codefresh/salesforce-reporter:1.1.7 completed - Mon Oct  7 12:58:19 UTC 2019 !!!

Tag gcr.io/codefresh-inc/codefresh/salesforce-reporter:1.1.7 completed - Mon Oct  7 12:58:19 UTC 2019 !!!

The push refers to repository [gcr.io/codefresh-inc/codefresh/salesforce-reporter]
580ba1c5ffdf: Preparing
e1018c8f2f26: Preparing
96cb2e900c95: Preparing
41a7dcb95592: Preparing
2eafa6e73dae: Preparing
665dc3766a79: Preparing
5eab7faa6708: Preparing
24fb200fef55: Preparing
9dfa40a0da3b: Preparing
e1018c8f2f26: Waiting
96cb2e900c95: Waiting
41a7dcb95592: Waiting
2eafa6e73dae: Waiting
665dc3766a79: Waiting
5eab7faa6708: Waiting
24fb200fef55: Waiting
9dfa40a0da3b: Waiting
96cb2e900c95: Layer already exists
e1018c8f2f26: Layer already exists
41a7dcb95592: Layer already exists
2eafa6e73dae: Layer already exists
665dc3766a79: Layer already exists
5eab7faa6708: Layer already exists
9dfa40a0da3b: Layer already exists
24fb200fef55: Layer already exists
580ba1c5ffdf: Pushed
1.1.7: digest: sha256:c33ba51bcfe3f73d00a5492af2817c2edb6058110eff0075d734701fbce39449 size: 2208
Push gcr.io/codefresh-inc/codefresh/salesforce-reporter:1.1.7 completed - Mon Oct  7 12:58:22 UTC 2019 !!!

---------- Migrate r.cfcr.io/codefresh-inc/codefresh/salesforce-reporter:saas-3379_paying_users_to_contacts to gcr.io/codefresh-inc/codefresh/salesforce-reporter:saas-3379_paying_users_to_contacts
saas-3379_paying_users_to_contacts: Pulling from codefresh-inc/codefresh/salesforce-reporter
605ce1bd3f31: Already exists
d9c1bb40879c: Already exists
d610e8516793: Already exists
2dc27af67c72: Already exists
eabbf1d5b16f: Already exists
fd2ad8f7325d: Already exists
9057d1c7b258: Already exists
9fca6b7b6c20: Already exists
90aefee4732c: Already exists
Digest: sha256:cef869b01bf2a8f8ffe4aac05a9ffae97dc7baeda8b23cdbb49bfe3d914cf476
Status: Downloaded newer image for r.cfcr.io/codefresh-inc/codefresh/salesforce-reporter:saas-3379_paying_users_to_contacts
r.cfcr.io/codefresh-inc/codefresh/salesforce-reporter:saas-3379_paying_users_to_contacts
Pull r.cfcr.io/codefresh-inc/codefresh/salesforce-reporter:saas-3379_paying_users_to_contacts completed - Mon Oct  7 12:58:23 UTC 2019 !!!

Tag gcr.io/codefresh-inc/codefresh/salesforce-reporter:saas-3379_paying_users_to_contacts completed - Mon Oct  7 12:58:23 UTC 2019 !!!

The push refers to repository [gcr.io/codefresh-inc/codefresh/salesforce-reporter]
580ba1c5ffdf: Preparing
e1018c8f2f26: Preparing
96cb2e900c95: Preparing
41a7dcb95592: Preparing
2eafa6e73dae: Preparing
665dc3766a79: Preparing
5eab7faa6708: Preparing
24fb200fef55: Preparing
9dfa40a0da3b: Preparing
41a7dcb95592: Waiting
2eafa6e73dae: Waiting
665dc3766a79: Waiting
5eab7faa6708: Waiting
24fb200fef55: Waiting
9dfa40a0da3b: Waiting
96cb2e900c95: Layer already exists
e1018c8f2f26: Layer already exists
580ba1c5ffdf: Layer already exists
2eafa6e73dae: Layer already exists
41a7dcb95592: Layer already exists
665dc3766a79: Layer already exists
5eab7faa6708: Layer already exists
9dfa40a0da3b: Layer already exists
24fb200fef55: Layer already exists
saas-3379_paying_users_to_contacts: digest: sha256:7015a0c1b42bb218c215b79dc6fc747006e4bdef57b1bec8201e1bcc5dadd884 size: 2208
Push gcr.io/codefresh-inc/codefresh/salesforce-reporter:saas-3379_paying_users_to_contacts completed - Mon Oct  7 12:58:25 UTC 2019 !!!

---------- Migrate r.cfcr.io/codefresh-inc/codefresh/salesforce-reporter:SAAS-3379_paying_users_to_contacts to gcr.io/codefresh-inc/codefresh/salesforce-reporter:SAAS-3379_paying_users_to_contacts
SAAS-3379_paying_users_to_contacts: Pulling from codefresh-inc/codefresh/salesforce-reporter
Digest: sha256:7015a0c1b42bb218c215b79dc6fc747006e4bdef57b1bec8201e1bcc5dadd884
Status: Downloaded newer image for r.cfcr.io/codefresh-inc/codefresh/salesforce-reporter:SAAS-3379_paying_users_to_contacts
r.cfcr.io/codefresh-inc/codefresh/salesforce-reporter:SAAS-3379_paying_users_to_contacts
Pull r.cfcr.io/codefresh-inc/codefresh/salesforce-reporter:SAAS-3379_paying_users_to_contacts completed - Mon Oct  7 12:58:26 UTC 2019 !!!

Tag gcr.io/codefresh-inc/codefresh/salesforce-reporter:SAAS-3379_paying_users_to_contacts completed - Mon Oct  7 12:58:26 UTC 2019 !!!

The push refers to repository [gcr.io/codefresh-inc/codefresh/salesforce-reporter]
580ba1c5ffdf: Preparing
e1018c8f2f26: Preparing
96cb2e900c95: Preparing
41a7dcb95592: Preparing
2eafa6e73dae: Preparing
665dc3766a79: Preparing
5eab7faa6708: Preparing
24fb200fef55: Preparing
9dfa40a0da3b: Preparing
5eab7faa6708: Waiting
24fb200fef55: Waiting
9dfa40a0da3b: Waiting
2eafa6e73dae: Waiting
665dc3766a79: Waiting
e1018c8f2f26: Layer already exists
41a7dcb95592: Layer already exists
96cb2e900c95: Layer already exists
580ba1c5ffdf: Layer already exists
2eafa6e73dae: Layer already exists
665dc3766a79: Layer already exists
5eab7faa6708: Layer already exists
24fb200fef55: Layer already exists
9dfa40a0da3b: Layer already exists
SAAS-3379_paying_users_to_contacts: digest: sha256:7015a0c1b42bb218c215b79dc6fc747006e4bdef57b1bec8201e1bcc5dadd884 size: 2208
Push gcr.io/codefresh-inc/codefresh/salesforce-reporter:SAAS-3379_paying_users_to_contacts completed - Mon Oct  7 12:58:27 UTC 2019 !!!

---------- Migrate r.cfcr.io/codefresh-inc/codefresh/salesforce-reporter:1.1.7-saas-3379-paying-users-to-contacts to gcr.io/codefresh-inc/codefresh/salesforce-reporter:1.1.7-saas-3379-paying-users-to-contacts
1.1.7-saas-3379-paying-users-to-contacts: Pulling from codefresh-inc/codefresh/salesforce-reporter
Digest: sha256:7015a0c1b42bb218c215b79dc6fc747006e4bdef57b1bec8201e1bcc5dadd884
Status: Downloaded newer image for r.cfcr.io/codefresh-inc/codefresh/salesforce-reporter:1.1.7-saas-3379-paying-users-to-contacts
r.cfcr.io/codefresh-inc/codefresh/salesforce-reporter:1.1.7-saas-3379-paying-users-to-contacts
Pull r.cfcr.io/codefresh-inc/codefresh/salesforce-reporter:1.1.7-saas-3379-paying-users-to-contacts completed - Mon Oct  7 12:58:27 UTC 2019 !!!

Tag gcr.io/codefresh-inc/codefresh/salesforce-reporter:1.1.7-saas-3379-paying-users-to-contacts completed - Mon Oct  7 12:58:28 UTC 2019 !!!

The push refers to repository [gcr.io/codefresh-inc/codefresh/salesforce-reporter]
580ba1c5ffdf: Preparing
e1018c8f2f26: Preparing
96cb2e900c95: Preparing
41a7dcb95592: Preparing
2eafa6e73dae: Preparing
665dc3766a79: Preparing
5eab7faa6708: Preparing
24fb200fef55: Preparing
9dfa40a0da3b: Preparing
580ba1c5ffdf: Waiting
e1018c8f2f26: Waiting
96cb2e900c95: Waiting
41a7dcb95592: Waiting
2eafa6e73dae: Waiting
665dc3766a79: Waiting
5eab7faa6708: Waiting
24fb200fef55: Waiting
9dfa40a0da3b: Waiting
580ba1c5ffdf: Layer already exists
96cb2e900c95: Layer already exists
e1018c8f2f26: Layer already exists
41a7dcb95592: Layer already exists
2eafa6e73dae: Layer already exists
665dc3766a79: Layer already exists
5eab7faa6708: Layer already exists
24fb200fef55: Layer already exists
9dfa40a0da3b: Layer already exists
1.1.7-saas-3379-paying-users-to-contacts: digest: sha256:7015a0c1b42bb218c215b79dc6fc747006e4bdef57b1bec8201e1bcc5dadd884 size: 2208
Push gcr.io/codefresh-inc/codefresh/salesforce-reporter:1.1.7-saas-3379-paying-users-to-contacts completed - Mon Oct  7 12:58:29 UTC 2019 !!!

---------- Migrate r.cfcr.io/codefresh-inc/codefresh/salesforce-reporter:1.1.6-saas-3379-paying-users-to-contacts to gcr.io/codefresh-inc/codefresh/salesforce-reporter:1.1.6-saas-3379-paying-users-to-contacts
1.1.6-saas-3379-paying-users-to-contacts: Pulling from codefresh-inc/codefresh/salesforce-reporter
605ce1bd3f31: Already exists
d9c1bb40879c: Already exists
d610e8516793: Already exists
2dc27af67c72: Already exists
eabbf1d5b16f: Already exists
fd2ad8f7325d: Already exists
9057d1c7b258: Already exists
9fca6b7b6c20: Already exists
b8396fca9015: Pulling fs layer
b8396fca9015: Verifying Checksum
b8396fca9015: Download complete
b8396fca9015: Pull complete
Digest: sha256:8e7d2178c497031f71b8b8e87e74a85a346e06bfa1db190f4c6bf41686d7ce29
Status: Downloaded newer image for r.cfcr.io/codefresh-inc/codefresh/salesforce-reporter:1.1.6-saas-3379-paying-users-to-contacts
r.cfcr.io/codefresh-inc/codefresh/salesforce-reporter:1.1.6-saas-3379-paying-users-to-contacts
Pull r.cfcr.io/codefresh-inc/codefresh/salesforce-reporter:1.1.6-saas-3379-paying-users-to-contacts completed - Mon Oct  7 12:58:31 UTC 2019 !!!

Tag gcr.io/codefresh-inc/codefresh/salesforce-reporter:1.1.6-saas-3379-paying-users-to-contacts completed - Mon Oct  7 12:58:31 UTC 2019 !!!

The push refers to repository [gcr.io/codefresh-inc/codefresh/salesforce-reporter]
b553a420a8a8: Preparing
e1018c8f2f26: Preparing
96cb2e900c95: Preparing
41a7dcb95592: Preparing
2eafa6e73dae: Preparing
665dc3766a79: Preparing
5eab7faa6708: Preparing
24fb200fef55: Preparing
9dfa40a0da3b: Preparing
665dc3766a79: Waiting
5eab7faa6708: Waiting
24fb200fef55: Waiting
9dfa40a0da3b: Waiting
2eafa6e73dae: Layer already exists
41a7dcb95592: Layer already exists
96cb2e900c95: Layer already exists
e1018c8f2f26: Layer already exists
665dc3766a79: Layer already exists
24fb200fef55: Layer already exists
9dfa40a0da3b: Layer already exists
5eab7faa6708: Layer already exists
b553a420a8a8: Pushed
1.1.6-saas-3379-paying-users-to-contacts: digest: sha256:8e7d2178c497031f71b8b8e87e74a85a346e06bfa1db190f4c6bf41686d7ce29 size: 2208
Push gcr.io/codefresh-inc/codefresh/salesforce-reporter:1.1.6-saas-3379-paying-users-to-contacts completed - Mon Oct  7 12:58:35 UTC 2019 !!!

---------- Migrate r.cfcr.io/codefresh-inc/codefresh/salesforce-reporter:1.1.6 to gcr.io/codefresh-inc/codefresh/salesforce-reporter:1.1.6
1.1.6: Pulling from codefresh-inc/codefresh/salesforce-reporter
605ce1bd3f31: Already exists
d9c1bb40879c: Already exists
d610e8516793: Already exists
2dc27af67c72: Already exists
eabbf1d5b16f: Already exists
fd2ad8f7325d: Already exists
9057d1c7b258: Already exists
9fca6b7b6c20: Already exists
900134e005c0: Pulling fs layer
900134e005c0: Verifying Checksum
900134e005c0: Download complete
900134e005c0: Pull complete
Digest: sha256:6718046246df53811f4f4fadefe134b407358008061e9a33f522e94d8e1ca243
Status: Downloaded newer image for r.cfcr.io/codefresh-inc/codefresh/salesforce-reporter:1.1.6
r.cfcr.io/codefresh-inc/codefresh/salesforce-reporter:1.1.6
Pull r.cfcr.io/codefresh-inc/codefresh/salesforce-reporter:1.1.6 completed - Mon Oct  7 12:58:36 UTC 2019 !!!

Tag gcr.io/codefresh-inc/codefresh/salesforce-reporter:1.1.6 completed - Mon Oct  7 12:58:36 UTC 2019 !!!

The push refers to repository [gcr.io/codefresh-inc/codefresh/salesforce-reporter]
c160a2ff4311: Preparing
e1018c8f2f26: Preparing
96cb2e900c95: Preparing
41a7dcb95592: Preparing
2eafa6e73dae: Preparing
665dc3766a79: Preparing
5eab7faa6708: Preparing
24fb200fef55: Preparing
9dfa40a0da3b: Preparing
665dc3766a79: Waiting
5eab7faa6708: Waiting
24fb200fef55: Waiting
9dfa40a0da3b: Waiting
96cb2e900c95: Layer already exists
41a7dcb95592: Layer already exists
2eafa6e73dae: Layer already exists
e1018c8f2f26: Layer already exists
5eab7faa6708: Layer already exists
665dc3766a79: Layer already exists
24fb200fef55: Layer already exists
9dfa40a0da3b: Layer already exists
c160a2ff4311: Pushed
1.1.6: digest: sha256:6718046246df53811f4f4fadefe134b407358008061e9a33f522e94d8e1ca243 size: 2208
Push gcr.io/codefresh-inc/codefresh/salesforce-reporter:1.1.6 completed - Mon Oct  7 12:58:40 UTC 2019 !!!

---------- Migrate r.cfcr.io/codefresh-inc/codefresh/salesforce-reporter:rabbit_reconnect to gcr.io/codefresh-inc/codefresh/salesforce-reporter:rabbit_reconnect
rabbit_reconnect: Pulling from codefresh-inc/codefresh/salesforce-reporter
605ce1bd3f31: Already exists
d9c1bb40879c: Already exists
d610e8516793: Already exists
2dc27af67c72: Already exists
eabbf1d5b16f: Already exists
fd2ad8f7325d: Already exists
9057d1c7b258: Already exists
9fca6b7b6c20: Already exists
900134e005c0: Already exists
Digest: sha256:b4dc8d25f0e4199d239336eefd53f5ff36784502b981ed5c385bec4cfec5acc9
Status: Downloaded newer image for r.cfcr.io/codefresh-inc/codefresh/salesforce-reporter:rabbit_reconnect
r.cfcr.io/codefresh-inc/codefresh/salesforce-reporter:rabbit_reconnect
Pull r.cfcr.io/codefresh-inc/codefresh/salesforce-reporter:rabbit_reconnect completed - Mon Oct  7 12:58:42 UTC 2019 !!!

Tag gcr.io/codefresh-inc/codefresh/salesforce-reporter:rabbit_reconnect completed - Mon Oct  7 12:58:42 UTC 2019 !!!

The push refers to repository [gcr.io/codefresh-inc/codefresh/salesforce-reporter]
c160a2ff4311: Preparing
e1018c8f2f26: Preparing
96cb2e900c95: Preparing
41a7dcb95592: Preparing
2eafa6e73dae: Preparing
665dc3766a79: Preparing
5eab7faa6708: Preparing
24fb200fef55: Preparing
9dfa40a0da3b: Preparing
c160a2ff4311: Waiting
e1018c8f2f26: Waiting
96cb2e900c95: Waiting
41a7dcb95592: Waiting
2eafa6e73dae: Waiting
665dc3766a79: Waiting
5eab7faa6708: Waiting
24fb200fef55: Waiting
9dfa40a0da3b: Waiting
96cb2e900c95: Layer already exists
e1018c8f2f26: Layer already exists
c160a2ff4311: Layer already exists
2eafa6e73dae: Layer already exists
41a7dcb95592: Layer already exists
665dc3766a79: Layer already exists
5eab7faa6708: Layer already exists
24fb200fef55: Layer already exists
9dfa40a0da3b: Layer already exists
rabbit_reconnect: digest: sha256:b4dc8d25f0e4199d239336eefd53f5ff36784502b981ed5c385bec4cfec5acc9 size: 2208
Push gcr.io/codefresh-inc/codefresh/salesforce-reporter:rabbit_reconnect completed - Mon Oct  7 12:58:50 UTC 2019 !!!

---------- Migrate r.cfcr.io/codefresh-inc/codefresh/salesforce-reporter:1.1.6-rabbit-reconnect to gcr.io/codefresh-inc/codefresh/salesforce-reporter:1.1.6-rabbit-reconnect
1.1.6-rabbit-reconnect: Pulling from codefresh-inc/codefresh/salesforce-reporter
Digest: sha256:b4dc8d25f0e4199d239336eefd53f5ff36784502b981ed5c385bec4cfec5acc9
Status: Downloaded newer image for r.cfcr.io/codefresh-inc/codefresh/salesforce-reporter:1.1.6-rabbit-reconnect
r.cfcr.io/codefresh-inc/codefresh/salesforce-reporter:1.1.6-rabbit-reconnect
Pull r.cfcr.io/codefresh-inc/codefresh/salesforce-reporter:1.1.6-rabbit-reconnect completed - Mon Oct  7 12:58:51 UTC 2019 !!!

Tag gcr.io/codefresh-inc/codefresh/salesforce-reporter:1.1.6-rabbit-reconnect completed - Mon Oct  7 12:58:51 UTC 2019 !!!

The push refers to repository [gcr.io/codefresh-inc/codefresh/salesforce-reporter]
c160a2ff4311: Preparing
e1018c8f2f26: Preparing
96cb2e900c95: Preparing
41a7dcb95592: Preparing
2eafa6e73dae: Preparing
665dc3766a79: Preparing
5eab7faa6708: Preparing
24fb200fef55: Preparing
9dfa40a0da3b: Preparing
41a7dcb95592: Waiting
2eafa6e73dae: Waiting
665dc3766a79: Waiting
5eab7faa6708: Waiting
24fb200fef55: Waiting
9dfa40a0da3b: Waiting
96cb2e900c95: Layer already exists
c160a2ff4311: Layer already exists
41a7dcb95592: Layer already exists
e1018c8f2f26: Layer already exists
665dc3766a79: Layer already exists
2eafa6e73dae: Layer already exists
24fb200fef55: Layer already exists
9dfa40a0da3b: Layer already exists
5eab7faa6708: Layer already exists
1.1.6-rabbit-reconnect: digest: sha256:b4dc8d25f0e4199d239336eefd53f5ff36784502b981ed5c385bec4cfec5acc9 size: 2208
Push gcr.io/codefresh-inc/codefresh/salesforce-reporter:1.1.6-rabbit-reconnect completed - Mon Oct  7 12:58:52 UTC 2019 !!!

---------- Migrate r.cfcr.io/codefresh-inc/codefresh/salesforce-reporter:1.1.5 to gcr.io/codefresh-inc/codefresh/salesforce-reporter:1.1.5
1.1.5: Pulling from codefresh-inc/codefresh/salesforce-reporter
605ce1bd3f31: Already exists
d9c1bb40879c: Already exists
d610e8516793: Already exists
2dc27af67c72: Already exists
eabbf1d5b16f: Already exists
1a064d622091: Pulling fs layer
18ac74e96811: Pulling fs layer
f19944f9c697: Pulling fs layer
4d649e9dba18: Pulling fs layer
f19944f9c697: Waiting
4d649e9dba18: Waiting
18ac74e96811: Verifying Checksum
18ac74e96811: Download complete
1a064d622091: Verifying Checksum
1a064d622091: Download complete
4d649e9dba18: Verifying Checksum
4d649e9dba18: Download complete
1a064d622091: Pull complete
18ac74e96811: Pull complete
f19944f9c697: Verifying Checksum
f19944f9c697: Download complete
f19944f9c697: Pull complete
4d649e9dba18: Pull complete
Digest: sha256:74ed589007d7c6860419225c0a8be9eba9629e8b2dfe1b3bc14b050cab5852de
Status: Downloaded newer image for r.cfcr.io/codefresh-inc/codefresh/salesforce-reporter:1.1.5
r.cfcr.io/codefresh-inc/codefresh/salesforce-reporter:1.1.5
Pull r.cfcr.io/codefresh-inc/codefresh/salesforce-reporter:1.1.5 completed - Mon Oct  7 12:59:00 UTC 2019 !!!

Tag gcr.io/codefresh-inc/codefresh/salesforce-reporter:1.1.5 completed - Mon Oct  7 12:59:00 UTC 2019 !!!

The push refers to repository [gcr.io/codefresh-inc/codefresh/salesforce-reporter]
b41487750879: Preparing
8be6ea513331: Preparing
a8c89856ea14: Preparing
f79290a4eeae: Preparing
2eafa6e73dae: Preparing
665dc3766a79: Preparing
5eab7faa6708: Preparing
24fb200fef55: Preparing
9dfa40a0da3b: Preparing
2eafa6e73dae: Waiting
665dc3766a79: Waiting
5eab7faa6708: Waiting
24fb200fef55: Waiting
9dfa40a0da3b: Waiting
a8c89856ea14: Retrying in 5 seconds
b41487750879: Retrying in 5 seconds
8be6ea513331: Retrying in 5 seconds
b41487750879: Retrying in 4 seconds
a8c89856ea14: Retrying in 4 seconds
8be6ea513331: Retrying in 4 seconds
f79290a4eeae: Pushed
2eafa6e73dae: Layer already exists
665dc3766a79: Layer already exists
5eab7faa6708: Layer already exists
24fb200fef55: Layer already exists
b41487750879: Retrying in 3 seconds
a8c89856ea14: Retrying in 3 seconds
9dfa40a0da3b: Layer already exists
8be6ea513331: Retrying in 3 seconds
b41487750879: Retrying in 2 seconds
a8c89856ea14: Retrying in 2 seconds
8be6ea513331: Retrying in 2 seconds
b41487750879: Retrying in 1 second
a8c89856ea14: Retrying in 1 second
8be6ea513331: Retrying in 1 second
b41487750879: Retrying in 10 seconds
8be6ea513331: Retrying in 10 seconds
b41487750879: Retrying in 9 seconds
8be6ea513331: Retrying in 9 seconds
a8c89856ea14: Pushed
b41487750879: Retrying in 8 seconds
8be6ea513331: Retrying in 8 seconds
b41487750879: Retrying in 7 seconds
8be6ea513331: Retrying in 7 seconds
b41487750879: Retrying in 6 seconds
8be6ea513331: Retrying in 6 seconds
b41487750879: Retrying in 5 seconds
8be6ea513331: Retrying in 5 seconds
b41487750879: Retrying in 4 seconds
8be6ea513331: Retrying in 4 seconds
b41487750879: Retrying in 3 seconds
8be6ea513331: Retrying in 3 seconds
b41487750879: Retrying in 2 seconds
8be6ea513331: Retrying in 2 seconds
b41487750879: Retrying in 1 second
8be6ea513331: Retrying in 1 second
b41487750879: Pushed
8be6ea513331: Pushed
1.1.5: digest: sha256:74ed589007d7c6860419225c0a8be9eba9629e8b2dfe1b3bc14b050cab5852de size: 2208
Push gcr.io/codefresh-inc/codefresh/salesforce-reporter:1.1.5 completed - Mon Oct  7 12:59:27 UTC 2019 !!!

---------- Migrate r.cfcr.io/codefresh-inc/codefresh/salesforce-reporter:fix-google-analytic-field to gcr.io/codefresh-inc/codefresh/salesforce-reporter:fix-google-analytic-field
fix-google-analytic-field: Pulling from codefresh-inc/codefresh/salesforce-reporter
605ce1bd3f31: Already exists
d9c1bb40879c: Already exists
d610e8516793: Already exists
2dc27af67c72: Already exists
eabbf1d5b16f: Already exists
1a064d622091: Already exists
18ac74e96811: Already exists
f19944f9c697: Already exists
4d649e9dba18: Already exists
Digest: sha256:d1f6fcbae3375df1bfb1b91f215af857f1f9fe649344ffc81f0665907e0104d6
Status: Downloaded newer image for r.cfcr.io/codefresh-inc/codefresh/salesforce-reporter:fix-google-analytic-field
r.cfcr.io/codefresh-inc/codefresh/salesforce-reporter:fix-google-analytic-field
Pull r.cfcr.io/codefresh-inc/codefresh/salesforce-reporter:fix-google-analytic-field completed - Mon Oct  7 12:59:28 UTC 2019 !!!

Tag gcr.io/codefresh-inc/codefresh/salesforce-reporter:fix-google-analytic-field completed - Mon Oct  7 12:59:28 UTC 2019 !!!

The push refers to repository [gcr.io/codefresh-inc/codefresh/salesforce-reporter]
b41487750879: Preparing
8be6ea513331: Preparing
a8c89856ea14: Preparing
f79290a4eeae: Preparing
2eafa6e73dae: Preparing
665dc3766a79: Preparing
5eab7faa6708: Preparing
24fb200fef55: Preparing
9dfa40a0da3b: Preparing
f79290a4eeae: Waiting
2eafa6e73dae: Waiting
665dc3766a79: Waiting
5eab7faa6708: Waiting
24fb200fef55: Waiting
9dfa40a0da3b: Waiting
8be6ea513331: Layer already exists
b41487750879: Layer already exists
a8c89856ea14: Layer already exists
2eafa6e73dae: Layer already exists
f79290a4eeae: Layer already exists
665dc3766a79: Layer already exists
5eab7faa6708: Layer already exists
24fb200fef55: Layer already exists
9dfa40a0da3b: Layer already exists
fix-google-analytic-field: digest: sha256:d1f6fcbae3375df1bfb1b91f215af857f1f9fe649344ffc81f0665907e0104d6 size: 2208
Push gcr.io/codefresh-inc/codefresh/salesforce-reporter:fix-google-analytic-field completed - Mon Oct  7 12:59:30 UTC 2019 !!!

---------- Migrate r.cfcr.io/codefresh-inc/codefresh/salesforce-reporter:1.1.5-fix-google-analytic-field to gcr.io/codefresh-inc/codefresh/salesforce-reporter:1.1.5-fix-google-analytic-field
1.1.5-fix-google-analytic-field: Pulling from codefresh-inc/codefresh/salesforce-reporter
Digest: sha256:d1f6fcbae3375df1bfb1b91f215af857f1f9fe649344ffc81f0665907e0104d6
Status: Downloaded newer image for r.cfcr.io/codefresh-inc/codefresh/salesforce-reporter:1.1.5-fix-google-analytic-field
r.cfcr.io/codefresh-inc/codefresh/salesforce-reporter:1.1.5-fix-google-analytic-field
Pull r.cfcr.io/codefresh-inc/codefresh/salesforce-reporter:1.1.5-fix-google-analytic-field completed - Mon Oct  7 12:59:31 UTC 2019 !!!

Tag gcr.io/codefresh-inc/codefresh/salesforce-reporter:1.1.5-fix-google-analytic-field completed - Mon Oct  7 12:59:31 UTC 2019 !!!

The push refers to repository [gcr.io/codefresh-inc/codefresh/salesforce-reporter]
b41487750879: Preparing
8be6ea513331: Preparing
a8c89856ea14: Preparing
f79290a4eeae: Preparing
2eafa6e73dae: Preparing
665dc3766a79: Preparing
5eab7faa6708: Preparing
24fb200fef55: Preparing
9dfa40a0da3b: Preparing
665dc3766a79: Waiting
5eab7faa6708: Waiting
24fb200fef55: Waiting
2eafa6e73dae: Waiting
9dfa40a0da3b: Waiting
f79290a4eeae: Layer already exists
8be6ea513331: Layer already exists
a8c89856ea14: Layer already exists
b41487750879: Layer already exists
2eafa6e73dae: Layer already exists
665dc3766a79: Layer already exists
24fb200fef55: Layer already exists
5eab7faa6708: Layer already exists
9dfa40a0da3b: Layer already exists
1.1.5-fix-google-analytic-field: digest: sha256:d1f6fcbae3375df1bfb1b91f215af857f1f9fe649344ffc81f0665907e0104d6 size: 2208
Push gcr.io/codefresh-inc/codefresh/salesforce-reporter:1.1.5-fix-google-analytic-field completed - Mon Oct  7 12:59:31 UTC 2019 !!!

---------- Migrate r.cfcr.io/codefresh-inc/codefresh/salesforce-reporter:saas-3414-source-ip to gcr.io/codefresh-inc/codefresh/salesforce-reporter:saas-3414-source-ip
saas-3414-source-ip: Pulling from codefresh-inc/codefresh/salesforce-reporter
605ce1bd3f31: Already exists
d9c1bb40879c: Already exists
d610e8516793: Already exists
2dc27af67c72: Already exists
eabbf1d5b16f: Already exists
7d648c6bdfd8: Pulling fs layer
c5c99408fa40: Pulling fs layer
c8b499869f99: Pulling fs layer
4e8aa23b4c4d: Pulling fs layer
4e8aa23b4c4d: Waiting
c5c99408fa40: Verifying Checksum
c5c99408fa40: Download complete
7d648c6bdfd8: Verifying Checksum
7d648c6bdfd8: Download complete
7d648c6bdfd8: Pull complete
c8b499869f99: Verifying Checksum
c8b499869f99: Download complete
c5c99408fa40: Pull complete
4e8aa23b4c4d: Verifying Checksum
4e8aa23b4c4d: Download complete
c8b499869f99: Pull complete
4e8aa23b4c4d: Pull complete
Digest: sha256:32761839b23f00b1274243cc0d7d50a6b3b53666ba059f2295b42e1d19d5d653
Status: Downloaded newer image for r.cfcr.io/codefresh-inc/codefresh/salesforce-reporter:saas-3414-source-ip
r.cfcr.io/codefresh-inc/codefresh/salesforce-reporter:saas-3414-source-ip
Pull r.cfcr.io/codefresh-inc/codefresh/salesforce-reporter:saas-3414-source-ip completed - Mon Oct  7 12:59:53 UTC 2019 !!!

Tag gcr.io/codefresh-inc/codefresh/salesforce-reporter:saas-3414-source-ip completed - Mon Oct  7 12:59:53 UTC 2019 !!!

The push refers to repository [gcr.io/codefresh-inc/codefresh/salesforce-reporter]
6471da892433: Preparing
9659c9fe9a71: Preparing
9119964e114e: Preparing
befd1c139afc: Preparing
2eafa6e73dae: Preparing
665dc3766a79: Preparing
5eab7faa6708: Preparing
24fb200fef55: Preparing
9dfa40a0da3b: Preparing
6471da892433: Waiting
9659c9fe9a71: Waiting
9119964e114e: Waiting
befd1c139afc: Waiting
2eafa6e73dae: Waiting
665dc3766a79: Waiting
5eab7faa6708: Waiting
24fb200fef55: Waiting
9dfa40a0da3b: Waiting
9119964e114e: Pushed
befd1c139afc: Pushed
2eafa6e73dae: Layer already exists
665dc3766a79: Layer already exists
5eab7faa6708: Layer already exists
24fb200fef55: Layer already exists
9dfa40a0da3b: Layer already exists
9659c9fe9a71: Pushed
6471da892433: Pushed
saas-3414-source-ip: digest: sha256:577813374a328ba96acd3346d313dadafceed10a97349a79ba23be1b6e6f3bf6 size: 2210
Push gcr.io/codefresh-inc/codefresh/salesforce-reporter:saas-3414-source-ip completed - Mon Oct  7 13:00:17 UTC 2019 !!!

---------- Migrate r.cfcr.io/codefresh-inc/codefresh/salesforce-reporter:SAAS-3414-source-ip to gcr.io/codefresh-inc/codefresh/salesforce-reporter:SAAS-3414-source-ip
SAAS-3414-source-ip: Pulling from codefresh-inc/codefresh/salesforce-reporter
Digest: sha256:577813374a328ba96acd3346d313dadafceed10a97349a79ba23be1b6e6f3bf6
Status: Downloaded newer image for r.cfcr.io/codefresh-inc/codefresh/salesforce-reporter:SAAS-3414-source-ip
r.cfcr.io/codefresh-inc/codefresh/salesforce-reporter:SAAS-3414-source-ip
Pull r.cfcr.io/codefresh-inc/codefresh/salesforce-reporter:SAAS-3414-source-ip completed - Mon Oct  7 13:00:21 UTC 2019 !!!

Tag gcr.io/codefresh-inc/codefresh/salesforce-reporter:SAAS-3414-source-ip completed - Mon Oct  7 13:00:21 UTC 2019 !!!

The push refers to repository [gcr.io/codefresh-inc/codefresh/salesforce-reporter]
6471da892433: Preparing
9659c9fe9a71: Preparing
9119964e114e: Preparing
befd1c139afc: Preparing
2eafa6e73dae: Preparing
665dc3766a79: Preparing
5eab7faa6708: Preparing
24fb200fef55: Preparing
9dfa40a0da3b: Preparing
9119964e114e: Waiting
befd1c139afc: Waiting
2eafa6e73dae: Waiting
665dc3766a79: Waiting
5eab7faa6708: Waiting
24fb200fef55: Waiting
9dfa40a0da3b: Waiting
9659c9fe9a71: Layer already exists
6471da892433: Layer already exists
9119964e114e: Layer already exists
befd1c139afc: Layer already exists
2eafa6e73dae: Layer already exists
665dc3766a79: Layer already exists
24fb200fef55: Layer already exists
5eab7faa6708: Layer already exists
9dfa40a0da3b: Layer already exists
SAAS-3414-source-ip: digest: sha256:577813374a328ba96acd3346d313dadafceed10a97349a79ba23be1b6e6f3bf6 size: 2210
Push gcr.io/codefresh-inc/codefresh/salesforce-reporter:SAAS-3414-source-ip completed - Mon Oct  7 13:00:24 UTC 2019 !!!

---------- Migrate r.cfcr.io/codefresh-inc/codefresh/salesforce-reporter:1.1.6-saas-3414-source-ip to gcr.io/codefresh-inc/codefresh/salesforce-reporter:1.1.6-saas-3414-source-ip
1.1.6-saas-3414-source-ip: Pulling from codefresh-inc/codefresh/salesforce-reporter
Digest: sha256:577813374a328ba96acd3346d313dadafceed10a97349a79ba23be1b6e6f3bf6
Status: Downloaded newer image for r.cfcr.io/codefresh-inc/codefresh/salesforce-reporter:1.1.6-saas-3414-source-ip
r.cfcr.io/codefresh-inc/codefresh/salesforce-reporter:1.1.6-saas-3414-source-ip
Pull r.cfcr.io/codefresh-inc/codefresh/salesforce-reporter:1.1.6-saas-3414-source-ip completed - Mon Oct  7 13:00:27 UTC 2019 !!!

Tag gcr.io/codefresh-inc/codefresh/salesforce-reporter:1.1.6-saas-3414-source-ip completed - Mon Oct  7 13:00:27 UTC 2019 !!!

The push refers to repository [gcr.io/codefresh-inc/codefresh/salesforce-reporter]
6471da892433: Preparing
9659c9fe9a71: Preparing
9119964e114e: Preparing
befd1c139afc: Preparing
2eafa6e73dae: Preparing
665dc3766a79: Preparing
5eab7faa6708: Preparing
24fb200fef55: Preparing
9dfa40a0da3b: Preparing
6471da892433: Waiting
9659c9fe9a71: Waiting
9119964e114e: Waiting
befd1c139afc: Waiting
2eafa6e73dae: Waiting
665dc3766a79: Waiting
5eab7faa6708: Waiting
24fb200fef55: Waiting
9dfa40a0da3b: Waiting
9659c9fe9a71: Layer already exists
6471da892433: Layer already exists
9119964e114e: Layer already exists
befd1c139afc: Layer already exists
2eafa6e73dae: Layer already exists
665dc3766a79: Layer already exists
5eab7faa6708: Layer already exists
9dfa40a0da3b: Layer already exists
24fb200fef55: Layer already exists
1.1.6-saas-3414-source-ip: digest: sha256:577813374a328ba96acd3346d313dadafceed10a97349a79ba23be1b6e6f3bf6 size: 2210
Push gcr.io/codefresh-inc/codefresh/salesforce-reporter:1.1.6-saas-3414-source-ip completed - Mon Oct  7 13:00:31 UTC 2019 !!!

---------- Migrate r.cfcr.io/codefresh-inc/codefresh/salesforce-reporter:1.1.5-saas-3414-source-ip to gcr.io/codefresh-inc/codefresh/salesforce-reporter:1.1.5-saas-3414-source-ip
1.1.5-saas-3414-source-ip: Pulling from codefresh-inc/codefresh/salesforce-reporter
605ce1bd3f31: Already exists
d9c1bb40879c: Already exists
d610e8516793: Already exists
2dc27af67c72: Already exists
eabbf1d5b16f: Already exists
7d648c6bdfd8: Already exists
c5c99408fa40: Already exists
c8b499869f99: Already exists
0524ba94ff3c: Pulling fs layer
0524ba94ff3c: Verifying Checksum
0524ba94ff3c: Download complete
0524ba94ff3c: Pull complete
Digest: sha256:599930c3ed33a521d1c72125b7334ef51de1663e40ef1882cf93a23df60e1f01
Status: Downloaded newer image for r.cfcr.io/codefresh-inc/codefresh/salesforce-reporter:1.1.5-saas-3414-source-ip
r.cfcr.io/codefresh-inc/codefresh/salesforce-reporter:1.1.5-saas-3414-source-ip
Pull r.cfcr.io/codefresh-inc/codefresh/salesforce-reporter:1.1.5-saas-3414-source-ip completed - Mon Oct  7 13:00:34 UTC 2019 !!!

Tag gcr.io/codefresh-inc/codefresh/salesforce-reporter:1.1.5-saas-3414-source-ip completed - Mon Oct  7 13:00:34 UTC 2019 !!!

The push refers to repository [gcr.io/codefresh-inc/codefresh/salesforce-reporter]
3592d858c994: Preparing
9659c9fe9a71: Preparing
9119964e114e: Preparing
befd1c139afc: Preparing
2eafa6e73dae: Preparing
665dc3766a79: Preparing
5eab7faa6708: Preparing
24fb200fef55: Preparing
9dfa40a0da3b: Preparing
befd1c139afc: Waiting
2eafa6e73dae: Waiting
665dc3766a79: Waiting
5eab7faa6708: Waiting
24fb200fef55: Waiting
9dfa40a0da3b: Waiting
9119964e114e: Layer already exists
9659c9fe9a71: Layer already exists
befd1c139afc: Layer already exists
2eafa6e73dae: Layer already exists
665dc3766a79: Layer already exists
5eab7faa6708: Layer already exists
24fb200fef55: Layer already exists
9dfa40a0da3b: Layer already exists
3592d858c994: Pushed
1.1.5-saas-3414-source-ip: digest: sha256:599930c3ed33a521d1c72125b7334ef51de1663e40ef1882cf93a23df60e1f01 size: 2208
Push gcr.io/codefresh-inc/codefresh/salesforce-reporter:1.1.5-saas-3414-source-ip completed - Mon Oct  7 13:00:37 UTC 2019 !!!

---------- Migrate r.cfcr.io/codefresh-inc/codefresh/salesforce-reporter:1.1.4 to gcr.io/codefresh-inc/codefresh/salesforce-reporter:1.1.4
1.1.4: Pulling from codefresh-inc/codefresh/salesforce-reporter
605ce1bd3f31: Already exists
d9c1bb40879c: Already exists
d610e8516793: Already exists
2dc27af67c72: Already exists
eabbf1d5b16f: Already exists
1c86e9c6daa3: Pulling fs layer
01ca4b742121: Pulling fs layer
ecea70592114: Pulling fs layer
dece185da3b1: Pulling fs layer
ecea70592114: Waiting
dece185da3b1: Waiting
01ca4b742121: Verifying Checksum
01ca4b742121: Download complete
ecea70592114: Verifying Checksum
ecea70592114: Download complete
1c86e9c6daa3: Verifying Checksum
1c86e9c6daa3: Download complete
dece185da3b1: Verifying Checksum
dece185da3b1: Download complete
1c86e9c6daa3: Pull complete
01ca4b742121: Pull complete
ecea70592114: Pull complete
dece185da3b1: Pull complete
Digest: sha256:52931d2e8361e0e7f882e362e910bc0428791314dc60554ad4a79b769f773a6a
Status: Downloaded newer image for r.cfcr.io/codefresh-inc/codefresh/salesforce-reporter:1.1.4
r.cfcr.io/codefresh-inc/codefresh/salesforce-reporter:1.1.4
Pull r.cfcr.io/codefresh-inc/codefresh/salesforce-reporter:1.1.4 completed - Mon Oct  7 13:00:45 UTC 2019 !!!

Tag gcr.io/codefresh-inc/codefresh/salesforce-reporter:1.1.4 completed - Mon Oct  7 13:00:45 UTC 2019 !!!

The push refers to repository [gcr.io/codefresh-inc/codefresh/salesforce-reporter]
99d416fbb7fb: Preparing
55ffba3472d4: Preparing
67908225e400: Preparing
b072ff32b8a5: Preparing
2eafa6e73dae: Preparing
665dc3766a79: Preparing
5eab7faa6708: Preparing
24fb200fef55: Preparing
9dfa40a0da3b: Preparing
99d416fbb7fb: Waiting
55ffba3472d4: Waiting
67908225e400: Waiting
b072ff32b8a5: Waiting
2eafa6e73dae: Waiting
665dc3766a79: Waiting
5eab7faa6708: Waiting
24fb200fef55: Waiting
9dfa40a0da3b: Waiting
99d416fbb7fb: Pushed
67908225e400: Pushed
2eafa6e73dae: Layer already exists
b072ff32b8a5: Pushed
665dc3766a79: Layer already exists
5eab7faa6708: Layer already exists
9dfa40a0da3b: Layer already exists
24fb200fef55: Layer already exists
55ffba3472d4: Pushed
1.1.4: digest: sha256:52931d2e8361e0e7f882e362e910bc0428791314dc60554ad4a79b769f773a6a size: 2208
Push gcr.io/codefresh-inc/codefresh/salesforce-reporter:1.1.4 completed - Mon Oct  7 13:00:55 UTC 2019 !!!

---------- Migrate r.cfcr.io/codefresh-inc/codefresh/salesforce-reporter:enterprise_to_contacts to gcr.io/codefresh-inc/codefresh/salesforce-reporter:enterprise_to_contacts
enterprise_to_contacts: Pulling from codefresh-inc/codefresh/salesforce-reporter
605ce1bd3f31: Already exists
d9c1bb40879c: Already exists
d610e8516793: Already exists
2dc27af67c72: Already exists
eabbf1d5b16f: Already exists
1c86e9c6daa3: Already exists
01ca4b742121: Already exists
ecea70592114: Already exists
dece185da3b1: Already exists
Digest: sha256:f638d345632af09afcd897f8f7fa8162a25c05a0e7d988cd8be4ad92c1800757
Status: Downloaded newer image for r.cfcr.io/codefresh-inc/codefresh/salesforce-reporter:enterprise_to_contacts
r.cfcr.io/codefresh-inc/codefresh/salesforce-reporter:enterprise_to_contacts
Pull r.cfcr.io/codefresh-inc/codefresh/salesforce-reporter:enterprise_to_contacts completed - Mon Oct  7 13:00:56 UTC 2019 !!!

Tag gcr.io/codefresh-inc/codefresh/salesforce-reporter:enterprise_to_contacts completed - Mon Oct  7 13:00:56 UTC 2019 !!!

The push refers to repository [gcr.io/codefresh-inc/codefresh/salesforce-reporter]
99d416fbb7fb: Preparing
55ffba3472d4: Preparing
67908225e400: Preparing
b072ff32b8a5: Preparing
2eafa6e73dae: Preparing
665dc3766a79: Preparing
5eab7faa6708: Preparing
24fb200fef55: Preparing
9dfa40a0da3b: Preparing
67908225e400: Waiting
b072ff32b8a5: Waiting
2eafa6e73dae: Waiting
665dc3766a79: Waiting
5eab7faa6708: Waiting
24fb200fef55: Waiting
9dfa40a0da3b: Waiting
55ffba3472d4: Layer already exists
99d416fbb7fb: Layer already exists
67908225e400: Layer already exists
b072ff32b8a5: Layer already exists
2eafa6e73dae: Layer already exists
665dc3766a79: Layer already exists
5eab7faa6708: Layer already exists
24fb200fef55: Layer already exists
9dfa40a0da3b: Layer already exists
enterprise_to_contacts: digest: sha256:f638d345632af09afcd897f8f7fa8162a25c05a0e7d988cd8be4ad92c1800757 size: 2208
Push gcr.io/codefresh-inc/codefresh/salesforce-reporter:enterprise_to_contacts completed - Mon Oct  7 13:00:58 UTC 2019 !!!

---------- Migrate r.cfcr.io/codefresh-inc/codefresh/salesforce-reporter:1.1.4-enterprise-to-contacts to gcr.io/codefresh-inc/codefresh/salesforce-reporter:1.1.4-enterprise-to-contacts
1.1.4-enterprise-to-contacts: Pulling from codefresh-inc/codefresh/salesforce-reporter
Digest: sha256:f638d345632af09afcd897f8f7fa8162a25c05a0e7d988cd8be4ad92c1800757
Status: Downloaded newer image for r.cfcr.io/codefresh-inc/codefresh/salesforce-reporter:1.1.4-enterprise-to-contacts
r.cfcr.io/codefresh-inc/codefresh/salesforce-reporter:1.1.4-enterprise-to-contacts
Pull r.cfcr.io/codefresh-inc/codefresh/salesforce-reporter:1.1.4-enterprise-to-contacts completed - Mon Oct  7 13:00:59 UTC 2019 !!!

Tag gcr.io/codefresh-inc/codefresh/salesforce-reporter:1.1.4-enterprise-to-contacts completed - Mon Oct  7 13:00:59 UTC 2019 !!!

The push refers to repository [gcr.io/codefresh-inc/codefresh/salesforce-reporter]
99d416fbb7fb: Preparing
55ffba3472d4: Preparing
67908225e400: Preparing
b072ff32b8a5: Preparing
2eafa6e73dae: Preparing
665dc3766a79: Preparing
5eab7faa6708: Preparing
24fb200fef55: Preparing
9dfa40a0da3b: Preparing
b072ff32b8a5: Waiting
2eafa6e73dae: Waiting
665dc3766a79: Waiting
5eab7faa6708: Waiting
24fb200fef55: Waiting
9dfa40a0da3b: Waiting
55ffba3472d4: Layer already exists
67908225e400: Layer already exists
99d416fbb7fb: Layer already exists
2eafa6e73dae: Layer already exists
665dc3766a79: Layer already exists
b072ff32b8a5: Layer already exists
5eab7faa6708: Layer already exists
24fb200fef55: Layer already exists
9dfa40a0da3b: Layer already exists
1.1.4-enterprise-to-contacts: digest: sha256:f638d345632af09afcd897f8f7fa8162a25c05a0e7d988cd8be4ad92c1800757 size: 2208
Push gcr.io/codefresh-inc/codefresh/salesforce-reporter:1.1.4-enterprise-to-contacts completed - Mon Oct  7 13:00:59 UTC 2019 !!!

---------- Migrate r.cfcr.io/codefresh-inc/codefresh/salesforce-reporter:1.1.3-enterprise-to-contacts to gcr.io/codefresh-inc/codefresh/salesforce-reporter:1.1.3-enterprise-to-contacts
1.1.3-enterprise-to-contacts: Pulling from codefresh-inc/codefresh/salesforce-reporter
605ce1bd3f31: Already exists
d9c1bb40879c: Already exists
d610e8516793: Already exists
2dc27af67c72: Already exists
eabbf1d5b16f: Already exists
1c86e9c6daa3: Already exists
01ca4b742121: Already exists
ecea70592114: Already exists
287b8fa94b51: Pulling fs layer
287b8fa94b51: Verifying Checksum
287b8fa94b51: Download complete
287b8fa94b51: Pull complete
Digest: sha256:61a494683f840f1a4c233db1e282a3d6d3ea66094b32bc02953b2165cae69dff
Status: Downloaded newer image for r.cfcr.io/codefresh-inc/codefresh/salesforce-reporter:1.1.3-enterprise-to-contacts
r.cfcr.io/codefresh-inc/codefresh/salesforce-reporter:1.1.3-enterprise-to-contacts
Pull r.cfcr.io/codefresh-inc/codefresh/salesforce-reporter:1.1.3-enterprise-to-contacts completed - Mon Oct  7 13:01:00 UTC 2019 !!!

Tag gcr.io/codefresh-inc/codefresh/salesforce-reporter:1.1.3-enterprise-to-contacts completed - Mon Oct  7 13:01:00 UTC 2019 !!!

The push refers to repository [gcr.io/codefresh-inc/codefresh/salesforce-reporter]
a2a068c50a46: Preparing
55ffba3472d4: Preparing
67908225e400: Preparing
b072ff32b8a5: Preparing
2eafa6e73dae: Preparing
665dc3766a79: Preparing
5eab7faa6708: Preparing
24fb200fef55: Preparing
9dfa40a0da3b: Preparing
b072ff32b8a5: Waiting
5eab7faa6708: Waiting
24fb200fef55: Waiting
9dfa40a0da3b: Waiting
2eafa6e73dae: Waiting
665dc3766a79: Waiting
55ffba3472d4: Layer already exists
67908225e400: Layer already exists
b072ff32b8a5: Layer already exists
2eafa6e73dae: Layer already exists
665dc3766a79: Layer already exists
5eab7faa6708: Layer already exists
24fb200fef55: Layer already exists
9dfa40a0da3b: Layer already exists
a2a068c50a46: Pushed
1.1.3-enterprise-to-contacts: digest: sha256:61a494683f840f1a4c233db1e282a3d6d3ea66094b32bc02953b2165cae69dff size: 2208
Push gcr.io/codefresh-inc/codefresh/salesforce-reporter:1.1.3-enterprise-to-contacts completed - Mon Oct  7 13:01:03 UTC 2019 !!!

---------- Migrate r.cfcr.io/codefresh-inc/codefresh/salesforce-reporter:1.1.3 to gcr.io/codefresh-inc/codefresh/salesforce-reporter:1.1.3
1.1.3: Pulling from codefresh-inc/codefresh/salesforce-reporter
605ce1bd3f31: Already exists
d9c1bb40879c: Already exists
d610e8516793: Already exists
2dc27af67c72: Already exists
eabbf1d5b16f: Already exists
1c86e9c6daa3: Already exists
01ca4b742121: Already exists
ecea70592114: Already exists
9885ff244057: Pulling fs layer
9885ff244057: Download complete
9885ff244057: Pull complete
Digest: sha256:8b10ae789ab01577c53d6e175c8cd58c8fe9fc1c9f5f7caf8b36099540c5e8b8
Status: Downloaded newer image for r.cfcr.io/codefresh-inc/codefresh/salesforce-reporter:1.1.3
r.cfcr.io/codefresh-inc/codefresh/salesforce-reporter:1.1.3
Pull r.cfcr.io/codefresh-inc/codefresh/salesforce-reporter:1.1.3 completed - Mon Oct  7 13:01:04 UTC 2019 !!!

Tag gcr.io/codefresh-inc/codefresh/salesforce-reporter:1.1.3 completed - Mon Oct  7 13:01:04 UTC 2019 !!!

The push refers to repository [gcr.io/codefresh-inc/codefresh/salesforce-reporter]
f005cc1957d2: Preparing
55ffba3472d4: Preparing
67908225e400: Preparing
b072ff32b8a5: Preparing
2eafa6e73dae: Preparing
665dc3766a79: Preparing
5eab7faa6708: Preparing
24fb200fef55: Preparing
9dfa40a0da3b: Preparing
665dc3766a79: Waiting
5eab7faa6708: Waiting
24fb200fef55: Waiting
9dfa40a0da3b: Waiting
b072ff32b8a5: Layer already exists
2eafa6e73dae: Layer already exists
67908225e400: Layer already exists
55ffba3472d4: Layer already exists
5eab7faa6708: Layer already exists
665dc3766a79: Layer already exists
24fb200fef55: Layer already exists
9dfa40a0da3b: Layer already exists
f005cc1957d2: Pushed
1.1.3: digest: sha256:8b10ae789ab01577c53d6e175c8cd58c8fe9fc1c9f5f7caf8b36099540c5e8b8 size: 2208
Push gcr.io/codefresh-inc/codefresh/salesforce-reporter:1.1.3 completed - Mon Oct  7 13:01:07 UTC 2019 !!!

