Entering ./migrate-from-cfcr.sh - Mon Oct  7 11:48:26 UTC 2019
JOURNAL_DIR = ./journal/2019-10-07_114822
DONE_DIR = ./done
IMAGES_LIST=./journal/2019-10-07_114822/images-list

Starting at Mon Oct  7 11:48:28 UTC 2019
Processing ./journal/2019-10-07_114822/images-list
NAME                                  TAG                                              PULL - SKIP
./journal/2019-10-07_114822/codefresh__runtime-environment-manager.tags
./journal/2019-10-07_114822/codefresh__runtime-environment-manager.tags
codefresh/runtime-environment-manager 9c8301e722ede08382de4a6fd0efbb7b2eb19b79         r.cfcr.io/codefresh-inc/codefresh/runtime-environment-manager:9c8301e722ede08382de4a6fd0efbb7b2eb19b79 - SKIP
./journal/2019-10-07_114822/codefresh__runtime-environment-manager.tags
./journal/2019-10-07_114822/codefresh__runtime-environment-manager.tags
codefresh/runtime-environment-manager d0023ca3db0dd00788fc666e13861bcc3d15db6f         r.cfcr.io/codefresh-inc/codefresh/runtime-environment-manager:d0023ca3db0dd00788fc666e13861bcc3d15db6f - SKIP
./journal/2019-10-07_114822/codefresh__runtime-environment-manager.tags
codefresh/runtime-environment-manager 1edcd0c9b91403ce6c7d885c842e71f677909dcd         r.cfcr.io/codefresh-inc/codefresh/runtime-environment-manager:1edcd0c9b91403ce6c7d885c842e71f677909dcd - SKIP
codefresh/runtime-environment-manager 716ff7b32a1e28ba8b6e3cb2be42c5f248f9c91a         r.cfcr.io/codefresh-inc/codefresh/runtime-environment-manager:716ff7b32a1e28ba8b6e3cb2be42c5f248f9c91a - SKIP
./journal/2019-10-07_114822/codefresh__runtime-environment-manager.tags
./journal/2019-10-07_114822/codefresh__runtime-environment-manager.tags
./journal/2019-10-07_114822/codefresh__runtime-environment-manager.tags
codefresh/runtime-environment-manager 3b0f139d7eb54e34e77870dc7923945a907dbd1e         r.cfcr.io/codefresh-inc/codefresh/runtime-environment-manager:3b0f139d7eb54e34e77870dc7923945a907dbd1e - SKIP
./journal/2019-10-07_114822/codefresh__runtime-environment-manager.tags
codefresh/runtime-environment-manager a4a88f713f9d0c570858e4402c5e55d78db80607         r.cfcr.io/codefresh-inc/codefresh/runtime-environment-manager:a4a88f713f9d0c570858e4402c5e55d78db80607 - SKIP
codefresh/runtime-environment-manager <none> - SKIP
./journal/2019-10-07_114822/codefresh__runtime-environment-manager.tags
codefresh/runtime-environment-manager 58e221dfd103d17482e13f98d8b4c7a608c21723         r.cfcr.io/codefresh-inc/codefresh/runtime-environment-manager:58e221dfd103d17482e13f98d8b4c7a608c21723 - SKIP
./journal/2019-10-07_114822/codefresh__runtime-environment-manager.tags
./journal/2019-10-07_114822/codefresh__runtime-environment-manager.tags
codefresh/runtime-environment-manager c0fa43752c2e62d711fd17207eed06d7b38e2802         r.cfcr.io/codefresh-inc/codefresh/runtime-environment-manager:c0fa43752c2e62d711fd17207eed06d7b38e2802 - SKIP
./journal/2019-10-07_114822/codefresh__runtime-environment-manager.tags
codefresh/runtime-environment-manager 06c56a5f53e2a9d451bdbd0ba328b91a399fc80e         r.cfcr.io/codefresh-inc/codefresh/runtime-environment-manager:06c56a5f53e2a9d451bdbd0ba328b91a399fc80e - SKIP
./journal/2019-10-07_114822/codefresh__runtime-environment-manager.tags
codefresh/runtime-environment-manager bb861fb459dee9b750e891934cacd0b65c23c408         r.cfcr.io/codefresh-inc/codefresh/runtime-environment-manager:bb861fb459dee9b750e891934cacd0b65c23c408 - SKIP
./journal/2019-10-07_114822/codefresh__runtime-environment-manager.tags
codefresh/runtime-environment-manager <none> - SKIP
./journal/2019-10-07_114822/codefresh__runtime-environment-manager.tags
./journal/2019-10-07_114822/codefresh__runtime-environment-manager.tags
./journal/2019-10-07_114822/codefresh__runtime-environment-manager.tags
codefresh/runtime-environment-manager ef18129e88ee1af315d3a76e00af028de2843235         r.cfcr.io/codefresh-inc/codefresh/runtime-environment-manager:ef18129e88ee1af315d3a76e00af028de2843235 - SKIP
./journal/2019-10-07_114822/codefresh__runtime-environment-manager.tags
./journal/2019-10-07_114822/codefresh__runtime-environment-manager.tags
codefresh/runtime-environment-manager d9a74ab979c109193451b5be403024706bbb015d         r.cfcr.io/codefresh-inc/codefresh/runtime-environment-manager:d9a74ab979c109193451b5be403024706bbb015d - SKIP
./journal/2019-10-07_114822/codefresh__runtime-environment-manager.tags
./journal/2019-10-07_114822/codefresh__runtime-environment-manager.tags
codefresh/runtime-environment-manager 00c27cd764255b239b60759e0161bdc08502b643         r.cfcr.io/codefresh-inc/codefresh/runtime-environment-manager:00c27cd764255b239b60759e0161bdc08502b643 - SKIP
./journal/2019-10-07_114822/codefresh__runtime-environment-manager.tags
codefresh/runtime-environment-manager a390dffbc185de66826d65695914d9819c83eb6f         r.cfcr.io/codefresh-inc/codefresh/runtime-environment-manager:a390dffbc185de66826d65695914d9819c83eb6f - SKIP
./journal/2019-10-07_114822/codefresh__runtime-environment-manager.tags
./journal/2019-10-07_114822/codefresh__runtime-environment-manager.tags
codefresh/runtime-environment-manager fe89f83db00a60d8a1b601d13898371229395a99         r.cfcr.io/codefresh-inc/codefresh/runtime-environment-manager:fe89f83db00a60d8a1b601d13898371229395a99 - SKIP
./journal/2019-10-07_114822/codefresh__runtime-environment-manager.tags
./journal/2019-10-07_114822/codefresh__runtime-environment-manager.tags
./journal/2019-10-07_114822/codefresh__runtime-environment-manager.tags
./journal/2019-10-07_114822/codefresh__runtime-environment-manager.tags
./journal/2019-10-07_114822/codefresh__runtime-environment-manager.tags
./journal/2019-10-07_114822/codefresh__runtime-environment-manager.tags
codefresh/runtime-environment-manager a98c85444212dee6ae2cbbed85102c68e0b31aaa         r.cfcr.io/codefresh-inc/codefresh/runtime-environment-manager:a98c85444212dee6ae2cbbed85102c68e0b31aaa - SKIP
./journal/2019-10-07_114822/codefresh__runtime-environment-manager.tags
codefresh/runtime-environment-manager 7223d14bdf12203f56f75fd206c59dbe421ef843         r.cfcr.io/codefresh-inc/codefresh/runtime-environment-manager:7223d14bdf12203f56f75fd206c59dbe421ef843 - SKIP
./journal/2019-10-07_114822/codefresh__runtime-environment-manager.tags
./journal/2019-10-07_114822/codefresh__runtime-environment-manager.tags
./journal/2019-10-07_114822/codefresh__runtime-environment-manager.tags
codefresh/runtime-environment-manager 405fafd4c4870a57eba789d2b1c236fb44553383         r.cfcr.io/codefresh-inc/codefresh/runtime-environment-manager:405fafd4c4870a57eba789d2b1c236fb44553383 - SKIP
./journal/2019-10-07_114822/codefresh__runtime-environment-manager.tags
codefresh/runtime-environment-manager cf8839778a3caa86a862253367a962f01c2a6e84         r.cfcr.io/codefresh-inc/codefresh/runtime-environment-manager:cf8839778a3caa86a862253367a962f01c2a6e84 - SKIP

--- Mon Oct  7 11:48:29 UTC 2019
Processing tag files

  ****************
  Mon Oct  7 11:48:29 UTC 2019 - ./journal/2019-10-07_114822/codefresh__runtime-environment-manager.tags
grep: ./done/codefresh__runtime-environment-manager.tags: No such file or directory
---------- Migrate r.cfcr.io/codefresh-inc/codefresh/runtime-environment-manager:master to gcr.io/codefresh-inc/codefresh/runtime-environment-manager:master
master: Pulling from codefresh-inc/codefresh/runtime-environment-manager
e7c96db7181b: Already exists
df9eac31dfef: Already exists
0a20433d95a4: Already exists
1042eb4cdc00: Pulling fs layer
3746c9d8bac5: Pulling fs layer
1e159b804dd3: Pulling fs layer
02fc6badc18d: Pulling fs layer
b10c3beb0d45: Pulling fs layer
02fc6badc18d: Waiting
b10c3beb0d45: Waiting
1042eb4cdc00: Verifying Checksum
1042eb4cdc00: Download complete
1e159b804dd3: Verifying Checksum
1e159b804dd3: Download complete
3746c9d8bac5: Verifying Checksum
3746c9d8bac5: Download complete
1042eb4cdc00: Pull complete
b10c3beb0d45: Verifying Checksum
b10c3beb0d45: Download complete
3746c9d8bac5: Pull complete
1e159b804dd3: Pull complete
02fc6badc18d: Verifying Checksum
02fc6badc18d: Download complete
02fc6badc18d: Pull complete
b10c3beb0d45: Pull complete
Digest: sha256:b98b6af0db6ed62e8206c654c776aa86b7b6bb048187358970862720605c5440
Status: Downloaded newer image for r.cfcr.io/codefresh-inc/codefresh/runtime-environment-manager:master
r.cfcr.io/codefresh-inc/codefresh/runtime-environment-manager:master
Pull r.cfcr.io/codefresh-inc/codefresh/runtime-environment-manager:master completed - Mon Oct  7 11:48:40 UTC 2019 !!!

Tag gcr.io/codefresh-inc/codefresh/runtime-environment-manager:master completed - Mon Oct  7 11:48:40 UTC 2019 !!!

The push refers to repository [gcr.io/codefresh-inc/codefresh/runtime-environment-manager]
86a95597de64: Preparing
5139091fd91c: Preparing
a50dbbf8fd2d: Preparing
a85770fe4c60: Preparing
df2a60de69ca: Preparing
28bf756b6f8e: Preparing
4c299e1e70d5: Preparing
f1b5933fe4b5: Preparing
a85770fe4c60: Waiting
df2a60de69ca: Waiting
28bf756b6f8e: Waiting
4c299e1e70d5: Waiting
f1b5933fe4b5: Waiting
5139091fd91c: Retrying in 5 seconds
86a95597de64: Retrying in 5 seconds
5139091fd91c: Retrying in 4 seconds
86a95597de64: Retrying in 4 seconds
a50dbbf8fd2d: Pushed
5139091fd91c: Retrying in 3 seconds
86a95597de64: Retrying in 3 seconds
a85770fe4c60: Pushed
5139091fd91c: Retrying in 2 seconds
86a95597de64: Retrying in 2 seconds
5139091fd91c: Retrying in 1 second
86a95597de64: Retrying in 1 second
df2a60de69ca: Pushed
28bf756b6f8e: Layer already exists
4c299e1e70d5: Layer already exists
f1b5933fe4b5: Layer already exists
86a95597de64: Retrying in 10 seconds
86a95597de64: Retrying in 9 seconds
86a95597de64: Retrying in 8 seconds
86a95597de64: Retrying in 7 seconds
86a95597de64: Retrying in 6 seconds
86a95597de64: Retrying in 5 seconds
86a95597de64: Retrying in 4 seconds
86a95597de64: Retrying in 3 seconds
86a95597de64: Retrying in 2 seconds
86a95597de64: Retrying in 1 second
86a95597de64: Retrying in 15 seconds
86a95597de64: Retrying in 14 seconds
5139091fd91c: Pushed
86a95597de64: Retrying in 13 seconds
86a95597de64: Retrying in 12 seconds
86a95597de64: Retrying in 11 seconds
86a95597de64: Retrying in 10 seconds
86a95597de64: Retrying in 9 seconds
86a95597de64: Retrying in 8 seconds
86a95597de64: Retrying in 7 seconds
86a95597de64: Retrying in 6 seconds
86a95597de64: Retrying in 5 seconds
86a95597de64: Retrying in 4 seconds
86a95597de64: Retrying in 3 seconds
86a95597de64: Retrying in 2 seconds
86a95597de64: Retrying in 1 second
86a95597de64: Pushed
master: digest: sha256:e82f664f37d5348717d7c757a72a5ad75bc09c088e6d8488a367ae6c9b337500 size: 1995
Push gcr.io/codefresh-inc/codefresh/runtime-environment-manager:master completed - Mon Oct  7 11:49:17 UTC 2019 !!!

---------- Migrate r.cfcr.io/codefresh-inc/codefresh/runtime-environment-manager:3.6.0 to gcr.io/codefresh-inc/codefresh/runtime-environment-manager:3.6.0
3.6.0: Pulling from codefresh-inc/codefresh/runtime-environment-manager
Digest: sha256:e82f664f37d5348717d7c757a72a5ad75bc09c088e6d8488a367ae6c9b337500
Status: Downloaded newer image for r.cfcr.io/codefresh-inc/codefresh/runtime-environment-manager:3.6.0
r.cfcr.io/codefresh-inc/codefresh/runtime-environment-manager:3.6.0
Pull r.cfcr.io/codefresh-inc/codefresh/runtime-environment-manager:3.6.0 completed - Mon Oct  7 11:49:18 UTC 2019 !!!

Tag gcr.io/codefresh-inc/codefresh/runtime-environment-manager:3.6.0 completed - Mon Oct  7 11:49:18 UTC 2019 !!!

The push refers to repository [gcr.io/codefresh-inc/codefresh/runtime-environment-manager]
86a95597de64: Preparing
5139091fd91c: Preparing
a50dbbf8fd2d: Preparing
a85770fe4c60: Preparing
df2a60de69ca: Preparing
28bf756b6f8e: Preparing
4c299e1e70d5: Preparing
f1b5933fe4b5: Preparing
86a95597de64: Waiting
5139091fd91c: Waiting
a50dbbf8fd2d: Waiting
a85770fe4c60: Waiting
df2a60de69ca: Waiting
28bf756b6f8e: Waiting
4c299e1e70d5: Waiting
f1b5933fe4b5: Waiting
86a95597de64: Layer already exists
5139091fd91c: Layer already exists
a50dbbf8fd2d: Layer already exists
a85770fe4c60: Layer already exists
df2a60de69ca: Layer already exists
28bf756b6f8e: Layer already exists
4c299e1e70d5: Layer already exists
f1b5933fe4b5: Layer already exists
3.6.0: digest: sha256:e82f664f37d5348717d7c757a72a5ad75bc09c088e6d8488a367ae6c9b337500 size: 1995
Push gcr.io/codefresh-inc/codefresh/runtime-environment-manager:3.6.0 completed - Mon Oct  7 11:49:23 UTC 2019 !!!

---------- Migrate r.cfcr.io/codefresh-inc/codefresh/runtime-environment-manager:saas-support-annotations to gcr.io/codefresh-inc/codefresh/runtime-environment-manager:saas-support-annotations
saas-support-annotations: Pulling from codefresh-inc/codefresh/runtime-environment-manager
e7c96db7181b: Already exists
df9eac31dfef: Already exists
0a20433d95a4: Already exists
1042eb4cdc00: Already exists
3746c9d8bac5: Already exists
1e159b804dd3: Already exists
02fc6badc18d: Already exists
b10c3beb0d45: Already exists
Digest: sha256:5a05e0bc3ffbfbb4bc48b5587b6398297e56f0444dd68c65834ef6017c3f079c
Status: Downloaded newer image for r.cfcr.io/codefresh-inc/codefresh/runtime-environment-manager:saas-support-annotations
r.cfcr.io/codefresh-inc/codefresh/runtime-environment-manager:saas-support-annotations
Pull r.cfcr.io/codefresh-inc/codefresh/runtime-environment-manager:saas-support-annotations completed - Mon Oct  7 11:49:25 UTC 2019 !!!

Tag gcr.io/codefresh-inc/codefresh/runtime-environment-manager:saas-support-annotations completed - Mon Oct  7 11:49:26 UTC 2019 !!!

The push refers to repository [gcr.io/codefresh-inc/codefresh/runtime-environment-manager]
86a95597de64: Preparing
5139091fd91c: Preparing
a50dbbf8fd2d: Preparing
a85770fe4c60: Preparing
df2a60de69ca: Preparing
28bf756b6f8e: Preparing
4c299e1e70d5: Preparing
f1b5933fe4b5: Preparing
86a95597de64: Waiting
5139091fd91c: Waiting
a50dbbf8fd2d: Waiting
a85770fe4c60: Waiting
df2a60de69ca: Waiting
28bf756b6f8e: Waiting
4c299e1e70d5: Waiting
f1b5933fe4b5: Waiting
86a95597de64: Layer already exists
a50dbbf8fd2d: Layer already exists
5139091fd91c: Layer already exists
a85770fe4c60: Layer already exists
df2a60de69ca: Layer already exists
28bf756b6f8e: Layer already exists
f1b5933fe4b5: Layer already exists
4c299e1e70d5: Layer already exists
saas-support-annotations: digest: sha256:fbe2c59eb8eff9cb0809f1b34e2c727c7cc534a64c5ca7bc3e3f8ba52b9d8b1b size: 1995
Push gcr.io/codefresh-inc/codefresh/runtime-environment-manager:saas-support-annotations completed - Mon Oct  7 11:49:29 UTC 2019 !!!

---------- Migrate r.cfcr.io/codefresh-inc/codefresh/runtime-environment-manager:SAAS-support-annotations to gcr.io/codefresh-inc/codefresh/runtime-environment-manager:SAAS-support-annotations
SAAS-support-annotations: Pulling from codefresh-inc/codefresh/runtime-environment-manager
Digest: sha256:fbe2c59eb8eff9cb0809f1b34e2c727c7cc534a64c5ca7bc3e3f8ba52b9d8b1b
Status: Downloaded newer image for r.cfcr.io/codefresh-inc/codefresh/runtime-environment-manager:SAAS-support-annotations
r.cfcr.io/codefresh-inc/codefresh/runtime-environment-manager:SAAS-support-annotations
Pull r.cfcr.io/codefresh-inc/codefresh/runtime-environment-manager:SAAS-support-annotations completed - Mon Oct  7 11:49:30 UTC 2019 !!!

Tag gcr.io/codefresh-inc/codefresh/runtime-environment-manager:SAAS-support-annotations completed - Mon Oct  7 11:49:30 UTC 2019 !!!

The push refers to repository [gcr.io/codefresh-inc/codefresh/runtime-environment-manager]
86a95597de64: Preparing
5139091fd91c: Preparing
a50dbbf8fd2d: Preparing
a85770fe4c60: Preparing
df2a60de69ca: Preparing
28bf756b6f8e: Preparing
4c299e1e70d5: Preparing
f1b5933fe4b5: Preparing
a85770fe4c60: Waiting
df2a60de69ca: Waiting
28bf756b6f8e: Waiting
4c299e1e70d5: Waiting
f1b5933fe4b5: Waiting
86a95597de64: Layer already exists
5139091fd91c: Layer already exists
a50dbbf8fd2d: Layer already exists
a85770fe4c60: Layer already exists
28bf756b6f8e: Layer already exists
df2a60de69ca: Layer already exists
4c299e1e70d5: Layer already exists
f1b5933fe4b5: Layer already exists
SAAS-support-annotations: digest: sha256:fbe2c59eb8eff9cb0809f1b34e2c727c7cc534a64c5ca7bc3e3f8ba52b9d8b1b size: 1995
Push gcr.io/codefresh-inc/codefresh/runtime-environment-manager:SAAS-support-annotations completed - Mon Oct  7 11:49:32 UTC 2019 !!!

---------- Migrate r.cfcr.io/codefresh-inc/codefresh/runtime-environment-manager:3.6.0-saas-support-annotations to gcr.io/codefresh-inc/codefresh/runtime-environment-manager:3.6.0-saas-support-annotations
3.6.0-saas-support-annotations: Pulling from codefresh-inc/codefresh/runtime-environment-manager
Digest: sha256:fbe2c59eb8eff9cb0809f1b34e2c727c7cc534a64c5ca7bc3e3f8ba52b9d8b1b
Status: Downloaded newer image for r.cfcr.io/codefresh-inc/codefresh/runtime-environment-manager:3.6.0-saas-support-annotations
r.cfcr.io/codefresh-inc/codefresh/runtime-environment-manager:3.6.0-saas-support-annotations
Pull r.cfcr.io/codefresh-inc/codefresh/runtime-environment-manager:3.6.0-saas-support-annotations completed - Mon Oct  7 11:49:33 UTC 2019 !!!

Tag gcr.io/codefresh-inc/codefresh/runtime-environment-manager:3.6.0-saas-support-annotations completed - Mon Oct  7 11:49:33 UTC 2019 !!!

The push refers to repository [gcr.io/codefresh-inc/codefresh/runtime-environment-manager]
86a95597de64: Preparing
5139091fd91c: Preparing
a50dbbf8fd2d: Preparing
a85770fe4c60: Preparing
df2a60de69ca: Preparing
28bf756b6f8e: Preparing
4c299e1e70d5: Preparing
f1b5933fe4b5: Preparing
a85770fe4c60: Waiting
df2a60de69ca: Waiting
28bf756b6f8e: Waiting
4c299e1e70d5: Waiting
f1b5933fe4b5: Waiting
86a95597de64: Layer already exists
5139091fd91c: Layer already exists
a50dbbf8fd2d: Layer already exists
a85770fe4c60: Layer already exists
28bf756b6f8e: Layer already exists
df2a60de69ca: Layer already exists
4c299e1e70d5: Layer already exists
f1b5933fe4b5: Layer already exists
3.6.0-saas-support-annotations: digest: sha256:fbe2c59eb8eff9cb0809f1b34e2c727c7cc534a64c5ca7bc3e3f8ba52b9d8b1b size: 1995
Push gcr.io/codefresh-inc/codefresh/runtime-environment-manager:3.6.0-saas-support-annotations completed - Mon Oct  7 11:49:35 UTC 2019 !!!

---------- Migrate r.cfcr.io/codefresh-inc/codefresh/runtime-environment-manager:3.5.1-saas-support-annotations to gcr.io/codefresh-inc/codefresh/runtime-environment-manager:3.5.1-saas-support-annotations
3.5.1-saas-support-annotations: Pulling from codefresh-inc/codefresh/runtime-environment-manager
e7c96db7181b: Already exists
df9eac31dfef: Already exists
0a20433d95a4: Already exists
1042eb4cdc00: Already exists
3746c9d8bac5: Already exists
1e159b804dd3: Already exists
02fc6badc18d: Already exists
a21b2f730bdb: Pulling fs layer
a21b2f730bdb: Verifying Checksum
a21b2f730bdb: Download complete
a21b2f730bdb: Pull complete
Digest: sha256:b690dab0496d14d923c97c3432dd40631d716a3658aa32ea04be3838bfd95248
Status: Downloaded newer image for r.cfcr.io/codefresh-inc/codefresh/runtime-environment-manager:3.5.1-saas-support-annotations
r.cfcr.io/codefresh-inc/codefresh/runtime-environment-manager:3.5.1-saas-support-annotations
Pull r.cfcr.io/codefresh-inc/codefresh/runtime-environment-manager:3.5.1-saas-support-annotations completed - Mon Oct  7 11:49:37 UTC 2019 !!!

Tag gcr.io/codefresh-inc/codefresh/runtime-environment-manager:3.5.1-saas-support-annotations completed - Mon Oct  7 11:49:37 UTC 2019 !!!

The push refers to repository [gcr.io/codefresh-inc/codefresh/runtime-environment-manager]
c3d70a9ff297: Preparing
5139091fd91c: Preparing
a50dbbf8fd2d: Preparing
a85770fe4c60: Preparing
df2a60de69ca: Preparing
28bf756b6f8e: Preparing
4c299e1e70d5: Preparing
f1b5933fe4b5: Preparing
a85770fe4c60: Waiting
df2a60de69ca: Waiting
28bf756b6f8e: Waiting
4c299e1e70d5: Waiting
f1b5933fe4b5: Waiting
5139091fd91c: Layer already exists
a85770fe4c60: Layer already exists
a50dbbf8fd2d: Layer already exists
df2a60de69ca: Layer already exists
4c299e1e70d5: Layer already exists
28bf756b6f8e: Layer already exists
f1b5933fe4b5: Layer already exists
c3d70a9ff297: Pushed
3.5.1-saas-support-annotations: digest: sha256:b690dab0496d14d923c97c3432dd40631d716a3658aa32ea04be3838bfd95248 size: 1995
Push gcr.io/codefresh-inc/codefresh/runtime-environment-manager:3.5.1-saas-support-annotations completed - Mon Oct  7 11:49:42 UTC 2019 !!!

---------- Migrate r.cfcr.io/codefresh-inc/codefresh/runtime-environment-manager:saas-runtime-infra to gcr.io/codefresh-inc/codefresh/runtime-environment-manager:saas-runtime-infra
saas-runtime-infra: Pulling from codefresh-inc/codefresh/runtime-environment-manager
e7c96db7181b: Already exists
df9eac31dfef: Already exists
0a20433d95a4: Already exists
1042eb4cdc00: Already exists
3746c9d8bac5: Already exists
1e159b804dd3: Already exists
02fc6badc18d: Already exists
2b09a6a7e2a7: Pulling fs layer
2b09a6a7e2a7: Verifying Checksum
2b09a6a7e2a7: Download complete
2b09a6a7e2a7: Pull complete
Digest: sha256:56db6d9abb0feebfdd10259ce605b105e7399f1856a9a5d58645d62edd0927be
Status: Downloaded newer image for r.cfcr.io/codefresh-inc/codefresh/runtime-environment-manager:saas-runtime-infra
r.cfcr.io/codefresh-inc/codefresh/runtime-environment-manager:saas-runtime-infra
Pull r.cfcr.io/codefresh-inc/codefresh/runtime-environment-manager:saas-runtime-infra completed - Mon Oct  7 11:49:43 UTC 2019 !!!

Tag gcr.io/codefresh-inc/codefresh/runtime-environment-manager:saas-runtime-infra completed - Mon Oct  7 11:49:43 UTC 2019 !!!

The push refers to repository [gcr.io/codefresh-inc/codefresh/runtime-environment-manager]
ef8af1f00453: Preparing
5139091fd91c: Preparing
a50dbbf8fd2d: Preparing
a85770fe4c60: Preparing
df2a60de69ca: Preparing
28bf756b6f8e: Preparing
4c299e1e70d5: Preparing
f1b5933fe4b5: Preparing
28bf756b6f8e: Waiting
4c299e1e70d5: Waiting
f1b5933fe4b5: Waiting
a85770fe4c60: Layer already exists
a50dbbf8fd2d: Layer already exists
5139091fd91c: Layer already exists
df2a60de69ca: Layer already exists
4c299e1e70d5: Layer already exists
f1b5933fe4b5: Layer already exists
28bf756b6f8e: Layer already exists
ef8af1f00453: Pushed
saas-runtime-infra: digest: sha256:46566cc21ff942f5dadd0bb7089b8f5cd348e088154295cd385ab5c72413a5c5 size: 1996
Push gcr.io/codefresh-inc/codefresh/runtime-environment-manager:saas-runtime-infra completed - Mon Oct  7 11:49:47 UTC 2019 !!!

---------- Migrate r.cfcr.io/codefresh-inc/codefresh/runtime-environment-manager:SAAS-runtime-infra to gcr.io/codefresh-inc/codefresh/runtime-environment-manager:SAAS-runtime-infra
SAAS-runtime-infra: Pulling from codefresh-inc/codefresh/runtime-environment-manager
Digest: sha256:46566cc21ff942f5dadd0bb7089b8f5cd348e088154295cd385ab5c72413a5c5
Status: Downloaded newer image for r.cfcr.io/codefresh-inc/codefresh/runtime-environment-manager:SAAS-runtime-infra
r.cfcr.io/codefresh-inc/codefresh/runtime-environment-manager:SAAS-runtime-infra
Pull r.cfcr.io/codefresh-inc/codefresh/runtime-environment-manager:SAAS-runtime-infra completed - Mon Oct  7 11:49:48 UTC 2019 !!!

Tag gcr.io/codefresh-inc/codefresh/runtime-environment-manager:SAAS-runtime-infra completed - Mon Oct  7 11:49:48 UTC 2019 !!!

The push refers to repository [gcr.io/codefresh-inc/codefresh/runtime-environment-manager]
ef8af1f00453: Preparing
5139091fd91c: Preparing
a50dbbf8fd2d: Preparing
a85770fe4c60: Preparing
df2a60de69ca: Preparing
28bf756b6f8e: Preparing
4c299e1e70d5: Preparing
f1b5933fe4b5: Preparing
ef8af1f00453: Waiting
5139091fd91c: Waiting
a50dbbf8fd2d: Waiting
a85770fe4c60: Waiting
df2a60de69ca: Waiting
28bf756b6f8e: Waiting
4c299e1e70d5: Waiting
f1b5933fe4b5: Waiting
a85770fe4c60: Layer already exists
a50dbbf8fd2d: Layer already exists
5139091fd91c: Layer already exists
ef8af1f00453: Layer already exists
df2a60de69ca: Layer already exists
28bf756b6f8e: Layer already exists
4c299e1e70d5: Layer already exists
f1b5933fe4b5: Layer already exists
SAAS-runtime-infra: digest: sha256:46566cc21ff942f5dadd0bb7089b8f5cd348e088154295cd385ab5c72413a5c5 size: 1996
Push gcr.io/codefresh-inc/codefresh/runtime-environment-manager:SAAS-runtime-infra completed - Mon Oct  7 11:49:49 UTC 2019 !!!

---------- Migrate r.cfcr.io/codefresh-inc/codefresh/runtime-environment-manager:3.5.1-saas-runtime-infra to gcr.io/codefresh-inc/codefresh/runtime-environment-manager:3.5.1-saas-runtime-infra
3.5.1-saas-runtime-infra: Pulling from codefresh-inc/codefresh/runtime-environment-manager
Digest: sha256:46566cc21ff942f5dadd0bb7089b8f5cd348e088154295cd385ab5c72413a5c5
Status: Downloaded newer image for r.cfcr.io/codefresh-inc/codefresh/runtime-environment-manager:3.5.1-saas-runtime-infra
r.cfcr.io/codefresh-inc/codefresh/runtime-environment-manager:3.5.1-saas-runtime-infra
Pull r.cfcr.io/codefresh-inc/codefresh/runtime-environment-manager:3.5.1-saas-runtime-infra completed - Mon Oct  7 11:49:51 UTC 2019 !!!

Tag gcr.io/codefresh-inc/codefresh/runtime-environment-manager:3.5.1-saas-runtime-infra completed - Mon Oct  7 11:49:51 UTC 2019 !!!

The push refers to repository [gcr.io/codefresh-inc/codefresh/runtime-environment-manager]
ef8af1f00453: Preparing
5139091fd91c: Preparing
a50dbbf8fd2d: Preparing
a85770fe4c60: Preparing
df2a60de69ca: Preparing
28bf756b6f8e: Preparing
4c299e1e70d5: Preparing
f1b5933fe4b5: Preparing
28bf756b6f8e: Waiting
4c299e1e70d5: Waiting
f1b5933fe4b5: Waiting
a85770fe4c60: Layer already exists
ef8af1f00453: Layer already exists
a50dbbf8fd2d: Layer already exists
5139091fd91c: Layer already exists
df2a60de69ca: Layer already exists
4c299e1e70d5: Layer already exists
f1b5933fe4b5: Layer already exists
28bf756b6f8e: Layer already exists
3.5.1-saas-runtime-infra: digest: sha256:46566cc21ff942f5dadd0bb7089b8f5cd348e088154295cd385ab5c72413a5c5 size: 1996
Push gcr.io/codefresh-inc/codefresh/runtime-environment-manager:3.5.1-saas-runtime-infra completed - Mon Oct  7 11:49:52 UTC 2019 !!!

---------- Migrate r.cfcr.io/codefresh-inc/codefresh/runtime-environment-manager:3.5.1 to gcr.io/codefresh-inc/codefresh/runtime-environment-manager:3.5.1
3.5.1: Pulling from codefresh-inc/codefresh/runtime-environment-manager
e7c96db7181b: Already exists
df9eac31dfef: Already exists
0a20433d95a4: Already exists
1042eb4cdc00: Already exists
3746c9d8bac5: Already exists
1e159b804dd3: Already exists
02fc6badc18d: Already exists
d4393daf6c6c: Pulling fs layer
d4393daf6c6c: Verifying Checksum
d4393daf6c6c: Download complete
d4393daf6c6c: Pull complete
Digest: sha256:76ed221e737acbe37591ab4b6dc9b35a62c85c36afc56afacf94b05b3dd204b0
Status: Downloaded newer image for r.cfcr.io/codefresh-inc/codefresh/runtime-environment-manager:3.5.1
r.cfcr.io/codefresh-inc/codefresh/runtime-environment-manager:3.5.1
Pull r.cfcr.io/codefresh-inc/codefresh/runtime-environment-manager:3.5.1 completed - Mon Oct  7 11:49:54 UTC 2019 !!!

Tag gcr.io/codefresh-inc/codefresh/runtime-environment-manager:3.5.1 completed - Mon Oct  7 11:49:54 UTC 2019 !!!

The push refers to repository [gcr.io/codefresh-inc/codefresh/runtime-environment-manager]
4b4c4061c9e9: Preparing
5139091fd91c: Preparing
a50dbbf8fd2d: Preparing
a85770fe4c60: Preparing
df2a60de69ca: Preparing
28bf756b6f8e: Preparing
4c299e1e70d5: Preparing
f1b5933fe4b5: Preparing
a50dbbf8fd2d: Waiting
a85770fe4c60: Waiting
df2a60de69ca: Waiting
28bf756b6f8e: Waiting
4c299e1e70d5: Waiting
f1b5933fe4b5: Waiting
5139091fd91c: Layer already exists
a50dbbf8fd2d: Layer already exists
a85770fe4c60: Layer already exists
df2a60de69ca: Layer already exists
28bf756b6f8e: Layer already exists
4c299e1e70d5: Layer already exists
f1b5933fe4b5: Layer already exists
4b4c4061c9e9: Pushed
3.5.1: digest: sha256:76ed221e737acbe37591ab4b6dc9b35a62c85c36afc56afacf94b05b3dd204b0 size: 1995
Push gcr.io/codefresh-inc/codefresh/runtime-environment-manager:3.5.1 completed - Mon Oct  7 11:49:58 UTC 2019 !!!

---------- Migrate r.cfcr.io/codefresh-inc/codefresh/runtime-environment-manager:preemptible-saas-3841 to gcr.io/codefresh-inc/codefresh/runtime-environment-manager:preemptible-saas-3841
preemptible-saas-3841: Pulling from codefresh-inc/codefresh/runtime-environment-manager
e7c96db7181b: Already exists
df9eac31dfef: Already exists
0a20433d95a4: Already exists
1042eb4cdc00: Already exists
3746c9d8bac5: Already exists
1e159b804dd3: Already exists
02fc6badc18d: Already exists
d4393daf6c6c: Already exists
Digest: sha256:3daf3cba80f08ac05d25e281dbd93cdf10b7ffa0940dc430d0b80dc4a40fcac9
Status: Downloaded newer image for r.cfcr.io/codefresh-inc/codefresh/runtime-environment-manager:preemptible-saas-3841
r.cfcr.io/codefresh-inc/codefresh/runtime-environment-manager:preemptible-saas-3841
Pull r.cfcr.io/codefresh-inc/codefresh/runtime-environment-manager:preemptible-saas-3841 completed - Mon Oct  7 11:50:00 UTC 2019 !!!

Tag gcr.io/codefresh-inc/codefresh/runtime-environment-manager:preemptible-saas-3841 completed - Mon Oct  7 11:50:00 UTC 2019 !!!

The push refers to repository [gcr.io/codefresh-inc/codefresh/runtime-environment-manager]
4b4c4061c9e9: Preparing
5139091fd91c: Preparing
a50dbbf8fd2d: Preparing
a85770fe4c60: Preparing
df2a60de69ca: Preparing
28bf756b6f8e: Preparing
4c299e1e70d5: Preparing
f1b5933fe4b5: Preparing
4b4c4061c9e9: Waiting
5139091fd91c: Waiting
a50dbbf8fd2d: Waiting
a85770fe4c60: Waiting
df2a60de69ca: Waiting
28bf756b6f8e: Waiting
4c299e1e70d5: Waiting
f1b5933fe4b5: Waiting
a50dbbf8fd2d: Layer already exists
5139091fd91c: Layer already exists
4b4c4061c9e9: Layer already exists
a85770fe4c60: Layer already exists
28bf756b6f8e: Layer already exists
df2a60de69ca: Layer already exists
f1b5933fe4b5: Layer already exists
4c299e1e70d5: Layer already exists
preemptible-saas-3841: digest: sha256:dd177debc28ef147778482e7a58f94343d478ce886007d84598e04b71ea10aa2 size: 1995
Push gcr.io/codefresh-inc/codefresh/runtime-environment-manager:preemptible-saas-3841 completed - Mon Oct  7 11:50:03 UTC 2019 !!!

---------- Migrate r.cfcr.io/codefresh-inc/codefresh/runtime-environment-manager:preemptible-SAAS-3841 to gcr.io/codefresh-inc/codefresh/runtime-environment-manager:preemptible-SAAS-3841
preemptible-SAAS-3841: Pulling from codefresh-inc/codefresh/runtime-environment-manager
Digest: sha256:dd177debc28ef147778482e7a58f94343d478ce886007d84598e04b71ea10aa2
Status: Downloaded newer image for r.cfcr.io/codefresh-inc/codefresh/runtime-environment-manager:preemptible-SAAS-3841
r.cfcr.io/codefresh-inc/codefresh/runtime-environment-manager:preemptible-SAAS-3841
Pull r.cfcr.io/codefresh-inc/codefresh/runtime-environment-manager:preemptible-SAAS-3841 completed - Mon Oct  7 11:50:04 UTC 2019 !!!

Tag gcr.io/codefresh-inc/codefresh/runtime-environment-manager:preemptible-SAAS-3841 completed - Mon Oct  7 11:50:04 UTC 2019 !!!

The push refers to repository [gcr.io/codefresh-inc/codefresh/runtime-environment-manager]
4b4c4061c9e9: Preparing
5139091fd91c: Preparing
a50dbbf8fd2d: Preparing
a85770fe4c60: Preparing
df2a60de69ca: Preparing
28bf756b6f8e: Preparing
4c299e1e70d5: Preparing
f1b5933fe4b5: Preparing
4b4c4061c9e9: Waiting
5139091fd91c: Waiting
a50dbbf8fd2d: Waiting
a85770fe4c60: Waiting
df2a60de69ca: Waiting
28bf756b6f8e: Waiting
4c299e1e70d5: Waiting
f1b5933fe4b5: Waiting
4b4c4061c9e9: Layer already exists
5139091fd91c: Layer already exists
a50dbbf8fd2d: Layer already exists
a85770fe4c60: Layer already exists
df2a60de69ca: Layer already exists
28bf756b6f8e: Layer already exists
4c299e1e70d5: Layer already exists
f1b5933fe4b5: Layer already exists
preemptible-SAAS-3841: digest: sha256:dd177debc28ef147778482e7a58f94343d478ce886007d84598e04b71ea10aa2 size: 1995
Push gcr.io/codefresh-inc/codefresh/runtime-environment-manager:preemptible-SAAS-3841 completed - Mon Oct  7 11:50:06 UTC 2019 !!!

---------- Migrate r.cfcr.io/codefresh-inc/codefresh/runtime-environment-manager:3.5.1-preemptible-saas-3841 to gcr.io/codefresh-inc/codefresh/runtime-environment-manager:3.5.1-preemptible-saas-3841
3.5.1-preemptible-saas-3841: Pulling from codefresh-inc/codefresh/runtime-environment-manager
Digest: sha256:dd177debc28ef147778482e7a58f94343d478ce886007d84598e04b71ea10aa2
Status: Downloaded newer image for r.cfcr.io/codefresh-inc/codefresh/runtime-environment-manager:3.5.1-preemptible-saas-3841
r.cfcr.io/codefresh-inc/codefresh/runtime-environment-manager:3.5.1-preemptible-saas-3841
Pull r.cfcr.io/codefresh-inc/codefresh/runtime-environment-manager:3.5.1-preemptible-saas-3841 completed - Mon Oct  7 11:50:07 UTC 2019 !!!

Tag gcr.io/codefresh-inc/codefresh/runtime-environment-manager:3.5.1-preemptible-saas-3841 completed - Mon Oct  7 11:50:07 UTC 2019 !!!

The push refers to repository [gcr.io/codefresh-inc/codefresh/runtime-environment-manager]
4b4c4061c9e9: Preparing
5139091fd91c: Preparing
a50dbbf8fd2d: Preparing
a85770fe4c60: Preparing
df2a60de69ca: Preparing
28bf756b6f8e: Preparing
4c299e1e70d5: Preparing
f1b5933fe4b5: Preparing
4b4c4061c9e9: Waiting
5139091fd91c: Waiting
a50dbbf8fd2d: Waiting
a85770fe4c60: Waiting
df2a60de69ca: Waiting
28bf756b6f8e: Waiting
4c299e1e70d5: Waiting
f1b5933fe4b5: Waiting
4b4c4061c9e9: Layer already exists
5139091fd91c: Layer already exists
a50dbbf8fd2d: Layer already exists
a85770fe4c60: Layer already exists
df2a60de69ca: Layer already exists
28bf756b6f8e: Layer already exists
4c299e1e70d5: Layer already exists
f1b5933fe4b5: Layer already exists
3.5.1-preemptible-saas-3841: digest: sha256:dd177debc28ef147778482e7a58f94343d478ce886007d84598e04b71ea10aa2 size: 1995
Push gcr.io/codefresh-inc/codefresh/runtime-environment-manager:3.5.1-preemptible-saas-3841 completed - Mon Oct  7 11:50:13 UTC 2019 !!!

---------- Migrate r.cfcr.io/codefresh-inc/codefresh/runtime-environment-manager:cf-onprem-v1.0.82 to gcr.io/codefresh-inc/codefresh/runtime-environment-manager:cf-onprem-v1.0.82
cf-onprem-v1.0.82: Pulling from codefresh-inc/codefresh/runtime-environment-manager
e7c96db7181b: Already exists
df9eac31dfef: Already exists
0a20433d95a4: Already exists
1042eb4cdc00: Already exists
3746c9d8bac5: Already exists
1e159b804dd3: Already exists
02fc6badc18d: Already exists
9009a25a68bb: Pulling fs layer
9009a25a68bb: Verifying Checksum
9009a25a68bb: Download complete
9009a25a68bb: Pull complete
Digest: sha256:dd31487d5e447b7910f65289aef5290f2650f6453813533245e612c93d19f361
Status: Downloaded newer image for r.cfcr.io/codefresh-inc/codefresh/runtime-environment-manager:cf-onprem-v1.0.82
r.cfcr.io/codefresh-inc/codefresh/runtime-environment-manager:cf-onprem-v1.0.82
Pull r.cfcr.io/codefresh-inc/codefresh/runtime-environment-manager:cf-onprem-v1.0.82 completed - Mon Oct  7 11:50:15 UTC 2019 !!!

Tag gcr.io/codefresh-inc/codefresh/runtime-environment-manager:cf-onprem-v1.0.82 completed - Mon Oct  7 11:50:15 UTC 2019 !!!

The push refers to repository [gcr.io/codefresh-inc/codefresh/runtime-environment-manager]
696d1a71e68e: Preparing
5139091fd91c: Preparing
a50dbbf8fd2d: Preparing
a85770fe4c60: Preparing
df2a60de69ca: Preparing
28bf756b6f8e: Preparing
4c299e1e70d5: Preparing
f1b5933fe4b5: Preparing
a50dbbf8fd2d: Waiting
a85770fe4c60: Waiting
28bf756b6f8e: Waiting
4c299e1e70d5: Waiting
f1b5933fe4b5: Waiting
df2a60de69ca: Waiting
5139091fd91c: Layer already exists
a50dbbf8fd2d: Layer already exists
a85770fe4c60: Layer already exists
df2a60de69ca: Layer already exists
28bf756b6f8e: Layer already exists
4c299e1e70d5: Layer already exists
f1b5933fe4b5: Layer already exists
696d1a71e68e: Pushed
cf-onprem-v1.0.82: digest: sha256:dd31487d5e447b7910f65289aef5290f2650f6453813533245e612c93d19f361 size: 1995
Push gcr.io/codefresh-inc/codefresh/runtime-environment-manager:cf-onprem-v1.0.82 completed - Mon Oct  7 11:50:19 UTC 2019 !!!

---------- Migrate r.cfcr.io/codefresh-inc/codefresh/runtime-environment-manager:3.5.0-cf-onprem-v1.0.82 to gcr.io/codefresh-inc/codefresh/runtime-environment-manager:3.5.0-cf-onprem-v1.0.82
3.5.0-cf-onprem-v1.0.82: Pulling from codefresh-inc/codefresh/runtime-environment-manager
Digest: sha256:dd31487d5e447b7910f65289aef5290f2650f6453813533245e612c93d19f361
Status: Downloaded newer image for r.cfcr.io/codefresh-inc/codefresh/runtime-environment-manager:3.5.0-cf-onprem-v1.0.82
r.cfcr.io/codefresh-inc/codefresh/runtime-environment-manager:3.5.0-cf-onprem-v1.0.82
Pull r.cfcr.io/codefresh-inc/codefresh/runtime-environment-manager:3.5.0-cf-onprem-v1.0.82 completed - Mon Oct  7 11:50:19 UTC 2019 !!!

Tag gcr.io/codefresh-inc/codefresh/runtime-environment-manager:3.5.0-cf-onprem-v1.0.82 completed - Mon Oct  7 11:50:20 UTC 2019 !!!

The push refers to repository [gcr.io/codefresh-inc/codefresh/runtime-environment-manager]
696d1a71e68e: Preparing
5139091fd91c: Preparing
a50dbbf8fd2d: Preparing
a85770fe4c60: Preparing
df2a60de69ca: Preparing
28bf756b6f8e: Preparing
4c299e1e70d5: Preparing
f1b5933fe4b5: Preparing
a50dbbf8fd2d: Waiting
a85770fe4c60: Waiting
df2a60de69ca: Waiting
28bf756b6f8e: Waiting
4c299e1e70d5: Waiting
f1b5933fe4b5: Waiting
5139091fd91c: Layer already exists
696d1a71e68e: Layer already exists
a50dbbf8fd2d: Layer already exists
a85770fe4c60: Layer already exists
df2a60de69ca: Layer already exists
28bf756b6f8e: Layer already exists
4c299e1e70d5: Layer already exists
f1b5933fe4b5: Layer already exists
3.5.0-cf-onprem-v1.0.82: digest: sha256:dd31487d5e447b7910f65289aef5290f2650f6453813533245e612c93d19f361 size: 1995
Push gcr.io/codefresh-inc/codefresh/runtime-environment-manager:3.5.0-cf-onprem-v1.0.82 completed - Mon Oct  7 11:50:20 UTC 2019 !!!

---------- Migrate r.cfcr.io/codefresh-inc/codefresh/runtime-environment-manager:3.5.0 to gcr.io/codefresh-inc/codefresh/runtime-environment-manager:3.5.0
3.5.0: Pulling from codefresh-inc/codefresh/runtime-environment-manager
e7c96db7181b: Already exists
df9eac31dfef: Already exists
0a20433d95a4: Already exists
ee983e8c7db4: Pulling fs layer
d7613f6d332a: Pulling fs layer
5e98975b9a95: Pulling fs layer
d58b1268bd4f: Pulling fs layer
5c8b6c666043: Pulling fs layer
d58b1268bd4f: Waiting
5c8b6c666043: Waiting
5e98975b9a95: Verifying Checksum
5e98975b9a95: Download complete
ee983e8c7db4: Verifying Checksum
ee983e8c7db4: Download complete
d7613f6d332a: Verifying Checksum
d7613f6d332a: Download complete
ee983e8c7db4: Pull complete
5c8b6c666043: Verifying Checksum
5c8b6c666043: Download complete
d7613f6d332a: Pull complete
5e98975b9a95: Pull complete
d58b1268bd4f: Verifying Checksum
d58b1268bd4f: Download complete
d58b1268bd4f: Pull complete
5c8b6c666043: Pull complete
Digest: sha256:7fd7b3763263fcbedc9b1888bfc013a876e59679a0c78f812a14ef755573cadc
Status: Downloaded newer image for r.cfcr.io/codefresh-inc/codefresh/runtime-environment-manager:3.5.0
r.cfcr.io/codefresh-inc/codefresh/runtime-environment-manager:3.5.0
Pull r.cfcr.io/codefresh-inc/codefresh/runtime-environment-manager:3.5.0 completed - Mon Oct  7 11:50:38 UTC 2019 !!!

Tag gcr.io/codefresh-inc/codefresh/runtime-environment-manager:3.5.0 completed - Mon Oct  7 11:50:38 UTC 2019 !!!

The push refers to repository [gcr.io/codefresh-inc/codefresh/runtime-environment-manager]
34e7e14c6a75: Preparing
586e81c55c8f: Preparing
84e135e089cf: Preparing
41e0a6b9b3bb: Preparing
07caa2e16110: Preparing
28bf756b6f8e: Preparing
4c299e1e70d5: Preparing
f1b5933fe4b5: Preparing
84e135e089cf: Waiting
41e0a6b9b3bb: Waiting
07caa2e16110: Waiting
28bf756b6f8e: Waiting
4c299e1e70d5: Waiting
f1b5933fe4b5: Waiting
34e7e14c6a75: Retrying in 5 seconds
34e7e14c6a75: Retrying in 4 seconds
34e7e14c6a75: Retrying in 3 seconds
34e7e14c6a75: Retrying in 2 seconds
34e7e14c6a75: Retrying in 1 second
84e135e089cf: Pushed
34e7e14c6a75: Retrying in 10 seconds
34e7e14c6a75: Retrying in 9 seconds
41e0a6b9b3bb: Pushed
34e7e14c6a75: Retrying in 8 seconds
34e7e14c6a75: Retrying in 7 seconds
07caa2e16110: Pushed
28bf756b6f8e: Layer already exists
4c299e1e70d5: Layer already exists
f1b5933fe4b5: Layer already exists
34e7e14c6a75: Retrying in 6 seconds
34e7e14c6a75: Retrying in 5 seconds
34e7e14c6a75: Retrying in 4 seconds
34e7e14c6a75: Retrying in 3 seconds
34e7e14c6a75: Retrying in 2 seconds
34e7e14c6a75: Retrying in 1 second
34e7e14c6a75: Retrying in 15 seconds
34e7e14c6a75: Retrying in 14 seconds
34e7e14c6a75: Retrying in 13 seconds
34e7e14c6a75: Retrying in 12 seconds
34e7e14c6a75: Retrying in 11 seconds
586e81c55c8f: Pushed
34e7e14c6a75: Retrying in 10 seconds
34e7e14c6a75: Retrying in 9 seconds
34e7e14c6a75: Retrying in 8 seconds
34e7e14c6a75: Retrying in 7 seconds
34e7e14c6a75: Retrying in 6 seconds
34e7e14c6a75: Retrying in 5 seconds
34e7e14c6a75: Retrying in 4 seconds
34e7e14c6a75: Retrying in 3 seconds
34e7e14c6a75: Retrying in 2 seconds
34e7e14c6a75: Retrying in 1 second
34e7e14c6a75: Pushed
3.5.0: digest: sha256:7fd7b3763263fcbedc9b1888bfc013a876e59679a0c78f812a14ef755573cadc size: 1995
Push gcr.io/codefresh-inc/codefresh/runtime-environment-manager:3.5.0 completed - Mon Oct  7 11:51:12 UTC 2019 !!!

---------- Migrate r.cfcr.io/codefresh-inc/codefresh/runtime-environment-manager:saas-validate-trial to gcr.io/codefresh-inc/codefresh/runtime-environment-manager:saas-validate-trial
saas-validate-trial: Pulling from codefresh-inc/codefresh/runtime-environment-manager
e7c96db7181b: Already exists
df9eac31dfef: Already exists
0a20433d95a4: Already exists
ee983e8c7db4: Already exists
d7613f6d332a: Already exists
5e98975b9a95: Already exists
d58b1268bd4f: Already exists
5c8b6c666043: Already exists
Digest: sha256:f99502b284701df09a66ec76d336a1414cc0b1db85f5829318f4fc914a495fff
Status: Downloaded newer image for r.cfcr.io/codefresh-inc/codefresh/runtime-environment-manager:saas-validate-trial
r.cfcr.io/codefresh-inc/codefresh/runtime-environment-manager:saas-validate-trial
Pull r.cfcr.io/codefresh-inc/codefresh/runtime-environment-manager:saas-validate-trial completed - Mon Oct  7 11:51:13 UTC 2019 !!!

Tag gcr.io/codefresh-inc/codefresh/runtime-environment-manager:saas-validate-trial completed - Mon Oct  7 11:51:13 UTC 2019 !!!

The push refers to repository [gcr.io/codefresh-inc/codefresh/runtime-environment-manager]
34e7e14c6a75: Preparing
586e81c55c8f: Preparing
84e135e089cf: Preparing
41e0a6b9b3bb: Preparing
07caa2e16110: Preparing
28bf756b6f8e: Preparing
4c299e1e70d5: Preparing
f1b5933fe4b5: Preparing
41e0a6b9b3bb: Waiting
07caa2e16110: Waiting
28bf756b6f8e: Waiting
4c299e1e70d5: Waiting
f1b5933fe4b5: Waiting
84e135e089cf: Layer already exists
586e81c55c8f: Layer already exists
34e7e14c6a75: Layer already exists
41e0a6b9b3bb: Layer already exists
07caa2e16110: Layer already exists
28bf756b6f8e: Layer already exists
4c299e1e70d5: Layer already exists
f1b5933fe4b5: Layer already exists
saas-validate-trial: digest: sha256:56f3127e0fc30ff1ed31d39c56449344ba95af7c542dba52989458dd86c666d8 size: 1995
Push gcr.io/codefresh-inc/codefresh/runtime-environment-manager:saas-validate-trial completed - Mon Oct  7 11:51:16 UTC 2019 !!!

---------- Migrate r.cfcr.io/codefresh-inc/codefresh/runtime-environment-manager:SAAS-validate-trial to gcr.io/codefresh-inc/codefresh/runtime-environment-manager:SAAS-validate-trial
SAAS-validate-trial: Pulling from codefresh-inc/codefresh/runtime-environment-manager
Digest: sha256:56f3127e0fc30ff1ed31d39c56449344ba95af7c542dba52989458dd86c666d8
Status: Downloaded newer image for r.cfcr.io/codefresh-inc/codefresh/runtime-environment-manager:SAAS-validate-trial
r.cfcr.io/codefresh-inc/codefresh/runtime-environment-manager:SAAS-validate-trial
Pull r.cfcr.io/codefresh-inc/codefresh/runtime-environment-manager:SAAS-validate-trial completed - Mon Oct  7 11:51:17 UTC 2019 !!!

Tag gcr.io/codefresh-inc/codefresh/runtime-environment-manager:SAAS-validate-trial completed - Mon Oct  7 11:51:17 UTC 2019 !!!

The push refers to repository [gcr.io/codefresh-inc/codefresh/runtime-environment-manager]
34e7e14c6a75: Preparing
586e81c55c8f: Preparing
84e135e089cf: Preparing
41e0a6b9b3bb: Preparing
07caa2e16110: Preparing
28bf756b6f8e: Preparing
4c299e1e70d5: Preparing
f1b5933fe4b5: Preparing
41e0a6b9b3bb: Waiting
07caa2e16110: Waiting
28bf756b6f8e: Waiting
4c299e1e70d5: Waiting
f1b5933fe4b5: Waiting
586e81c55c8f: Layer already exists
34e7e14c6a75: Layer already exists
84e135e089cf: Layer already exists
28bf756b6f8e: Layer already exists
07caa2e16110: Layer already exists
41e0a6b9b3bb: Layer already exists
4c299e1e70d5: Layer already exists
f1b5933fe4b5: Layer already exists
SAAS-validate-trial: digest: sha256:56f3127e0fc30ff1ed31d39c56449344ba95af7c542dba52989458dd86c666d8 size: 1995
Push gcr.io/codefresh-inc/codefresh/runtime-environment-manager:SAAS-validate-trial completed - Mon Oct  7 11:51:19 UTC 2019 !!!

---------- Migrate r.cfcr.io/codefresh-inc/codefresh/runtime-environment-manager:3.5.0-saas-validate-trial to gcr.io/codefresh-inc/codefresh/runtime-environment-manager:3.5.0-saas-validate-trial
3.5.0-saas-validate-trial: Pulling from codefresh-inc/codefresh/runtime-environment-manager
Digest: sha256:56f3127e0fc30ff1ed31d39c56449344ba95af7c542dba52989458dd86c666d8
Status: Downloaded newer image for r.cfcr.io/codefresh-inc/codefresh/runtime-environment-manager:3.5.0-saas-validate-trial
r.cfcr.io/codefresh-inc/codefresh/runtime-environment-manager:3.5.0-saas-validate-trial
Pull r.cfcr.io/codefresh-inc/codefresh/runtime-environment-manager:3.5.0-saas-validate-trial completed - Mon Oct  7 11:51:20 UTC 2019 !!!

Tag gcr.io/codefresh-inc/codefresh/runtime-environment-manager:3.5.0-saas-validate-trial completed - Mon Oct  7 11:51:20 UTC 2019 !!!

The push refers to repository [gcr.io/codefresh-inc/codefresh/runtime-environment-manager]
34e7e14c6a75: Preparing
586e81c55c8f: Preparing
84e135e089cf: Preparing
41e0a6b9b3bb: Preparing
07caa2e16110: Preparing
28bf756b6f8e: Preparing
4c299e1e70d5: Preparing
f1b5933fe4b5: Preparing
41e0a6b9b3bb: Waiting
07caa2e16110: Waiting
28bf756b6f8e: Waiting
4c299e1e70d5: Waiting
f1b5933fe4b5: Waiting
34e7e14c6a75: Layer already exists
586e81c55c8f: Layer already exists
84e135e089cf: Layer already exists
07caa2e16110: Layer already exists
41e0a6b9b3bb: Layer already exists
28bf756b6f8e: Layer already exists
4c299e1e70d5: Layer already exists
f1b5933fe4b5: Layer already exists
3.5.0-saas-validate-trial: digest: sha256:56f3127e0fc30ff1ed31d39c56449344ba95af7c542dba52989458dd86c666d8 size: 1995
Push gcr.io/codefresh-inc/codefresh/runtime-environment-manager:3.5.0-saas-validate-trial completed - Mon Oct  7 11:51:21 UTC 2019 !!!

---------- Migrate r.cfcr.io/codefresh-inc/codefresh/runtime-environment-manager:3.4.0 to gcr.io/codefresh-inc/codefresh/runtime-environment-manager:3.4.0
3.4.0: Pulling from codefresh-inc/codefresh/runtime-environment-manager
e7c96db7181b: Already exists
df9eac31dfef: Already exists
0a20433d95a4: Already exists
ee983e8c7db4: Already exists
d7613f6d332a: Already exists
5e98975b9a95: Already exists
d58b1268bd4f: Already exists
ff2a33395c8b: Pulling fs layer
ff2a33395c8b: Verifying Checksum
ff2a33395c8b: Download complete
ff2a33395c8b: Pull complete
Digest: sha256:3e0f8eecd9de86be7d74d81def07af04561e1166285b4f9f328b6c255f30378f
Status: Downloaded newer image for r.cfcr.io/codefresh-inc/codefresh/runtime-environment-manager:3.4.0
r.cfcr.io/codefresh-inc/codefresh/runtime-environment-manager:3.4.0
Pull r.cfcr.io/codefresh-inc/codefresh/runtime-environment-manager:3.4.0 completed - Mon Oct  7 11:51:24 UTC 2019 !!!

Tag gcr.io/codefresh-inc/codefresh/runtime-environment-manager:3.4.0 completed - Mon Oct  7 11:51:24 UTC 2019 !!!

The push refers to repository [gcr.io/codefresh-inc/codefresh/runtime-environment-manager]
c927e14b2f83: Preparing
586e81c55c8f: Preparing
84e135e089cf: Preparing
41e0a6b9b3bb: Preparing
07caa2e16110: Preparing
28bf756b6f8e: Preparing
4c299e1e70d5: Preparing
f1b5933fe4b5: Preparing
84e135e089cf: Waiting
41e0a6b9b3bb: Waiting
07caa2e16110: Waiting
28bf756b6f8e: Waiting
4c299e1e70d5: Waiting
f1b5933fe4b5: Waiting
586e81c55c8f: Layer already exists
84e135e089cf: Layer already exists
41e0a6b9b3bb: Layer already exists
07caa2e16110: Layer already exists
28bf756b6f8e: Layer already exists
4c299e1e70d5: Layer already exists
f1b5933fe4b5: Layer already exists
c927e14b2f83: Pushed
3.4.0: digest: sha256:3e0f8eecd9de86be7d74d81def07af04561e1166285b4f9f328b6c255f30378f size: 1995
Push gcr.io/codefresh-inc/codefresh/runtime-environment-manager:3.4.0 completed - Mon Oct  7 11:51:29 UTC 2019 !!!

---------- Migrate r.cfcr.io/codefresh-inc/codefresh/runtime-environment-manager:saas-support-node-selector to gcr.io/codefresh-inc/codefresh/runtime-environment-manager:saas-support-node-selector
saas-support-node-selector: Pulling from codefresh-inc/codefresh/runtime-environment-manager
e7c96db7181b: Already exists
df9eac31dfef: Already exists
0a20433d95a4: Already exists
ee983e8c7db4: Already exists
d7613f6d332a: Already exists
5e98975b9a95: Already exists
d58b1268bd4f: Already exists
ff2a33395c8b: Already exists
Digest: sha256:b8a2a9fbd93a15afd9a9b4dc04b13e2542e2b96f79317ff647edfa7d6e00fee7
Status: Downloaded newer image for r.cfcr.io/codefresh-inc/codefresh/runtime-environment-manager:saas-support-node-selector
r.cfcr.io/codefresh-inc/codefresh/runtime-environment-manager:saas-support-node-selector
Pull r.cfcr.io/codefresh-inc/codefresh/runtime-environment-manager:saas-support-node-selector completed - Mon Oct  7 11:51:32 UTC 2019 !!!

Tag gcr.io/codefresh-inc/codefresh/runtime-environment-manager:saas-support-node-selector completed - Mon Oct  7 11:51:32 UTC 2019 !!!

The push refers to repository [gcr.io/codefresh-inc/codefresh/runtime-environment-manager]
c927e14b2f83: Preparing
586e81c55c8f: Preparing
84e135e089cf: Preparing
41e0a6b9b3bb: Preparing
07caa2e16110: Preparing
28bf756b6f8e: Preparing
4c299e1e70d5: Preparing
f1b5933fe4b5: Preparing
586e81c55c8f: Waiting
84e135e089cf: Waiting
41e0a6b9b3bb: Waiting
07caa2e16110: Waiting
28bf756b6f8e: Waiting
4c299e1e70d5: Waiting
f1b5933fe4b5: Waiting
c927e14b2f83: Layer already exists
586e81c55c8f: Layer already exists
84e135e089cf: Layer already exists
41e0a6b9b3bb: Layer already exists
07caa2e16110: Layer already exists
28bf756b6f8e: Layer already exists
4c299e1e70d5: Layer already exists
f1b5933fe4b5: Layer already exists
saas-support-node-selector: digest: sha256:0c4f95e62a02aafd2c90a30b807da26fe4ce012d4d3a0a06eaeea9c4cc27cf53 size: 1995
Push gcr.io/codefresh-inc/codefresh/runtime-environment-manager:saas-support-node-selector completed - Mon Oct  7 11:51:36 UTC 2019 !!!

---------- Migrate r.cfcr.io/codefresh-inc/codefresh/runtime-environment-manager:SAAS-support-node-selector to gcr.io/codefresh-inc/codefresh/runtime-environment-manager:SAAS-support-node-selector
SAAS-support-node-selector: Pulling from codefresh-inc/codefresh/runtime-environment-manager
Digest: sha256:0c4f95e62a02aafd2c90a30b807da26fe4ce012d4d3a0a06eaeea9c4cc27cf53
Status: Downloaded newer image for r.cfcr.io/codefresh-inc/codefresh/runtime-environment-manager:SAAS-support-node-selector
r.cfcr.io/codefresh-inc/codefresh/runtime-environment-manager:SAAS-support-node-selector
Pull r.cfcr.io/codefresh-inc/codefresh/runtime-environment-manager:SAAS-support-node-selector completed - Mon Oct  7 11:51:37 UTC 2019 !!!

Tag gcr.io/codefresh-inc/codefresh/runtime-environment-manager:SAAS-support-node-selector completed - Mon Oct  7 11:51:37 UTC 2019 !!!

The push refers to repository [gcr.io/codefresh-inc/codefresh/runtime-environment-manager]
c927e14b2f83: Preparing
586e81c55c8f: Preparing
84e135e089cf: Preparing
41e0a6b9b3bb: Preparing
07caa2e16110: Preparing
28bf756b6f8e: Preparing
4c299e1e70d5: Preparing
f1b5933fe4b5: Preparing
84e135e089cf: Waiting
41e0a6b9b3bb: Waiting
07caa2e16110: Waiting
28bf756b6f8e: Waiting
4c299e1e70d5: Waiting
f1b5933fe4b5: Waiting
c927e14b2f83: Layer already exists
586e81c55c8f: Layer already exists
84e135e089cf: Layer already exists
41e0a6b9b3bb: Layer already exists
07caa2e16110: Layer already exists
28bf756b6f8e: Layer already exists
4c299e1e70d5: Layer already exists
f1b5933fe4b5: Layer already exists
SAAS-support-node-selector: digest: sha256:0c4f95e62a02aafd2c90a30b807da26fe4ce012d4d3a0a06eaeea9c4cc27cf53 size: 1995
Push gcr.io/codefresh-inc/codefresh/runtime-environment-manager:SAAS-support-node-selector completed - Mon Oct  7 11:51:38 UTC 2019 !!!

---------- Migrate r.cfcr.io/codefresh-inc/codefresh/runtime-environment-manager:3.4.0-saas-support-node-selector to gcr.io/codefresh-inc/codefresh/runtime-environment-manager:3.4.0-saas-support-node-selector
3.4.0-saas-support-node-selector: Pulling from codefresh-inc/codefresh/runtime-environment-manager
Digest: sha256:0c4f95e62a02aafd2c90a30b807da26fe4ce012d4d3a0a06eaeea9c4cc27cf53
Status: Downloaded newer image for r.cfcr.io/codefresh-inc/codefresh/runtime-environment-manager:3.4.0-saas-support-node-selector
r.cfcr.io/codefresh-inc/codefresh/runtime-environment-manager:3.4.0-saas-support-node-selector
Pull r.cfcr.io/codefresh-inc/codefresh/runtime-environment-manager:3.4.0-saas-support-node-selector completed - Mon Oct  7 11:51:39 UTC 2019 !!!

Tag gcr.io/codefresh-inc/codefresh/runtime-environment-manager:3.4.0-saas-support-node-selector completed - Mon Oct  7 11:51:39 UTC 2019 !!!

The push refers to repository [gcr.io/codefresh-inc/codefresh/runtime-environment-manager]
c927e14b2f83: Preparing
586e81c55c8f: Preparing
84e135e089cf: Preparing
41e0a6b9b3bb: Preparing
07caa2e16110: Preparing
28bf756b6f8e: Preparing
4c299e1e70d5: Preparing
f1b5933fe4b5: Preparing
84e135e089cf: Waiting
41e0a6b9b3bb: Waiting
07caa2e16110: Waiting
28bf756b6f8e: Waiting
4c299e1e70d5: Waiting
f1b5933fe4b5: Waiting
c927e14b2f83: Layer already exists
586e81c55c8f: Layer already exists
84e135e089cf: Layer already exists
41e0a6b9b3bb: Layer already exists
28bf756b6f8e: Layer already exists
07caa2e16110: Layer already exists
4c299e1e70d5: Layer already exists
f1b5933fe4b5: Layer already exists
3.4.0-saas-support-node-selector: digest: sha256:0c4f95e62a02aafd2c90a30b807da26fe4ce012d4d3a0a06eaeea9c4cc27cf53 size: 1995
Push gcr.io/codefresh-inc/codefresh/runtime-environment-manager:3.4.0-saas-support-node-selector completed - Mon Oct  7 11:51:40 UTC 2019 !!!

---------- Migrate r.cfcr.io/codefresh-inc/codefresh/runtime-environment-manager:3.3.0-saas-support-node-selector to gcr.io/codefresh-inc/codefresh/runtime-environment-manager:3.3.0-saas-support-node-selector
3.3.0-saas-support-node-selector: Pulling from codefresh-inc/codefresh/runtime-environment-manager
e7c96db7181b: Already exists
df9eac31dfef: Already exists
0a20433d95a4: Already exists
ee983e8c7db4: Already exists
d7613f6d332a: Already exists
5e98975b9a95: Already exists
d58b1268bd4f: Already exists
1d0cd9a3a51d: Pulling fs layer
1d0cd9a3a51d: Verifying Checksum
1d0cd9a3a51d: Download complete
1d0cd9a3a51d: Pull complete
Digest: sha256:fc370a09360ef3b8e9f4b4fcf63cfc579280cdbaf93a540dc98db87538dfcce2
Status: Downloaded newer image for r.cfcr.io/codefresh-inc/codefresh/runtime-environment-manager:3.3.0-saas-support-node-selector
r.cfcr.io/codefresh-inc/codefresh/runtime-environment-manager:3.3.0-saas-support-node-selector
Pull r.cfcr.io/codefresh-inc/codefresh/runtime-environment-manager:3.3.0-saas-support-node-selector completed - Mon Oct  7 11:51:42 UTC 2019 !!!

Tag gcr.io/codefresh-inc/codefresh/runtime-environment-manager:3.3.0-saas-support-node-selector completed - Mon Oct  7 11:51:42 UTC 2019 !!!

The push refers to repository [gcr.io/codefresh-inc/codefresh/runtime-environment-manager]
c51108b6d101: Preparing
586e81c55c8f: Preparing
84e135e089cf: Preparing
41e0a6b9b3bb: Preparing
07caa2e16110: Preparing
28bf756b6f8e: Preparing
4c299e1e70d5: Preparing
f1b5933fe4b5: Preparing
07caa2e16110: Waiting
28bf756b6f8e: Waiting
4c299e1e70d5: Waiting
f1b5933fe4b5: Waiting
41e0a6b9b3bb: Layer already exists
586e81c55c8f: Layer already exists
84e135e089cf: Layer already exists
07caa2e16110: Layer already exists
28bf756b6f8e: Layer already exists
4c299e1e70d5: Layer already exists
f1b5933fe4b5: Layer already exists
c51108b6d101: Pushed
3.3.0-saas-support-node-selector: digest: sha256:fc370a09360ef3b8e9f4b4fcf63cfc579280cdbaf93a540dc98db87538dfcce2 size: 1995
Push gcr.io/codefresh-inc/codefresh/runtime-environment-manager:3.3.0-saas-support-node-selector completed - Mon Oct  7 11:51:46 UTC 2019 !!!

---------- Migrate r.cfcr.io/codefresh-inc/codefresh/runtime-environment-manager:cf-onprem-v1.0.81 to gcr.io/codefresh-inc/codefresh/runtime-environment-manager:cf-onprem-v1.0.81
cf-onprem-v1.0.81: Pulling from codefresh-inc/codefresh/runtime-environment-manager
e7c96db7181b: Already exists
df9eac31dfef: Already exists
0a20433d95a4: Already exists
ee983e8c7db4: Already exists
d7613f6d332a: Already exists
5e98975b9a95: Already exists
d58b1268bd4f: Already exists
a6fd0f4664eb: Pulling fs layer
a6fd0f4664eb: Verifying Checksum
a6fd0f4664eb: Download complete
a6fd0f4664eb: Pull complete
Digest: sha256:1a9aff48680827682871ffb7da2819ee2a8bdc2f90c8f6445e9bd2d23b0ff40d
Status: Downloaded newer image for r.cfcr.io/codefresh-inc/codefresh/runtime-environment-manager:cf-onprem-v1.0.81
r.cfcr.io/codefresh-inc/codefresh/runtime-environment-manager:cf-onprem-v1.0.81
Pull r.cfcr.io/codefresh-inc/codefresh/runtime-environment-manager:cf-onprem-v1.0.81 completed - Mon Oct  7 11:51:47 UTC 2019 !!!

Tag gcr.io/codefresh-inc/codefresh/runtime-environment-manager:cf-onprem-v1.0.81 completed - Mon Oct  7 11:51:47 UTC 2019 !!!

The push refers to repository [gcr.io/codefresh-inc/codefresh/runtime-environment-manager]
4ca6c47872b4: Preparing
586e81c55c8f: Preparing
84e135e089cf: Preparing
41e0a6b9b3bb: Preparing
07caa2e16110: Preparing
28bf756b6f8e: Preparing
4c299e1e70d5: Preparing
f1b5933fe4b5: Preparing
4ca6c47872b4: Waiting
586e81c55c8f: Waiting
84e135e089cf: Waiting
41e0a6b9b3bb: Waiting
07caa2e16110: Waiting
28bf756b6f8e: Waiting
4c299e1e70d5: Waiting
f1b5933fe4b5: Waiting
586e81c55c8f: Layer already exists
84e135e089cf: Layer already exists
41e0a6b9b3bb: Layer already exists
07caa2e16110: Layer already exists
28bf756b6f8e: Layer already exists
4c299e1e70d5: Layer already exists
f1b5933fe4b5: Layer already exists
4ca6c47872b4: Pushed
cf-onprem-v1.0.81: digest: sha256:1a9aff48680827682871ffb7da2819ee2a8bdc2f90c8f6445e9bd2d23b0ff40d size: 1995
Push gcr.io/codefresh-inc/codefresh/runtime-environment-manager:cf-onprem-v1.0.81 completed - Mon Oct  7 11:51:51 UTC 2019 !!!

---------- Migrate r.cfcr.io/codefresh-inc/codefresh/runtime-environment-manager:3.3.0-cf-onprem-v1.0.81 to gcr.io/codefresh-inc/codefresh/runtime-environment-manager:3.3.0-cf-onprem-v1.0.81
3.3.0-cf-onprem-v1.0.81: Pulling from codefresh-inc/codefresh/runtime-environment-manager
Digest: sha256:1a9aff48680827682871ffb7da2819ee2a8bdc2f90c8f6445e9bd2d23b0ff40d
Status: Downloaded newer image for r.cfcr.io/codefresh-inc/codefresh/runtime-environment-manager:3.3.0-cf-onprem-v1.0.81
r.cfcr.io/codefresh-inc/codefresh/runtime-environment-manager:3.3.0-cf-onprem-v1.0.81
Pull r.cfcr.io/codefresh-inc/codefresh/runtime-environment-manager:3.3.0-cf-onprem-v1.0.81 completed - Mon Oct  7 11:51:52 UTC 2019 !!!

Tag gcr.io/codefresh-inc/codefresh/runtime-environment-manager:3.3.0-cf-onprem-v1.0.81 completed - Mon Oct  7 11:51:52 UTC 2019 !!!

The push refers to repository [gcr.io/codefresh-inc/codefresh/runtime-environment-manager]
4ca6c47872b4: Preparing
586e81c55c8f: Preparing
84e135e089cf: Preparing
41e0a6b9b3bb: Preparing
07caa2e16110: Preparing
28bf756b6f8e: Preparing
4c299e1e70d5: Preparing
f1b5933fe4b5: Preparing
84e135e089cf: Waiting
41e0a6b9b3bb: Waiting
07caa2e16110: Waiting
28bf756b6f8e: Waiting
4c299e1e70d5: Waiting
f1b5933fe4b5: Waiting
4ca6c47872b4: Layer already exists
586e81c55c8f: Layer already exists
41e0a6b9b3bb: Layer already exists
84e135e089cf: Layer already exists
28bf756b6f8e: Layer already exists
07caa2e16110: Layer already exists
f1b5933fe4b5: Layer already exists
4c299e1e70d5: Layer already exists
3.3.0-cf-onprem-v1.0.81: digest: sha256:1a9aff48680827682871ffb7da2819ee2a8bdc2f90c8f6445e9bd2d23b0ff40d size: 1995
Push gcr.io/codefresh-inc/codefresh/runtime-environment-manager:3.3.0-cf-onprem-v1.0.81 completed - Mon Oct  7 11:51:53 UTC 2019 !!!

---------- Migrate r.cfcr.io/codefresh-inc/codefresh/runtime-environment-manager:cf-onprem-v1.0.80 to gcr.io/codefresh-inc/codefresh/runtime-environment-manager:cf-onprem-v1.0.80
cf-onprem-v1.0.80: Pulling from codefresh-inc/codefresh/runtime-environment-manager
e7c96db7181b: Already exists
df9eac31dfef: Already exists
0a20433d95a4: Already exists
ee983e8c7db4: Already exists
d7613f6d332a: Already exists
5e98975b9a95: Already exists
d58b1268bd4f: Already exists
87f11d32f162: Pulling fs layer
87f11d32f162: Verifying Checksum
87f11d32f162: Download complete
87f11d32f162: Pull complete
Digest: sha256:57e9bb71d5832133930d0c174dfa453d306c276b3fbda41566134d731ae89823
Status: Downloaded newer image for r.cfcr.io/codefresh-inc/codefresh/runtime-environment-manager:cf-onprem-v1.0.80
r.cfcr.io/codefresh-inc/codefresh/runtime-environment-manager:cf-onprem-v1.0.80
Pull r.cfcr.io/codefresh-inc/codefresh/runtime-environment-manager:cf-onprem-v1.0.80 completed - Mon Oct  7 11:51:55 UTC 2019 !!!

Tag gcr.io/codefresh-inc/codefresh/runtime-environment-manager:cf-onprem-v1.0.80 completed - Mon Oct  7 11:51:55 UTC 2019 !!!

The push refers to repository [gcr.io/codefresh-inc/codefresh/runtime-environment-manager]
77af59a6d503: Preparing
586e81c55c8f: Preparing
84e135e089cf: Preparing
41e0a6b9b3bb: Preparing
07caa2e16110: Preparing
28bf756b6f8e: Preparing
4c299e1e70d5: Preparing
f1b5933fe4b5: Preparing
41e0a6b9b3bb: Waiting
07caa2e16110: Waiting
28bf756b6f8e: Waiting
4c299e1e70d5: Waiting
f1b5933fe4b5: Waiting
84e135e089cf: Layer already exists
586e81c55c8f: Layer already exists
41e0a6b9b3bb: Layer already exists
07caa2e16110: Layer already exists
28bf756b6f8e: Layer already exists
4c299e1e70d5: Layer already exists
f1b5933fe4b5: Layer already exists
77af59a6d503: Pushed
cf-onprem-v1.0.80: digest: sha256:57e9bb71d5832133930d0c174dfa453d306c276b3fbda41566134d731ae89823 size: 1995
Push gcr.io/codefresh-inc/codefresh/runtime-environment-manager:cf-onprem-v1.0.80 completed - Mon Oct  7 11:51:59 UTC 2019 !!!

---------- Migrate r.cfcr.io/codefresh-inc/codefresh/runtime-environment-manager:3.3.0-cf-onprem-v1.0.80 to gcr.io/codefresh-inc/codefresh/runtime-environment-manager:3.3.0-cf-onprem-v1.0.80
3.3.0-cf-onprem-v1.0.80: Pulling from codefresh-inc/codefresh/runtime-environment-manager
Digest: sha256:57e9bb71d5832133930d0c174dfa453d306c276b3fbda41566134d731ae89823
Status: Downloaded newer image for r.cfcr.io/codefresh-inc/codefresh/runtime-environment-manager:3.3.0-cf-onprem-v1.0.80
r.cfcr.io/codefresh-inc/codefresh/runtime-environment-manager:3.3.0-cf-onprem-v1.0.80
Pull r.cfcr.io/codefresh-inc/codefresh/runtime-environment-manager:3.3.0-cf-onprem-v1.0.80 completed - Mon Oct  7 11:52:00 UTC 2019 !!!

Tag gcr.io/codefresh-inc/codefresh/runtime-environment-manager:3.3.0-cf-onprem-v1.0.80 completed - Mon Oct  7 11:52:01 UTC 2019 !!!

The push refers to repository [gcr.io/codefresh-inc/codefresh/runtime-environment-manager]
77af59a6d503: Preparing
586e81c55c8f: Preparing
84e135e089cf: Preparing
41e0a6b9b3bb: Preparing
07caa2e16110: Preparing
28bf756b6f8e: Preparing
4c299e1e70d5: Preparing
f1b5933fe4b5: Preparing
41e0a6b9b3bb: Waiting
07caa2e16110: Waiting
28bf756b6f8e: Waiting
4c299e1e70d5: Waiting
f1b5933fe4b5: Waiting
84e135e089cf: Layer already exists
586e81c55c8f: Layer already exists
77af59a6d503: Layer already exists
41e0a6b9b3bb: Layer already exists
07caa2e16110: Layer already exists
28bf756b6f8e: Layer already exists
f1b5933fe4b5: Layer already exists
4c299e1e70d5: Layer already exists
3.3.0-cf-onprem-v1.0.80: digest: sha256:57e9bb71d5832133930d0c174dfa453d306c276b3fbda41566134d731ae89823 size: 1995
Push gcr.io/codefresh-inc/codefresh/runtime-environment-manager:3.3.0-cf-onprem-v1.0.80 completed - Mon Oct  7 11:52:02 UTC 2019 !!!

---------- Migrate r.cfcr.io/codefresh-inc/codefresh/runtime-environment-manager:3.3.0 to gcr.io/codefresh-inc/codefresh/runtime-environment-manager:3.3.0
3.3.0: Pulling from codefresh-inc/codefresh/runtime-environment-manager
e7c96db7181b: Already exists
df9eac31dfef: Already exists
0a20433d95a4: Already exists
ee983e8c7db4: Already exists
d7613f6d332a: Already exists
5e98975b9a95: Already exists
d58b1268bd4f: Already exists
04bd238c78c1: Pulling fs layer
04bd238c78c1: Verifying Checksum
04bd238c78c1: Download complete
04bd238c78c1: Pull complete
Digest: sha256:377056a980d649d5892b8e46a8bb58d5951f7ba3c742f03f145dbc5adc88070c
Status: Downloaded newer image for r.cfcr.io/codefresh-inc/codefresh/runtime-environment-manager:3.3.0
r.cfcr.io/codefresh-inc/codefresh/runtime-environment-manager:3.3.0
Pull r.cfcr.io/codefresh-inc/codefresh/runtime-environment-manager:3.3.0 completed - Mon Oct  7 11:52:03 UTC 2019 !!!

Tag gcr.io/codefresh-inc/codefresh/runtime-environment-manager:3.3.0 completed - Mon Oct  7 11:52:04 UTC 2019 !!!

The push refers to repository [gcr.io/codefresh-inc/codefresh/runtime-environment-manager]
887a698d3d2d: Preparing
586e81c55c8f: Preparing
84e135e089cf: Preparing
41e0a6b9b3bb: Preparing
07caa2e16110: Preparing
28bf756b6f8e: Preparing
4c299e1e70d5: Preparing
f1b5933fe4b5: Preparing
41e0a6b9b3bb: Waiting
07caa2e16110: Waiting
28bf756b6f8e: Waiting
4c299e1e70d5: Waiting
f1b5933fe4b5: Waiting
586e81c55c8f: Layer already exists
84e135e089cf: Layer already exists
41e0a6b9b3bb: Layer already exists
07caa2e16110: Layer already exists
28bf756b6f8e: Layer already exists
4c299e1e70d5: Layer already exists
f1b5933fe4b5: Layer already exists
887a698d3d2d: Pushed
3.3.0: digest: sha256:377056a980d649d5892b8e46a8bb58d5951f7ba3c742f03f145dbc5adc88070c size: 1995
Push gcr.io/codefresh-inc/codefresh/runtime-environment-manager:3.3.0 completed - Mon Oct  7 11:52:08 UTC 2019 !!!

---------- Migrate r.cfcr.io/codefresh-inc/codefresh/runtime-environment-manager:saas-unvalidate-runtime-for-new-plan-model to gcr.io/codefresh-inc/codefresh/runtime-environment-manager:saas-unvalidate-runtime-for-new-plan-model
saas-unvalidate-runtime-for-new-plan-model: Pulling from codefresh-inc/codefresh/runtime-environment-manager
e7c96db7181b: Already exists
df9eac31dfef: Already exists
0a20433d95a4: Already exists
ee983e8c7db4: Already exists
d7613f6d332a: Already exists
5e98975b9a95: Already exists
d58b1268bd4f: Already exists
04bd238c78c1: Already exists
Digest: sha256:6d2234e2b8c7d57f735e8a8954840bb81ac045fdb87cf27eecf1e81d15f2897f
Status: Downloaded newer image for r.cfcr.io/codefresh-inc/codefresh/runtime-environment-manager:saas-unvalidate-runtime-for-new-plan-model
r.cfcr.io/codefresh-inc/codefresh/runtime-environment-manager:saas-unvalidate-runtime-for-new-plan-model
Pull r.cfcr.io/codefresh-inc/codefresh/runtime-environment-manager:saas-unvalidate-runtime-for-new-plan-model completed - Mon Oct  7 11:52:10 UTC 2019 !!!

Tag gcr.io/codefresh-inc/codefresh/runtime-environment-manager:saas-unvalidate-runtime-for-new-plan-model completed - Mon Oct  7 11:52:10 UTC 2019 !!!

The push refers to repository [gcr.io/codefresh-inc/codefresh/runtime-environment-manager]
887a698d3d2d: Preparing
586e81c55c8f: Preparing
84e135e089cf: Preparing
41e0a6b9b3bb: Preparing
07caa2e16110: Preparing
28bf756b6f8e: Preparing
4c299e1e70d5: Preparing
f1b5933fe4b5: Preparing
586e81c55c8f: Waiting
84e135e089cf: Waiting
41e0a6b9b3bb: Waiting
07caa2e16110: Waiting
28bf756b6f8e: Waiting
4c299e1e70d5: Waiting
f1b5933fe4b5: Waiting
586e81c55c8f: Layer already exists
887a698d3d2d: Layer already exists
84e135e089cf: Layer already exists
07caa2e16110: Layer already exists
41e0a6b9b3bb: Layer already exists
28bf756b6f8e: Layer already exists
f1b5933fe4b5: Layer already exists
4c299e1e70d5: Layer already exists
saas-unvalidate-runtime-for-new-plan-model: digest: sha256:d0646f4ec2903332ccf5a2cebb77bfd987968e4a0e263fcef38f3f5b8bcaebc1 size: 1995
Push gcr.io/codefresh-inc/codefresh/runtime-environment-manager:saas-unvalidate-runtime-for-new-plan-model completed - Mon Oct  7 11:52:13 UTC 2019 !!!

---------- Migrate r.cfcr.io/codefresh-inc/codefresh/runtime-environment-manager:SAAS-unvalidate-runtime-for-new-plan-model to gcr.io/codefresh-inc/codefresh/runtime-environment-manager:SAAS-unvalidate-runtime-for-new-plan-model
SAAS-unvalidate-runtime-for-new-plan-model: Pulling from codefresh-inc/codefresh/runtime-environment-manager
Digest: sha256:d0646f4ec2903332ccf5a2cebb77bfd987968e4a0e263fcef38f3f5b8bcaebc1
Status: Downloaded newer image for r.cfcr.io/codefresh-inc/codefresh/runtime-environment-manager:SAAS-unvalidate-runtime-for-new-plan-model
r.cfcr.io/codefresh-inc/codefresh/runtime-environment-manager:SAAS-unvalidate-runtime-for-new-plan-model
Pull r.cfcr.io/codefresh-inc/codefresh/runtime-environment-manager:SAAS-unvalidate-runtime-for-new-plan-model completed - Mon Oct  7 11:52:14 UTC 2019 !!!

Tag gcr.io/codefresh-inc/codefresh/runtime-environment-manager:SAAS-unvalidate-runtime-for-new-plan-model completed - Mon Oct  7 11:52:15 UTC 2019 !!!

The push refers to repository [gcr.io/codefresh-inc/codefresh/runtime-environment-manager]
887a698d3d2d: Preparing
586e81c55c8f: Preparing
84e135e089cf: Preparing
41e0a6b9b3bb: Preparing
07caa2e16110: Preparing
28bf756b6f8e: Preparing
4c299e1e70d5: Preparing
f1b5933fe4b5: Preparing
887a698d3d2d: Waiting
586e81c55c8f: Waiting
84e135e089cf: Waiting
41e0a6b9b3bb: Waiting
07caa2e16110: Waiting
28bf756b6f8e: Waiting
4c299e1e70d5: Waiting
f1b5933fe4b5: Waiting
887a698d3d2d: Layer already exists
586e81c55c8f: Layer already exists
84e135e089cf: Layer already exists
41e0a6b9b3bb: Layer already exists
07caa2e16110: Layer already exists
28bf756b6f8e: Layer already exists
4c299e1e70d5: Layer already exists
f1b5933fe4b5: Layer already exists
SAAS-unvalidate-runtime-for-new-plan-model: digest: sha256:d0646f4ec2903332ccf5a2cebb77bfd987968e4a0e263fcef38f3f5b8bcaebc1 size: 1995
Push gcr.io/codefresh-inc/codefresh/runtime-environment-manager:SAAS-unvalidate-runtime-for-new-plan-model completed - Mon Oct  7 11:52:19 UTC 2019 !!!

---------- Migrate r.cfcr.io/codefresh-inc/codefresh/runtime-environment-manager:3.3.0-saas-unvalidate-runtime-for-new-plan-model to gcr.io/codefresh-inc/codefresh/runtime-environment-manager:3.3.0-saas-unvalidate-runtime-for-new-plan-model
3.3.0-saas-unvalidate-runtime-for-new-plan-model: Pulling from codefresh-inc/codefresh/runtime-environment-manager
Digest: sha256:d0646f4ec2903332ccf5a2cebb77bfd987968e4a0e263fcef38f3f5b8bcaebc1
Status: Downloaded newer image for r.cfcr.io/codefresh-inc/codefresh/runtime-environment-manager:3.3.0-saas-unvalidate-runtime-for-new-plan-model
r.cfcr.io/codefresh-inc/codefresh/runtime-environment-manager:3.3.0-saas-unvalidate-runtime-for-new-plan-model
Pull r.cfcr.io/codefresh-inc/codefresh/runtime-environment-manager:3.3.0-saas-unvalidate-runtime-for-new-plan-model completed - Mon Oct  7 11:52:20 UTC 2019 !!!

Tag gcr.io/codefresh-inc/codefresh/runtime-environment-manager:3.3.0-saas-unvalidate-runtime-for-new-plan-model completed - Mon Oct  7 11:52:21 UTC 2019 !!!

The push refers to repository [gcr.io/codefresh-inc/codefresh/runtime-environment-manager]
887a698d3d2d: Preparing
586e81c55c8f: Preparing
84e135e089cf: Preparing
41e0a6b9b3bb: Preparing
07caa2e16110: Preparing
28bf756b6f8e: Preparing
4c299e1e70d5: Preparing
f1b5933fe4b5: Preparing
84e135e089cf: Waiting
41e0a6b9b3bb: Waiting
07caa2e16110: Waiting
28bf756b6f8e: Waiting
4c299e1e70d5: Waiting
f1b5933fe4b5: Waiting
586e81c55c8f: Layer already exists
887a698d3d2d: Layer already exists
84e135e089cf: Layer already exists
41e0a6b9b3bb: Layer already exists
07caa2e16110: Layer already exists
28bf756b6f8e: Layer already exists
4c299e1e70d5: Layer already exists
f1b5933fe4b5: Layer already exists
3.3.0-saas-unvalidate-runtime-for-new-plan-model: digest: sha256:d0646f4ec2903332ccf5a2cebb77bfd987968e4a0e263fcef38f3f5b8bcaebc1 size: 1995
Push gcr.io/codefresh-inc/codefresh/runtime-environment-manager:3.3.0-saas-unvalidate-runtime-for-new-plan-model completed - Mon Oct  7 11:52:22 UTC 2019 !!!

---------- Migrate r.cfcr.io/codefresh-inc/codefresh/runtime-environment-manager:3.2.0-cf-onprem-v1.0.80 to gcr.io/codefresh-inc/codefresh/runtime-environment-manager:3.2.0-cf-onprem-v1.0.80
3.2.0-cf-onprem-v1.0.80: Pulling from codefresh-inc/codefresh/runtime-environment-manager
e7c96db7181b: Already exists
df9eac31dfef: Already exists
0a20433d95a4: Already exists
ee983e8c7db4: Already exists
d7613f6d332a: Already exists
5e98975b9a95: Already exists
d58b1268bd4f: Already exists
d49290cada55: Pulling fs layer
d49290cada55: Verifying Checksum
d49290cada55: Download complete
d49290cada55: Pull complete
Digest: sha256:ce5a9c97d3524fc180a12925912975c430fcd48d6c518f7fe6b7d24ff48ed0ed
Status: Downloaded newer image for r.cfcr.io/codefresh-inc/codefresh/runtime-environment-manager:3.2.0-cf-onprem-v1.0.80
r.cfcr.io/codefresh-inc/codefresh/runtime-environment-manager:3.2.0-cf-onprem-v1.0.80
Pull r.cfcr.io/codefresh-inc/codefresh/runtime-environment-manager:3.2.0-cf-onprem-v1.0.80 completed - Mon Oct  7 11:52:25 UTC 2019 !!!

Tag gcr.io/codefresh-inc/codefresh/runtime-environment-manager:3.2.0-cf-onprem-v1.0.80 completed - Mon Oct  7 11:52:26 UTC 2019 !!!

The push refers to repository [gcr.io/codefresh-inc/codefresh/runtime-environment-manager]
71c45c665ea6: Preparing
586e81c55c8f: Preparing
84e135e089cf: Preparing
41e0a6b9b3bb: Preparing
07caa2e16110: Preparing
28bf756b6f8e: Preparing
4c299e1e70d5: Preparing
f1b5933fe4b5: Preparing
41e0a6b9b3bb: Waiting
07caa2e16110: Waiting
28bf756b6f8e: Waiting
4c299e1e70d5: Waiting
f1b5933fe4b5: Waiting
586e81c55c8f: Layer already exists
84e135e089cf: Layer already exists
41e0a6b9b3bb: Layer already exists
07caa2e16110: Layer already exists
4c299e1e70d5: Layer already exists
28bf756b6f8e: Layer already exists
f1b5933fe4b5: Layer already exists
71c45c665ea6: Pushed
3.2.0-cf-onprem-v1.0.80: digest: sha256:ce5a9c97d3524fc180a12925912975c430fcd48d6c518f7fe6b7d24ff48ed0ed size: 1995
Push gcr.io/codefresh-inc/codefresh/runtime-environment-manager:3.2.0-cf-onprem-v1.0.80 completed - Mon Oct  7 11:52:30 UTC 2019 !!!

---------- Migrate r.cfcr.io/codefresh-inc/codefresh/runtime-environment-manager:3.2.0 to gcr.io/codefresh-inc/codefresh/runtime-environment-manager:3.2.0
3.2.0: Pulling from codefresh-inc/codefresh/runtime-environment-manager
e7c96db7181b: Already exists
df9eac31dfef: Already exists
0a20433d95a4: Already exists
ee983e8c7db4: Already exists
d7613f6d332a: Already exists
5e98975b9a95: Already exists
d58b1268bd4f: Already exists
e45d785fadd5: Pulling fs layer
e45d785fadd5: Verifying Checksum
e45d785fadd5: Download complete
e45d785fadd5: Pull complete
Digest: sha256:0a554afaf6f8cb6c784f45fc79784449dd652522aeb0c828b8f186aaf0e110b9
Status: Downloaded newer image for r.cfcr.io/codefresh-inc/codefresh/runtime-environment-manager:3.2.0
r.cfcr.io/codefresh-inc/codefresh/runtime-environment-manager:3.2.0
Pull r.cfcr.io/codefresh-inc/codefresh/runtime-environment-manager:3.2.0 completed - Mon Oct  7 11:52:32 UTC 2019 !!!

Tag gcr.io/codefresh-inc/codefresh/runtime-environment-manager:3.2.0 completed - Mon Oct  7 11:52:32 UTC 2019 !!!

The push refers to repository [gcr.io/codefresh-inc/codefresh/runtime-environment-manager]
276eb41df57e: Preparing
586e81c55c8f: Preparing
84e135e089cf: Preparing
41e0a6b9b3bb: Preparing
07caa2e16110: Preparing
28bf756b6f8e: Preparing
4c299e1e70d5: Preparing
f1b5933fe4b5: Preparing
586e81c55c8f: Waiting
84e135e089cf: Waiting
41e0a6b9b3bb: Waiting
07caa2e16110: Waiting
28bf756b6f8e: Waiting
4c299e1e70d5: Waiting
f1b5933fe4b5: Waiting
276eb41df57e: Pushed
586e81c55c8f: Layer already exists
84e135e089cf: Layer already exists
41e0a6b9b3bb: Layer already exists
07caa2e16110: Layer already exists
28bf756b6f8e: Layer already exists
4c299e1e70d5: Layer already exists
f1b5933fe4b5: Layer already exists
3.2.0: digest: sha256:0a554afaf6f8cb6c784f45fc79784449dd652522aeb0c828b8f186aaf0e110b9 size: 1995
Push gcr.io/codefresh-inc/codefresh/runtime-environment-manager:3.2.0 completed - Mon Oct  7 11:52:38 UTC 2019 !!!

---------- Migrate r.cfcr.io/codefresh-inc/codefresh/runtime-environment-manager:istio-poc to gcr.io/codefresh-inc/codefresh/runtime-environment-manager:istio-poc
istio-poc: Pulling from codefresh-inc/codefresh/runtime-environment-manager
e7c96db7181b: Already exists
df9eac31dfef: Already exists
0a20433d95a4: Already exists
ee983e8c7db4: Already exists
d7613f6d332a: Already exists
5e98975b9a95: Already exists
d58b1268bd4f: Already exists
e45d785fadd5: Already exists
Digest: sha256:9b61b9270fb2db908972d6397e46e39b1f64bbf5979bab81238898ade95741c8
Status: Downloaded newer image for r.cfcr.io/codefresh-inc/codefresh/runtime-environment-manager:istio-poc
r.cfcr.io/codefresh-inc/codefresh/runtime-environment-manager:istio-poc
Pull r.cfcr.io/codefresh-inc/codefresh/runtime-environment-manager:istio-poc completed - Mon Oct  7 11:52:39 UTC 2019 !!!

Tag gcr.io/codefresh-inc/codefresh/runtime-environment-manager:istio-poc completed - Mon Oct  7 11:52:40 UTC 2019 !!!

The push refers to repository [gcr.io/codefresh-inc/codefresh/runtime-environment-manager]
276eb41df57e: Preparing
586e81c55c8f: Preparing
84e135e089cf: Preparing
41e0a6b9b3bb: Preparing
07caa2e16110: Preparing
28bf756b6f8e: Preparing
4c299e1e70d5: Preparing
f1b5933fe4b5: Preparing
586e81c55c8f: Waiting
84e135e089cf: Waiting
41e0a6b9b3bb: Waiting
07caa2e16110: Waiting
28bf756b6f8e: Waiting
4c299e1e70d5: Waiting
f1b5933fe4b5: Waiting
276eb41df57e: Layer already exists
586e81c55c8f: Layer already exists
84e135e089cf: Layer already exists
41e0a6b9b3bb: Layer already exists
07caa2e16110: Layer already exists
28bf756b6f8e: Layer already exists
4c299e1e70d5: Layer already exists
f1b5933fe4b5: Layer already exists
istio-poc: digest: sha256:9b61b9270fb2db908972d6397e46e39b1f64bbf5979bab81238898ade95741c8 size: 1995
Push gcr.io/codefresh-inc/codefresh/runtime-environment-manager:istio-poc completed - Mon Oct  7 11:52:44 UTC 2019 !!!

---------- Migrate r.cfcr.io/codefresh-inc/codefresh/runtime-environment-manager:3.2.0-istio-poc to gcr.io/codefresh-inc/codefresh/runtime-environment-manager:3.2.0-istio-poc
3.2.0-istio-poc: Pulling from codefresh-inc/codefresh/runtime-environment-manager
Digest: sha256:9b61b9270fb2db908972d6397e46e39b1f64bbf5979bab81238898ade95741c8
Status: Downloaded newer image for r.cfcr.io/codefresh-inc/codefresh/runtime-environment-manager:3.2.0-istio-poc
r.cfcr.io/codefresh-inc/codefresh/runtime-environment-manager:3.2.0-istio-poc
Pull r.cfcr.io/codefresh-inc/codefresh/runtime-environment-manager:3.2.0-istio-poc completed - Mon Oct  7 11:52:45 UTC 2019 !!!

Tag gcr.io/codefresh-inc/codefresh/runtime-environment-manager:3.2.0-istio-poc completed - Mon Oct  7 11:52:46 UTC 2019 !!!

The push refers to repository [gcr.io/codefresh-inc/codefresh/runtime-environment-manager]
276eb41df57e: Preparing
586e81c55c8f: Preparing
84e135e089cf: Preparing
41e0a6b9b3bb: Preparing
07caa2e16110: Preparing
28bf756b6f8e: Preparing
4c299e1e70d5: Preparing
f1b5933fe4b5: Preparing
586e81c55c8f: Waiting
84e135e089cf: Waiting
41e0a6b9b3bb: Waiting
07caa2e16110: Waiting
28bf756b6f8e: Waiting
4c299e1e70d5: Waiting
f1b5933fe4b5: Waiting
276eb41df57e: Layer already exists
586e81c55c8f: Layer already exists
84e135e089cf: Layer already exists
41e0a6b9b3bb: Layer already exists
07caa2e16110: Layer already exists
28bf756b6f8e: Layer already exists
4c299e1e70d5: Layer already exists
f1b5933fe4b5: Layer already exists
3.2.0-istio-poc: digest: sha256:9b61b9270fb2db908972d6397e46e39b1f64bbf5979bab81238898ade95741c8 size: 1995
Push gcr.io/codefresh-inc/codefresh/runtime-environment-manager:3.2.0-istio-poc completed - Mon Oct  7 11:52:48 UTC 2019 !!!

