Entering ./migrate-from-cfcr.sh - Mon Oct  7 12:51:27 UTC 2019
JOURNAL_DIR = ./journal/2019-10-07_125124
DONE_DIR = ./done
IMAGES_LIST=./journal/2019-10-07_125124/images-list

Starting at Mon Oct  7 12:51:30 UTC 2019
Processing ./journal/2019-10-07_125124/images-list
NAME             TAG                                      PULL - SKIP
./journal/2019-10-07_125124/codefresh__mailer.tags
./journal/2019-10-07_125124/codefresh__mailer.tags
codefresh/mailer dc6271de35c390a57cbd303b97b572f77d48186a r.cfcr.io/codefresh-inc/codefresh/mailer:dc6271de35c390a57cbd303b97b572f77d48186a - SKIP
./journal/2019-10-07_125124/codefresh__mailer.tags
./journal/2019-10-07_125124/codefresh__mailer.tags
codefresh/mailer 1c8e0aba4fe54057346acbe46a9785ab37bafcda r.cfcr.io/codefresh-inc/codefresh/mailer:1c8e0aba4fe54057346acbe46a9785ab37bafcda - SKIP
./journal/2019-10-07_125124/codefresh__mailer.tags
./journal/2019-10-07_125124/codefresh__mailer.tags
codefresh/mailer 1534008a2238240254d89c85564b3a71391c36c3 r.cfcr.io/codefresh-inc/codefresh/mailer:1534008a2238240254d89c85564b3a71391c36c3 - SKIP
./journal/2019-10-07_125124/codefresh__mailer.tags
codefresh/mailer 8136619b899f28e90f0555ffa3f7ec78e94945e6 r.cfcr.io/codefresh-inc/codefresh/mailer:8136619b899f28e90f0555ffa3f7ec78e94945e6 - SKIP
./journal/2019-10-07_125124/codefresh__mailer.tags
./journal/2019-10-07_125124/codefresh__mailer.tags
codefresh/mailer 5b80c274c59100c310ef91f972bfdd62564f7263 r.cfcr.io/codefresh-inc/codefresh/mailer:5b80c274c59100c310ef91f972bfdd62564f7263 - SKIP
codefresh/mailer 607b841c4b092aeb6e820195d2b612ce47d9a28e r.cfcr.io/codefresh-inc/codefresh/mailer:607b841c4b092aeb6e820195d2b612ce47d9a28e - SKIP
./journal/2019-10-07_125124/codefresh__mailer.tags
codefresh/mailer 39c340a130f77f028e90b6f26ffda575bd56ae41 r.cfcr.io/codefresh-inc/codefresh/mailer:39c340a130f77f028e90b6f26ffda575bd56ae41 - SKIP
./journal/2019-10-07_125124/codefresh__mailer.tags
codefresh/mailer 8d7d54881efff119be8ec7e128e83600bfcc88c9 r.cfcr.io/codefresh-inc/codefresh/mailer:8d7d54881efff119be8ec7e128e83600bfcc88c9 - SKIP
codefresh/mailer 5f5a6d405ff709032269af39fbdff667fecd022d r.cfcr.io/codefresh-inc/codefresh/mailer:5f5a6d405ff709032269af39fbdff667fecd022d - SKIP
./journal/2019-10-07_125124/codefresh__mailer.tags
./journal/2019-10-07_125124/codefresh__mailer.tags
codefresh/mailer b4d16c855cf76210354da49a8525cbabf1c701a2 r.cfcr.io/codefresh-inc/codefresh/mailer:b4d16c855cf76210354da49a8525cbabf1c701a2 - SKIP
./journal/2019-10-07_125124/codefresh__mailer.tags
codefresh/mailer 7f5604f83f380bcb9da903174a31243a38fe191e r.cfcr.io/codefresh-inc/codefresh/mailer:7f5604f83f380bcb9da903174a31243a38fe191e - SKIP
./journal/2019-10-07_125124/codefresh__mailer.tags
codefresh/mailer 7acc5e244019b878b5e8c6fe1649d714eeeee1be r.cfcr.io/codefresh-inc/codefresh/mailer:7acc5e244019b878b5e8c6fe1649d714eeeee1be - SKIP
codefresh/mailer 9552df0c03cf4b45139fd6968074997c5c07a34d r.cfcr.io/codefresh-inc/codefresh/mailer:9552df0c03cf4b45139fd6968074997c5c07a34d - SKIP
./journal/2019-10-07_125124/codefresh__mailer.tags
codefresh/mailer de5100058c7d2b10482a80fcaf8c1051ee435393 r.cfcr.io/codefresh-inc/codefresh/mailer:de5100058c7d2b10482a80fcaf8c1051ee435393 - SKIP
./journal/2019-10-07_125124/codefresh__mailer.tags
codefresh/mailer bb56a0e11a5f8e615c91f0dc80b61cbffa747ba8 r.cfcr.io/codefresh-inc/codefresh/mailer:bb56a0e11a5f8e615c91f0dc80b61cbffa747ba8 - SKIP
./journal/2019-10-07_125124/codefresh__mailer.tags
codefresh/mailer 3ba21242bdfeff5a2ca87cda9375ac144e1962d4 r.cfcr.io/codefresh-inc/codefresh/mailer:3ba21242bdfeff5a2ca87cda9375ac144e1962d4 - SKIP
./journal/2019-10-07_125124/codefresh__mailer.tags
./journal/2019-10-07_125124/codefresh__mailer.tags
codefresh/mailer 2cb15ed10dcaf3b1b64d78183fe59752fe290513 r.cfcr.io/codefresh-inc/codefresh/mailer:2cb15ed10dcaf3b1b64d78183fe59752fe290513 - SKIP
./journal/2019-10-07_125124/codefresh__mailer.tags
./journal/2019-10-07_125124/codefresh__mailer.tags
codefresh/mailer 7657980e24de797f234c5a41c95a90c7ec0b80a7 r.cfcr.io/codefresh-inc/codefresh/mailer:7657980e24de797f234c5a41c95a90c7ec0b80a7 - SKIP
./journal/2019-10-07_125124/codefresh__mailer.tags
./journal/2019-10-07_125124/codefresh__mailer.tags
codefresh/mailer a70d0726b305d2e654e444365ee74b7d674b2b32 r.cfcr.io/codefresh-inc/codefresh/mailer:a70d0726b305d2e654e444365ee74b7d674b2b32 - SKIP
./journal/2019-10-07_125124/codefresh__mailer.tags
./journal/2019-10-07_125124/codefresh__mailer.tags
codefresh/mailer c511b32f531ed4839e9fb07cb29b8de3f8481637 r.cfcr.io/codefresh-inc/codefresh/mailer:c511b32f531ed4839e9fb07cb29b8de3f8481637 - SKIP
./journal/2019-10-07_125124/codefresh__mailer.tags
codefresh/mailer 5347fc9848ba355d1886397938aa44ca4607d4c3 r.cfcr.io/codefresh-inc/codefresh/mailer:5347fc9848ba355d1886397938aa44ca4607d4c3 - SKIP
./journal/2019-10-07_125124/codefresh__mailer.tags
codefresh/mailer 55f3d05efe423cc217513c285baab91001d62b00 r.cfcr.io/codefresh-inc/codefresh/mailer:55f3d05efe423cc217513c285baab91001d62b00 - SKIP
./journal/2019-10-07_125124/codefresh__mailer.tags
codefresh/mailer fe5d6049f8952d391e0c45eac4fc60a8a890128d r.cfcr.io/codefresh-inc/codefresh/mailer:fe5d6049f8952d391e0c45eac4fc60a8a890128d - SKIP
codefresh/mailer 4e6671830148c6f68a8fbfb00dd830ff65740866 r.cfcr.io/codefresh-inc/codefresh/mailer:4e6671830148c6f68a8fbfb00dd830ff65740866 - SKIP
./journal/2019-10-07_125124/codefresh__mailer.tags
codefresh/mailer 54a637af6385cf76c7e4f362ba12698ee22406ef r.cfcr.io/codefresh-inc/codefresh/mailer:54a637af6385cf76c7e4f362ba12698ee22406ef - SKIP

--- Mon Oct  7 12:51:31 UTC 2019
Processing tag files

  ****************
  Mon Oct  7 12:51:31 UTC 2019 - ./journal/2019-10-07_125124/codefresh__mailer.tags
grep: ./done/codefresh__mailer.tags: No such file or directory
---------- Migrate r.cfcr.io/codefresh-inc/codefresh/mailer:master to gcr.io/codefresh-inc/codefresh/mailer:master
master: Pulling from codefresh-inc/codefresh/mailer
e7c96db7181b: Already exists
df9eac31dfef: Already exists
0a20433d95a4: Already exists
9f0ffa853749: Pulling fs layer
3830e77a9dfb: Pulling fs layer
1fe53601f389: Pulling fs layer
12312d24ebc1: Pulling fs layer
c325eab37b8e: Pulling fs layer
12312d24ebc1: Waiting
c325eab37b8e: Waiting
9f0ffa853749: Verifying Checksum
9f0ffa853749: Download complete
3830e77a9dfb: Verifying Checksum
3830e77a9dfb: Download complete
9f0ffa853749: Pull complete
1fe53601f389: Verifying Checksum
1fe53601f389: Download complete
3830e77a9dfb: Pull complete
c325eab37b8e: Verifying Checksum
c325eab37b8e: Download complete
12312d24ebc1: Verifying Checksum
12312d24ebc1: Download complete
1fe53601f389: Pull complete
12312d24ebc1: Pull complete
c325eab37b8e: Pull complete
Digest: sha256:4c8682224e6f3c400e20a08b4980bc3e699f43631df568b35898897a6e216e17
Status: Downloaded newer image for r.cfcr.io/codefresh-inc/codefresh/mailer:master
r.cfcr.io/codefresh-inc/codefresh/mailer:master
Pull r.cfcr.io/codefresh-inc/codefresh/mailer:master completed - Mon Oct  7 12:51:36 UTC 2019 !!!

Tag gcr.io/codefresh-inc/codefresh/mailer:master completed - Mon Oct  7 12:51:36 UTC 2019 !!!

The push refers to repository [gcr.io/codefresh-inc/codefresh/mailer]
8f80e46a0758: Preparing
470538f4d48f: Preparing
b6c16ea7aad1: Preparing
43d65874b7ed: Preparing
965ed487149e: Preparing
28bf756b6f8e: Preparing
4c299e1e70d5: Preparing
f1b5933fe4b5: Preparing
43d65874b7ed: Waiting
965ed487149e: Waiting
28bf756b6f8e: Waiting
4c299e1e70d5: Waiting
f1b5933fe4b5: Waiting
8f80e46a0758: Retrying in 5 seconds
b6c16ea7aad1: Pushed
28bf756b6f8e: Layer already exists
8f80e46a0758: Retrying in 4 seconds
4c299e1e70d5: Layer already exists
f1b5933fe4b5: Layer already exists
43d65874b7ed: Pushed
8f80e46a0758: Retrying in 3 seconds
965ed487149e: Pushed
8f80e46a0758: Retrying in 2 seconds
8f80e46a0758: Retrying in 1 second
8f80e46a0758: Pushed
470538f4d48f: Pushed
master: digest: sha256:00ba44e790211f8b4090547582ea630be9d161b5b72b5d92254cf935e7c03200 size: 1995
Push gcr.io/codefresh-inc/codefresh/mailer:master completed - Mon Oct  7 12:51:45 UTC 2019 !!!

---------- Migrate r.cfcr.io/codefresh-inc/codefresh/mailer:1.7.1 to gcr.io/codefresh-inc/codefresh/mailer:1.7.1
1.7.1: Pulling from codefresh-inc/codefresh/mailer
Digest: sha256:00ba44e790211f8b4090547582ea630be9d161b5b72b5d92254cf935e7c03200
Status: Downloaded newer image for r.cfcr.io/codefresh-inc/codefresh/mailer:1.7.1
r.cfcr.io/codefresh-inc/codefresh/mailer:1.7.1
Pull r.cfcr.io/codefresh-inc/codefresh/mailer:1.7.1 completed - Mon Oct  7 12:51:46 UTC 2019 !!!

Tag gcr.io/codefresh-inc/codefresh/mailer:1.7.1 completed - Mon Oct  7 12:51:46 UTC 2019 !!!

The push refers to repository [gcr.io/codefresh-inc/codefresh/mailer]
8f80e46a0758: Preparing
470538f4d48f: Preparing
b6c16ea7aad1: Preparing
43d65874b7ed: Preparing
965ed487149e: Preparing
28bf756b6f8e: Preparing
4c299e1e70d5: Preparing
f1b5933fe4b5: Preparing
43d65874b7ed: Waiting
965ed487149e: Waiting
28bf756b6f8e: Waiting
4c299e1e70d5: Waiting
f1b5933fe4b5: Waiting
b6c16ea7aad1: Layer already exists
8f80e46a0758: Layer already exists
470538f4d48f: Layer already exists
965ed487149e: Layer already exists
43d65874b7ed: Layer already exists
28bf756b6f8e: Layer already exists
f1b5933fe4b5: Layer already exists
4c299e1e70d5: Layer already exists
1.7.1: digest: sha256:00ba44e790211f8b4090547582ea630be9d161b5b72b5d92254cf935e7c03200 size: 1995
Push gcr.io/codefresh-inc/codefresh/mailer:1.7.1 completed - Mon Oct  7 12:51:47 UTC 2019 !!!

---------- Migrate r.cfcr.io/codefresh-inc/codefresh/mailer:preemptible-saas-3841 to gcr.io/codefresh-inc/codefresh/mailer:preemptible-saas-3841
preemptible-saas-3841: Pulling from codefresh-inc/codefresh/mailer
e7c96db7181b: Already exists
df9eac31dfef: Already exists
0a20433d95a4: Already exists
9f0ffa853749: Already exists
3830e77a9dfb: Already exists
1fe53601f389: Already exists
12312d24ebc1: Already exists
c325eab37b8e: Already exists
Digest: sha256:580b93dc6a5b7dff31e40f54ac61daa813153948ebd8b306e622e217fd3ba1c4
Status: Downloaded newer image for r.cfcr.io/codefresh-inc/codefresh/mailer:preemptible-saas-3841
r.cfcr.io/codefresh-inc/codefresh/mailer:preemptible-saas-3841
Pull r.cfcr.io/codefresh-inc/codefresh/mailer:preemptible-saas-3841 completed - Mon Oct  7 12:51:48 UTC 2019 !!!

Tag gcr.io/codefresh-inc/codefresh/mailer:preemptible-saas-3841 completed - Mon Oct  7 12:51:48 UTC 2019 !!!

The push refers to repository [gcr.io/codefresh-inc/codefresh/mailer]
8f80e46a0758: Preparing
470538f4d48f: Preparing
b6c16ea7aad1: Preparing
43d65874b7ed: Preparing
965ed487149e: Preparing
28bf756b6f8e: Preparing
4c299e1e70d5: Preparing
f1b5933fe4b5: Preparing
965ed487149e: Waiting
28bf756b6f8e: Waiting
4c299e1e70d5: Waiting
f1b5933fe4b5: Waiting
470538f4d48f: Layer already exists
b6c16ea7aad1: Layer already exists
8f80e46a0758: Layer already exists
43d65874b7ed: Layer already exists
965ed487149e: Layer already exists
4c299e1e70d5: Layer already exists
f1b5933fe4b5: Layer already exists
28bf756b6f8e: Layer already exists
preemptible-saas-3841: digest: sha256:81a39b173a10b0822c4113b31b6b4157d153afc91228af3d1c58d090af7a2336 size: 1995
Push gcr.io/codefresh-inc/codefresh/mailer:preemptible-saas-3841 completed - Mon Oct  7 12:51:50 UTC 2019 !!!

---------- Migrate r.cfcr.io/codefresh-inc/codefresh/mailer:preemptible-SAAS-3841 to gcr.io/codefresh-inc/codefresh/mailer:preemptible-SAAS-3841
preemptible-SAAS-3841: Pulling from codefresh-inc/codefresh/mailer
Digest: sha256:81a39b173a10b0822c4113b31b6b4157d153afc91228af3d1c58d090af7a2336
Status: Downloaded newer image for r.cfcr.io/codefresh-inc/codefresh/mailer:preemptible-SAAS-3841
r.cfcr.io/codefresh-inc/codefresh/mailer:preemptible-SAAS-3841
Pull r.cfcr.io/codefresh-inc/codefresh/mailer:preemptible-SAAS-3841 completed - Mon Oct  7 12:51:50 UTC 2019 !!!

Tag gcr.io/codefresh-inc/codefresh/mailer:preemptible-SAAS-3841 completed - Mon Oct  7 12:51:50 UTC 2019 !!!

The push refers to repository [gcr.io/codefresh-inc/codefresh/mailer]
8f80e46a0758: Preparing
470538f4d48f: Preparing
b6c16ea7aad1: Preparing
43d65874b7ed: Preparing
965ed487149e: Preparing
28bf756b6f8e: Preparing
4c299e1e70d5: Preparing
f1b5933fe4b5: Preparing
b6c16ea7aad1: Waiting
43d65874b7ed: Waiting
965ed487149e: Waiting
28bf756b6f8e: Waiting
4c299e1e70d5: Waiting
f1b5933fe4b5: Waiting
8f80e46a0758: Layer already exists
470538f4d48f: Layer already exists
b6c16ea7aad1: Layer already exists
43d65874b7ed: Layer already exists
965ed487149e: Layer already exists
4c299e1e70d5: Layer already exists
28bf756b6f8e: Layer already exists
f1b5933fe4b5: Layer already exists
preemptible-SAAS-3841: digest: sha256:81a39b173a10b0822c4113b31b6b4157d153afc91228af3d1c58d090af7a2336 size: 1995
Push gcr.io/codefresh-inc/codefresh/mailer:preemptible-SAAS-3841 completed - Mon Oct  7 12:51:51 UTC 2019 !!!

---------- Migrate r.cfcr.io/codefresh-inc/codefresh/mailer:1.7.1-preemptible-saas-3841 to gcr.io/codefresh-inc/codefresh/mailer:1.7.1-preemptible-saas-3841
1.7.1-preemptible-saas-3841: Pulling from codefresh-inc/codefresh/mailer
Digest: sha256:81a39b173a10b0822c4113b31b6b4157d153afc91228af3d1c58d090af7a2336
Status: Downloaded newer image for r.cfcr.io/codefresh-inc/codefresh/mailer:1.7.1-preemptible-saas-3841
r.cfcr.io/codefresh-inc/codefresh/mailer:1.7.1-preemptible-saas-3841
Pull r.cfcr.io/codefresh-inc/codefresh/mailer:1.7.1-preemptible-saas-3841 completed - Mon Oct  7 12:51:51 UTC 2019 !!!

Tag gcr.io/codefresh-inc/codefresh/mailer:1.7.1-preemptible-saas-3841 completed - Mon Oct  7 12:51:52 UTC 2019 !!!

The push refers to repository [gcr.io/codefresh-inc/codefresh/mailer]
8f80e46a0758: Preparing
470538f4d48f: Preparing
b6c16ea7aad1: Preparing
43d65874b7ed: Preparing
965ed487149e: Preparing
28bf756b6f8e: Preparing
4c299e1e70d5: Preparing
f1b5933fe4b5: Preparing
b6c16ea7aad1: Waiting
43d65874b7ed: Waiting
965ed487149e: Waiting
28bf756b6f8e: Waiting
4c299e1e70d5: Waiting
f1b5933fe4b5: Waiting
8f80e46a0758: Layer already exists
b6c16ea7aad1: Layer already exists
470538f4d48f: Layer already exists
965ed487149e: Layer already exists
43d65874b7ed: Layer already exists
28bf756b6f8e: Layer already exists
4c299e1e70d5: Layer already exists
f1b5933fe4b5: Layer already exists
1.7.1-preemptible-saas-3841: digest: sha256:81a39b173a10b0822c4113b31b6b4157d153afc91228af3d1c58d090af7a2336 size: 1995
Push gcr.io/codefresh-inc/codefresh/mailer:1.7.1-preemptible-saas-3841 completed - Mon Oct  7 12:51:52 UTC 2019 !!!

---------- Migrate r.cfcr.io/codefresh-inc/codefresh/mailer:1.7.0 to gcr.io/codefresh-inc/codefresh/mailer:1.7.0
1.7.0: Pulling from codefresh-inc/codefresh/mailer
e7c96db7181b: Already exists
df9eac31dfef: Already exists
0a20433d95a4: Already exists
9f0ffa853749: Already exists
3830e77a9dfb: Already exists
1fe53601f389: Already exists
12312d24ebc1: Already exists
177b4f5ae873: Pulling fs layer
177b4f5ae873: Download complete
177b4f5ae873: Pull complete
Digest: sha256:ca82a01d08f5e098bae1982efa10ec9a2192383d3416eb7ff9c312d15dbc1c22
Status: Downloaded newer image for r.cfcr.io/codefresh-inc/codefresh/mailer:1.7.0
r.cfcr.io/codefresh-inc/codefresh/mailer:1.7.0
Pull r.cfcr.io/codefresh-inc/codefresh/mailer:1.7.0 completed - Mon Oct  7 12:51:53 UTC 2019 !!!

Tag gcr.io/codefresh-inc/codefresh/mailer:1.7.0 completed - Mon Oct  7 12:51:53 UTC 2019 !!!

The push refers to repository [gcr.io/codefresh-inc/codefresh/mailer]
0dde635ae1d0: Preparing
470538f4d48f: Preparing
b6c16ea7aad1: Preparing
43d65874b7ed: Preparing
965ed487149e: Preparing
28bf756b6f8e: Preparing
4c299e1e70d5: Preparing
f1b5933fe4b5: Preparing
0dde635ae1d0: Waiting
965ed487149e: Waiting
28bf756b6f8e: Waiting
470538f4d48f: Waiting
4c299e1e70d5: Waiting
f1b5933fe4b5: Waiting
b6c16ea7aad1: Waiting
43d65874b7ed: Waiting
0dde635ae1d0: Pushed
470538f4d48f: Layer already exists
b6c16ea7aad1: Layer already exists
43d65874b7ed: Layer already exists
965ed487149e: Layer already exists
28bf756b6f8e: Layer already exists
4c299e1e70d5: Layer already exists
f1b5933fe4b5: Layer already exists
1.7.0: digest: sha256:ca82a01d08f5e098bae1982efa10ec9a2192383d3416eb7ff9c312d15dbc1c22 size: 1995
Push gcr.io/codefresh-inc/codefresh/mailer:1.7.0 completed - Mon Oct  7 12:51:56 UTC 2019 !!!

---------- Migrate r.cfcr.io/codefresh-inc/codefresh/mailer:test-role to gcr.io/codefresh-inc/codefresh/mailer:test-role
test-role: Pulling from codefresh-inc/codefresh/mailer
e7c96db7181b: Already exists
df9eac31dfef: Already exists
0a20433d95a4: Already exists
9f0ffa853749: Already exists
3830e77a9dfb: Already exists
1fe53601f389: Already exists
12312d24ebc1: Already exists
177b4f5ae873: Already exists
Digest: sha256:5de887fc74613c8ee910722140374949aa13afb4f8babaf5c81e871595a0e2c5
Status: Downloaded newer image for r.cfcr.io/codefresh-inc/codefresh/mailer:test-role
r.cfcr.io/codefresh-inc/codefresh/mailer:test-role
Pull r.cfcr.io/codefresh-inc/codefresh/mailer:test-role completed - Mon Oct  7 12:51:57 UTC 2019 !!!

Tag gcr.io/codefresh-inc/codefresh/mailer:test-role completed - Mon Oct  7 12:51:58 UTC 2019 !!!

The push refers to repository [gcr.io/codefresh-inc/codefresh/mailer]
0dde635ae1d0: Preparing
470538f4d48f: Preparing
b6c16ea7aad1: Preparing
43d65874b7ed: Preparing
965ed487149e: Preparing
28bf756b6f8e: Preparing
4c299e1e70d5: Preparing
f1b5933fe4b5: Preparing
b6c16ea7aad1: Waiting
43d65874b7ed: Waiting
965ed487149e: Waiting
28bf756b6f8e: Waiting
4c299e1e70d5: Waiting
f1b5933fe4b5: Waiting
0dde635ae1d0: Layer already exists
470538f4d48f: Layer already exists
b6c16ea7aad1: Layer already exists
43d65874b7ed: Layer already exists
965ed487149e: Layer already exists
28bf756b6f8e: Layer already exists
4c299e1e70d5: Layer already exists
f1b5933fe4b5: Layer already exists
test-role: digest: sha256:5de887fc74613c8ee910722140374949aa13afb4f8babaf5c81e871595a0e2c5 size: 1995
Push gcr.io/codefresh-inc/codefresh/mailer:test-role completed - Mon Oct  7 12:52:00 UTC 2019 !!!

---------- Migrate r.cfcr.io/codefresh-inc/codefresh/mailer:1.7.0-test-role to gcr.io/codefresh-inc/codefresh/mailer:1.7.0-test-role
1.7.0-test-role: Pulling from codefresh-inc/codefresh/mailer
Digest: sha256:5de887fc74613c8ee910722140374949aa13afb4f8babaf5c81e871595a0e2c5
Status: Downloaded newer image for r.cfcr.io/codefresh-inc/codefresh/mailer:1.7.0-test-role
r.cfcr.io/codefresh-inc/codefresh/mailer:1.7.0-test-role
Pull r.cfcr.io/codefresh-inc/codefresh/mailer:1.7.0-test-role completed - Mon Oct  7 12:52:01 UTC 2019 !!!

Tag gcr.io/codefresh-inc/codefresh/mailer:1.7.0-test-role completed - Mon Oct  7 12:52:01 UTC 2019 !!!

The push refers to repository [gcr.io/codefresh-inc/codefresh/mailer]
0dde635ae1d0: Preparing
470538f4d48f: Preparing
b6c16ea7aad1: Preparing
43d65874b7ed: Preparing
965ed487149e: Preparing
28bf756b6f8e: Preparing
4c299e1e70d5: Preparing
f1b5933fe4b5: Preparing
b6c16ea7aad1: Waiting
43d65874b7ed: Waiting
28bf756b6f8e: Waiting
965ed487149e: Waiting
f1b5933fe4b5: Waiting
4c299e1e70d5: Waiting
0dde635ae1d0: Layer already exists
470538f4d48f: Layer already exists
b6c16ea7aad1: Layer already exists
43d65874b7ed: Layer already exists
965ed487149e: Layer already exists
28bf756b6f8e: Layer already exists
4c299e1e70d5: Layer already exists
f1b5933fe4b5: Layer already exists
1.7.0-test-role: digest: sha256:5de887fc74613c8ee910722140374949aa13afb4f8babaf5c81e871595a0e2c5 size: 1995
Push gcr.io/codefresh-inc/codefresh/mailer:1.7.0-test-role completed - Mon Oct  7 12:52:01 UTC 2019 !!!

---------- Migrate r.cfcr.io/codefresh-inc/codefresh/mailer:1.6.0 to gcr.io/codefresh-inc/codefresh/mailer:1.6.0
1.6.0: Pulling from codefresh-inc/codefresh/mailer
e7c96db7181b: Already exists
df9eac31dfef: Already exists
0a20433d95a4: Already exists
9f0ffa853749: Already exists
3830e77a9dfb: Already exists
1fe53601f389: Already exists
12312d24ebc1: Already exists
ada60f97027a: Pulling fs layer
ada60f97027a: Verifying Checksum
ada60f97027a: Pull complete
Digest: sha256:e5ead4c830309b5d43d9e9822a559a65f0922d5e72a59408da00d993d0e0ba05
Status: Downloaded newer image for r.cfcr.io/codefresh-inc/codefresh/mailer:1.6.0
r.cfcr.io/codefresh-inc/codefresh/mailer:1.6.0
Pull r.cfcr.io/codefresh-inc/codefresh/mailer:1.6.0 completed - Mon Oct  7 12:52:02 UTC 2019 !!!

Tag gcr.io/codefresh-inc/codefresh/mailer:1.6.0 completed - Mon Oct  7 12:52:02 UTC 2019 !!!

The push refers to repository [gcr.io/codefresh-inc/codefresh/mailer]
69cf664f3c4d: Preparing
470538f4d48f: Preparing
b6c16ea7aad1: Preparing
43d65874b7ed: Preparing
965ed487149e: Preparing
28bf756b6f8e: Preparing
4c299e1e70d5: Preparing
f1b5933fe4b5: Preparing
965ed487149e: Waiting
28bf756b6f8e: Waiting
4c299e1e70d5: Waiting
f1b5933fe4b5: Waiting
b6c16ea7aad1: Waiting
43d65874b7ed: Waiting
470538f4d48f: Layer already exists
b6c16ea7aad1: Layer already exists
43d65874b7ed: Layer already exists
965ed487149e: Layer already exists
28bf756b6f8e: Layer already exists
4c299e1e70d5: Layer already exists
f1b5933fe4b5: Layer already exists
69cf664f3c4d: Pushed
1.6.0: digest: sha256:e5ead4c830309b5d43d9e9822a559a65f0922d5e72a59408da00d993d0e0ba05 size: 1995
Push gcr.io/codefresh-inc/codefresh/mailer:1.6.0 completed - Mon Oct  7 12:52:05 UTC 2019 !!!

---------- Migrate r.cfcr.io/codefresh-inc/codefresh/mailer:1.6.0-test-role to gcr.io/codefresh-inc/codefresh/mailer:1.6.0-test-role
1.6.0-test-role: Pulling from codefresh-inc/codefresh/mailer
e7c96db7181b: Already exists
df9eac31dfef: Already exists
0a20433d95a4: Already exists
9f0ffa853749: Already exists
3830e77a9dfb: Already exists
1fe53601f389: Already exists
12312d24ebc1: Already exists
ada60f97027a: Already exists
Digest: sha256:f4998f897cad2fee79773ec298dbccd7f6b61663764e5b08fd2272036b745ea8
Status: Downloaded newer image for r.cfcr.io/codefresh-inc/codefresh/mailer:1.6.0-test-role
r.cfcr.io/codefresh-inc/codefresh/mailer:1.6.0-test-role
Pull r.cfcr.io/codefresh-inc/codefresh/mailer:1.6.0-test-role completed - Mon Oct  7 12:52:06 UTC 2019 !!!

Tag gcr.io/codefresh-inc/codefresh/mailer:1.6.0-test-role completed - Mon Oct  7 12:52:06 UTC 2019 !!!

The push refers to repository [gcr.io/codefresh-inc/codefresh/mailer]
69cf664f3c4d: Preparing
470538f4d48f: Preparing
b6c16ea7aad1: Preparing
43d65874b7ed: Preparing
965ed487149e: Preparing
28bf756b6f8e: Preparing
4c299e1e70d5: Preparing
f1b5933fe4b5: Preparing
28bf756b6f8e: Waiting
4c299e1e70d5: Waiting
f1b5933fe4b5: Waiting
b6c16ea7aad1: Layer already exists
69cf664f3c4d: Layer already exists
965ed487149e: Layer already exists
43d65874b7ed: Layer already exists
470538f4d48f: Layer already exists
4c299e1e70d5: Layer already exists
28bf756b6f8e: Layer already exists
f1b5933fe4b5: Layer already exists
1.6.0-test-role: digest: sha256:f4998f897cad2fee79773ec298dbccd7f6b61663764e5b08fd2272036b745ea8 size: 1995
Push gcr.io/codefresh-inc/codefresh/mailer:1.6.0-test-role completed - Mon Oct  7 12:52:08 UTC 2019 !!!

---------- Migrate r.cfcr.io/codefresh-inc/codefresh/mailer:1.5.0 to gcr.io/codefresh-inc/codefresh/mailer:1.5.0
1.5.0: Pulling from codefresh-inc/codefresh/mailer
e7c96db7181b: Already exists
df9eac31dfef: Already exists
0a20433d95a4: Already exists
9f0ffa853749: Already exists
3830e77a9dfb: Already exists
1fe53601f389: Already exists
12312d24ebc1: Already exists
4cae44692ec8: Pulling fs layer
4cae44692ec8: Verifying Checksum
4cae44692ec8: Download complete
4cae44692ec8: Pull complete
Digest: sha256:6bd1babefbcf35f78867cb30611b3863a932da0ef78c5450f40962a35e130292
Status: Downloaded newer image for r.cfcr.io/codefresh-inc/codefresh/mailer:1.5.0
r.cfcr.io/codefresh-inc/codefresh/mailer:1.5.0
Pull r.cfcr.io/codefresh-inc/codefresh/mailer:1.5.0 completed - Mon Oct  7 12:52:09 UTC 2019 !!!

Tag gcr.io/codefresh-inc/codefresh/mailer:1.5.0 completed - Mon Oct  7 12:52:10 UTC 2019 !!!

The push refers to repository [gcr.io/codefresh-inc/codefresh/mailer]
11a4d7988da4: Preparing
470538f4d48f: Preparing
b6c16ea7aad1: Preparing
43d65874b7ed: Preparing
965ed487149e: Preparing
28bf756b6f8e: Preparing
4c299e1e70d5: Preparing
f1b5933fe4b5: Preparing
28bf756b6f8e: Waiting
4c299e1e70d5: Waiting
f1b5933fe4b5: Waiting
43d65874b7ed: Layer already exists
965ed487149e: Layer already exists
470538f4d48f: Layer already exists
b6c16ea7aad1: Layer already exists
f1b5933fe4b5: Layer already exists
28bf756b6f8e: Layer already exists
4c299e1e70d5: Layer already exists
11a4d7988da4: Pushed
1.5.0: digest: sha256:6bd1babefbcf35f78867cb30611b3863a932da0ef78c5450f40962a35e130292 size: 1995
Push gcr.io/codefresh-inc/codefresh/mailer:1.5.0 completed - Mon Oct  7 12:52:13 UTC 2019 !!!

---------- Migrate r.cfcr.io/codefresh-inc/codefresh/mailer:1.5.0-test-role to gcr.io/codefresh-inc/codefresh/mailer:1.5.0-test-role
1.5.0-test-role: Pulling from codefresh-inc/codefresh/mailer
e7c96db7181b: Already exists
df9eac31dfef: Already exists
0a20433d95a4: Already exists
9f0ffa853749: Already exists
3830e77a9dfb: Already exists
1fe53601f389: Already exists
12312d24ebc1: Already exists
4cae44692ec8: Already exists
Digest: sha256:b1d8bcca2f8128d43368df3145378cb7f25a0b6d868175e81527bcfdfa343cd5
Status: Downloaded newer image for r.cfcr.io/codefresh-inc/codefresh/mailer:1.5.0-test-role
r.cfcr.io/codefresh-inc/codefresh/mailer:1.5.0-test-role
Pull r.cfcr.io/codefresh-inc/codefresh/mailer:1.5.0-test-role completed - Mon Oct  7 12:52:14 UTC 2019 !!!

Tag gcr.io/codefresh-inc/codefresh/mailer:1.5.0-test-role completed - Mon Oct  7 12:52:14 UTC 2019 !!!

The push refers to repository [gcr.io/codefresh-inc/codefresh/mailer]
11a4d7988da4: Preparing
470538f4d48f: Preparing
b6c16ea7aad1: Preparing
43d65874b7ed: Preparing
965ed487149e: Preparing
28bf756b6f8e: Preparing
4c299e1e70d5: Preparing
f1b5933fe4b5: Preparing
470538f4d48f: Waiting
b6c16ea7aad1: Waiting
43d65874b7ed: Waiting
11a4d7988da4: Waiting
965ed487149e: Waiting
28bf756b6f8e: Waiting
f1b5933fe4b5: Waiting
4c299e1e70d5: Waiting
470538f4d48f: Layer already exists
11a4d7988da4: Layer already exists
b6c16ea7aad1: Layer already exists
965ed487149e: Layer already exists
43d65874b7ed: Layer already exists
4c299e1e70d5: Layer already exists
f1b5933fe4b5: Layer already exists
28bf756b6f8e: Layer already exists
1.5.0-test-role: digest: sha256:b1d8bcca2f8128d43368df3145378cb7f25a0b6d868175e81527bcfdfa343cd5 size: 1995
Push gcr.io/codefresh-inc/codefresh/mailer:1.5.0-test-role completed - Mon Oct  7 12:52:17 UTC 2019 !!!

---------- Migrate r.cfcr.io/codefresh-inc/codefresh/mailer:1.4.1 to gcr.io/codefresh-inc/codefresh/mailer:1.4.1
1.4.1: Pulling from codefresh-inc/codefresh/mailer
e7c96db7181b: Already exists
df9eac31dfef: Already exists
0a20433d95a4: Already exists
9f0ffa853749: Already exists
3830e77a9dfb: Already exists
1fe53601f389: Already exists
12312d24ebc1: Already exists
4ffcaf004c48: Pulling fs layer
4ffcaf004c48: Verifying Checksum
4ffcaf004c48: Download complete
4ffcaf004c48: Pull complete
Digest: sha256:e43c4efee0db63104c1c15da32991ed224cf3f695866e59fe3165210bd617ef0
Status: Downloaded newer image for r.cfcr.io/codefresh-inc/codefresh/mailer:1.4.1
r.cfcr.io/codefresh-inc/codefresh/mailer:1.4.1
Pull r.cfcr.io/codefresh-inc/codefresh/mailer:1.4.1 completed - Mon Oct  7 12:52:18 UTC 2019 !!!

Tag gcr.io/codefresh-inc/codefresh/mailer:1.4.1 completed - Mon Oct  7 12:52:18 UTC 2019 !!!

The push refers to repository [gcr.io/codefresh-inc/codefresh/mailer]
dce80fc56ef1: Preparing
470538f4d48f: Preparing
b6c16ea7aad1: Preparing
43d65874b7ed: Preparing
965ed487149e: Preparing
28bf756b6f8e: Preparing
4c299e1e70d5: Preparing
f1b5933fe4b5: Preparing
dce80fc56ef1: Waiting
470538f4d48f: Waiting
b6c16ea7aad1: Waiting
43d65874b7ed: Waiting
965ed487149e: Waiting
28bf756b6f8e: Waiting
4c299e1e70d5: Waiting
f1b5933fe4b5: Waiting
470538f4d48f: Layer already exists
b6c16ea7aad1: Layer already exists
43d65874b7ed: Layer already exists
965ed487149e: Layer already exists
28bf756b6f8e: Layer already exists
4c299e1e70d5: Layer already exists
f1b5933fe4b5: Layer already exists
dce80fc56ef1: Pushed
1.4.1: digest: sha256:e43c4efee0db63104c1c15da32991ed224cf3f695866e59fe3165210bd617ef0 size: 1995
Push gcr.io/codefresh-inc/codefresh/mailer:1.4.1 completed - Mon Oct  7 12:52:22 UTC 2019 !!!

---------- Migrate r.cfcr.io/codefresh-inc/codefresh/mailer:rabbit_reconnect to gcr.io/codefresh-inc/codefresh/mailer:rabbit_reconnect
rabbit_reconnect: Pulling from codefresh-inc/codefresh/mailer
e7c96db7181b: Already exists
df9eac31dfef: Already exists
0a20433d95a4: Already exists
9f0ffa853749: Already exists
3830e77a9dfb: Already exists
1fe53601f389: Already exists
12312d24ebc1: Already exists
4ffcaf004c48: Already exists
Digest: sha256:d218bdfd330f9b1a5a973e365b65cc67a263ce326cb677de90ac7009f065486e
Status: Downloaded newer image for r.cfcr.io/codefresh-inc/codefresh/mailer:rabbit_reconnect
r.cfcr.io/codefresh-inc/codefresh/mailer:rabbit_reconnect
Pull r.cfcr.io/codefresh-inc/codefresh/mailer:rabbit_reconnect completed - Mon Oct  7 12:52:22 UTC 2019 !!!

Tag gcr.io/codefresh-inc/codefresh/mailer:rabbit_reconnect completed - Mon Oct  7 12:52:22 UTC 2019 !!!

The push refers to repository [gcr.io/codefresh-inc/codefresh/mailer]
dce80fc56ef1: Preparing
470538f4d48f: Preparing
b6c16ea7aad1: Preparing
43d65874b7ed: Preparing
965ed487149e: Preparing
28bf756b6f8e: Preparing
4c299e1e70d5: Preparing
f1b5933fe4b5: Preparing
965ed487149e: Waiting
28bf756b6f8e: Waiting
4c299e1e70d5: Waiting
f1b5933fe4b5: Waiting
43d65874b7ed: Waiting
b6c16ea7aad1: Layer already exists
dce80fc56ef1: Layer already exists
470538f4d48f: Layer already exists
43d65874b7ed: Layer already exists
28bf756b6f8e: Layer already exists
4c299e1e70d5: Layer already exists
f1b5933fe4b5: Layer already exists
965ed487149e: Layer already exists
rabbit_reconnect: digest: sha256:d218bdfd330f9b1a5a973e365b65cc67a263ce326cb677de90ac7009f065486e size: 1995
Push gcr.io/codefresh-inc/codefresh/mailer:rabbit_reconnect completed - Mon Oct  7 12:52:24 UTC 2019 !!!

---------- Migrate r.cfcr.io/codefresh-inc/codefresh/mailer:1.4.1-rabbit-reconnect to gcr.io/codefresh-inc/codefresh/mailer:1.4.1-rabbit-reconnect
1.4.1-rabbit-reconnect: Pulling from codefresh-inc/codefresh/mailer
Digest: sha256:d218bdfd330f9b1a5a973e365b65cc67a263ce326cb677de90ac7009f065486e
Status: Downloaded newer image for r.cfcr.io/codefresh-inc/codefresh/mailer:1.4.1-rabbit-reconnect
r.cfcr.io/codefresh-inc/codefresh/mailer:1.4.1-rabbit-reconnect
Pull r.cfcr.io/codefresh-inc/codefresh/mailer:1.4.1-rabbit-reconnect completed - Mon Oct  7 12:52:25 UTC 2019 !!!

Tag gcr.io/codefresh-inc/codefresh/mailer:1.4.1-rabbit-reconnect completed - Mon Oct  7 12:52:25 UTC 2019 !!!

The push refers to repository [gcr.io/codefresh-inc/codefresh/mailer]
dce80fc56ef1: Preparing
470538f4d48f: Preparing
b6c16ea7aad1: Preparing
43d65874b7ed: Preparing
965ed487149e: Preparing
28bf756b6f8e: Preparing
4c299e1e70d5: Preparing
f1b5933fe4b5: Preparing
28bf756b6f8e: Waiting
4c299e1e70d5: Waiting
f1b5933fe4b5: Waiting
b6c16ea7aad1: Layer already exists
dce80fc56ef1: Layer already exists
470538f4d48f: Layer already exists
43d65874b7ed: Layer already exists
965ed487149e: Layer already exists
f1b5933fe4b5: Layer already exists
4c299e1e70d5: Layer already exists
28bf756b6f8e: Layer already exists
1.4.1-rabbit-reconnect: digest: sha256:d218bdfd330f9b1a5a973e365b65cc67a263ce326cb677de90ac7009f065486e size: 1995
Push gcr.io/codefresh-inc/codefresh/mailer:1.4.1-rabbit-reconnect completed - Mon Oct  7 12:52:26 UTC 2019 !!!

---------- Migrate r.cfcr.io/codefresh-inc/codefresh/mailer:oren-codefresh-patch-8 to gcr.io/codefresh-inc/codefresh/mailer:oren-codefresh-patch-8
oren-codefresh-patch-8: Pulling from codefresh-inc/codefresh/mailer
e7c96db7181b: Already exists
df9eac31dfef: Already exists
0a20433d95a4: Already exists
9f0ffa853749: Already exists
4f041f9d196a: Pulling fs layer
1d36329eebcf: Pulling fs layer
85f6a163690c: Pulling fs layer
77c81d7806a5: Pulling fs layer
77c81d7806a5: Waiting
4f041f9d196a: Verifying Checksum
4f041f9d196a: Download complete
1d36329eebcf: Verifying Checksum
1d36329eebcf: Download complete
4f041f9d196a: Pull complete
77c81d7806a5: Verifying Checksum
77c81d7806a5: Download complete
1d36329eebcf: Pull complete
85f6a163690c: Verifying Checksum
85f6a163690c: Download complete
85f6a163690c: Pull complete
77c81d7806a5: Pull complete
Digest: sha256:1ed7c03b2455cb25f7467a0e95c002624b3a0eedf0c110c96f89ad021e7cb1b3
Status: Downloaded newer image for r.cfcr.io/codefresh-inc/codefresh/mailer:oren-codefresh-patch-8
r.cfcr.io/codefresh-inc/codefresh/mailer:oren-codefresh-patch-8
Pull r.cfcr.io/codefresh-inc/codefresh/mailer:oren-codefresh-patch-8 completed - Mon Oct  7 12:52:31 UTC 2019 !!!

Tag gcr.io/codefresh-inc/codefresh/mailer:oren-codefresh-patch-8 completed - Mon Oct  7 12:52:31 UTC 2019 !!!

The push refers to repository [gcr.io/codefresh-inc/codefresh/mailer]
60ad890239ff: Preparing
114f035f083e: Preparing
7de61ee327c2: Preparing
41da4af79762: Preparing
965ed487149e: Preparing
28bf756b6f8e: Preparing
4c299e1e70d5: Preparing
f1b5933fe4b5: Preparing
41da4af79762: Waiting
965ed487149e: Waiting
28bf756b6f8e: Waiting
4c299e1e70d5: Waiting
f1b5933fe4b5: Waiting
60ad890239ff: Retrying in 5 seconds
60ad890239ff: Retrying in 4 seconds
7de61ee327c2: Pushed
965ed487149e: Layer already exists
28bf756b6f8e: Layer already exists
4c299e1e70d5: Layer already exists
f1b5933fe4b5: Layer already exists
60ad890239ff: Retrying in 3 seconds
41da4af79762: Pushed
60ad890239ff: Retrying in 2 seconds
60ad890239ff: Retrying in 1 second
60ad890239ff: Retrying in 10 seconds
60ad890239ff: Retrying in 9 seconds
114f035f083e: Pushed
60ad890239ff: Retrying in 8 seconds
60ad890239ff: Retrying in 7 seconds
60ad890239ff: Retrying in 6 seconds
60ad890239ff: Retrying in 5 seconds
60ad890239ff: Retrying in 4 seconds
60ad890239ff: Retrying in 3 seconds
60ad890239ff: Retrying in 2 seconds
60ad890239ff: Retrying in 1 second
60ad890239ff: Pushed
oren-codefresh-patch-8: digest: sha256:1ed7c03b2455cb25f7467a0e95c002624b3a0eedf0c110c96f89ad021e7cb1b3 size: 1995
Push gcr.io/codefresh-inc/codefresh/mailer:oren-codefresh-patch-8 completed - Mon Oct  7 12:52:51 UTC 2019 !!!

---------- Migrate r.cfcr.io/codefresh-inc/codefresh/mailer:1.4.0-oren-codefresh-patch-8 to gcr.io/codefresh-inc/codefresh/mailer:1.4.0-oren-codefresh-patch-8
1.4.0-oren-codefresh-patch-8: Pulling from codefresh-inc/codefresh/mailer
Digest: sha256:1ed7c03b2455cb25f7467a0e95c002624b3a0eedf0c110c96f89ad021e7cb1b3
Status: Downloaded newer image for r.cfcr.io/codefresh-inc/codefresh/mailer:1.4.0-oren-codefresh-patch-8
r.cfcr.io/codefresh-inc/codefresh/mailer:1.4.0-oren-codefresh-patch-8
Pull r.cfcr.io/codefresh-inc/codefresh/mailer:1.4.0-oren-codefresh-patch-8 completed - Mon Oct  7 12:52:51 UTC 2019 !!!

Tag gcr.io/codefresh-inc/codefresh/mailer:1.4.0-oren-codefresh-patch-8 completed - Mon Oct  7 12:52:52 UTC 2019 !!!

The push refers to repository [gcr.io/codefresh-inc/codefresh/mailer]
60ad890239ff: Preparing
114f035f083e: Preparing
7de61ee327c2: Preparing
41da4af79762: Preparing
965ed487149e: Preparing
28bf756b6f8e: Preparing
4c299e1e70d5: Preparing
f1b5933fe4b5: Preparing
28bf756b6f8e: Waiting
4c299e1e70d5: Waiting
f1b5933fe4b5: Waiting
60ad890239ff: Layer already exists
41da4af79762: Layer already exists
965ed487149e: Layer already exists
7de61ee327c2: Layer already exists
114f035f083e: Layer already exists
4c299e1e70d5: Layer already exists
f1b5933fe4b5: Layer already exists
28bf756b6f8e: Layer already exists
1.4.0-oren-codefresh-patch-8: digest: sha256:1ed7c03b2455cb25f7467a0e95c002624b3a0eedf0c110c96f89ad021e7cb1b3 size: 1995
Push gcr.io/codefresh-inc/codefresh/mailer:1.4.0-oren-codefresh-patch-8 completed - Mon Oct  7 12:52:52 UTC 2019 !!!

---------- Migrate r.cfcr.io/codefresh-inc/codefresh/mailer:1.4.0 to gcr.io/codefresh-inc/codefresh/mailer:1.4.0
1.4.0: Pulling from codefresh-inc/codefresh/mailer
e7c96db7181b: Already exists
df9eac31dfef: Already exists
0a20433d95a4: Already exists
9f0ffa853749: Already exists
4f041f9d196a: Already exists
1d36329eebcf: Already exists
85f6a163690c: Already exists
6e8172e5e03d: Pulling fs layer
6e8172e5e03d: Verifying Checksum
6e8172e5e03d: Download complete
6e8172e5e03d: Pull complete
Digest: sha256:012b8f614447f84f7dad879d75aac19ae6ea850704e89ebcdad1a53b362a9f40
Status: Downloaded newer image for r.cfcr.io/codefresh-inc/codefresh/mailer:1.4.0
r.cfcr.io/codefresh-inc/codefresh/mailer:1.4.0
Pull r.cfcr.io/codefresh-inc/codefresh/mailer:1.4.0 completed - Mon Oct  7 12:52:54 UTC 2019 !!!

Tag gcr.io/codefresh-inc/codefresh/mailer:1.4.0 completed - Mon Oct  7 12:52:55 UTC 2019 !!!

The push refers to repository [gcr.io/codefresh-inc/codefresh/mailer]
264c6ef60f55: Preparing
114f035f083e: Preparing
7de61ee327c2: Preparing
41da4af79762: Preparing
965ed487149e: Preparing
28bf756b6f8e: Preparing
4c299e1e70d5: Preparing
f1b5933fe4b5: Preparing
28bf756b6f8e: Waiting
4c299e1e70d5: Waiting
f1b5933fe4b5: Waiting
965ed487149e: Layer already exists
7de61ee327c2: Layer already exists
114f035f083e: Layer already exists
41da4af79762: Layer already exists
28bf756b6f8e: Layer already exists
4c299e1e70d5: Layer already exists
f1b5933fe4b5: Layer already exists
264c6ef60f55: Pushed
1.4.0: digest: sha256:012b8f614447f84f7dad879d75aac19ae6ea850704e89ebcdad1a53b362a9f40 size: 1995
Push gcr.io/codefresh-inc/codefresh/mailer:1.4.0 completed - Mon Oct  7 12:52:59 UTC 2019 !!!

---------- Migrate r.cfcr.io/codefresh-inc/codefresh/mailer:saas-x-1 to gcr.io/codefresh-inc/codefresh/mailer:saas-x-1
saas-x-1: Pulling from codefresh-inc/codefresh/mailer
e7c96db7181b: Already exists
df9eac31dfef: Already exists
0a20433d95a4: Already exists
9f0ffa853749: Already exists
4f041f9d196a: Already exists
1d36329eebcf: Already exists
85f6a163690c: Already exists
6e8172e5e03d: Already exists
Digest: sha256:e5bf5d16fe7fd9e83285a75a0ffdaa73c1e29ab9025edc0c9be15958c28eb652
Status: Downloaded newer image for r.cfcr.io/codefresh-inc/codefresh/mailer:saas-x-1
r.cfcr.io/codefresh-inc/codefresh/mailer:saas-x-1
Pull r.cfcr.io/codefresh-inc/codefresh/mailer:saas-x-1 completed - Mon Oct  7 12:53:00 UTC 2019 !!!

Tag gcr.io/codefresh-inc/codefresh/mailer:saas-x-1 completed - Mon Oct  7 12:53:01 UTC 2019 !!!

The push refers to repository [gcr.io/codefresh-inc/codefresh/mailer]
264c6ef60f55: Preparing
114f035f083e: Preparing
7de61ee327c2: Preparing
41da4af79762: Preparing
965ed487149e: Preparing
28bf756b6f8e: Preparing
4c299e1e70d5: Preparing
f1b5933fe4b5: Preparing
28bf756b6f8e: Waiting
4c299e1e70d5: Waiting
f1b5933fe4b5: Waiting
41da4af79762: Layer already exists
7de61ee327c2: Layer already exists
264c6ef60f55: Layer already exists
965ed487149e: Layer already exists
114f035f083e: Layer already exists
f1b5933fe4b5: Layer already exists
4c299e1e70d5: Layer already exists
28bf756b6f8e: Layer already exists
saas-x-1: digest: sha256:6bac5ba45cddcf921727923e7aaa56b6f349361e5a126dc70a305c795dab882d size: 1995
Push gcr.io/codefresh-inc/codefresh/mailer:saas-x-1 completed - Mon Oct  7 12:53:03 UTC 2019 !!!

---------- Migrate r.cfcr.io/codefresh-inc/codefresh/mailer:SAAS-x-1 to gcr.io/codefresh-inc/codefresh/mailer:SAAS-x-1
SAAS-x-1: Pulling from codefresh-inc/codefresh/mailer
Digest: sha256:6bac5ba45cddcf921727923e7aaa56b6f349361e5a126dc70a305c795dab882d
Status: Downloaded newer image for r.cfcr.io/codefresh-inc/codefresh/mailer:SAAS-x-1
r.cfcr.io/codefresh-inc/codefresh/mailer:SAAS-x-1
Pull r.cfcr.io/codefresh-inc/codefresh/mailer:SAAS-x-1 completed - Mon Oct  7 12:53:05 UTC 2019 !!!

Tag gcr.io/codefresh-inc/codefresh/mailer:SAAS-x-1 completed - Mon Oct  7 12:53:05 UTC 2019 !!!

The push refers to repository [gcr.io/codefresh-inc/codefresh/mailer]
264c6ef60f55: Preparing
114f035f083e: Preparing
7de61ee327c2: Preparing
41da4af79762: Preparing
965ed487149e: Preparing
28bf756b6f8e: Preparing
4c299e1e70d5: Preparing
f1b5933fe4b5: Preparing
41da4af79762: Waiting
965ed487149e: Waiting
28bf756b6f8e: Waiting
4c299e1e70d5: Waiting
f1b5933fe4b5: Waiting
114f035f083e: Layer already exists
7de61ee327c2: Layer already exists
264c6ef60f55: Layer already exists
965ed487149e: Layer already exists
41da4af79762: Layer already exists
28bf756b6f8e: Layer already exists
f1b5933fe4b5: Layer already exists
4c299e1e70d5: Layer already exists
SAAS-x-1: digest: sha256:6bac5ba45cddcf921727923e7aaa56b6f349361e5a126dc70a305c795dab882d size: 1995
Push gcr.io/codefresh-inc/codefresh/mailer:SAAS-x-1 completed - Mon Oct  7 12:53:06 UTC 2019 !!!

---------- Migrate r.cfcr.io/codefresh-inc/codefresh/mailer:1.4.0-saas-x-1 to gcr.io/codefresh-inc/codefresh/mailer:1.4.0-saas-x-1
1.4.0-saas-x-1: Pulling from codefresh-inc/codefresh/mailer
Digest: sha256:6bac5ba45cddcf921727923e7aaa56b6f349361e5a126dc70a305c795dab882d
Status: Downloaded newer image for r.cfcr.io/codefresh-inc/codefresh/mailer:1.4.0-saas-x-1
r.cfcr.io/codefresh-inc/codefresh/mailer:1.4.0-saas-x-1
Pull r.cfcr.io/codefresh-inc/codefresh/mailer:1.4.0-saas-x-1 completed - Mon Oct  7 12:53:07 UTC 2019 !!!

Tag gcr.io/codefresh-inc/codefresh/mailer:1.4.0-saas-x-1 completed - Mon Oct  7 12:53:08 UTC 2019 !!!

The push refers to repository [gcr.io/codefresh-inc/codefresh/mailer]
264c6ef60f55: Preparing
114f035f083e: Preparing
7de61ee327c2: Preparing
41da4af79762: Preparing
965ed487149e: Preparing
28bf756b6f8e: Preparing
4c299e1e70d5: Preparing
f1b5933fe4b5: Preparing
965ed487149e: Waiting
28bf756b6f8e: Waiting
4c299e1e70d5: Waiting
f1b5933fe4b5: Waiting
264c6ef60f55: Layer already exists
114f035f083e: Layer already exists
41da4af79762: Layer already exists
7de61ee327c2: Layer already exists
965ed487149e: Layer already exists
28bf756b6f8e: Layer already exists
4c299e1e70d5: Layer already exists
f1b5933fe4b5: Layer already exists
1.4.0-saas-x-1: digest: sha256:6bac5ba45cddcf921727923e7aaa56b6f349361e5a126dc70a305c795dab882d size: 1995
Push gcr.io/codefresh-inc/codefresh/mailer:1.4.0-saas-x-1 completed - Mon Oct  7 12:53:08 UTC 2019 !!!

---------- Migrate r.cfcr.io/codefresh-inc/codefresh/mailer:1.3.0 to gcr.io/codefresh-inc/codefresh/mailer:1.3.0
1.3.0: Pulling from codefresh-inc/codefresh/mailer
e7c96db7181b: Already exists
df9eac31dfef: Already exists
0a20433d95a4: Already exists
9f0ffa853749: Already exists
4f041f9d196a: Already exists
1d36329eebcf: Already exists
85f6a163690c: Already exists
16e17a14908d: Pulling fs layer
16e17a14908d: Verifying Checksum
16e17a14908d: Download complete
16e17a14908d: Pull complete
Digest: sha256:4a0bc5a73baecf3f714bda3b0a47d0e1ee195a8981f7e82f65383cb16bfb43de
Status: Downloaded newer image for r.cfcr.io/codefresh-inc/codefresh/mailer:1.3.0
r.cfcr.io/codefresh-inc/codefresh/mailer:1.3.0
Pull r.cfcr.io/codefresh-inc/codefresh/mailer:1.3.0 completed - Mon Oct  7 12:53:10 UTC 2019 !!!

Tag gcr.io/codefresh-inc/codefresh/mailer:1.3.0 completed - Mon Oct  7 12:53:10 UTC 2019 !!!

The push refers to repository [gcr.io/codefresh-inc/codefresh/mailer]
73afecdf1165: Preparing
114f035f083e: Preparing
7de61ee327c2: Preparing
41da4af79762: Preparing
965ed487149e: Preparing
28bf756b6f8e: Preparing
4c299e1e70d5: Preparing
f1b5933fe4b5: Preparing
7de61ee327c2: Waiting
41da4af79762: Waiting
965ed487149e: Waiting
28bf756b6f8e: Waiting
4c299e1e70d5: Waiting
f1b5933fe4b5: Waiting
114f035f083e: Layer already exists
7de61ee327c2: Layer already exists
41da4af79762: Layer already exists
965ed487149e: Layer already exists
28bf756b6f8e: Layer already exists
4c299e1e70d5: Layer already exists
f1b5933fe4b5: Layer already exists
73afecdf1165: Pushed
1.3.0: digest: sha256:4a0bc5a73baecf3f714bda3b0a47d0e1ee195a8981f7e82f65383cb16bfb43de size: 1995
Push gcr.io/codefresh-inc/codefresh/mailer:1.3.0 completed - Mon Oct  7 12:53:14 UTC 2019 !!!

---------- Migrate r.cfcr.io/codefresh-inc/codefresh/mailer:saas-x to gcr.io/codefresh-inc/codefresh/mailer:saas-x
saas-x: Pulling from codefresh-inc/codefresh/mailer
e7c96db7181b: Already exists
df9eac31dfef: Already exists
0a20433d95a4: Already exists
9f0ffa853749: Already exists
4f041f9d196a: Already exists
1d36329eebcf: Already exists
85f6a163690c: Already exists
16e17a14908d: Already exists
Digest: sha256:e612ceec02d70f1f9fe7c90d40969f19df13cbdfc2ef8c20b5978778436a9a4a
Status: Downloaded newer image for r.cfcr.io/codefresh-inc/codefresh/mailer:saas-x
r.cfcr.io/codefresh-inc/codefresh/mailer:saas-x
Pull r.cfcr.io/codefresh-inc/codefresh/mailer:saas-x completed - Mon Oct  7 12:53:16 UTC 2019 !!!

Tag gcr.io/codefresh-inc/codefresh/mailer:saas-x completed - Mon Oct  7 12:53:16 UTC 2019 !!!

The push refers to repository [gcr.io/codefresh-inc/codefresh/mailer]
73afecdf1165: Preparing
114f035f083e: Preparing
7de61ee327c2: Preparing
41da4af79762: Preparing
965ed487149e: Preparing
28bf756b6f8e: Preparing
4c299e1e70d5: Preparing
f1b5933fe4b5: Preparing
73afecdf1165: Waiting
114f035f083e: Waiting
7de61ee327c2: Waiting
41da4af79762: Waiting
965ed487149e: Waiting
28bf756b6f8e: Waiting
4c299e1e70d5: Waiting
f1b5933fe4b5: Waiting
73afecdf1165: Layer already exists
114f035f083e: Layer already exists
7de61ee327c2: Layer already exists
41da4af79762: Layer already exists
965ed487149e: Layer already exists
28bf756b6f8e: Layer already exists
4c299e1e70d5: Layer already exists
f1b5933fe4b5: Layer already exists
saas-x: digest: sha256:60614cec6f13fcaa7ffc498c92a0ea49ab6621fe8c93a0e5384e791ee5533cb9 size: 1995
Push gcr.io/codefresh-inc/codefresh/mailer:saas-x completed - Mon Oct  7 12:53:22 UTC 2019 !!!

---------- Migrate r.cfcr.io/codefresh-inc/codefresh/mailer:SAAS-x to gcr.io/codefresh-inc/codefresh/mailer:SAAS-x
SAAS-x: Pulling from codefresh-inc/codefresh/mailer
Digest: sha256:60614cec6f13fcaa7ffc498c92a0ea49ab6621fe8c93a0e5384e791ee5533cb9
Status: Downloaded newer image for r.cfcr.io/codefresh-inc/codefresh/mailer:SAAS-x
r.cfcr.io/codefresh-inc/codefresh/mailer:SAAS-x
Pull r.cfcr.io/codefresh-inc/codefresh/mailer:SAAS-x completed - Mon Oct  7 12:53:23 UTC 2019 !!!

Tag gcr.io/codefresh-inc/codefresh/mailer:SAAS-x completed - Mon Oct  7 12:53:23 UTC 2019 !!!

The push refers to repository [gcr.io/codefresh-inc/codefresh/mailer]
73afecdf1165: Preparing
114f035f083e: Preparing
7de61ee327c2: Preparing
41da4af79762: Preparing
965ed487149e: Preparing
28bf756b6f8e: Preparing
4c299e1e70d5: Preparing
f1b5933fe4b5: Preparing
41da4af79762: Waiting
965ed487149e: Waiting
28bf756b6f8e: Waiting
4c299e1e70d5: Waiting
f1b5933fe4b5: Waiting
73afecdf1165: Layer already exists
114f035f083e: Layer already exists
7de61ee327c2: Layer already exists
41da4af79762: Layer already exists
28bf756b6f8e: Layer already exists
965ed487149e: Layer already exists
4c299e1e70d5: Layer already exists
f1b5933fe4b5: Layer already exists
SAAS-x: digest: sha256:60614cec6f13fcaa7ffc498c92a0ea49ab6621fe8c93a0e5384e791ee5533cb9 size: 1995
Push gcr.io/codefresh-inc/codefresh/mailer:SAAS-x completed - Mon Oct  7 12:53:25 UTC 2019 !!!

---------- Migrate r.cfcr.io/codefresh-inc/codefresh/mailer:1.3.0-saas-x to gcr.io/codefresh-inc/codefresh/mailer:1.3.0-saas-x
1.3.0-saas-x: Pulling from codefresh-inc/codefresh/mailer
Digest: sha256:60614cec6f13fcaa7ffc498c92a0ea49ab6621fe8c93a0e5384e791ee5533cb9
Status: Downloaded newer image for r.cfcr.io/codefresh-inc/codefresh/mailer:1.3.0-saas-x
r.cfcr.io/codefresh-inc/codefresh/mailer:1.3.0-saas-x
Pull r.cfcr.io/codefresh-inc/codefresh/mailer:1.3.0-saas-x completed - Mon Oct  7 12:53:26 UTC 2019 !!!

Tag gcr.io/codefresh-inc/codefresh/mailer:1.3.0-saas-x completed - Mon Oct  7 12:53:26 UTC 2019 !!!

The push refers to repository [gcr.io/codefresh-inc/codefresh/mailer]
73afecdf1165: Preparing
114f035f083e: Preparing
7de61ee327c2: Preparing
41da4af79762: Preparing
965ed487149e: Preparing
28bf756b6f8e: Preparing
4c299e1e70d5: Preparing
f1b5933fe4b5: Preparing
73afecdf1165: Waiting
114f035f083e: Waiting
7de61ee327c2: Waiting
41da4af79762: Waiting
965ed487149e: Waiting
28bf756b6f8e: Waiting
4c299e1e70d5: Waiting
f1b5933fe4b5: Waiting
73afecdf1165: Layer already exists
114f035f083e: Layer already exists
7de61ee327c2: Layer already exists
41da4af79762: Layer already exists
965ed487149e: Layer already exists
28bf756b6f8e: Layer already exists
4c299e1e70d5: Layer already exists
f1b5933fe4b5: Layer already exists
1.3.0-saas-x: digest: sha256:60614cec6f13fcaa7ffc498c92a0ea49ab6621fe8c93a0e5384e791ee5533cb9 size: 1995
Push gcr.io/codefresh-inc/codefresh/mailer:1.3.0-saas-x completed - Mon Oct  7 12:53:29 UTC 2019 !!!

---------- Migrate r.cfcr.io/codefresh-inc/codefresh/mailer:1.1.0 to gcr.io/codefresh-inc/codefresh/mailer:1.1.0
1.1.0: Pulling from codefresh-inc/codefresh/mailer
e7c96db7181b: Already exists
df9eac31dfef: Already exists
0a20433d95a4: Already exists
9f0ffa853749: Already exists
4f041f9d196a: Already exists
1d36329eebcf: Already exists
85f6a163690c: Already exists
f5cb479aefd3: Pulling fs layer
f5cb479aefd3: Verifying Checksum
f5cb479aefd3: Download complete
f5cb479aefd3: Pull complete
Digest: sha256:72a11a901ff83b695a0d39c29d0408f75d8741bff190d48f8282ea0ed80847fe
Status: Downloaded newer image for r.cfcr.io/codefresh-inc/codefresh/mailer:1.1.0
r.cfcr.io/codefresh-inc/codefresh/mailer:1.1.0
Pull r.cfcr.io/codefresh-inc/codefresh/mailer:1.1.0 completed - Mon Oct  7 12:53:30 UTC 2019 !!!

Tag gcr.io/codefresh-inc/codefresh/mailer:1.1.0 completed - Mon Oct  7 12:53:30 UTC 2019 !!!

The push refers to repository [gcr.io/codefresh-inc/codefresh/mailer]
332c6fff721b: Preparing
114f035f083e: Preparing
7de61ee327c2: Preparing
41da4af79762: Preparing
965ed487149e: Preparing
28bf756b6f8e: Preparing
4c299e1e70d5: Preparing
f1b5933fe4b5: Preparing
41da4af79762: Waiting
965ed487149e: Waiting
28bf756b6f8e: Waiting
4c299e1e70d5: Waiting
332c6fff721b: Waiting
f1b5933fe4b5: Waiting
7de61ee327c2: Waiting
114f035f083e: Waiting
114f035f083e: Layer already exists
7de61ee327c2: Layer already exists
41da4af79762: Layer already exists
965ed487149e: Layer already exists
28bf756b6f8e: Layer already exists
4c299e1e70d5: Layer already exists
f1b5933fe4b5: Layer already exists
332c6fff721b: Pushed
1.1.0: digest: sha256:72a11a901ff83b695a0d39c29d0408f75d8741bff190d48f8282ea0ed80847fe size: 1995
Push gcr.io/codefresh-inc/codefresh/mailer:1.1.0 completed - Mon Oct  7 12:53:37 UTC 2019 !!!

---------- Migrate r.cfcr.io/codefresh-inc/codefresh/mailer:istio-poc to gcr.io/codefresh-inc/codefresh/mailer:istio-poc
istio-poc: Pulling from codefresh-inc/codefresh/mailer
e7c96db7181b: Already exists
df9eac31dfef: Already exists
0a20433d95a4: Already exists
9f0ffa853749: Already exists
4f041f9d196a: Already exists
1d36329eebcf: Already exists
85f6a163690c: Already exists
f5cb479aefd3: Already exists
Digest: sha256:79b343eb32025f0c20a3dc8ee664e17bd0f6c78d9ed5d5231e9f1f78aab047f5
Status: Downloaded newer image for r.cfcr.io/codefresh-inc/codefresh/mailer:istio-poc
r.cfcr.io/codefresh-inc/codefresh/mailer:istio-poc
Pull r.cfcr.io/codefresh-inc/codefresh/mailer:istio-poc completed - Mon Oct  7 12:53:39 UTC 2019 !!!

Tag gcr.io/codefresh-inc/codefresh/mailer:istio-poc completed - Mon Oct  7 12:53:39 UTC 2019 !!!

The push refers to repository [gcr.io/codefresh-inc/codefresh/mailer]
332c6fff721b: Preparing
114f035f083e: Preparing
7de61ee327c2: Preparing
41da4af79762: Preparing
965ed487149e: Preparing
28bf756b6f8e: Preparing
4c299e1e70d5: Preparing
f1b5933fe4b5: Preparing
114f035f083e: Waiting
7de61ee327c2: Waiting
41da4af79762: Waiting
965ed487149e: Waiting
28bf756b6f8e: Waiting
4c299e1e70d5: Waiting
f1b5933fe4b5: Waiting
114f035f083e: Layer already exists
332c6fff721b: Layer already exists
41da4af79762: Layer already exists
7de61ee327c2: Layer already exists
965ed487149e: Layer already exists
f1b5933fe4b5: Layer already exists
4c299e1e70d5: Layer already exists
28bf756b6f8e: Layer already exists
istio-poc: digest: sha256:79b343eb32025f0c20a3dc8ee664e17bd0f6c78d9ed5d5231e9f1f78aab047f5 size: 1995
Push gcr.io/codefresh-inc/codefresh/mailer:istio-poc completed - Mon Oct  7 12:53:41 UTC 2019 !!!

---------- Migrate r.cfcr.io/codefresh-inc/codefresh/mailer:1.1.0-istio-poc to gcr.io/codefresh-inc/codefresh/mailer:1.1.0-istio-poc
1.1.0-istio-poc: Pulling from codefresh-inc/codefresh/mailer
Digest: sha256:79b343eb32025f0c20a3dc8ee664e17bd0f6c78d9ed5d5231e9f1f78aab047f5
Status: Downloaded newer image for r.cfcr.io/codefresh-inc/codefresh/mailer:1.1.0-istio-poc
r.cfcr.io/codefresh-inc/codefresh/mailer:1.1.0-istio-poc
Pull r.cfcr.io/codefresh-inc/codefresh/mailer:1.1.0-istio-poc completed - Mon Oct  7 12:53:42 UTC 2019 !!!

Tag gcr.io/codefresh-inc/codefresh/mailer:1.1.0-istio-poc completed - Mon Oct  7 12:53:43 UTC 2019 !!!

The push refers to repository [gcr.io/codefresh-inc/codefresh/mailer]
332c6fff721b: Preparing
114f035f083e: Preparing
7de61ee327c2: Preparing
41da4af79762: Preparing
965ed487149e: Preparing
28bf756b6f8e: Preparing
4c299e1e70d5: Preparing
f1b5933fe4b5: Preparing
7de61ee327c2: Waiting
41da4af79762: Waiting
965ed487149e: Waiting
28bf756b6f8e: Waiting
4c299e1e70d5: Waiting
f1b5933fe4b5: Waiting
114f035f083e: Layer already exists
332c6fff721b: Layer already exists
7de61ee327c2: Layer already exists
41da4af79762: Layer already exists
965ed487149e: Layer already exists
4c299e1e70d5: Layer already exists
28bf756b6f8e: Layer already exists
f1b5933fe4b5: Layer already exists
1.1.0-istio-poc: digest: sha256:79b343eb32025f0c20a3dc8ee664e17bd0f6c78d9ed5d5231e9f1f78aab047f5 size: 1995
Push gcr.io/codefresh-inc/codefresh/mailer:1.1.0-istio-poc completed - Mon Oct  7 12:53:44 UTC 2019 !!!

---------- Migrate r.cfcr.io/codefresh-inc/codefresh/mailer:1.0.54-istio-poc to gcr.io/codefresh-inc/codefresh/mailer:1.0.54-istio-poc
1.0.54-istio-poc: Pulling from codefresh-inc/codefresh/mailer
e7c96db7181b: Already exists
df9eac31dfef: Already exists
0a20433d95a4: Already exists
9f0ffa853749: Already exists
4f041f9d196a: Already exists
1d36329eebcf: Already exists
85f6a163690c: Already exists
f727c07eff90: Pulling fs layer
f727c07eff90: Verifying Checksum
f727c07eff90: Download complete
f727c07eff90: Pull complete
Digest: sha256:4e686fc5345ad67a5d86eb0e4aeeadf6b049cee914a4be7aa040fc63909e1983
Status: Downloaded newer image for r.cfcr.io/codefresh-inc/codefresh/mailer:1.0.54-istio-poc
r.cfcr.io/codefresh-inc/codefresh/mailer:1.0.54-istio-poc
Pull r.cfcr.io/codefresh-inc/codefresh/mailer:1.0.54-istio-poc completed - Mon Oct  7 12:53:45 UTC 2019 !!!

Tag gcr.io/codefresh-inc/codefresh/mailer:1.0.54-istio-poc completed - Mon Oct  7 12:53:45 UTC 2019 !!!

The push refers to repository [gcr.io/codefresh-inc/codefresh/mailer]
949c3af47948: Preparing
114f035f083e: Preparing
7de61ee327c2: Preparing
41da4af79762: Preparing
965ed487149e: Preparing
28bf756b6f8e: Preparing
4c299e1e70d5: Preparing
f1b5933fe4b5: Preparing
949c3af47948: Waiting
114f035f083e: Waiting
7de61ee327c2: Waiting
41da4af79762: Waiting
965ed487149e: Waiting
28bf756b6f8e: Waiting
4c299e1e70d5: Waiting
f1b5933fe4b5: Waiting
114f035f083e: Layer already exists
7de61ee327c2: Layer already exists
41da4af79762: Layer already exists
965ed487149e: Layer already exists
28bf756b6f8e: Layer already exists
4c299e1e70d5: Layer already exists
f1b5933fe4b5: Layer already exists
949c3af47948: Pushed
1.0.54-istio-poc: digest: sha256:4e686fc5345ad67a5d86eb0e4aeeadf6b049cee914a4be7aa040fc63909e1983 size: 1995
Push gcr.io/codefresh-inc/codefresh/mailer:1.0.54-istio-poc completed - Mon Oct  7 12:53:52 UTC 2019 !!!

---------- Migrate r.cfcr.io/codefresh-inc/codefresh/mailer:1.0.54 to gcr.io/codefresh-inc/codefresh/mailer:1.0.54
1.0.54: Pulling from codefresh-inc/codefresh/mailer
e7c96db7181b: Already exists
df9eac31dfef: Already exists
0a20433d95a4: Already exists
9f0ffa853749: Already exists
4f041f9d196a: Already exists
1d36329eebcf: Already exists
85f6a163690c: Already exists
681566f15def: Pulling fs layer
681566f15def: Verifying Checksum
681566f15def: Download complete
681566f15def: Pull complete
Digest: sha256:853f52a320c8c5e30ecd50900c035b551cfa250c354ec7d89c8912e4f0c0e8c6
Status: Downloaded newer image for r.cfcr.io/codefresh-inc/codefresh/mailer:1.0.54
r.cfcr.io/codefresh-inc/codefresh/mailer:1.0.54
Pull r.cfcr.io/codefresh-inc/codefresh/mailer:1.0.54 completed - Mon Oct  7 12:53:53 UTC 2019 !!!

Tag gcr.io/codefresh-inc/codefresh/mailer:1.0.54 completed - Mon Oct  7 12:53:53 UTC 2019 !!!

The push refers to repository [gcr.io/codefresh-inc/codefresh/mailer]
e036ad2e807f: Preparing
114f035f083e: Preparing
7de61ee327c2: Preparing
41da4af79762: Preparing
965ed487149e: Preparing
28bf756b6f8e: Preparing
4c299e1e70d5: Preparing
f1b5933fe4b5: Preparing
28bf756b6f8e: Waiting
4c299e1e70d5: Waiting
f1b5933fe4b5: Waiting
965ed487149e: Waiting
114f035f083e: Layer already exists
41da4af79762: Layer already exists
7de61ee327c2: Layer already exists
28bf756b6f8e: Layer already exists
965ed487149e: Layer already exists
4c299e1e70d5: Layer already exists
f1b5933fe4b5: Layer already exists
e036ad2e807f: Pushed
1.0.54: digest: sha256:853f52a320c8c5e30ecd50900c035b551cfa250c354ec7d89c8912e4f0c0e8c6 size: 1995
Push gcr.io/codefresh-inc/codefresh/mailer:1.0.54 completed - Mon Oct  7 12:53:56 UTC 2019 !!!

