Entering ./migrate-from-cfcr.sh - Mon Oct  7 12:52:52 UTC 2019
JOURNAL_DIR = ./journal/2019-10-07_125249
DONE_DIR = ./done
IMAGES_LIST=./journal/2019-10-07_125249/images-list

Starting at Mon Oct  7 12:52:56 UTC 2019
Processing ./journal/2019-10-07_125249/images-list
NAME                        TAG                                      PULL - SKIP
./journal/2019-10-07_125249/codefresh__onboarding-status.tags
./journal/2019-10-07_125249/codefresh__onboarding-status.tags
codefresh/onboarding-status 10aacfb14923b78956c99754d7647d2fe4c44b22 r.cfcr.io/codefresh-inc/codefresh/onboarding-status:10aacfb14923b78956c99754d7647d2fe4c44b22 - SKIP
./journal/2019-10-07_125249/codefresh__onboarding-status.tags
./journal/2019-10-07_125249/codefresh__onboarding-status.tags
codefresh/onboarding-status 9c583adb87fb3d869b8772975d45c32e5da1349a r.cfcr.io/codefresh-inc/codefresh/onboarding-status:9c583adb87fb3d869b8772975d45c32e5da1349a - SKIP
./journal/2019-10-07_125249/codefresh__onboarding-status.tags
codefresh/onboarding-status 1ae3c127b103038dbc44a1bf1d02cc23de8c2aaa r.cfcr.io/codefresh-inc/codefresh/onboarding-status:1ae3c127b103038dbc44a1bf1d02cc23de8c2aaa - SKIP
./journal/2019-10-07_125249/codefresh__onboarding-status.tags
./journal/2019-10-07_125249/codefresh__onboarding-status.tags
codefresh/onboarding-status 91f40353d6b125a1e3b7896939f9e22b24dfbdd7 r.cfcr.io/codefresh-inc/codefresh/onboarding-status:91f40353d6b125a1e3b7896939f9e22b24dfbdd7 - SKIP
./journal/2019-10-07_125249/codefresh__onboarding-status.tags
codefresh/onboarding-status 3d5ef1b82d70c32355493dd5e45391eb2ef2422a r.cfcr.io/codefresh-inc/codefresh/onboarding-status:3d5ef1b82d70c32355493dd5e45391eb2ef2422a - SKIP
./journal/2019-10-07_125249/codefresh__onboarding-status.tags
codefresh/onboarding-status 9f9e010afe4fdb5521952fe5fe9b25505188cdfe r.cfcr.io/codefresh-inc/codefresh/onboarding-status:9f9e010afe4fdb5521952fe5fe9b25505188cdfe - SKIP
./journal/2019-10-07_125249/codefresh__onboarding-status.tags
codefresh/onboarding-status ebc9b2d6d18a0014072d42aecee80591dac311fd r.cfcr.io/codefresh-inc/codefresh/onboarding-status:ebc9b2d6d18a0014072d42aecee80591dac311fd - SKIP
codefresh/onboarding-status 3d228fabb38eb485164a36dee4513b50fe2afce3 r.cfcr.io/codefresh-inc/codefresh/onboarding-status:3d228fabb38eb485164a36dee4513b50fe2afce3 - SKIP
codefresh/onboarding-status 3d3bd53e61a89bd68fca2cf4f1aaffa497a630b0 r.cfcr.io/codefresh-inc/codefresh/onboarding-status:3d3bd53e61a89bd68fca2cf4f1aaffa497a630b0 - SKIP
./journal/2019-10-07_125249/codefresh__onboarding-status.tags
codefresh/onboarding-status <none> - SKIP
./journal/2019-10-07_125249/codefresh__onboarding-status.tags
codefresh/onboarding-status 305a365f54771bbb47f5319aaf1ecd8dfaba851f r.cfcr.io/codefresh-inc/codefresh/onboarding-status:305a365f54771bbb47f5319aaf1ecd8dfaba851f - SKIP
./journal/2019-10-07_125249/codefresh__onboarding-status.tags
./journal/2019-10-07_125249/codefresh__onboarding-status.tags
codefresh/onboarding-status 9531f578c124970543dc66333d97b50b3bbd40d3 r.cfcr.io/codefresh-inc/codefresh/onboarding-status:9531f578c124970543dc66333d97b50b3bbd40d3 - SKIP
codefresh/onboarding-status 5fd339c024bd539f706da38228ff19ecf3028c99 r.cfcr.io/codefresh-inc/codefresh/onboarding-status:5fd339c024bd539f706da38228ff19ecf3028c99 - SKIP
codefresh/onboarding-status 4434ef2092f7103c6ad1dc4d7afe4df404f482cf r.cfcr.io/codefresh-inc/codefresh/onboarding-status:4434ef2092f7103c6ad1dc4d7afe4df404f482cf - SKIP
./journal/2019-10-07_125249/codefresh__onboarding-status.tags
codefresh/onboarding-status 0993b15600bb74a759b549fa89ed6121ca53eb94 r.cfcr.io/codefresh-inc/codefresh/onboarding-status:0993b15600bb74a759b549fa89ed6121ca53eb94 - SKIP
codefresh/onboarding-status 38190ca9ccb55fe9471432b3eb17ba28d3646d57 r.cfcr.io/codefresh-inc/codefresh/onboarding-status:38190ca9ccb55fe9471432b3eb17ba28d3646d57 - SKIP
codefresh/onboarding-status <none> - SKIP
./journal/2019-10-07_125249/codefresh__onboarding-status.tags
codefresh/onboarding-status c4a4b3d7ed5659e32e67e793b52fb7f1ee752525 r.cfcr.io/codefresh-inc/codefresh/onboarding-status:c4a4b3d7ed5659e32e67e793b52fb7f1ee752525 - SKIP
codefresh/onboarding-status 854be3fcf18dbbe778899892ca022d540868e8d0 r.cfcr.io/codefresh-inc/codefresh/onboarding-status:854be3fcf18dbbe778899892ca022d540868e8d0 - SKIP
./journal/2019-10-07_125249/codefresh__onboarding-status.tags
./journal/2019-10-07_125249/codefresh__onboarding-status.tags
./journal/2019-10-07_125249/codefresh__onboarding-status.tags
codefresh/onboarding-status 7a3b6ffc63730342d9622ce5a3675133ebda1fff r.cfcr.io/codefresh-inc/codefresh/onboarding-status:7a3b6ffc63730342d9622ce5a3675133ebda1fff - SKIP
codefresh/onboarding-status 819450f163b8cfb24917295ab1aab07e35000acd r.cfcr.io/codefresh-inc/codefresh/onboarding-status:819450f163b8cfb24917295ab1aab07e35000acd - SKIP
./journal/2019-10-07_125249/codefresh__onboarding-status.tags
codefresh/onboarding-status b05cd799daf7ca29aadb52f64bb8620e901e062a r.cfcr.io/codefresh-inc/codefresh/onboarding-status:b05cd799daf7ca29aadb52f64bb8620e901e062a - SKIP
./journal/2019-10-07_125249/codefresh__onboarding-status.tags

--- Mon Oct  7 12:52:57 UTC 2019
Processing tag files

  ****************
  Mon Oct  7 12:52:57 UTC 2019 - ./journal/2019-10-07_125249/codefresh__onboarding-status.tags
grep: ./done/codefresh__onboarding-status.tags: No such file or directory
---------- Migrate r.cfcr.io/codefresh-inc/codefresh/onboarding-status:master to gcr.io/codefresh-inc/codefresh/onboarding-status:master
master: Pulling from codefresh-inc/codefresh/onboarding-status
e7c96db7181b: Already exists
df9eac31dfef: Already exists
0a20433d95a4: Already exists
f3594db3466b: Pulling fs layer
07c63fb69ce3: Pulling fs layer
c06637da7e73: Pulling fs layer
b8d5f56f416e: Pulling fs layer
efd107eaaa8e: Pulling fs layer
b8d5f56f416e: Waiting
efd107eaaa8e: Waiting
f3594db3466b: Verifying Checksum
f3594db3466b: Download complete
07c63fb69ce3: Verifying Checksum
07c63fb69ce3: Download complete
c06637da7e73: Verifying Checksum
c06637da7e73: Download complete
f3594db3466b: Pull complete
efd107eaaa8e: Verifying Checksum
efd107eaaa8e: Download complete
07c63fb69ce3: Pull complete
c06637da7e73: Pull complete
b8d5f56f416e: Verifying Checksum
b8d5f56f416e: Download complete
b8d5f56f416e: Pull complete
efd107eaaa8e: Pull complete
Digest: sha256:9072fe48964e72b91e0570b6cf74d45d03924bfa4db19103f54c6a04d27f272c
Status: Downloaded newer image for r.cfcr.io/codefresh-inc/codefresh/onboarding-status:master
r.cfcr.io/codefresh-inc/codefresh/onboarding-status:master
Pull r.cfcr.io/codefresh-inc/codefresh/onboarding-status:master completed - Mon Oct  7 12:53:12 UTC 2019 !!!

Tag gcr.io/codefresh-inc/codefresh/onboarding-status:master completed - Mon Oct  7 12:53:12 UTC 2019 !!!

The push refers to repository [gcr.io/codefresh-inc/codefresh/onboarding-status]
49b564a59606: Preparing
c06540125f7f: Preparing
3cce5a3665fe: Preparing
2dcf8cd18440: Preparing
64689af54a21: Preparing
28bf756b6f8e: Preparing
4c299e1e70d5: Preparing
f1b5933fe4b5: Preparing
2dcf8cd18440: Waiting
64689af54a21: Waiting
28bf756b6f8e: Waiting
4c299e1e70d5: Waiting
f1b5933fe4b5: Waiting
3cce5a3665fe: Pushed
49b564a59606: Pushed
2dcf8cd18440: Pushed
28bf756b6f8e: Layer already exists
f1b5933fe4b5: Layer already exists
4c299e1e70d5: Layer already exists
64689af54a21: Pushed
c06540125f7f: Pushed
master: digest: sha256:5fd5d2d5b51741a3e34c5ae4e5292a71f9bce82d3724a5605d51a44877828bce size: 1995
Push gcr.io/codefresh-inc/codefresh/onboarding-status:master completed - Mon Oct  7 12:53:28 UTC 2019 !!!

---------- Migrate r.cfcr.io/codefresh-inc/codefresh/onboarding-status:1.1.1 to gcr.io/codefresh-inc/codefresh/onboarding-status:1.1.1
1.1.1: Pulling from codefresh-inc/codefresh/onboarding-status
Digest: sha256:5fd5d2d5b51741a3e34c5ae4e5292a71f9bce82d3724a5605d51a44877828bce
Status: Downloaded newer image for r.cfcr.io/codefresh-inc/codefresh/onboarding-status:1.1.1
r.cfcr.io/codefresh-inc/codefresh/onboarding-status:1.1.1
Pull r.cfcr.io/codefresh-inc/codefresh/onboarding-status:1.1.1 completed - Mon Oct  7 12:53:29 UTC 2019 !!!

Tag gcr.io/codefresh-inc/codefresh/onboarding-status:1.1.1 completed - Mon Oct  7 12:53:29 UTC 2019 !!!

The push refers to repository [gcr.io/codefresh-inc/codefresh/onboarding-status]
49b564a59606: Preparing
c06540125f7f: Preparing
3cce5a3665fe: Preparing
2dcf8cd18440: Preparing
64689af54a21: Preparing
28bf756b6f8e: Preparing
4c299e1e70d5: Preparing
f1b5933fe4b5: Preparing
49b564a59606: Waiting
c06540125f7f: Waiting
3cce5a3665fe: Waiting
2dcf8cd18440: Waiting
64689af54a21: Waiting
28bf756b6f8e: Waiting
4c299e1e70d5: Waiting
f1b5933fe4b5: Waiting
49b564a59606: Layer already exists
c06540125f7f: Layer already exists
3cce5a3665fe: Layer already exists
2dcf8cd18440: Layer already exists
64689af54a21: Layer already exists
28bf756b6f8e: Layer already exists
4c299e1e70d5: Layer already exists
f1b5933fe4b5: Layer already exists
1.1.1: digest: sha256:5fd5d2d5b51741a3e34c5ae4e5292a71f9bce82d3724a5605d51a44877828bce size: 1995
Push gcr.io/codefresh-inc/codefresh/onboarding-status:1.1.1 completed - Mon Oct  7 12:53:33 UTC 2019 !!!

---------- Migrate r.cfcr.io/codefresh-inc/codefresh/onboarding-status:preemptible-saas-3841 to gcr.io/codefresh-inc/codefresh/onboarding-status:preemptible-saas-3841
preemptible-saas-3841: Pulling from codefresh-inc/codefresh/onboarding-status
e7c96db7181b: Already exists
df9eac31dfef: Already exists
0a20433d95a4: Already exists
f3594db3466b: Already exists
07c63fb69ce3: Already exists
c06637da7e73: Already exists
b8d5f56f416e: Already exists
efd107eaaa8e: Already exists
Digest: sha256:dea824daba24e22412d6e10a6eb987cd22c8389f029637e2559fd1be4bdaf7e7
Status: Downloaded newer image for r.cfcr.io/codefresh-inc/codefresh/onboarding-status:preemptible-saas-3841
r.cfcr.io/codefresh-inc/codefresh/onboarding-status:preemptible-saas-3841
Pull r.cfcr.io/codefresh-inc/codefresh/onboarding-status:preemptible-saas-3841 completed - Mon Oct  7 12:53:34 UTC 2019 !!!

Tag gcr.io/codefresh-inc/codefresh/onboarding-status:preemptible-saas-3841 completed - Mon Oct  7 12:53:34 UTC 2019 !!!

The push refers to repository [gcr.io/codefresh-inc/codefresh/onboarding-status]
49b564a59606: Preparing
c06540125f7f: Preparing
3cce5a3665fe: Preparing
2dcf8cd18440: Preparing
64689af54a21: Preparing
28bf756b6f8e: Preparing
4c299e1e70d5: Preparing
f1b5933fe4b5: Preparing
49b564a59606: Waiting
c06540125f7f: Waiting
3cce5a3665fe: Waiting
2dcf8cd18440: Waiting
64689af54a21: Waiting
28bf756b6f8e: Waiting
4c299e1e70d5: Waiting
f1b5933fe4b5: Waiting
49b564a59606: Layer already exists
c06540125f7f: Layer already exists
3cce5a3665fe: Layer already exists
2dcf8cd18440: Layer already exists
64689af54a21: Layer already exists
28bf756b6f8e: Layer already exists
4c299e1e70d5: Layer already exists
f1b5933fe4b5: Layer already exists
preemptible-saas-3841: digest: sha256:8beeb6b0c46a7cdc6372aed679a325834259047cbcb3dbe75758a4184cafc731 size: 1995
Push gcr.io/codefresh-inc/codefresh/onboarding-status:preemptible-saas-3841 completed - Mon Oct  7 12:53:38 UTC 2019 !!!

---------- Migrate r.cfcr.io/codefresh-inc/codefresh/onboarding-status:preemptible-SAAS-3841 to gcr.io/codefresh-inc/codefresh/onboarding-status:preemptible-SAAS-3841
preemptible-SAAS-3841: Pulling from codefresh-inc/codefresh/onboarding-status
Digest: sha256:8beeb6b0c46a7cdc6372aed679a325834259047cbcb3dbe75758a4184cafc731
Status: Downloaded newer image for r.cfcr.io/codefresh-inc/codefresh/onboarding-status:preemptible-SAAS-3841
r.cfcr.io/codefresh-inc/codefresh/onboarding-status:preemptible-SAAS-3841
Pull r.cfcr.io/codefresh-inc/codefresh/onboarding-status:preemptible-SAAS-3841 completed - Mon Oct  7 12:53:39 UTC 2019 !!!

Tag gcr.io/codefresh-inc/codefresh/onboarding-status:preemptible-SAAS-3841 completed - Mon Oct  7 12:53:39 UTC 2019 !!!

The push refers to repository [gcr.io/codefresh-inc/codefresh/onboarding-status]
49b564a59606: Preparing
c06540125f7f: Preparing
3cce5a3665fe: Preparing
2dcf8cd18440: Preparing
64689af54a21: Preparing
28bf756b6f8e: Preparing
4c299e1e70d5: Preparing
f1b5933fe4b5: Preparing
2dcf8cd18440: Waiting
64689af54a21: Waiting
28bf756b6f8e: Waiting
4c299e1e70d5: Waiting
f1b5933fe4b5: Waiting
49b564a59606: Layer already exists
3cce5a3665fe: Layer already exists
c06540125f7f: Layer already exists
2dcf8cd18440: Layer already exists
64689af54a21: Layer already exists
28bf756b6f8e: Layer already exists
4c299e1e70d5: Layer already exists
f1b5933fe4b5: Layer already exists
preemptible-SAAS-3841: digest: sha256:8beeb6b0c46a7cdc6372aed679a325834259047cbcb3dbe75758a4184cafc731 size: 1995
Push gcr.io/codefresh-inc/codefresh/onboarding-status:preemptible-SAAS-3841 completed - Mon Oct  7 12:53:40 UTC 2019 !!!

---------- Migrate r.cfcr.io/codefresh-inc/codefresh/onboarding-status:1.1.1-preemptible-saas-3841 to gcr.io/codefresh-inc/codefresh/onboarding-status:1.1.1-preemptible-saas-3841
1.1.1-preemptible-saas-3841: Pulling from codefresh-inc/codefresh/onboarding-status
Digest: sha256:8beeb6b0c46a7cdc6372aed679a325834259047cbcb3dbe75758a4184cafc731
Status: Downloaded newer image for r.cfcr.io/codefresh-inc/codefresh/onboarding-status:1.1.1-preemptible-saas-3841
r.cfcr.io/codefresh-inc/codefresh/onboarding-status:1.1.1-preemptible-saas-3841
Pull r.cfcr.io/codefresh-inc/codefresh/onboarding-status:1.1.1-preemptible-saas-3841 completed - Mon Oct  7 12:53:40 UTC 2019 !!!

Tag gcr.io/codefresh-inc/codefresh/onboarding-status:1.1.1-preemptible-saas-3841 completed - Mon Oct  7 12:53:41 UTC 2019 !!!

The push refers to repository [gcr.io/codefresh-inc/codefresh/onboarding-status]
49b564a59606: Preparing
c06540125f7f: Preparing
3cce5a3665fe: Preparing
2dcf8cd18440: Preparing
64689af54a21: Preparing
28bf756b6f8e: Preparing
4c299e1e70d5: Preparing
f1b5933fe4b5: Preparing
3cce5a3665fe: Waiting
2dcf8cd18440: Waiting
64689af54a21: Waiting
28bf756b6f8e: Waiting
4c299e1e70d5: Waiting
f1b5933fe4b5: Waiting
c06540125f7f: Layer already exists
49b564a59606: Layer already exists
3cce5a3665fe: Layer already exists
2dcf8cd18440: Layer already exists
28bf756b6f8e: Layer already exists
64689af54a21: Layer already exists
f1b5933fe4b5: Layer already exists
4c299e1e70d5: Layer already exists
1.1.1-preemptible-saas-3841: digest: sha256:8beeb6b0c46a7cdc6372aed679a325834259047cbcb3dbe75758a4184cafc731 size: 1995
Push gcr.io/codefresh-inc/codefresh/onboarding-status:1.1.1-preemptible-saas-3841 completed - Mon Oct  7 12:53:42 UTC 2019 !!!

---------- Migrate r.cfcr.io/codefresh-inc/codefresh/onboarding-status:1.1.0-preemptible-saas-3841 to gcr.io/codefresh-inc/codefresh/onboarding-status:1.1.0-preemptible-saas-3841
1.1.0-preemptible-saas-3841: Pulling from codefresh-inc/codefresh/onboarding-status
e7c96db7181b: Already exists
df9eac31dfef: Already exists
0a20433d95a4: Already exists
f3594db3466b: Already exists
07c63fb69ce3: Already exists
c06637da7e73: Already exists
b8d5f56f416e: Already exists
0dc3fe24f33a: Pulling fs layer
0dc3fe24f33a: Verifying Checksum
0dc3fe24f33a: Download complete
0dc3fe24f33a: Pull complete
Digest: sha256:a5bca7f99a2068452f34f5575a759e65f26f6a7dd4b23f1562bc43611b1f0ca5
Status: Downloaded newer image for r.cfcr.io/codefresh-inc/codefresh/onboarding-status:1.1.0-preemptible-saas-3841
r.cfcr.io/codefresh-inc/codefresh/onboarding-status:1.1.0-preemptible-saas-3841
Pull r.cfcr.io/codefresh-inc/codefresh/onboarding-status:1.1.0-preemptible-saas-3841 completed - Mon Oct  7 12:53:43 UTC 2019 !!!

Tag gcr.io/codefresh-inc/codefresh/onboarding-status:1.1.0-preemptible-saas-3841 completed - Mon Oct  7 12:53:44 UTC 2019 !!!

The push refers to repository [gcr.io/codefresh-inc/codefresh/onboarding-status]
28c7b4edd950: Preparing
c06540125f7f: Preparing
3cce5a3665fe: Preparing
2dcf8cd18440: Preparing
64689af54a21: Preparing
28bf756b6f8e: Preparing
4c299e1e70d5: Preparing
f1b5933fe4b5: Preparing
2dcf8cd18440: Waiting
64689af54a21: Waiting
28bf756b6f8e: Waiting
4c299e1e70d5: Waiting
f1b5933fe4b5: Waiting
3cce5a3665fe: Layer already exists
c06540125f7f: Layer already exists
2dcf8cd18440: Layer already exists
64689af54a21: Layer already exists
28bf756b6f8e: Layer already exists
4c299e1e70d5: Layer already exists
f1b5933fe4b5: Layer already exists
28c7b4edd950: Pushed
1.1.0-preemptible-saas-3841: digest: sha256:a5bca7f99a2068452f34f5575a759e65f26f6a7dd4b23f1562bc43611b1f0ca5 size: 1995
Push gcr.io/codefresh-inc/codefresh/onboarding-status:1.1.0-preemptible-saas-3841 completed - Mon Oct  7 12:53:48 UTC 2019 !!!

---------- Migrate r.cfcr.io/codefresh-inc/codefresh/onboarding-status:1.1.0 to gcr.io/codefresh-inc/codefresh/onboarding-status:1.1.0
1.1.0: Pulling from codefresh-inc/codefresh/onboarding-status
e7c96db7181b: Already exists
df9eac31dfef: Already exists
0a20433d95a4: Already exists
f3594db3466b: Already exists
07c63fb69ce3: Already exists
c06637da7e73: Already exists
b8d5f56f416e: Already exists
de8dc2415527: Pulling fs layer
de8dc2415527: Verifying Checksum
de8dc2415527: Download complete
de8dc2415527: Pull complete
Digest: sha256:e8e44a73d446d8b7f0830014884470e84038830beac90541ce336b0e80621151
Status: Downloaded newer image for r.cfcr.io/codefresh-inc/codefresh/onboarding-status:1.1.0
r.cfcr.io/codefresh-inc/codefresh/onboarding-status:1.1.0
Pull r.cfcr.io/codefresh-inc/codefresh/onboarding-status:1.1.0 completed - Mon Oct  7 12:53:49 UTC 2019 !!!

Tag gcr.io/codefresh-inc/codefresh/onboarding-status:1.1.0 completed - Mon Oct  7 12:53:49 UTC 2019 !!!

The push refers to repository [gcr.io/codefresh-inc/codefresh/onboarding-status]
5da3aa7bfa17: Preparing
c06540125f7f: Preparing
3cce5a3665fe: Preparing
2dcf8cd18440: Preparing
64689af54a21: Preparing
28bf756b6f8e: Preparing
4c299e1e70d5: Preparing
f1b5933fe4b5: Preparing
5da3aa7bfa17: Waiting
c06540125f7f: Waiting
3cce5a3665fe: Waiting
2dcf8cd18440: Waiting
64689af54a21: Waiting
28bf756b6f8e: Waiting
4c299e1e70d5: Waiting
f1b5933fe4b5: Waiting
c06540125f7f: Layer already exists
3cce5a3665fe: Layer already exists
2dcf8cd18440: Layer already exists
64689af54a21: Layer already exists
28bf756b6f8e: Layer already exists
4c299e1e70d5: Layer already exists
f1b5933fe4b5: Layer already exists
5da3aa7bfa17: Pushed
1.1.0: digest: sha256:e8e44a73d446d8b7f0830014884470e84038830beac90541ce336b0e80621151 size: 1995
Push gcr.io/codefresh-inc/codefresh/onboarding-status:1.1.0 completed - Mon Oct  7 12:53:53 UTC 2019 !!!

---------- Migrate r.cfcr.io/codefresh-inc/codefresh/onboarding-status:istio-poc to gcr.io/codefresh-inc/codefresh/onboarding-status:istio-poc
istio-poc: Pulling from codefresh-inc/codefresh/onboarding-status
e7c96db7181b: Already exists
df9eac31dfef: Already exists
0a20433d95a4: Already exists
f3594db3466b: Already exists
07c63fb69ce3: Already exists
c06637da7e73: Already exists
b8d5f56f416e: Already exists
de8dc2415527: Already exists
Digest: sha256:139f2622cfb5da882922902d902a028cad61be8d2223e268fc267bb7d4d17254
Status: Downloaded newer image for r.cfcr.io/codefresh-inc/codefresh/onboarding-status:istio-poc
r.cfcr.io/codefresh-inc/codefresh/onboarding-status:istio-poc
Pull r.cfcr.io/codefresh-inc/codefresh/onboarding-status:istio-poc completed - Mon Oct  7 12:53:54 UTC 2019 !!!

Tag gcr.io/codefresh-inc/codefresh/onboarding-status:istio-poc completed - Mon Oct  7 12:53:54 UTC 2019 !!!

The push refers to repository [gcr.io/codefresh-inc/codefresh/onboarding-status]
5da3aa7bfa17: Preparing
c06540125f7f: Preparing
3cce5a3665fe: Preparing
2dcf8cd18440: Preparing
64689af54a21: Preparing
28bf756b6f8e: Preparing
4c299e1e70d5: Preparing
f1b5933fe4b5: Preparing
2dcf8cd18440: Waiting
64689af54a21: Waiting
28bf756b6f8e: Waiting
4c299e1e70d5: Waiting
f1b5933fe4b5: Waiting
c06540125f7f: Layer already exists
3cce5a3665fe: Layer already exists
5da3aa7bfa17: Layer already exists
2dcf8cd18440: Layer already exists
64689af54a21: Layer already exists
28bf756b6f8e: Layer already exists
4c299e1e70d5: Layer already exists
f1b5933fe4b5: Layer already exists
istio-poc: digest: sha256:139f2622cfb5da882922902d902a028cad61be8d2223e268fc267bb7d4d17254 size: 1995
Push gcr.io/codefresh-inc/codefresh/onboarding-status:istio-poc completed - Mon Oct  7 12:53:56 UTC 2019 !!!

---------- Migrate r.cfcr.io/codefresh-inc/codefresh/onboarding-status:1.1.0-istio-poc to gcr.io/codefresh-inc/codefresh/onboarding-status:1.1.0-istio-poc
1.1.0-istio-poc: Pulling from codefresh-inc/codefresh/onboarding-status
Digest: sha256:139f2622cfb5da882922902d902a028cad61be8d2223e268fc267bb7d4d17254
Status: Downloaded newer image for r.cfcr.io/codefresh-inc/codefresh/onboarding-status:1.1.0-istio-poc
r.cfcr.io/codefresh-inc/codefresh/onboarding-status:1.1.0-istio-poc
Pull r.cfcr.io/codefresh-inc/codefresh/onboarding-status:1.1.0-istio-poc completed - Mon Oct  7 12:53:56 UTC 2019 !!!

Tag gcr.io/codefresh-inc/codefresh/onboarding-status:1.1.0-istio-poc completed - Mon Oct  7 12:53:57 UTC 2019 !!!

The push refers to repository [gcr.io/codefresh-inc/codefresh/onboarding-status]
5da3aa7bfa17: Preparing
c06540125f7f: Preparing
3cce5a3665fe: Preparing
2dcf8cd18440: Preparing
64689af54a21: Preparing
28bf756b6f8e: Preparing
4c299e1e70d5: Preparing
f1b5933fe4b5: Preparing
5da3aa7bfa17: Waiting
c06540125f7f: Waiting
3cce5a3665fe: Waiting
2dcf8cd18440: Waiting
64689af54a21: Waiting
28bf756b6f8e: Waiting
4c299e1e70d5: Waiting
f1b5933fe4b5: Waiting
5da3aa7bfa17: Layer already exists
c06540125f7f: Layer already exists
3cce5a3665fe: Layer already exists
2dcf8cd18440: Layer already exists
64689af54a21: Layer already exists
28bf756b6f8e: Layer already exists
4c299e1e70d5: Layer already exists
f1b5933fe4b5: Layer already exists
1.1.0-istio-poc: digest: sha256:139f2622cfb5da882922902d902a028cad61be8d2223e268fc267bb7d4d17254 size: 1995
Push gcr.io/codefresh-inc/codefresh/onboarding-status:1.1.0-istio-poc completed - Mon Oct  7 12:53:58 UTC 2019 !!!

---------- Migrate r.cfcr.io/codefresh-inc/codefresh/onboarding-status:1.0.59-istio-poc to gcr.io/codefresh-inc/codefresh/onboarding-status:1.0.59-istio-poc
1.0.59-istio-poc: Pulling from codefresh-inc/codefresh/onboarding-status
e7c96db7181b: Already exists
df9eac31dfef: Already exists
0a20433d95a4: Already exists
f3594db3466b: Already exists
07c63fb69ce3: Already exists
c06637da7e73: Already exists
b8d5f56f416e: Already exists
2f108d29a379: Pulling fs layer
2f108d29a379: Verifying Checksum
2f108d29a379: Download complete
2f108d29a379: Pull complete
Digest: sha256:7ebf3b65f1b657593419b30d6855ae17fc316a1df9b7d637341b27acddf91d3d
Status: Downloaded newer image for r.cfcr.io/codefresh-inc/codefresh/onboarding-status:1.0.59-istio-poc
r.cfcr.io/codefresh-inc/codefresh/onboarding-status:1.0.59-istio-poc
Pull r.cfcr.io/codefresh-inc/codefresh/onboarding-status:1.0.59-istio-poc completed - Mon Oct  7 12:53:59 UTC 2019 !!!

Tag gcr.io/codefresh-inc/codefresh/onboarding-status:1.0.59-istio-poc completed - Mon Oct  7 12:53:59 UTC 2019 !!!

The push refers to repository [gcr.io/codefresh-inc/codefresh/onboarding-status]
a1ac6d0c0b56: Preparing
c06540125f7f: Preparing
3cce5a3665fe: Preparing
2dcf8cd18440: Preparing
64689af54a21: Preparing
28bf756b6f8e: Preparing
4c299e1e70d5: Preparing
f1b5933fe4b5: Preparing
a1ac6d0c0b56: Waiting
c06540125f7f: Waiting
3cce5a3665fe: Waiting
2dcf8cd18440: Waiting
64689af54a21: Waiting
28bf756b6f8e: Waiting
4c299e1e70d5: Waiting
f1b5933fe4b5: Waiting
c06540125f7f: Layer already exists
3cce5a3665fe: Layer already exists
2dcf8cd18440: Layer already exists
64689af54a21: Layer already exists
28bf756b6f8e: Layer already exists
4c299e1e70d5: Layer already exists
f1b5933fe4b5: Layer already exists
a1ac6d0c0b56: Pushed
1.0.59-istio-poc: digest: sha256:7ebf3b65f1b657593419b30d6855ae17fc316a1df9b7d637341b27acddf91d3d size: 1995
Push gcr.io/codefresh-inc/codefresh/onboarding-status:1.0.59-istio-poc completed - Mon Oct  7 12:54:06 UTC 2019 !!!

---------- Migrate r.cfcr.io/codefresh-inc/codefresh/onboarding-status:1.0.59 to gcr.io/codefresh-inc/codefresh/onboarding-status:1.0.59
1.0.59: Pulling from codefresh-inc/codefresh/onboarding-status
bdf0201b3a05: Already exists
7ba7d1b49177: Already exists
17af28038337: Already exists
fc5331b5c7f2: Pulling fs layer
64dc586b6f21: Pulling fs layer
8ae9b629c1dd: Pulling fs layer
76d262c0301f: Pulling fs layer
430df1550ba1: Pulling fs layer
76d262c0301f: Waiting
430df1550ba1: Waiting
64dc586b6f21: Verifying Checksum
64dc586b6f21: Download complete
8ae9b629c1dd: Verifying Checksum
8ae9b629c1dd: Download complete
fc5331b5c7f2: Verifying Checksum
fc5331b5c7f2: Download complete
fc5331b5c7f2: Pull complete
430df1550ba1: Verifying Checksum
430df1550ba1: Download complete
64dc586b6f21: Pull complete
8ae9b629c1dd: Pull complete
76d262c0301f: Verifying Checksum
76d262c0301f: Download complete
76d262c0301f: Pull complete
430df1550ba1: Pull complete
Digest: sha256:099981235b39c0a5a702b54313674e582a7d5cca9d3b66c0a16a2c8c62aa8df5
Status: Downloaded newer image for r.cfcr.io/codefresh-inc/codefresh/onboarding-status:1.0.59
r.cfcr.io/codefresh-inc/codefresh/onboarding-status:1.0.59
Pull r.cfcr.io/codefresh-inc/codefresh/onboarding-status:1.0.59 completed - Mon Oct  7 12:54:18 UTC 2019 !!!

Tag gcr.io/codefresh-inc/codefresh/onboarding-status:1.0.59 completed - Mon Oct  7 12:54:18 UTC 2019 !!!

The push refers to repository [gcr.io/codefresh-inc/codefresh/onboarding-status]
76e0e38be0aa: Preparing
c6d86556f708: Preparing
8528acf05b8d: Preparing
43d837516346: Preparing
3e0119697b37: Preparing
7beb793ae248: Preparing
22dfd5a63f2d: Preparing
a464c54f93a9: Preparing
7beb793ae248: Waiting
22dfd5a63f2d: Waiting
a464c54f93a9: Waiting
76e0e38be0aa: Retrying in 5 seconds
8528acf05b8d: Retrying in 5 seconds
c6d86556f708: Retrying in 5 seconds
76e0e38be0aa: Retrying in 4 seconds
8528acf05b8d: Retrying in 4 seconds
c6d86556f708: Retrying in 4 seconds
3e0119697b37: Pushed
7beb793ae248: Layer already exists
22dfd5a63f2d: Layer already exists
43d837516346: Pushed
a464c54f93a9: Layer already exists
76e0e38be0aa: Retrying in 3 seconds
8528acf05b8d: Retrying in 3 seconds
c6d86556f708: Retrying in 3 seconds
76e0e38be0aa: Retrying in 2 seconds
8528acf05b8d: Retrying in 2 seconds
c6d86556f708: Retrying in 2 seconds
76e0e38be0aa: Retrying in 1 second
8528acf05b8d: Retrying in 1 second
c6d86556f708: Retrying in 1 second
c6d86556f708: Retrying in 10 seconds
c6d86556f708: Retrying in 9 seconds
76e0e38be0aa: Pushed
8528acf05b8d: Pushed
c6d86556f708: Retrying in 8 seconds
c6d86556f708: Retrying in 7 seconds
c6d86556f708: Retrying in 6 seconds
c6d86556f708: Retrying in 5 seconds
c6d86556f708: Retrying in 4 seconds
c6d86556f708: Retrying in 3 seconds
c6d86556f708: Retrying in 2 seconds
c6d86556f708: Retrying in 1 second
c6d86556f708: Pushed
1.0.59: digest: sha256:099981235b39c0a5a702b54313674e582a7d5cca9d3b66c0a16a2c8c62aa8df5 size: 1995
Push gcr.io/codefresh-inc/codefresh/onboarding-status:1.0.59 completed - Mon Oct  7 12:54:50 UTC 2019 !!!

---------- Migrate r.cfcr.io/codefresh-inc/codefresh/onboarding-status:secimprovment to gcr.io/codefresh-inc/codefresh/onboarding-status:secimprovment
secimprovment: Pulling from codefresh-inc/codefresh/onboarding-status
bdf0201b3a05: Already exists
7ba7d1b49177: Already exists
17af28038337: Already exists
a54100bb7f80: Pulling fs layer
6bb8d8d4fa73: Pulling fs layer
179c867e4b23: Pulling fs layer
1dd3b5229074: Pulling fs layer
64606e963be4: Pulling fs layer
1dd3b5229074: Waiting
64606e963be4: Waiting
179c867e4b23: Verifying Checksum
179c867e4b23: Download complete
a54100bb7f80: Verifying Checksum
a54100bb7f80: Download complete
6bb8d8d4fa73: Verifying Checksum
6bb8d8d4fa73: Download complete
a54100bb7f80: Pull complete
64606e963be4: Verifying Checksum
64606e963be4: Download complete
6bb8d8d4fa73: Pull complete
179c867e4b23: Pull complete
1dd3b5229074: Verifying Checksum
1dd3b5229074: Download complete
1dd3b5229074: Pull complete
64606e963be4: Pull complete
Digest: sha256:ee91d520ddfcb3213526c6c6791e7d0daf34108da48a4f1725f118c0edeb4d86
Status: Downloaded newer image for r.cfcr.io/codefresh-inc/codefresh/onboarding-status:secimprovment
r.cfcr.io/codefresh-inc/codefresh/onboarding-status:secimprovment
Pull r.cfcr.io/codefresh-inc/codefresh/onboarding-status:secimprovment completed - Mon Oct  7 12:55:01 UTC 2019 !!!

Tag gcr.io/codefresh-inc/codefresh/onboarding-status:secimprovment completed - Mon Oct  7 12:55:01 UTC 2019 !!!

The push refers to repository [gcr.io/codefresh-inc/codefresh/onboarding-status]
baffc26494c7: Preparing
86d13a8401df: Preparing
a2c4a186a28f: Preparing
0af161a874dd: Preparing
cac2973008e3: Preparing
7beb793ae248: Preparing
22dfd5a63f2d: Preparing
a464c54f93a9: Preparing
7beb793ae248: Waiting
22dfd5a63f2d: Waiting
a464c54f93a9: Waiting
0af161a874dd: Retrying in 5 seconds
baffc26494c7: Retrying in 5 seconds
a2c4a186a28f: Retrying in 5 seconds
0af161a874dd: Retrying in 4 seconds
baffc26494c7: Retrying in 4 seconds
a2c4a186a28f: Retrying in 4 seconds
0af161a874dd: Retrying in 3 seconds
baffc26494c7: Retrying in 3 seconds
a2c4a186a28f: Retrying in 3 seconds
cac2973008e3: Pushed
7beb793ae248: Layer already exists
22dfd5a63f2d: Layer already exists
a464c54f93a9: Layer already exists
0af161a874dd: Retrying in 2 seconds
baffc26494c7: Retrying in 2 seconds
a2c4a186a28f: Retrying in 2 seconds
0af161a874dd: Retrying in 1 second
baffc26494c7: Retrying in 1 second
a2c4a186a28f: Retrying in 1 second
baffc26494c7: Retrying in 10 seconds
a2c4a186a28f: Retrying in 10 seconds
a2c4a186a28f: Retrying in 9 seconds
baffc26494c7: Retrying in 9 seconds
0af161a874dd: Pushed
a2c4a186a28f: Retrying in 8 seconds
baffc26494c7: Retrying in 8 seconds
a2c4a186a28f: Retrying in 7 seconds
baffc26494c7: Retrying in 7 seconds
baffc26494c7: Retrying in 6 seconds
a2c4a186a28f: Retrying in 6 seconds
86d13a8401df: Pushed
a2c4a186a28f: Retrying in 5 seconds
baffc26494c7: Retrying in 5 seconds
a2c4a186a28f: Retrying in 4 seconds
baffc26494c7: Retrying in 4 seconds
a2c4a186a28f: Retrying in 3 seconds
baffc26494c7: Retrying in 3 seconds
baffc26494c7: Retrying in 2 seconds
a2c4a186a28f: Retrying in 2 seconds
baffc26494c7: Retrying in 1 second
a2c4a186a28f: Retrying in 1 second
baffc26494c7: Pushed
a2c4a186a28f: Pushed
secimprovment: digest: sha256:ee91d520ddfcb3213526c6c6791e7d0daf34108da48a4f1725f118c0edeb4d86 size: 1995
Push gcr.io/codefresh-inc/codefresh/onboarding-status:secimprovment completed - Mon Oct  7 12:55:22 UTC 2019 !!!

---------- Migrate r.cfcr.io/codefresh-inc/codefresh/onboarding-status:1.0.59-secimprovment to gcr.io/codefresh-inc/codefresh/onboarding-status:1.0.59-secimprovment
1.0.59-secimprovment: Pulling from codefresh-inc/codefresh/onboarding-status
Digest: sha256:ee91d520ddfcb3213526c6c6791e7d0daf34108da48a4f1725f118c0edeb4d86
Status: Downloaded newer image for r.cfcr.io/codefresh-inc/codefresh/onboarding-status:1.0.59-secimprovment
r.cfcr.io/codefresh-inc/codefresh/onboarding-status:1.0.59-secimprovment
Pull r.cfcr.io/codefresh-inc/codefresh/onboarding-status:1.0.59-secimprovment completed - Mon Oct  7 12:55:23 UTC 2019 !!!

Tag gcr.io/codefresh-inc/codefresh/onboarding-status:1.0.59-secimprovment completed - Mon Oct  7 12:55:24 UTC 2019 !!!

The push refers to repository [gcr.io/codefresh-inc/codefresh/onboarding-status]
baffc26494c7: Preparing
86d13a8401df: Preparing
a2c4a186a28f: Preparing
0af161a874dd: Preparing
cac2973008e3: Preparing
7beb793ae248: Preparing
22dfd5a63f2d: Preparing
a464c54f93a9: Preparing
a464c54f93a9: Waiting
baffc26494c7: Waiting
86d13a8401df: Waiting
a2c4a186a28f: Waiting
0af161a874dd: Waiting
cac2973008e3: Waiting
7beb793ae248: Waiting
22dfd5a63f2d: Waiting
baffc26494c7: Layer already exists
86d13a8401df: Layer already exists
a2c4a186a28f: Layer already exists
0af161a874dd: Layer already exists
cac2973008e3: Layer already exists
7beb793ae248: Layer already exists
22dfd5a63f2d: Layer already exists
a464c54f93a9: Layer already exists
1.0.59-secimprovment: digest: sha256:ee91d520ddfcb3213526c6c6791e7d0daf34108da48a4f1725f118c0edeb4d86 size: 1995
Push gcr.io/codefresh-inc/codefresh/onboarding-status:1.0.59-secimprovment completed - Mon Oct  7 12:55:27 UTC 2019 !!!

---------- Migrate r.cfcr.io/codefresh-inc/codefresh/onboarding-status:1.0.58 to gcr.io/codefresh-inc/codefresh/onboarding-status:1.0.58
1.0.58: Pulling from codefresh-inc/codefresh/onboarding-status
605ce1bd3f31: Already exists
d9c1bb40879c: Already exists
d610e8516793: Already exists
52352efe8f0b: Pulling fs layer
7bc9e1efbb6d: Pulling fs layer
b71330b3a62e: Pulling fs layer
437b814a0e91: Pulling fs layer
4363e1e97129: Pulling fs layer
1fa9699a64c6: Pulling fs layer
1fa9699a64c6: Waiting
437b814a0e91: Waiting
4363e1e97129: Waiting
b71330b3a62e: Verifying Checksum
b71330b3a62e: Download complete
52352efe8f0b: Verifying Checksum
52352efe8f0b: Download complete
52352efe8f0b: Pull complete
437b814a0e91: Verifying Checksum
437b814a0e91: Download complete
1fa9699a64c6: Verifying Checksum
1fa9699a64c6: Download complete
7bc9e1efbb6d: Verifying Checksum
7bc9e1efbb6d: Download complete
4363e1e97129: Verifying Checksum
4363e1e97129: Download complete
7bc9e1efbb6d: Pull complete
b71330b3a62e: Pull complete
437b814a0e91: Pull complete
4363e1e97129: Pull complete
1fa9699a64c6: Pull complete
Digest: sha256:8ef7be058c865ba9946deaf194c0978e05e1f5f7575824fef1e0c4a57a804a19
Status: Downloaded newer image for r.cfcr.io/codefresh-inc/codefresh/onboarding-status:1.0.58
r.cfcr.io/codefresh-inc/codefresh/onboarding-status:1.0.58
Pull r.cfcr.io/codefresh-inc/codefresh/onboarding-status:1.0.58 completed - Mon Oct  7 12:55:37 UTC 2019 !!!

Tag gcr.io/codefresh-inc/codefresh/onboarding-status:1.0.58 completed - Mon Oct  7 12:55:37 UTC 2019 !!!

The push refers to repository [gcr.io/codefresh-inc/codefresh/onboarding-status]
73e59d3716d0: Preparing
53104f8b4cee: Preparing
2ac76193a823: Preparing
d5603704ef14: Preparing
df8df55f9677: Preparing
1fa2439633b7: Preparing
5eab7faa6708: Preparing
24fb200fef55: Preparing
9dfa40a0da3b: Preparing
df8df55f9677: Waiting
1fa2439633b7: Waiting
5eab7faa6708: Waiting
24fb200fef55: Waiting
9dfa40a0da3b: Waiting
53104f8b4cee: Retrying in 5 seconds
d5603704ef14: Retrying in 5 seconds
2ac76193a823: Retrying in 5 seconds
d5603704ef14: Retrying in 4 seconds
2ac76193a823: Retrying in 4 seconds
53104f8b4cee: Retrying in 4 seconds
73e59d3716d0: Pushed
2ac76193a823: Retrying in 3 seconds
53104f8b4cee: Retrying in 3 seconds
d5603704ef14: Retrying in 3 seconds
1fa2439633b7: Pushed
2ac76193a823: Retrying in 2 seconds
53104f8b4cee: Retrying in 2 seconds
d5603704ef14: Retrying in 2 seconds
5eab7faa6708: Layer already exists
24fb200fef55: Layer already exists
9dfa40a0da3b: Layer already exists
53104f8b4cee: Retrying in 1 second
2ac76193a823: Retrying in 1 second
d5603704ef14: Retrying in 1 second
df8df55f9677: Pushed
2ac76193a823: Retrying in 10 seconds
53104f8b4cee: Retrying in 10 seconds
2ac76193a823: Retrying in 9 seconds
53104f8b4cee: Retrying in 9 seconds
d5603704ef14: Pushed
2ac76193a823: Retrying in 8 seconds
53104f8b4cee: Retrying in 8 seconds
2ac76193a823: Retrying in 7 seconds
53104f8b4cee: Retrying in 7 seconds
2ac76193a823: Retrying in 6 seconds
53104f8b4cee: Retrying in 6 seconds
2ac76193a823: Retrying in 5 seconds
53104f8b4cee: Retrying in 5 seconds
2ac76193a823: Retrying in 4 seconds
53104f8b4cee: Retrying in 4 seconds
2ac76193a823: Retrying in 3 seconds
53104f8b4cee: Retrying in 3 seconds
2ac76193a823: Retrying in 2 seconds
53104f8b4cee: Retrying in 2 seconds
2ac76193a823: Retrying in 1 second
53104f8b4cee: Retrying in 1 second
53104f8b4cee: Retrying in 15 seconds
53104f8b4cee: Retrying in 14 seconds
2ac76193a823: Pushed
53104f8b4cee: Retrying in 13 seconds
53104f8b4cee: Retrying in 12 seconds
53104f8b4cee: Retrying in 11 seconds
53104f8b4cee: Retrying in 10 seconds
53104f8b4cee: Retrying in 9 seconds
53104f8b4cee: Retrying in 8 seconds
53104f8b4cee: Retrying in 7 seconds
53104f8b4cee: Retrying in 6 seconds
53104f8b4cee: Retrying in 5 seconds
53104f8b4cee: Retrying in 4 seconds
53104f8b4cee: Retrying in 3 seconds
53104f8b4cee: Retrying in 2 seconds
53104f8b4cee: Retrying in 1 second
53104f8b4cee: Pushed
1.0.58: digest: sha256:8ef7be058c865ba9946deaf194c0978e05e1f5f7575824fef1e0c4a57a804a19 size: 2207
Push gcr.io/codefresh-inc/codefresh/onboarding-status:1.0.58 completed - Mon Oct  7 12:56:21 UTC 2019 !!!

---------- Migrate r.cfcr.io/codefresh-inc/codefresh/onboarding-status:1.0.58-secimprovment to gcr.io/codefresh-inc/codefresh/onboarding-status:1.0.58-secimprovment
1.0.58-secimprovment: Pulling from codefresh-inc/codefresh/onboarding-status
bdf0201b3a05: Already exists
7ba7d1b49177: Already exists
17af28038337: Already exists
a54100bb7f80: Already exists
885d14fb34d1: Pulling fs layer
bbfcac91e043: Pulling fs layer
2b93b3a8d57e: Pulling fs layer
0262fd552847: Pulling fs layer
0262fd552847: Waiting
885d14fb34d1: Verifying Checksum
885d14fb34d1: Download complete
bbfcac91e043: Verifying Checksum
bbfcac91e043: Download complete
885d14fb34d1: Pull complete
0262fd552847: Verifying Checksum
0262fd552847: Download complete
bbfcac91e043: Pull complete
2b93b3a8d57e: Verifying Checksum
2b93b3a8d57e: Download complete
2b93b3a8d57e: Pull complete
0262fd552847: Pull complete
Digest: sha256:0ab5c832e12ca73feed694579a83b38c691bfeed2e13361d64cb95847b8f48e9
Status: Downloaded newer image for r.cfcr.io/codefresh-inc/codefresh/onboarding-status:1.0.58-secimprovment
r.cfcr.io/codefresh-inc/codefresh/onboarding-status:1.0.58-secimprovment
Pull r.cfcr.io/codefresh-inc/codefresh/onboarding-status:1.0.58-secimprovment completed - Mon Oct  7 12:56:34 UTC 2019 !!!

Tag gcr.io/codefresh-inc/codefresh/onboarding-status:1.0.58-secimprovment completed - Mon Oct  7 12:56:34 UTC 2019 !!!

The push refers to repository [gcr.io/codefresh-inc/codefresh/onboarding-status]
dd5a91e0c673: Preparing
adaa11a0e956: Preparing
07e199d14648: Preparing
e12b9155c1dc: Preparing
cac2973008e3: Preparing
7beb793ae248: Preparing
22dfd5a63f2d: Preparing
a464c54f93a9: Preparing
cac2973008e3: Waiting
7beb793ae248: Waiting
22dfd5a63f2d: Waiting
a464c54f93a9: Waiting
dd5a91e0c673: Retrying in 5 seconds
adaa11a0e956: Retrying in 5 seconds
dd5a91e0c673: Retrying in 4 seconds
adaa11a0e956: Retrying in 4 seconds
e12b9155c1dc: Pushed
07e199d14648: Pushed
adaa11a0e956: Retrying in 3 seconds
dd5a91e0c673: Retrying in 3 seconds
7beb793ae248: Layer already exists
cac2973008e3: Layer already exists
a464c54f93a9: Layer already exists
22dfd5a63f2d: Layer already exists
adaa11a0e956: Retrying in 2 seconds
dd5a91e0c673: Retrying in 2 seconds
dd5a91e0c673: Retrying in 1 second
adaa11a0e956: Retrying in 1 second
dd5a91e0c673: Pushed
adaa11a0e956: Pushed
1.0.58-secimprovment: digest: sha256:0ab5c832e12ca73feed694579a83b38c691bfeed2e13361d64cb95847b8f48e9 size: 1995
Push gcr.io/codefresh-inc/codefresh/onboarding-status:1.0.58-secimprovment completed - Mon Oct  7 12:56:59 UTC 2019 !!!

---------- Migrate r.cfcr.io/codefresh-inc/codefresh/onboarding-status:add_chart to gcr.io/codefresh-inc/codefresh/onboarding-status:add_chart
add_chart: Pulling from codefresh-inc/codefresh/onboarding-status
605ce1bd3f31: Already exists
d9c1bb40879c: Already exists
d610e8516793: Already exists
472b376ff254: Pulling fs layer
08f85affd107: Pulling fs layer
e67d06117350: Pulling fs layer
5dfb156081db: Pulling fs layer
a157e22ddc88: Pulling fs layer
7cda120155c4: Pulling fs layer
5dfb156081db: Waiting
a157e22ddc88: Waiting
7cda120155c4: Waiting
472b376ff254: Verifying Checksum
472b376ff254: Download complete
e67d06117350: Verifying Checksum
e67d06117350: Download complete
08f85affd107: Verifying Checksum
08f85affd107: Download complete
472b376ff254: Pull complete
5dfb156081db: Verifying Checksum
5dfb156081db: Download complete
7cda120155c4: Verifying Checksum
7cda120155c4: Download complete
a157e22ddc88: Verifying Checksum
a157e22ddc88: Download complete
08f85affd107: Pull complete
e67d06117350: Pull complete
5dfb156081db: Pull complete
a157e22ddc88: Pull complete
7cda120155c4: Pull complete
Digest: sha256:89d467974b95401811ea85c1283e7fa53cb776db8500c3f252d49d41c884fff9
Status: Downloaded newer image for r.cfcr.io/codefresh-inc/codefresh/onboarding-status:add_chart
r.cfcr.io/codefresh-inc/codefresh/onboarding-status:add_chart
Pull r.cfcr.io/codefresh-inc/codefresh/onboarding-status:add_chart completed - Mon Oct  7 12:57:13 UTC 2019 !!!

Tag gcr.io/codefresh-inc/codefresh/onboarding-status:add_chart completed - Mon Oct  7 12:57:14 UTC 2019 !!!

The push refers to repository [gcr.io/codefresh-inc/codefresh/onboarding-status]
2c126e1b3c16: Preparing
d9a100f7e499: Preparing
808b10a80394: Preparing
c133590e2ce0: Preparing
0af8198af2d3: Preparing
1c981fc63321: Preparing
5eab7faa6708: Preparing
24fb200fef55: Preparing
9dfa40a0da3b: Preparing
9dfa40a0da3b: Waiting
2c126e1b3c16: Waiting
d9a100f7e499: Waiting
808b10a80394: Waiting
c133590e2ce0: Waiting
0af8198af2d3: Waiting
1c981fc63321: Waiting
5eab7faa6708: Waiting
24fb200fef55: Waiting
2c126e1b3c16: Retrying in 5 seconds
d9a100f7e499: Retrying in 5 seconds
808b10a80394: Pushed
2c126e1b3c16: Retrying in 4 seconds
d9a100f7e499: Retrying in 4 seconds
2c126e1b3c16: Retrying in 3 seconds
d9a100f7e499: Retrying in 3 seconds
c133590e2ce0: Pushed
2c126e1b3c16: Retrying in 2 seconds
d9a100f7e499: Retrying in 2 seconds
2c126e1b3c16: Retrying in 1 second
d9a100f7e499: Retrying in 1 second
d9a100f7e499: Retrying in 10 seconds
2c126e1b3c16: Retrying in 10 seconds
d9a100f7e499: Retrying in 9 seconds
2c126e1b3c16: Retrying in 9 seconds
0af8198af2d3: Pushed
5eab7faa6708: Layer already exists
24fb200fef55: Layer already exists
9dfa40a0da3b: Layer already exists
1c981fc63321: Pushed
d9a100f7e499: Retrying in 8 seconds
2c126e1b3c16: Retrying in 8 seconds
d9a100f7e499: Retrying in 7 seconds
2c126e1b3c16: Retrying in 7 seconds
d9a100f7e499: Retrying in 6 seconds
2c126e1b3c16: Retrying in 6 seconds
d9a100f7e499: Retrying in 5 seconds
2c126e1b3c16: Retrying in 5 seconds
d9a100f7e499: Retrying in 4 seconds
2c126e1b3c16: Retrying in 4 seconds
d9a100f7e499: Retrying in 3 seconds
2c126e1b3c16: Retrying in 3 seconds
2c126e1b3c16: Retrying in 2 seconds
d9a100f7e499: Retrying in 2 seconds
d9a100f7e499: Retrying in 1 second
2c126e1b3c16: Retrying in 1 second
2c126e1b3c16: Pushed
d9a100f7e499: Pushed
add_chart: digest: sha256:89d467974b95401811ea85c1283e7fa53cb776db8500c3f252d49d41c884fff9 size: 2207
Push gcr.io/codefresh-inc/codefresh/onboarding-status:add_chart completed - Mon Oct  7 12:57:51 UTC 2019 !!!

---------- Migrate r.cfcr.io/codefresh-inc/codefresh/onboarding-status:1.0.54 to gcr.io/codefresh-inc/codefresh/onboarding-status:1.0.54
1.0.54: Pulling from codefresh-inc/codefresh/onboarding-status
605ce1bd3f31: Already exists
d9c1bb40879c: Already exists
d610e8516793: Already exists
472b376ff254: Already exists
08f85affd107: Already exists
32fe1ca42ae5: Pulling fs layer
fa3e15f5d386: Pulling fs layer
f4833ad65f9d: Pulling fs layer
7a4a8475795f: Pulling fs layer
7a4a8475795f: Waiting
fa3e15f5d386: Verifying Checksum
fa3e15f5d386: Download complete
32fe1ca42ae5: Verifying Checksum
32fe1ca42ae5: Download complete
32fe1ca42ae5: Pull complete
7a4a8475795f: Verifying Checksum
7a4a8475795f: Download complete
f4833ad65f9d: Verifying Checksum
f4833ad65f9d: Download complete
fa3e15f5d386: Pull complete
f4833ad65f9d: Pull complete
7a4a8475795f: Pull complete
Digest: sha256:c9a6f7b7ba53fe4ee7b730a2e6280b9984e9866c68672b2fc76c8659de5012d1
Status: Downloaded newer image for r.cfcr.io/codefresh-inc/codefresh/onboarding-status:1.0.54
r.cfcr.io/codefresh-inc/codefresh/onboarding-status:1.0.54
Pull r.cfcr.io/codefresh-inc/codefresh/onboarding-status:1.0.54 completed - Mon Oct  7 12:58:10 UTC 2019 !!!

Tag gcr.io/codefresh-inc/codefresh/onboarding-status:1.0.54 completed - Mon Oct  7 12:58:11 UTC 2019 !!!

The push refers to repository [gcr.io/codefresh-inc/codefresh/onboarding-status]
54b7b30babea: Preparing
ce775a6ef625: Preparing
c221a73c76c3: Preparing
da50720393a7: Preparing
0af8198af2d3: Preparing
1c981fc63321: Preparing
5eab7faa6708: Preparing
24fb200fef55: Preparing
9dfa40a0da3b: Preparing
9dfa40a0da3b: Waiting
c221a73c76c3: Waiting
da50720393a7: Waiting
0af8198af2d3: Waiting
1c981fc63321: Waiting
5eab7faa6708: Waiting
24fb200fef55: Waiting
54b7b30babea: Retrying in 5 seconds
54b7b30babea: Retrying in 4 seconds
c221a73c76c3: Pushed
0af8198af2d3: Layer already exists
1c981fc63321: Layer already exists
54b7b30babea: Retrying in 3 seconds
5eab7faa6708: Layer already exists
24fb200fef55: Layer already exists
9dfa40a0da3b: Layer already exists
54b7b30babea: Retrying in 2 seconds
da50720393a7: Pushed
54b7b30babea: Retrying in 1 second
54b7b30babea: Retrying in 10 seconds
54b7b30babea: Retrying in 9 seconds
ce775a6ef625: Pushed
54b7b30babea: Retrying in 8 seconds
54b7b30babea: Retrying in 7 seconds
54b7b30babea: Retrying in 6 seconds
54b7b30babea: Retrying in 5 seconds
54b7b30babea: Retrying in 4 seconds
54b7b30babea: Retrying in 3 seconds
54b7b30babea: Retrying in 2 seconds
54b7b30babea: Retrying in 1 second
54b7b30babea: Pushed
1.0.54: digest: sha256:c9a6f7b7ba53fe4ee7b730a2e6280b9984e9866c68672b2fc76c8659de5012d1 size: 2207
Push gcr.io/codefresh-inc/codefresh/onboarding-status:1.0.54 completed - Mon Oct  7 12:58:31 UTC 2019 !!!

---------- Migrate r.cfcr.io/codefresh-inc/codefresh/onboarding-status:saas-634-clusterip to gcr.io/codefresh-inc/codefresh/onboarding-status:saas-634-clusterip
saas-634-clusterip: Pulling from codefresh-inc/codefresh/onboarding-status
605ce1bd3f31: Already exists
d9c1bb40879c: Already exists
d610e8516793: Already exists
472b376ff254: Already exists
08f85affd107: Already exists
4f28adea06fd: Pulling fs layer
8db549c381cb: Pulling fs layer
bda518447586: Pulling fs layer
b71974f732bd: Pulling fs layer
b71974f732bd: Waiting
8db549c381cb: Verifying Checksum
8db549c381cb: Download complete
4f28adea06fd: Download complete
4f28adea06fd: Pull complete
b71974f732bd: Verifying Checksum
b71974f732bd: Download complete
bda518447586: Verifying Checksum
bda518447586: Download complete
8db549c381cb: Pull complete
bda518447586: Pull complete
b71974f732bd: Pull complete
Digest: sha256:bdd3ce86b952485f0c2af3a0125f0b7603d74e61fa5b75504f1deb48799938f7
Status: Downloaded newer image for r.cfcr.io/codefresh-inc/codefresh/onboarding-status:saas-634-clusterip
r.cfcr.io/codefresh-inc/codefresh/onboarding-status:saas-634-clusterip
Pull r.cfcr.io/codefresh-inc/codefresh/onboarding-status:saas-634-clusterip completed - Mon Oct  7 12:58:40 UTC 2019 !!!

Tag gcr.io/codefresh-inc/codefresh/onboarding-status:saas-634-clusterip completed - Mon Oct  7 12:58:41 UTC 2019 !!!

The push refers to repository [gcr.io/codefresh-inc/codefresh/onboarding-status]
7a8b90dfc151: Preparing
3a66e5bea48b: Preparing
717ea11c8916: Preparing
a2d2095d1742: Preparing
0af8198af2d3: Preparing
1c981fc63321: Preparing
5eab7faa6708: Preparing
24fb200fef55: Preparing
9dfa40a0da3b: Preparing
7a8b90dfc151: Waiting
3a66e5bea48b: Waiting
717ea11c8916: Waiting
a2d2095d1742: Waiting
0af8198af2d3: Waiting
1c981fc63321: Waiting
5eab7faa6708: Waiting
24fb200fef55: Waiting
9dfa40a0da3b: Waiting
7a8b90dfc151: Pushed
0af8198af2d3: Layer already exists
a2d2095d1742: Pushed
1c981fc63321: Layer already exists
5eab7faa6708: Layer already exists
24fb200fef55: Layer already exists
9dfa40a0da3b: Layer already exists
717ea11c8916: Pushed
3a66e5bea48b: Pushed
saas-634-clusterip: digest: sha256:a290214a389c2186f5091fd5803d27adffbbcc49622d718c4e6e159f2a792825 size: 2207
Push gcr.io/codefresh-inc/codefresh/onboarding-status:saas-634-clusterip completed - Mon Oct  7 12:58:55 UTC 2019 !!!

---------- Migrate r.cfcr.io/codefresh-inc/codefresh/onboarding-status:SAAS-634-ClusterIP to gcr.io/codefresh-inc/codefresh/onboarding-status:SAAS-634-ClusterIP
SAAS-634-ClusterIP: Pulling from codefresh-inc/codefresh/onboarding-status
Digest: sha256:a290214a389c2186f5091fd5803d27adffbbcc49622d718c4e6e159f2a792825
Status: Downloaded newer image for r.cfcr.io/codefresh-inc/codefresh/onboarding-status:SAAS-634-ClusterIP
r.cfcr.io/codefresh-inc/codefresh/onboarding-status:SAAS-634-ClusterIP
Pull r.cfcr.io/codefresh-inc/codefresh/onboarding-status:SAAS-634-ClusterIP completed - Mon Oct  7 12:58:56 UTC 2019 !!!

Tag gcr.io/codefresh-inc/codefresh/onboarding-status:SAAS-634-ClusterIP completed - Mon Oct  7 12:58:57 UTC 2019 !!!

The push refers to repository [gcr.io/codefresh-inc/codefresh/onboarding-status]
7a8b90dfc151: Preparing
3a66e5bea48b: Preparing
717ea11c8916: Preparing
a2d2095d1742: Preparing
0af8198af2d3: Preparing
1c981fc63321: Preparing
5eab7faa6708: Preparing
24fb200fef55: Preparing
9dfa40a0da3b: Preparing
0af8198af2d3: Waiting
1c981fc63321: Waiting
5eab7faa6708: Waiting
24fb200fef55: Waiting
9dfa40a0da3b: Waiting
3a66e5bea48b: Layer already exists
717ea11c8916: Layer already exists
7a8b90dfc151: Layer already exists
a2d2095d1742: Layer already exists
0af8198af2d3: Layer already exists
24fb200fef55: Layer already exists
5eab7faa6708: Layer already exists
1c981fc63321: Layer already exists
9dfa40a0da3b: Layer already exists
SAAS-634-ClusterIP: digest: sha256:a290214a389c2186f5091fd5803d27adffbbcc49622d718c4e6e159f2a792825 size: 2207
Push gcr.io/codefresh-inc/codefresh/onboarding-status:SAAS-634-ClusterIP completed - Mon Oct  7 12:58:58 UTC 2019 !!!

---------- Migrate r.cfcr.io/codefresh-inc/codefresh/onboarding-status:1.0.53 to gcr.io/codefresh-inc/codefresh/onboarding-status:1.0.53
1.0.53: Pulling from codefresh-inc/codefresh/onboarding-status
605ce1bd3f31: Already exists
d9c1bb40879c: Already exists
d610e8516793: Already exists
472b376ff254: Already exists
08f85affd107: Already exists
60e76d3ba598: Pulling fs layer
1e9b24afd9eb: Pulling fs layer
0dc4fe4df5ad: Pulling fs layer
d5310a56fe4e: Pulling fs layer
d5310a56fe4e: Waiting
60e76d3ba598: Verifying Checksum
60e76d3ba598: Download complete
1e9b24afd9eb: Verifying Checksum
1e9b24afd9eb: Download complete
0dc4fe4df5ad: Verifying Checksum
0dc4fe4df5ad: Download complete
60e76d3ba598: Pull complete
d5310a56fe4e: Verifying Checksum
d5310a56fe4e: Download complete
1e9b24afd9eb: Pull complete
0dc4fe4df5ad: Pull complete
d5310a56fe4e: Pull complete
Digest: sha256:bff828dee13ed29d4eae287445b4d21a40711ce89e7701a25e98bac1a964734d
Status: Downloaded newer image for r.cfcr.io/codefresh-inc/codefresh/onboarding-status:1.0.53
r.cfcr.io/codefresh-inc/codefresh/onboarding-status:1.0.53
Pull r.cfcr.io/codefresh-inc/codefresh/onboarding-status:1.0.53 completed - Mon Oct  7 12:59:14 UTC 2019 !!!

Tag gcr.io/codefresh-inc/codefresh/onboarding-status:1.0.53 completed - Mon Oct  7 12:59:15 UTC 2019 !!!

The push refers to repository [gcr.io/codefresh-inc/codefresh/onboarding-status]
d91d57ec30f2: Preparing
faf4190c622a: Preparing
a08b9cb3e5cc: Preparing
770afa727b54: Preparing
0af8198af2d3: Preparing
1c981fc63321: Preparing
5eab7faa6708: Preparing
24fb200fef55: Preparing
9dfa40a0da3b: Preparing
9dfa40a0da3b: Waiting
d91d57ec30f2: Waiting
faf4190c622a: Waiting
a08b9cb3e5cc: Waiting
770afa727b54: Waiting
0af8198af2d3: Waiting
1c981fc63321: Waiting
5eab7faa6708: Waiting
24fb200fef55: Waiting
d91d57ec30f2: Retrying in 5 seconds
d91d57ec30f2: Retrying in 4 seconds
a08b9cb3e5cc: Pushed
d91d57ec30f2: Retrying in 3 seconds
0af8198af2d3: Layer already exists
d91d57ec30f2: Retrying in 2 seconds
1c981fc63321: Layer already exists
5eab7faa6708: Layer already exists
770afa727b54: Pushed
9dfa40a0da3b: Layer already exists
24fb200fef55: Layer already exists
d91d57ec30f2: Retrying in 1 second
d91d57ec30f2: Retrying in 10 seconds
d91d57ec30f2: Retrying in 9 seconds
d91d57ec30f2: Retrying in 8 seconds
d91d57ec30f2: Retrying in 7 seconds
d91d57ec30f2: Retrying in 6 seconds
d91d57ec30f2: Retrying in 5 seconds
faf4190c622a: Pushed
d91d57ec30f2: Retrying in 4 seconds
d91d57ec30f2: Retrying in 3 seconds
d91d57ec30f2: Retrying in 2 seconds
d91d57ec30f2: Retrying in 1 second
d91d57ec30f2: Pushed
1.0.53: digest: sha256:bff828dee13ed29d4eae287445b4d21a40711ce89e7701a25e98bac1a964734d size: 2207
Push gcr.io/codefresh-inc/codefresh/onboarding-status:1.0.53 completed - Mon Oct  7 12:59:37 UTC 2019 !!!

---------- Migrate r.cfcr.io/codefresh-inc/codefresh/onboarding-status:1.0.52 to gcr.io/codefresh-inc/codefresh/onboarding-status:1.0.52
1.0.52: Pulling from codefresh-inc/codefresh/onboarding-status
605ce1bd3f31: Already exists
d9c1bb40879c: Already exists
d610e8516793: Already exists
472b376ff254: Already exists
08f85affd107: Already exists
852ae35a4617: Pulling fs layer
fc2b23cb3317: Pulling fs layer
9b3380ecb424: Pulling fs layer
7d2b61fa3a90: Pulling fs layer
7d2b61fa3a90: Waiting
fc2b23cb3317: Download complete
9b3380ecb424: Verifying Checksum
9b3380ecb424: Download complete
852ae35a4617: Pull complete
7d2b61fa3a90: Verifying Checksum
7d2b61fa3a90: Download complete
fc2b23cb3317: Pull complete
9b3380ecb424: Pull complete
7d2b61fa3a90: Pull complete
Digest: sha256:8f30ce0c1880975e6842429625e4be79f3068a4f9b697bd32da87259e7d96d19
Status: Downloaded newer image for r.cfcr.io/codefresh-inc/codefresh/onboarding-status:1.0.52
r.cfcr.io/codefresh-inc/codefresh/onboarding-status:1.0.52
Pull r.cfcr.io/codefresh-inc/codefresh/onboarding-status:1.0.52 completed - Mon Oct  7 12:59:51 UTC 2019 !!!

Tag gcr.io/codefresh-inc/codefresh/onboarding-status:1.0.52 completed - Mon Oct  7 12:59:51 UTC 2019 !!!

The push refers to repository [gcr.io/codefresh-inc/codefresh/onboarding-status]
8f19b856d787: Preparing
a511667ebbff: Preparing
20f71ef386e3: Preparing
71508a7a85d1: Preparing
0af8198af2d3: Preparing
1c981fc63321: Preparing
5eab7faa6708: Preparing
24fb200fef55: Preparing
9dfa40a0da3b: Preparing
1c981fc63321: Waiting
5eab7faa6708: Waiting
24fb200fef55: Waiting
9dfa40a0da3b: Waiting
0af8198af2d3: Layer already exists
1c981fc63321: Layer already exists
5eab7faa6708: Layer already exists
24fb200fef55: Layer already exists
9dfa40a0da3b: Layer already exists
a511667ebbff: Retrying in 5 seconds
a511667ebbff: Retrying in 4 seconds
20f71ef386e3: Pushed
71508a7a85d1: Pushed
8f19b856d787: Pushed
a511667ebbff: Retrying in 3 seconds
a511667ebbff: Retrying in 2 seconds
a511667ebbff: Retrying in 1 second
a511667ebbff: Pushed
1.0.52: digest: sha256:8f30ce0c1880975e6842429625e4be79f3068a4f9b697bd32da87259e7d96d19 size: 2207
Push gcr.io/codefresh-inc/codefresh/onboarding-status:1.0.52 completed - Mon Oct  7 13:00:16 UTC 2019 !!!

