Entering ./migrate-from-cfcr.sh - Mon Oct  7 06:57:25 UTC 2019
JOURNAL_DIR = ./journal/2019-10-07_065723
DONE_DIR = ./done
IMAGES_LIST=./journal/2019-10-07_065723/images-list

Starting at Mon Oct  7 06:57:27 UTC 2019
Processing ./journal/2019-10-07_065723/images-list
NAME                       TAG                                      PULL - SKIP
./journal/2019-10-07_065723/codefresh__cf-api.tags
./journal/2019-10-07_065723/codefresh__cf-api.tags
codefresh/cf-api           451f25bff045e987c79b04a1bd40c55982149955 r.cfcr.io/codefresh-inc/codefresh/cf-api:451f25bff045e987c79b04a1bd40c55982149955 - SKIP
./journal/2019-10-07_065723/codefresh__cf-api.tags
./journal/2019-10-07_065723/codefresh__engine.tags
codefresh/engine           <none> - SKIP
codefresh/cf-api           935f64553cb8ac6d35ccd62c7f69f7f715024e5e r.cfcr.io/codefresh-inc/codefresh/cf-api:935f64553cb8ac6d35ccd62c7f69f7f715024e5e - SKIP
./journal/2019-10-07_065723/codefresh__cf-api.tags
codefresh/cf-api           04a404e3e7900180a6e291b69019dff730959d44 r.cfcr.io/codefresh-inc/codefresh/cf-api:04a404e3e7900180a6e291b69019dff730959d44 - SKIP
./journal/2019-10-07_065723/codefresh__cf-api.tags
./journal/2019-10-07_065723/codefresh__pipeline-manager.tags
./journal/2019-10-07_065723/codefresh__pipeline-manager.tags
codefresh/pipeline-manager c89b9a2ec78fd07b9886e1ffa6b08e99a0cb20d5 r.cfcr.io/codefresh-inc/codefresh/pipeline-manager:c89b9a2ec78fd07b9886e1ffa6b08e99a0cb20d5 - SKIP
./journal/2019-10-07_065723/codefresh__pipeline-manager.tags
codefresh/pipeline-manager 55a512450edb0f064026b84443b889fdceac173b r.cfcr.io/codefresh-inc/codefresh/pipeline-manager:55a512450edb0f064026b84443b889fdceac173b - SKIP
./journal/2019-10-07_065723/codefresh__pipeline-manager.tags
./journal/2019-10-07_065723/codefresh__cf-ui.tags
./journal/2019-10-07_065723/codefresh__cf-ui.tags
codefresh/cf-ui            49641e8d6e400b1999a784a5b685d01af775f37a r.cfcr.io/codefresh-inc/codefresh/cf-ui:49641e8d6e400b1999a784a5b685d01af775f37a - SKIP
./journal/2019-10-07_065723/codefresh__cf-ui.tags
./journal/2019-10-07_065723/codefresh__cf-ui.tags
codefresh/cf-ui            1fd081c944abc8c20715b20e11d415e8b3a7543b r.cfcr.io/codefresh-inc/codefresh/cf-ui:1fd081c944abc8c20715b20e11d415e8b3a7543b - SKIP
./journal/2019-10-07_065723/codefresh__cf-ui.tags
./journal/2019-10-07_065723/codefresh__cf-tls-sign.tags
./journal/2019-10-07_065723/codefresh__cf-ui.tags
codefresh/cf-ui            e994c1d198bc6f25964da9f5eeb7ccc86eb44f02 r.cfcr.io/codefresh-inc/codefresh/cf-ui:e994c1d198bc6f25964da9f5eeb7ccc86eb44f02 - SKIP
codefresh/cf-ui            5be5418fc3a588c6f33702d56b104fb185b0261f r.cfcr.io/codefresh-inc/codefresh/cf-ui:5be5418fc3a588c6f33702d56b104fb185b0261f - SKIP
./journal/2019-10-07_065723/codefresh__cf-ui.tags
./journal/2019-10-07_065723/codefresh__cf-ui.tags
./journal/2019-10-07_065723/codefresh__cf-ui.tags
codefresh/cf-ui            b9a55308e0c292bc15068684441229118e5ba8cc r.cfcr.io/codefresh-inc/codefresh/cf-ui:b9a55308e0c292bc15068684441229118e5ba8cc - SKIP
./journal/2019-10-07_065723/codefresh__cf-ui.tags
./journal/2019-10-07_065723/codefresh__build-test.tags
codefresh/engine           <none> - SKIP
codefresh/engine           <none> - SKIP
./journal/2019-10-07_065723/codefresh__cf-api.tags
./journal/2019-10-07_065723/codefresh__cf-api.tags
codefresh/cf-api           942414e736fd47b60930fe6f0400646b29ce8f87 r.cfcr.io/codefresh-inc/codefresh/cf-api:942414e736fd47b60930fe6f0400646b29ce8f87 - SKIP
codefresh/cf-ui            12f63a81deea36aca542bfedf530b5853adc6d41 r.cfcr.io/codefresh-inc/codefresh/cf-ui:12f63a81deea36aca542bfedf530b5853adc6d41 - SKIP
./journal/2019-10-07_065723/codefresh__cf-ui.tags
./journal/2019-10-07_065723/codefresh__cf-api.tags
./journal/2019-10-07_065723/codefresh__cf-api.tags
codefresh/cf-api           be2ab153ba40b7e0e208b49a85e9af6e24c00762 r.cfcr.io/codefresh-inc/codefresh/cf-api:be2ab153ba40b7e0e208b49a85e9af6e24c00762 - SKIP
./journal/2019-10-07_065723/codefresh__cf-api.tags
./journal/2019-10-07_065723/codefresh__pipeline-manager.tags
./journal/2019-10-07_065723/codefresh__pipeline-manager.tags
codefresh/pipeline-manager 80ef6a247f50aaf7a1d86d52669126e8e7e50ad1 r.cfcr.io/codefresh-inc/codefresh/pipeline-manager:80ef6a247f50aaf7a1d86d52669126e8e7e50ad1 - SKIP
./journal/2019-10-07_065723/codefresh__pipeline-manager.tags
./journal/2019-10-07_065723/codefresh__cf-api.tags
./journal/2019-10-07_065723/codefresh__cf-api.tags
codefresh/cf-api           bf7f941580d47c8e1f2db9e8005f2e62e0f74a23 r.cfcr.io/codefresh-inc/codefresh/cf-api:bf7f941580d47c8e1f2db9e8005f2e62e0f74a23 - SKIP
./journal/2019-10-07_065723/codefresh__cf-api.tags
codefresh/engine           <none> - SKIP
codefresh/engine           <none> - SKIP
codefresh/cf-api           97c12f1472635464fba55b1085293ee2f54f411c r.cfcr.io/codefresh-inc/codefresh/cf-api:97c12f1472635464fba55b1085293ee2f54f411c - SKIP
codefresh/cf-api           f40ec2e2e7eec537a9caeedaf093188dded59303 r.cfcr.io/codefresh-inc/codefresh/cf-api:f40ec2e2e7eec537a9caeedaf093188dded59303 - SKIP

--- Mon Oct  7 06:57:27 UTC 2019
Processing tag files

  ****************
  Mon Oct  7 06:57:27 UTC 2019 - ./journal/2019-10-07_065723/codefresh__build-test.tags
grep: ./done/codefresh__build-test.tags: No such file or directory
---------- Migrate r.cfcr.io/codefresh-inc/codefresh/build-test:master to gcr.io/codefresh-inc/codefresh/build-test:master
master: Pulling from codefresh-inc/codefresh/build-test
5667fdb72017: Pulling fs layer
d83811f270d5: Pulling fs layer
ee671aafb583: Pulling fs layer
7fc152dfb3a6: Pulling fs layer
4509fea9f3ba: Pulling fs layer
357e018e66f9: Pulling fs layer
4509fea9f3ba: Waiting
7fc152dfb3a6: Waiting
357e018e66f9: Waiting
ee671aafb583: Verifying Checksum
ee671aafb583: Download complete
d83811f270d5: Download complete
7fc152dfb3a6: Verifying Checksum
7fc152dfb3a6: Download complete
357e018e66f9: Verifying Checksum
357e018e66f9: Download complete
5667fdb72017: Verifying Checksum
5667fdb72017: Download complete
4509fea9f3ba: Verifying Checksum
4509fea9f3ba: Download complete
5667fdb72017: Pull complete
d83811f270d5: Pull complete
ee671aafb583: Pull complete
7fc152dfb3a6: Pull complete
4509fea9f3ba: Pull complete
357e018e66f9: Pull complete
Digest: sha256:e4e2cf773e6babc6c44b6a048810bb9bcc5b5763f7e20ca3539efdb15c598c38
Status: Downloaded newer image for r.cfcr.io/codefresh-inc/codefresh/build-test:master
r.cfcr.io/codefresh-inc/codefresh/build-test:master
Pull r.cfcr.io/codefresh-inc/codefresh/build-test:master completed - Mon Oct  7 06:57:33 UTC 2019 !!!

Tag gcr.io/codefresh-inc/codefresh/build-test:master completed - Mon Oct  7 06:57:33 UTC 2019 !!!

The push refers to repository [gcr.io/codefresh-inc/codefresh/build-test]
f17f9fd291cf: Preparing
46dd3946362b: Preparing
e80c789bc6ac: Preparing
6c3332381368: Preparing
ef1a1ec5bba9: Preparing
a1aa3da2a80a: Preparing
a1aa3da2a80a: Waiting
e80c789bc6ac: Layer already exists
6c3332381368: Layer already exists
ef1a1ec5bba9: Layer already exists
46dd3946362b: Layer already exists
f17f9fd291cf: Layer already exists
a1aa3da2a80a: Layer already exists
master: digest: sha256:37312847cdde64dbeb25d1ab7e16968f7a197002a0fcceaf14ecd74b65ad143b size: 1573
Push gcr.io/codefresh-inc/codefresh/build-test:master completed - Mon Oct  7 06:57:34 UTC 2019 !!!


  ****************
  Mon Oct  7 06:57:34 UTC 2019 - ./journal/2019-10-07_065723/codefresh__cf-api.tags
grep: ./done/codefresh__cf-api.tags: No such file or directory
---------- Migrate r.cfcr.io/codefresh-inc/codefresh/cf-api:saas-3119 to gcr.io/codefresh-inc/codefresh/cf-api:saas-3119
saas-3119: Pulling from codefresh-inc/codefresh/cf-api
e7c96db7181b: Pulling fs layer
df9eac31dfef: Pulling fs layer
0a20433d95a4: Pulling fs layer
ef9cba99f12e: Pulling fs layer
bdd1599bc7f1: Pulling fs layer
1b8bc5aa9901: Pulling fs layer
678023824d16: Pulling fs layer
a0c44cc952d5: Pulling fs layer
0893d0797e0d: Pulling fs layer
d6fe0dea754b: Pulling fs layer
678023824d16: Waiting
a0c44cc952d5: Waiting
0893d0797e0d: Waiting
ef9cba99f12e: Waiting
d6fe0dea754b: Waiting
1b8bc5aa9901: Waiting
bdd1599bc7f1: Waiting
0a20433d95a4: Verifying Checksum
0a20433d95a4: Download complete
e7c96db7181b: Verifying Checksum
e7c96db7181b: Download complete
bdd1599bc7f1: Verifying Checksum
bdd1599bc7f1: Download complete
df9eac31dfef: Download complete
ef9cba99f12e: Verifying Checksum
ef9cba99f12e: Download complete
e7c96db7181b: Pull complete
a0c44cc952d5: Verifying Checksum
a0c44cc952d5: Download complete
678023824d16: Verifying Checksum
678023824d16: Download complete
d6fe0dea754b: Download complete
1b8bc5aa9901: Verifying Checksum
1b8bc5aa9901: Download complete
0893d0797e0d: Verifying Checksum
0893d0797e0d: Download complete
df9eac31dfef: Pull complete
0a20433d95a4: Pull complete
ef9cba99f12e: Pull complete
bdd1599bc7f1: Pull complete
1b8bc5aa9901: Pull complete
678023824d16: Pull complete
a0c44cc952d5: Pull complete
0893d0797e0d: Pull complete
d6fe0dea754b: Pull complete
Digest: sha256:ca920143d6ab5bac2534aa0d99fa3aa1de385ba3881af99b31b1e17620eef9bb
Status: Downloaded newer image for r.cfcr.io/codefresh-inc/codefresh/cf-api:saas-3119
r.cfcr.io/codefresh-inc/codefresh/cf-api:saas-3119
Pull r.cfcr.io/codefresh-inc/codefresh/cf-api:saas-3119 completed - Mon Oct  7 06:57:55 UTC 2019 !!!

Tag gcr.io/codefresh-inc/codefresh/cf-api:saas-3119 completed - Mon Oct  7 06:57:55 UTC 2019 !!!

The push refers to repository [gcr.io/codefresh-inc/codefresh/cf-api]
e109d593e886: Preparing
f83c7781c64d: Preparing
fa3ce7d1e57f: Preparing
1498c49d4b3f: Preparing
4a362166cad2: Preparing
322599fe5321: Preparing
1456cae2323a: Preparing
28bf756b6f8e: Preparing
4c299e1e70d5: Preparing
f1b5933fe4b5: Preparing
322599fe5321: Waiting
1456cae2323a: Waiting
28bf756b6f8e: Waiting
4c299e1e70d5: Waiting
f1b5933fe4b5: Waiting
f83c7781c64d: Layer already exists
4a362166cad2: Layer already exists
e109d593e886: Layer already exists
fa3ce7d1e57f: Layer already exists
1498c49d4b3f: Layer already exists
322599fe5321: Layer already exists
1456cae2323a: Layer already exists
28bf756b6f8e: Layer already exists
f1b5933fe4b5: Layer already exists
4c299e1e70d5: Layer already exists
saas-3119: digest: sha256:7867a6181a8ecc3638060acebf83b0ef097f8141716a8effb54c064c67228827 size: 2419
Push gcr.io/codefresh-inc/codefresh/cf-api:saas-3119 completed - Mon Oct  7 06:57:56 UTC 2019 !!!

---------- Migrate r.cfcr.io/codefresh-inc/codefresh/cf-api:SAAS-3119 to gcr.io/codefresh-inc/codefresh/cf-api:SAAS-3119
SAAS-3119: Pulling from codefresh-inc/codefresh/cf-api
Digest: sha256:7867a6181a8ecc3638060acebf83b0ef097f8141716a8effb54c064c67228827
Status: Downloaded newer image for r.cfcr.io/codefresh-inc/codefresh/cf-api:SAAS-3119
r.cfcr.io/codefresh-inc/codefresh/cf-api:SAAS-3119
Pull r.cfcr.io/codefresh-inc/codefresh/cf-api:SAAS-3119 completed - Mon Oct  7 06:57:57 UTC 2019 !!!

Tag gcr.io/codefresh-inc/codefresh/cf-api:SAAS-3119 completed - Mon Oct  7 06:57:57 UTC 2019 !!!

The push refers to repository [gcr.io/codefresh-inc/codefresh/cf-api]
e109d593e886: Preparing
f83c7781c64d: Preparing
fa3ce7d1e57f: Preparing
1498c49d4b3f: Preparing
4a362166cad2: Preparing
322599fe5321: Preparing
1456cae2323a: Preparing
28bf756b6f8e: Preparing
4c299e1e70d5: Preparing
f1b5933fe4b5: Preparing
28bf756b6f8e: Waiting
322599fe5321: Waiting
1456cae2323a: Waiting
f1b5933fe4b5: Waiting
4c299e1e70d5: Waiting
4a362166cad2: Layer already exists
1498c49d4b3f: Layer already exists
e109d593e886: Layer already exists
f83c7781c64d: Layer already exists
fa3ce7d1e57f: Layer already exists
322599fe5321: Layer already exists
28bf756b6f8e: Layer already exists
4c299e1e70d5: Layer already exists
1456cae2323a: Layer already exists
f1b5933fe4b5: Layer already exists
SAAS-3119: digest: sha256:7867a6181a8ecc3638060acebf83b0ef097f8141716a8effb54c064c67228827 size: 2419
Push gcr.io/codefresh-inc/codefresh/cf-api:SAAS-3119 completed - Mon Oct  7 06:57:57 UTC 2019 !!!

---------- Migrate r.cfcr.io/codefresh-inc/codefresh/cf-api:6.189.0-saas-3119 to gcr.io/codefresh-inc/codefresh/cf-api:6.189.0-saas-3119
6.189.0-saas-3119: Pulling from codefresh-inc/codefresh/cf-api
Digest: sha256:7867a6181a8ecc3638060acebf83b0ef097f8141716a8effb54c064c67228827
Status: Downloaded newer image for r.cfcr.io/codefresh-inc/codefresh/cf-api:6.189.0-saas-3119
r.cfcr.io/codefresh-inc/codefresh/cf-api:6.189.0-saas-3119
Pull r.cfcr.io/codefresh-inc/codefresh/cf-api:6.189.0-saas-3119 completed - Mon Oct  7 06:57:58 UTC 2019 !!!

Tag gcr.io/codefresh-inc/codefresh/cf-api:6.189.0-saas-3119 completed - Mon Oct  7 06:57:58 UTC 2019 !!!

The push refers to repository [gcr.io/codefresh-inc/codefresh/cf-api]
e109d593e886: Preparing
f83c7781c64d: Preparing
fa3ce7d1e57f: Preparing
1498c49d4b3f: Preparing
4a362166cad2: Preparing
322599fe5321: Preparing
1456cae2323a: Preparing
28bf756b6f8e: Preparing
4c299e1e70d5: Preparing
f1b5933fe4b5: Preparing
322599fe5321: Waiting
1456cae2323a: Waiting
28bf756b6f8e: Waiting
4c299e1e70d5: Waiting
f1b5933fe4b5: Waiting
f83c7781c64d: Layer already exists
4a362166cad2: Layer already exists
fa3ce7d1e57f: Layer already exists
1498c49d4b3f: Layer already exists
e109d593e886: Layer already exists
1456cae2323a: Layer already exists
4c299e1e70d5: Layer already exists
28bf756b6f8e: Layer already exists
f1b5933fe4b5: Layer already exists
322599fe5321: Layer already exists
6.189.0-saas-3119: digest: sha256:7867a6181a8ecc3638060acebf83b0ef097f8141716a8effb54c064c67228827 size: 2419
Push gcr.io/codefresh-inc/codefresh/cf-api:6.189.0-saas-3119 completed - Mon Oct  7 06:57:58 UTC 2019 !!!

---------- Migrate r.cfcr.io/codefresh-inc/codefresh/cf-api:6.188.4-saas-3119 to gcr.io/codefresh-inc/codefresh/cf-api:6.188.4-saas-3119
6.188.4-saas-3119: Pulling from codefresh-inc/codefresh/cf-api
e7c96db7181b: Already exists
df9eac31dfef: Already exists
0a20433d95a4: Already exists
ef9cba99f12e: Already exists
bdd1599bc7f1: Already exists
1b8bc5aa9901: Already exists
678023824d16: Already exists
a0c44cc952d5: Already exists
0893d0797e0d: Already exists
baa0db2c6fc0: Pulling fs layer
baa0db2c6fc0: Verifying Checksum
baa0db2c6fc0: Download complete
baa0db2c6fc0: Pull complete
Digest: sha256:d1a7664d0cede026253244be930729d07306c4188527740d4c7918330b688ced
Status: Downloaded newer image for r.cfcr.io/codefresh-inc/codefresh/cf-api:6.188.4-saas-3119
r.cfcr.io/codefresh-inc/codefresh/cf-api:6.188.4-saas-3119
Pull r.cfcr.io/codefresh-inc/codefresh/cf-api:6.188.4-saas-3119 completed - Mon Oct  7 06:58:02 UTC 2019 !!!

Tag gcr.io/codefresh-inc/codefresh/cf-api:6.188.4-saas-3119 completed - Mon Oct  7 06:58:02 UTC 2019 !!!

The push refers to repository [gcr.io/codefresh-inc/codefresh/cf-api]
4679a6eb0517: Preparing
f83c7781c64d: Preparing
fa3ce7d1e57f: Preparing
1498c49d4b3f: Preparing
4a362166cad2: Preparing
322599fe5321: Preparing
1456cae2323a: Preparing
28bf756b6f8e: Preparing
4c299e1e70d5: Preparing
f1b5933fe4b5: Preparing
28bf756b6f8e: Waiting
4c299e1e70d5: Waiting
f1b5933fe4b5: Waiting
322599fe5321: Waiting
1456cae2323a: Waiting
1498c49d4b3f: Layer already exists
f83c7781c64d: Layer already exists
4a362166cad2: Layer already exists
fa3ce7d1e57f: Layer already exists
1456cae2323a: Layer already exists
4c299e1e70d5: Layer already exists
322599fe5321: Layer already exists
28bf756b6f8e: Layer already exists
4679a6eb0517: Layer already exists
f1b5933fe4b5: Layer already exists
6.188.4-saas-3119: digest: sha256:d1a7664d0cede026253244be930729d07306c4188527740d4c7918330b688ced size: 2419
Push gcr.io/codefresh-inc/codefresh/cf-api:6.188.4-saas-3119 completed - Mon Oct  7 06:58:02 UTC 2019 !!!

---------- Migrate r.cfcr.io/codefresh-inc/codefresh/cf-api:6.188.3-saas-3119 to gcr.io/codefresh-inc/codefresh/cf-api:6.188.3-saas-3119
6.188.3-saas-3119: Pulling from codefresh-inc/codefresh/cf-api
e7c96db7181b: Already exists
df9eac31dfef: Already exists
0a20433d95a4: Already exists
ef9cba99f12e: Already exists
bdd1599bc7f1: Already exists
1b8bc5aa9901: Already exists
678023824d16: Already exists
a0c44cc952d5: Already exists
0893d0797e0d: Already exists
ad0eb075261a: Pulling fs layer
ad0eb075261a: Download complete
ad0eb075261a: Pull complete
Digest: sha256:afdee0f103dde33e17187616d5fb8d096358860b5e2025fd737aa79707d9767b
Status: Downloaded newer image for r.cfcr.io/codefresh-inc/codefresh/cf-api:6.188.3-saas-3119
r.cfcr.io/codefresh-inc/codefresh/cf-api:6.188.3-saas-3119
Pull r.cfcr.io/codefresh-inc/codefresh/cf-api:6.188.3-saas-3119 completed - Mon Oct  7 06:58:03 UTC 2019 !!!

Tag gcr.io/codefresh-inc/codefresh/cf-api:6.188.3-saas-3119 completed - Mon Oct  7 06:58:03 UTC 2019 !!!

The push refers to repository [gcr.io/codefresh-inc/codefresh/cf-api]
66030111a6e0: Preparing
f83c7781c64d: Preparing
fa3ce7d1e57f: Preparing
1498c49d4b3f: Preparing
4a362166cad2: Preparing
322599fe5321: Preparing
1456cae2323a: Preparing
28bf756b6f8e: Preparing
4c299e1e70d5: Preparing
f1b5933fe4b5: Preparing
1456cae2323a: Waiting
28bf756b6f8e: Waiting
4c299e1e70d5: Waiting
f1b5933fe4b5: Waiting
322599fe5321: Waiting
4a362166cad2: Layer already exists
66030111a6e0: Layer already exists
1498c49d4b3f: Layer already exists
f83c7781c64d: Layer already exists
fa3ce7d1e57f: Layer already exists
322599fe5321: Layer already exists
28bf756b6f8e: Layer already exists
1456cae2323a: Layer already exists
f1b5933fe4b5: Layer already exists
4c299e1e70d5: Layer already exists
6.188.3-saas-3119: digest: sha256:afdee0f103dde33e17187616d5fb8d096358860b5e2025fd737aa79707d9767b size: 2419
Push gcr.io/codefresh-inc/codefresh/cf-api:6.188.3-saas-3119 completed - Mon Oct  7 06:58:04 UTC 2019 !!!

---------- Migrate r.cfcr.io/codefresh-inc/codefresh/cf-api:master to gcr.io/codefresh-inc/codefresh/cf-api:master
master: Pulling from codefresh-inc/codefresh/cf-api
e7c96db7181b: Already exists
df9eac31dfef: Already exists
0a20433d95a4: Already exists
ef9cba99f12e: Already exists
bdd1599bc7f1: Already exists
33ecbf389257: Pulling fs layer
cb94c1cec08a: Pulling fs layer
536017ab5b48: Pulling fs layer
cd1fa669dce2: Pulling fs layer
05c910343451: Pulling fs layer
cd1fa669dce2: Waiting
05c910343451: Waiting
536017ab5b48: Verifying Checksum
536017ab5b48: Download complete
cb94c1cec08a: Verifying Checksum
cb94c1cec08a: Download complete
33ecbf389257: Verifying Checksum
33ecbf389257: Download complete
33ecbf389257: Pull complete
05c910343451: Verifying Checksum
05c910343451: Download complete
cb94c1cec08a: Pull complete
536017ab5b48: Pull complete
cd1fa669dce2: Verifying Checksum
cd1fa669dce2: Download complete
cd1fa669dce2: Pull complete
05c910343451: Pull complete
Digest: sha256:73c787433935a42c21d53b4e9c6181c8cf0fb3bf69886f524b379212198edc82
Status: Downloaded newer image for r.cfcr.io/codefresh-inc/codefresh/cf-api:master
r.cfcr.io/codefresh-inc/codefresh/cf-api:master
Pull r.cfcr.io/codefresh-inc/codefresh/cf-api:master completed - Mon Oct  7 06:58:23 UTC 2019 !!!

Tag gcr.io/codefresh-inc/codefresh/cf-api:master completed - Mon Oct  7 06:58:23 UTC 2019 !!!

The push refers to repository [gcr.io/codefresh-inc/codefresh/cf-api]
8725dab058ed: Preparing
c7835cdda006: Preparing
1079921b5ea5: Preparing
a06570f94a44: Preparing
820cbec1a08e: Preparing
322599fe5321: Preparing
1456cae2323a: Preparing
28bf756b6f8e: Preparing
4c299e1e70d5: Preparing
f1b5933fe4b5: Preparing
322599fe5321: Waiting
1456cae2323a: Waiting
28bf756b6f8e: Waiting
4c299e1e70d5: Waiting
f1b5933fe4b5: Waiting
c7835cdda006: Retrying in 5 seconds
8725dab058ed: Retrying in 5 seconds
a06570f94a44: Retrying in 5 seconds
c7835cdda006: Retrying in 4 seconds
8725dab058ed: Retrying in 4 seconds
a06570f94a44: Retrying in 4 seconds
c7835cdda006: Retrying in 3 seconds
8725dab058ed: Retrying in 3 seconds
a06570f94a44: Retrying in 3 seconds
820cbec1a08e: Pushed
1079921b5ea5: Pushed
322599fe5321: Layer already exists
1456cae2323a: Layer already exists
28bf756b6f8e: Layer already exists
4c299e1e70d5: Layer already exists
f1b5933fe4b5: Layer already exists
c7835cdda006: Retrying in 2 seconds
8725dab058ed: Retrying in 2 seconds
a06570f94a44: Retrying in 2 seconds
c7835cdda006: Retrying in 1 second
8725dab058ed: Retrying in 1 second
a06570f94a44: Retrying in 1 second
8725dab058ed: Retrying in 10 seconds
8725dab058ed: Retrying in 9 seconds
a06570f94a44: Pushed
8725dab058ed: Retrying in 8 seconds
8725dab058ed: Retrying in 7 seconds
8725dab058ed: Retrying in 6 seconds
8725dab058ed: Retrying in 5 seconds
8725dab058ed: Retrying in 4 seconds
8725dab058ed: Retrying in 3 seconds
8725dab058ed: Retrying in 2 seconds
8725dab058ed: Retrying in 1 second
8725dab058ed: Retrying in 15 seconds
8725dab058ed: Retrying in 14 seconds
8725dab058ed: Retrying in 13 seconds
8725dab058ed: Retrying in 12 seconds
8725dab058ed: Retrying in 11 seconds
8725dab058ed: Retrying in 10 seconds
8725dab058ed: Retrying in 9 seconds
8725dab058ed: Retrying in 8 seconds
8725dab058ed: Retrying in 7 seconds
8725dab058ed: Retrying in 6 seconds
8725dab058ed: Retrying in 5 seconds
8725dab058ed: Retrying in 4 seconds
8725dab058ed: Retrying in 3 seconds
8725dab058ed: Retrying in 2 seconds
8725dab058ed: Retrying in 1 second
c7835cdda006: Pushed
8725dab058ed: Pushed
master: digest: sha256:842780efe550c7e61903ff8b85ef97876484450468ee95270e42cd32c0d76deb size: 2419
Push gcr.io/codefresh-inc/codefresh/cf-api:master completed - Mon Oct  7 06:58:57 UTC 2019 !!!

---------- Migrate r.cfcr.io/codefresh-inc/codefresh/cf-api:6.188.3 to gcr.io/codefresh-inc/codefresh/cf-api:6.188.3
6.188.3: Pulling from codefresh-inc/codefresh/cf-api
Digest: sha256:842780efe550c7e61903ff8b85ef97876484450468ee95270e42cd32c0d76deb
Status: Downloaded newer image for r.cfcr.io/codefresh-inc/codefresh/cf-api:6.188.3
r.cfcr.io/codefresh-inc/codefresh/cf-api:6.188.3
Pull r.cfcr.io/codefresh-inc/codefresh/cf-api:6.188.3 completed - Mon Oct  7 06:58:58 UTC 2019 !!!

Tag gcr.io/codefresh-inc/codefresh/cf-api:6.188.3 completed - Mon Oct  7 06:58:58 UTC 2019 !!!

The push refers to repository [gcr.io/codefresh-inc/codefresh/cf-api]
8725dab058ed: Preparing
c7835cdda006: Preparing
1079921b5ea5: Preparing
a06570f94a44: Preparing
820cbec1a08e: Preparing
322599fe5321: Preparing
1456cae2323a: Preparing
28bf756b6f8e: Preparing
4c299e1e70d5: Preparing
f1b5933fe4b5: Preparing
322599fe5321: Waiting
1456cae2323a: Waiting
28bf756b6f8e: Waiting
4c299e1e70d5: Waiting
f1b5933fe4b5: Waiting
1079921b5ea5: Layer already exists
a06570f94a44: Layer already exists
8725dab058ed: Layer already exists
c7835cdda006: Layer already exists
820cbec1a08e: Layer already exists
322599fe5321: Layer already exists
1456cae2323a: Layer already exists
4c299e1e70d5: Layer already exists
28bf756b6f8e: Layer already exists
f1b5933fe4b5: Layer already exists
6.188.3: digest: sha256:842780efe550c7e61903ff8b85ef97876484450468ee95270e42cd32c0d76deb size: 2419
Push gcr.io/codefresh-inc/codefresh/cf-api:6.188.3 completed - Mon Oct  7 06:58:58 UTC 2019 !!!

---------- Migrate r.cfcr.io/codefresh-inc/codefresh/cf-api:saas-data-retention-fix to gcr.io/codefresh-inc/codefresh/cf-api:saas-data-retention-fix
saas-data-retention-fix: Pulling from codefresh-inc/codefresh/cf-api
e7c96db7181b: Already exists
df9eac31dfef: Already exists
0a20433d95a4: Already exists
ef9cba99f12e: Already exists
bdd1599bc7f1: Already exists
33ecbf389257: Already exists
cb94c1cec08a: Already exists
536017ab5b48: Already exists
cd1fa669dce2: Already exists
05c910343451: Already exists
Digest: sha256:922bc5d429e127296c6d191ce72b1a8aeeefc505c1b7b51810f694a43b475697
Status: Downloaded newer image for r.cfcr.io/codefresh-inc/codefresh/cf-api:saas-data-retention-fix
r.cfcr.io/codefresh-inc/codefresh/cf-api:saas-data-retention-fix
Pull r.cfcr.io/codefresh-inc/codefresh/cf-api:saas-data-retention-fix completed - Mon Oct  7 06:58:59 UTC 2019 !!!

Tag gcr.io/codefresh-inc/codefresh/cf-api:saas-data-retention-fix completed - Mon Oct  7 06:59:00 UTC 2019 !!!

The push refers to repository [gcr.io/codefresh-inc/codefresh/cf-api]
8725dab058ed: Preparing
c7835cdda006: Preparing
1079921b5ea5: Preparing
a06570f94a44: Preparing
820cbec1a08e: Preparing
322599fe5321: Preparing
1456cae2323a: Preparing
28bf756b6f8e: Preparing
4c299e1e70d5: Preparing
f1b5933fe4b5: Preparing
322599fe5321: Waiting
28bf756b6f8e: Waiting
1456cae2323a: Waiting
4c299e1e70d5: Waiting
f1b5933fe4b5: Waiting
a06570f94a44: Layer already exists
1079921b5ea5: Layer already exists
c7835cdda006: Layer already exists
8725dab058ed: Layer already exists
820cbec1a08e: Layer already exists
1456cae2323a: Layer already exists
322599fe5321: Layer already exists
f1b5933fe4b5: Layer already exists
4c299e1e70d5: Layer already exists
28bf756b6f8e: Layer already exists
saas-data-retention-fix: digest: sha256:bcd5ea97ac24d7a4d272a856676e71b0ece79c96cf490ee4f4fc20bd6452d6a6 size: 2419
Push gcr.io/codefresh-inc/codefresh/cf-api:saas-data-retention-fix completed - Mon Oct  7 06:59:01 UTC 2019 !!!

---------- Migrate r.cfcr.io/codefresh-inc/codefresh/cf-api:SAAS-Data-Retention-Fix to gcr.io/codefresh-inc/codefresh/cf-api:SAAS-Data-Retention-Fix
SAAS-Data-Retention-Fix: Pulling from codefresh-inc/codefresh/cf-api
Digest: sha256:bcd5ea97ac24d7a4d272a856676e71b0ece79c96cf490ee4f4fc20bd6452d6a6
Status: Downloaded newer image for r.cfcr.io/codefresh-inc/codefresh/cf-api:SAAS-Data-Retention-Fix
r.cfcr.io/codefresh-inc/codefresh/cf-api:SAAS-Data-Retention-Fix
Pull r.cfcr.io/codefresh-inc/codefresh/cf-api:SAAS-Data-Retention-Fix completed - Mon Oct  7 06:59:02 UTC 2019 !!!

Tag gcr.io/codefresh-inc/codefresh/cf-api:SAAS-Data-Retention-Fix completed - Mon Oct  7 06:59:02 UTC 2019 !!!

The push refers to repository [gcr.io/codefresh-inc/codefresh/cf-api]
8725dab058ed: Preparing
c7835cdda006: Preparing
1079921b5ea5: Preparing
a06570f94a44: Preparing
820cbec1a08e: Preparing
322599fe5321: Preparing
1456cae2323a: Preparing
28bf756b6f8e: Preparing
4c299e1e70d5: Preparing
f1b5933fe4b5: Preparing
1456cae2323a: Waiting
28bf756b6f8e: Waiting
4c299e1e70d5: Waiting
f1b5933fe4b5: Waiting
322599fe5321: Waiting
820cbec1a08e: Layer already exists
a06570f94a44: Layer already exists
8725dab058ed: Layer already exists
c7835cdda006: Layer already exists
1079921b5ea5: Layer already exists
322599fe5321: Layer already exists
1456cae2323a: Layer already exists
28bf756b6f8e: Layer already exists
f1b5933fe4b5: Layer already exists
4c299e1e70d5: Layer already exists
SAAS-Data-Retention-Fix: digest: sha256:bcd5ea97ac24d7a4d272a856676e71b0ece79c96cf490ee4f4fc20bd6452d6a6 size: 2419
Push gcr.io/codefresh-inc/codefresh/cf-api:SAAS-Data-Retention-Fix completed - Mon Oct  7 06:59:03 UTC 2019 !!!

---------- Migrate r.cfcr.io/codefresh-inc/codefresh/cf-api:6.188.3-saas-data-retention-fix to gcr.io/codefresh-inc/codefresh/cf-api:6.188.3-saas-data-retention-fix
6.188.3-saas-data-retention-fix: Pulling from codefresh-inc/codefresh/cf-api
Digest: sha256:bcd5ea97ac24d7a4d272a856676e71b0ece79c96cf490ee4f4fc20bd6452d6a6
Status: Downloaded newer image for r.cfcr.io/codefresh-inc/codefresh/cf-api:6.188.3-saas-data-retention-fix
r.cfcr.io/codefresh-inc/codefresh/cf-api:6.188.3-saas-data-retention-fix
Pull r.cfcr.io/codefresh-inc/codefresh/cf-api:6.188.3-saas-data-retention-fix completed - Mon Oct  7 06:59:03 UTC 2019 !!!

Tag gcr.io/codefresh-inc/codefresh/cf-api:6.188.3-saas-data-retention-fix completed - Mon Oct  7 06:59:03 UTC 2019 !!!

The push refers to repository [gcr.io/codefresh-inc/codefresh/cf-api]
8725dab058ed: Preparing
c7835cdda006: Preparing
1079921b5ea5: Preparing
a06570f94a44: Preparing
820cbec1a08e: Preparing
322599fe5321: Preparing
1456cae2323a: Preparing
28bf756b6f8e: Preparing
4c299e1e70d5: Preparing
f1b5933fe4b5: Preparing
322599fe5321: Waiting
1456cae2323a: Waiting
28bf756b6f8e: Waiting
4c299e1e70d5: Waiting
f1b5933fe4b5: Waiting
a06570f94a44: Layer already exists
c7835cdda006: Layer already exists
820cbec1a08e: Layer already exists
8725dab058ed: Layer already exists
1079921b5ea5: Layer already exists
1456cae2323a: Layer already exists
322599fe5321: Layer already exists
4c299e1e70d5: Layer already exists
28bf756b6f8e: Layer already exists
f1b5933fe4b5: Layer already exists
6.188.3-saas-data-retention-fix: digest: sha256:bcd5ea97ac24d7a4d272a856676e71b0ece79c96cf490ee4f4fc20bd6452d6a6 size: 2419
Push gcr.io/codefresh-inc/codefresh/cf-api:6.188.3-saas-data-retention-fix completed - Mon Oct  7 06:59:04 UTC 2019 !!!

---------- Migrate r.cfcr.io/codefresh-inc/codefresh/cf-api:saas-data-retention-migration1 to gcr.io/codefresh-inc/codefresh/cf-api:saas-data-retention-migration1
saas-data-retention-migration1: Pulling from codefresh-inc/codefresh/cf-api
e7c96db7181b: Already exists
df9eac31dfef: Already exists
0a20433d95a4: Already exists
ef9cba99f12e: Already exists
bdd1599bc7f1: Already exists
33ecbf389257: Already exists
cb94c1cec08a: Already exists
536017ab5b48: Already exists
cd1fa669dce2: Already exists
f2a7ce57ec9c: Pulling fs layer
f2a7ce57ec9c: Verifying Checksum
f2a7ce57ec9c: Download complete
f2a7ce57ec9c: Pull complete
Digest: sha256:776c52ef56e0df2279f51aa0d6233774ae737b8ed7edb7d0906369e8c9eee76b
Status: Downloaded newer image for r.cfcr.io/codefresh-inc/codefresh/cf-api:saas-data-retention-migration1
r.cfcr.io/codefresh-inc/codefresh/cf-api:saas-data-retention-migration1
Pull r.cfcr.io/codefresh-inc/codefresh/cf-api:saas-data-retention-migration1 completed - Mon Oct  7 06:59:05 UTC 2019 !!!

Tag gcr.io/codefresh-inc/codefresh/cf-api:saas-data-retention-migration1 completed - Mon Oct  7 06:59:06 UTC 2019 !!!

The push refers to repository [gcr.io/codefresh-inc/codefresh/cf-api]
e40dd2ee0c8a: Preparing
c7835cdda006: Preparing
1079921b5ea5: Preparing
a06570f94a44: Preparing
820cbec1a08e: Preparing
322599fe5321: Preparing
1456cae2323a: Preparing
28bf756b6f8e: Preparing
4c299e1e70d5: Preparing
f1b5933fe4b5: Preparing
322599fe5321: Waiting
1456cae2323a: Waiting
28bf756b6f8e: Waiting
4c299e1e70d5: Waiting
f1b5933fe4b5: Waiting
c7835cdda006: Layer already exists
820cbec1a08e: Layer already exists
1079921b5ea5: Layer already exists
a06570f94a44: Layer already exists
322599fe5321: Layer already exists
1456cae2323a: Layer already exists
28bf756b6f8e: Layer already exists
4c299e1e70d5: Layer already exists
f1b5933fe4b5: Layer already exists
e40dd2ee0c8a: Pushed
saas-data-retention-migration1: digest: sha256:049449e75d53765b086319027e4637e139d2ef4a4c6764f916f520cdfc63cea4 size: 2419
Push gcr.io/codefresh-inc/codefresh/cf-api:saas-data-retention-migration1 completed - Mon Oct  7 06:59:09 UTC 2019 !!!

---------- Migrate r.cfcr.io/codefresh-inc/codefresh/cf-api:SAAS-Data-Retention-Migration1 to gcr.io/codefresh-inc/codefresh/cf-api:SAAS-Data-Retention-Migration1
SAAS-Data-Retention-Migration1: Pulling from codefresh-inc/codefresh/cf-api
Digest: sha256:049449e75d53765b086319027e4637e139d2ef4a4c6764f916f520cdfc63cea4
Status: Downloaded newer image for r.cfcr.io/codefresh-inc/codefresh/cf-api:SAAS-Data-Retention-Migration1
r.cfcr.io/codefresh-inc/codefresh/cf-api:SAAS-Data-Retention-Migration1
Pull r.cfcr.io/codefresh-inc/codefresh/cf-api:SAAS-Data-Retention-Migration1 completed - Mon Oct  7 06:59:11 UTC 2019 !!!

Tag gcr.io/codefresh-inc/codefresh/cf-api:SAAS-Data-Retention-Migration1 completed - Mon Oct  7 06:59:11 UTC 2019 !!!

The push refers to repository [gcr.io/codefresh-inc/codefresh/cf-api]
e40dd2ee0c8a: Preparing
c7835cdda006: Preparing
1079921b5ea5: Preparing
a06570f94a44: Preparing
820cbec1a08e: Preparing
322599fe5321: Preparing
1456cae2323a: Preparing
28bf756b6f8e: Preparing
4c299e1e70d5: Preparing
f1b5933fe4b5: Preparing
322599fe5321: Waiting
1456cae2323a: Waiting
28bf756b6f8e: Waiting
4c299e1e70d5: Waiting
f1b5933fe4b5: Waiting
c7835cdda006: Layer already exists
a06570f94a44: Layer already exists
e40dd2ee0c8a: Layer already exists
820cbec1a08e: Layer already exists
1079921b5ea5: Layer already exists
4c299e1e70d5: Layer already exists
1456cae2323a: Layer already exists
322599fe5321: Layer already exists
28bf756b6f8e: Layer already exists
f1b5933fe4b5: Layer already exists
SAAS-Data-Retention-Migration1: digest: sha256:049449e75d53765b086319027e4637e139d2ef4a4c6764f916f520cdfc63cea4 size: 2419
Push gcr.io/codefresh-inc/codefresh/cf-api:SAAS-Data-Retention-Migration1 completed - Mon Oct  7 06:59:11 UTC 2019 !!!

---------- Migrate r.cfcr.io/codefresh-inc/codefresh/cf-api:6.188.3-saas-data-retention-migration1 to gcr.io/codefresh-inc/codefresh/cf-api:6.188.3-saas-data-retention-migration1
6.188.3-saas-data-retention-migration1: Pulling from codefresh-inc/codefresh/cf-api
Digest: sha256:049449e75d53765b086319027e4637e139d2ef4a4c6764f916f520cdfc63cea4
Status: Downloaded newer image for r.cfcr.io/codefresh-inc/codefresh/cf-api:6.188.3-saas-data-retention-migration1
r.cfcr.io/codefresh-inc/codefresh/cf-api:6.188.3-saas-data-retention-migration1
Pull r.cfcr.io/codefresh-inc/codefresh/cf-api:6.188.3-saas-data-retention-migration1 completed - Mon Oct  7 06:59:12 UTC 2019 !!!

Tag gcr.io/codefresh-inc/codefresh/cf-api:6.188.3-saas-data-retention-migration1 completed - Mon Oct  7 06:59:12 UTC 2019 !!!

The push refers to repository [gcr.io/codefresh-inc/codefresh/cf-api]
e40dd2ee0c8a: Preparing
c7835cdda006: Preparing
1079921b5ea5: Preparing
a06570f94a44: Preparing
820cbec1a08e: Preparing
322599fe5321: Preparing
1456cae2323a: Preparing
28bf756b6f8e: Preparing
4c299e1e70d5: Preparing
f1b5933fe4b5: Preparing
322599fe5321: Waiting
1456cae2323a: Waiting
28bf756b6f8e: Waiting
4c299e1e70d5: Waiting
f1b5933fe4b5: Waiting
e40dd2ee0c8a: Layer already exists
c7835cdda006: Layer already exists
a06570f94a44: Layer already exists
1079921b5ea5: Layer already exists
820cbec1a08e: Layer already exists
f1b5933fe4b5: Layer already exists
1456cae2323a: Layer already exists
322599fe5321: Layer already exists
28bf756b6f8e: Layer already exists
4c299e1e70d5: Layer already exists
6.188.3-saas-data-retention-migration1: digest: sha256:049449e75d53765b086319027e4637e139d2ef4a4c6764f916f520cdfc63cea4 size: 2419
Push gcr.io/codefresh-inc/codefresh/cf-api:6.188.3-saas-data-retention-migration1 completed - Mon Oct  7 06:59:12 UTC 2019 !!!


  ****************
  Mon Oct  7 06:59:12 UTC 2019 - ./journal/2019-10-07_065723/codefresh__cf-tls-sign.tags
grep: ./done/codefresh__cf-tls-sign.tags: No such file or directory
---------- Migrate r.cfcr.io/codefresh-inc/codefresh/cf-tls-sign:master to gcr.io/codefresh-inc/codefresh/cf-tls-sign:master
master: Pulling from codefresh-inc/codefresh/cf-tls-sign
be666fb3dd35: Pulling fs layer
83be8b767650: Pulling fs layer
de8ae6598ff9: Pulling fs layer
b9618af6f83c: Pulling fs layer
8fd7fc9f0b83: Pulling fs layer
4b3c6775ea97: Pulling fs layer
34005a9946a4: Pulling fs layer
282f549b5b84: Pulling fs layer
be52a2531f18: Pulling fs layer
6539e18712a7: Pulling fs layer
e4897499f382: Pulling fs layer
cd5ff44ed583: Pulling fs layer
94b9a7c54443: Pulling fs layer
8fd7fc9f0b83: Waiting
4b3c6775ea97: Waiting
34005a9946a4: Waiting
282f549b5b84: Waiting
be52a2531f18: Waiting
6539e18712a7: Waiting
b9618af6f83c: Waiting
e4897499f382: Waiting
cd5ff44ed583: Waiting
94b9a7c54443: Waiting
83be8b767650: Verifying Checksum
83be8b767650: Download complete
de8ae6598ff9: Verifying Checksum
de8ae6598ff9: Download complete
be666fb3dd35: Verifying Checksum
be666fb3dd35: Download complete
8fd7fc9f0b83: Download complete
4b3c6775ea97: Verifying Checksum
4b3c6775ea97: Download complete
34005a9946a4: Verifying Checksum
34005a9946a4: Download complete
282f549b5b84: Verifying Checksum
282f549b5b84: Download complete
6539e18712a7: Verifying Checksum
6539e18712a7: Download complete
be52a2531f18: Verifying Checksum
be52a2531f18: Download complete
e4897499f382: Verifying Checksum
e4897499f382: Download complete
cd5ff44ed583: Verifying Checksum
cd5ff44ed583: Download complete
94b9a7c54443: Verifying Checksum
94b9a7c54443: Download complete
b9618af6f83c: Verifying Checksum
b9618af6f83c: Download complete
be666fb3dd35: Pull complete
83be8b767650: Pull complete
de8ae6598ff9: Pull complete
b9618af6f83c: Pull complete
8fd7fc9f0b83: Pull complete
4b3c6775ea97: Pull complete
34005a9946a4: Pull complete
282f549b5b84: Pull complete
be52a2531f18: Pull complete
6539e18712a7: Pull complete
e4897499f382: Pull complete
cd5ff44ed583: Pull complete
94b9a7c54443: Pull complete
Digest: sha256:03f783978c360670bc16d12d986887f68b4acad8a7e5ae836007169a3be4ef1b
Status: Downloaded newer image for r.cfcr.io/codefresh-inc/codefresh/cf-tls-sign:master
r.cfcr.io/codefresh-inc/codefresh/cf-tls-sign:master
Pull r.cfcr.io/codefresh-inc/codefresh/cf-tls-sign:master completed - Mon Oct  7 06:59:29 UTC 2019 !!!

Tag gcr.io/codefresh-inc/codefresh/cf-tls-sign:master completed - Mon Oct  7 06:59:29 UTC 2019 !!!

The push refers to repository [gcr.io/codefresh-inc/codefresh/cf-tls-sign]
f90865700ec2: Preparing
aca8e0dfaed6: Preparing
064fc32f801a: Preparing
3bc0ebad8b8c: Preparing
ccf8b6573448: Preparing
5dc197047114: Preparing
9e5c49e6c20b: Preparing
099f37abad88: Preparing
d7bd42f1f660: Preparing
8b375be9de19: Preparing
0f8361255952: Preparing
71ce2dc7f761: Preparing
0d960f1d4fba: Preparing
5dc197047114: Waiting
9e5c49e6c20b: Waiting
099f37abad88: Waiting
d7bd42f1f660: Waiting
8b375be9de19: Waiting
0f8361255952: Waiting
71ce2dc7f761: Waiting
0d960f1d4fba: Waiting
aca8e0dfaed6: Layer already exists
064fc32f801a: Layer already exists
f90865700ec2: Layer already exists
3bc0ebad8b8c: Layer already exists
ccf8b6573448: Layer already exists
5dc197047114: Layer already exists
9e5c49e6c20b: Layer already exists
099f37abad88: Layer already exists
8b375be9de19: Layer already exists
d7bd42f1f660: Layer already exists
0f8361255952: Layer already exists
0d960f1d4fba: Layer already exists
71ce2dc7f761: Layer already exists
master: digest: sha256:837618b678f391a1b36d9f9d2ce4aaa29cdfd259b3cd9022a2392ca4e2e27e8d size: 3050
Push gcr.io/codefresh-inc/codefresh/cf-tls-sign:master completed - Mon Oct  7 06:59:31 UTC 2019 !!!


  ****************
  Mon Oct  7 06:59:31 UTC 2019 - ./journal/2019-10-07_065723/codefresh__cf-ui.tags
grep: ./done/codefresh__cf-ui.tags: No such file or directory
---------- Migrate r.cfcr.io/codefresh-inc/codefresh/cf-ui:master to gcr.io/codefresh-inc/codefresh/cf-ui:master
master: Pulling from codefresh-inc/codefresh/cf-ui
e7c96db7181b: Already exists
bbec46749066: Pulling fs layer
89e5cf82282d: Pulling fs layer
5de6895db72f: Pulling fs layer
3b0ae57837d1: Pulling fs layer
2873bd6b3035: Pulling fs layer
9e0dfae569dc: Pulling fs layer
034415574c61: Pulling fs layer
9e1e94c20bad: Pulling fs layer
60a2d50a4c8d: Pulling fs layer
4d68c7228601: Pulling fs layer
739211a17bab: Pulling fs layer
6eeb63419797: Pulling fs layer
d42ea999f154: Pulling fs layer
2dae8d89231f: Pulling fs layer
2873bd6b3035: Waiting
9e0dfae569dc: Waiting
034415574c61: Waiting
9e1e94c20bad: Waiting
3b0ae57837d1: Waiting
60a2d50a4c8d: Waiting
4d68c7228601: Waiting
739211a17bab: Waiting
6eeb63419797: Waiting
d42ea999f154: Waiting
2dae8d89231f: Waiting
5de6895db72f: Verifying Checksum
5de6895db72f: Download complete
89e5cf82282d: Verifying Checksum
89e5cf82282d: Download complete
2873bd6b3035: Verifying Checksum
2873bd6b3035: Download complete
bbec46749066: Verifying Checksum
bbec46749066: Download complete
9e0dfae569dc: Verifying Checksum
9e0dfae569dc: Download complete
034415574c61: Verifying Checksum
034415574c61: Download complete
9e1e94c20bad: Verifying Checksum
9e1e94c20bad: Download complete
3b0ae57837d1: Verifying Checksum
3b0ae57837d1: Download complete
4d68c7228601: Verifying Checksum
4d68c7228601: Download complete
6eeb63419797: Verifying Checksum
6eeb63419797: Download complete
d42ea999f154: Verifying Checksum
d42ea999f154: Download complete
739211a17bab: Verifying Checksum
739211a17bab: Download complete
2dae8d89231f: Verifying Checksum
2dae8d89231f: Download complete
bbec46749066: Pull complete
89e5cf82282d: Pull complete
5de6895db72f: Pull complete
60a2d50a4c8d: Verifying Checksum
60a2d50a4c8d: Download complete
3b0ae57837d1: Pull complete
2873bd6b3035: Pull complete
9e0dfae569dc: Pull complete
034415574c61: Pull complete
9e1e94c20bad: Pull complete
60a2d50a4c8d: Pull complete
4d68c7228601: Pull complete
739211a17bab: Pull complete
6eeb63419797: Pull complete
d42ea999f154: Pull complete
2dae8d89231f: Pull complete
Digest: sha256:4aa0e58f775bee4258c8287cb447c04fa1cae398dbeb7786ad1999d0dd7cc6ef
Status: Downloaded newer image for r.cfcr.io/codefresh-inc/codefresh/cf-ui:master
r.cfcr.io/codefresh-inc/codefresh/cf-ui:master
Pull r.cfcr.io/codefresh-inc/codefresh/cf-ui:master completed - Mon Oct  7 07:00:25 UTC 2019 !!!

Tag gcr.io/codefresh-inc/codefresh/cf-ui:master completed - Mon Oct  7 07:00:26 UTC 2019 !!!

The push refers to repository [gcr.io/codefresh-inc/codefresh/cf-ui]
21480446474c: Preparing
80db093769bb: Preparing
06ef087c981e: Preparing
5b056190aa0c: Preparing
f012d4644e07: Preparing
252c5682375b: Preparing
8055ea9c96c6: Preparing
30a02cb282ad: Preparing
9f6283bda2c4: Preparing
dc29a0d03d74: Preparing
b46a8f138a9e: Preparing
109c4a769edd: Preparing
04db5bd8a39f: Preparing
eaa2fd82d1ac: Preparing
f1b5933fe4b5: Preparing
252c5682375b: Waiting
8055ea9c96c6: Waiting
30a02cb282ad: Waiting
9f6283bda2c4: Waiting
dc29a0d03d74: Waiting
b46a8f138a9e: Waiting
109c4a769edd: Waiting
04db5bd8a39f: Waiting
eaa2fd82d1ac: Waiting
f1b5933fe4b5: Waiting
80db093769bb: Layer already exists
21480446474c: Layer already exists
06ef087c981e: Layer already exists
5b056190aa0c: Layer already exists
f012d4644e07: Layer already exists
252c5682375b: Layer already exists
8055ea9c96c6: Layer already exists
30a02cb282ad: Layer already exists
9f6283bda2c4: Layer already exists
dc29a0d03d74: Layer already exists
b46a8f138a9e: Layer already exists
eaa2fd82d1ac: Layer already exists
04db5bd8a39f: Layer already exists
f1b5933fe4b5: Layer already exists
109c4a769edd: Layer already exists
master: digest: sha256:d7bc8acc80060e2f430d07d3dfbb0ecc2b98e7fffb8777b794ce136518096ae4 size: 3464
Push gcr.io/codefresh-inc/codefresh/cf-ui:master completed - Mon Oct  7 07:00:26 UTC 2019 !!!

---------- Migrate r.cfcr.io/codefresh-inc/codefresh/cf-ui:4.178.0 to gcr.io/codefresh-inc/codefresh/cf-ui:4.178.0
4.178.0: Pulling from codefresh-inc/codefresh/cf-ui
Digest: sha256:d7bc8acc80060e2f430d07d3dfbb0ecc2b98e7fffb8777b794ce136518096ae4
Status: Downloaded newer image for r.cfcr.io/codefresh-inc/codefresh/cf-ui:4.178.0
r.cfcr.io/codefresh-inc/codefresh/cf-ui:4.178.0
Pull r.cfcr.io/codefresh-inc/codefresh/cf-ui:4.178.0 completed - Mon Oct  7 07:00:27 UTC 2019 !!!

Tag gcr.io/codefresh-inc/codefresh/cf-ui:4.178.0 completed - Mon Oct  7 07:00:27 UTC 2019 !!!

The push refers to repository [gcr.io/codefresh-inc/codefresh/cf-ui]
21480446474c: Preparing
80db093769bb: Preparing
06ef087c981e: Preparing
5b056190aa0c: Preparing
f012d4644e07: Preparing
252c5682375b: Preparing
8055ea9c96c6: Preparing
30a02cb282ad: Preparing
9f6283bda2c4: Preparing
dc29a0d03d74: Preparing
b46a8f138a9e: Preparing
109c4a769edd: Preparing
04db5bd8a39f: Preparing
eaa2fd82d1ac: Preparing
f1b5933fe4b5: Preparing
252c5682375b: Waiting
8055ea9c96c6: Waiting
30a02cb282ad: Waiting
9f6283bda2c4: Waiting
dc29a0d03d74: Waiting
b46a8f138a9e: Waiting
109c4a769edd: Waiting
04db5bd8a39f: Waiting
eaa2fd82d1ac: Waiting
f1b5933fe4b5: Waiting
80db093769bb: Layer already exists
06ef087c981e: Layer already exists
21480446474c: Layer already exists
f012d4644e07: Layer already exists
5b056190aa0c: Layer already exists
8055ea9c96c6: Layer already exists
252c5682375b: Layer already exists
9f6283bda2c4: Layer already exists
dc29a0d03d74: Layer already exists
30a02cb282ad: Layer already exists
109c4a769edd: Layer already exists
b46a8f138a9e: Layer already exists
f1b5933fe4b5: Layer already exists
eaa2fd82d1ac: Layer already exists
04db5bd8a39f: Layer already exists
4.178.0: digest: sha256:d7bc8acc80060e2f430d07d3dfbb0ecc2b98e7fffb8777b794ce136518096ae4 size: 3464
Push gcr.io/codefresh-inc/codefresh/cf-ui:4.178.0 completed - Mon Oct  7 07:00:28 UTC 2019 !!!

---------- Migrate r.cfcr.io/codefresh-inc/codefresh/cf-ui:saas-work to gcr.io/codefresh-inc/codefresh/cf-ui:saas-work
saas-work: Pulling from codefresh-inc/codefresh/cf-ui
e7c96db7181b: Already exists
bbec46749066: Already exists
89e5cf82282d: Already exists
5de6895db72f: Already exists
3b0ae57837d1: Already exists
2873bd6b3035: Already exists
9e0dfae569dc: Already exists
034415574c61: Already exists
9e1e94c20bad: Already exists
60a2d50a4c8d: Already exists
4d68c7228601: Already exists
739211a17bab: Already exists
6eeb63419797: Already exists
d42ea999f154: Already exists
2dae8d89231f: Already exists
Digest: sha256:905d99617f6a863e89c08f1c6b572dd13364ca0404edd06a946627ec33508bb2
Status: Downloaded newer image for r.cfcr.io/codefresh-inc/codefresh/cf-ui:saas-work
r.cfcr.io/codefresh-inc/codefresh/cf-ui:saas-work
Pull r.cfcr.io/codefresh-inc/codefresh/cf-ui:saas-work completed - Mon Oct  7 07:00:28 UTC 2019 !!!

Tag gcr.io/codefresh-inc/codefresh/cf-ui:saas-work completed - Mon Oct  7 07:00:29 UTC 2019 !!!

The push refers to repository [gcr.io/codefresh-inc/codefresh/cf-ui]
21480446474c: Preparing
80db093769bb: Preparing
06ef087c981e: Preparing
5b056190aa0c: Preparing
f012d4644e07: Preparing
252c5682375b: Preparing
8055ea9c96c6: Preparing
30a02cb282ad: Preparing
9f6283bda2c4: Preparing
dc29a0d03d74: Preparing
b46a8f138a9e: Preparing
109c4a769edd: Preparing
04db5bd8a39f: Preparing
eaa2fd82d1ac: Preparing
f1b5933fe4b5: Preparing
252c5682375b: Waiting
8055ea9c96c6: Waiting
30a02cb282ad: Waiting
9f6283bda2c4: Waiting
dc29a0d03d74: Waiting
b46a8f138a9e: Waiting
109c4a769edd: Waiting
04db5bd8a39f: Waiting
eaa2fd82d1ac: Waiting
f1b5933fe4b5: Waiting
21480446474c: Layer already exists
06ef087c981e: Layer already exists
f012d4644e07: Layer already exists
5b056190aa0c: Layer already exists
80db093769bb: Layer already exists
9f6283bda2c4: Layer already exists
30a02cb282ad: Layer already exists
8055ea9c96c6: Layer already exists
252c5682375b: Layer already exists
dc29a0d03d74: Layer already exists
b46a8f138a9e: Layer already exists
109c4a769edd: Layer already exists
eaa2fd82d1ac: Layer already exists
04db5bd8a39f: Layer already exists
f1b5933fe4b5: Layer already exists
saas-work: digest: sha256:49c6860c4cf3cc740953811f5c6cabb8753ced9102a1ca2846361783fc2498f4 size: 3464
Push gcr.io/codefresh-inc/codefresh/cf-ui:saas-work completed - Mon Oct  7 07:00:29 UTC 2019 !!!

---------- Migrate r.cfcr.io/codefresh-inc/codefresh/cf-ui:SAAS-Work to gcr.io/codefresh-inc/codefresh/cf-ui:SAAS-Work
SAAS-Work: Pulling from codefresh-inc/codefresh/cf-ui
Digest: sha256:49c6860c4cf3cc740953811f5c6cabb8753ced9102a1ca2846361783fc2498f4
Status: Downloaded newer image for r.cfcr.io/codefresh-inc/codefresh/cf-ui:SAAS-Work
r.cfcr.io/codefresh-inc/codefresh/cf-ui:SAAS-Work
Pull r.cfcr.io/codefresh-inc/codefresh/cf-ui:SAAS-Work completed - Mon Oct  7 07:00:30 UTC 2019 !!!

Tag gcr.io/codefresh-inc/codefresh/cf-ui:SAAS-Work completed - Mon Oct  7 07:00:30 UTC 2019 !!!

The push refers to repository [gcr.io/codefresh-inc/codefresh/cf-ui]
21480446474c: Preparing
80db093769bb: Preparing
06ef087c981e: Preparing
5b056190aa0c: Preparing
f012d4644e07: Preparing
252c5682375b: Preparing
8055ea9c96c6: Preparing
30a02cb282ad: Preparing
9f6283bda2c4: Preparing
dc29a0d03d74: Preparing
b46a8f138a9e: Preparing
109c4a769edd: Preparing
04db5bd8a39f: Preparing
eaa2fd82d1ac: Preparing
f1b5933fe4b5: Preparing
9f6283bda2c4: Waiting
dc29a0d03d74: Waiting
b46a8f138a9e: Waiting
109c4a769edd: Waiting
04db5bd8a39f: Waiting
eaa2fd82d1ac: Waiting
f1b5933fe4b5: Waiting
30a02cb282ad: Waiting
252c5682375b: Waiting
8055ea9c96c6: Waiting
06ef087c981e: Layer already exists
5b056190aa0c: Layer already exists
f012d4644e07: Layer already exists
80db093769bb: Layer already exists
21480446474c: Layer already exists
252c5682375b: Layer already exists
30a02cb282ad: Layer already exists
9f6283bda2c4: Layer already exists
8055ea9c96c6: Layer already exists
dc29a0d03d74: Layer already exists
04db5bd8a39f: Layer already exists
b46a8f138a9e: Layer already exists
109c4a769edd: Layer already exists
f1b5933fe4b5: Layer already exists
eaa2fd82d1ac: Layer already exists
SAAS-Work: digest: sha256:49c6860c4cf3cc740953811f5c6cabb8753ced9102a1ca2846361783fc2498f4 size: 3464
Push gcr.io/codefresh-inc/codefresh/cf-ui:SAAS-Work completed - Mon Oct  7 07:00:31 UTC 2019 !!!

---------- Migrate r.cfcr.io/codefresh-inc/codefresh/cf-ui:4.178.0-saas-work to gcr.io/codefresh-inc/codefresh/cf-ui:4.178.0-saas-work
4.178.0-saas-work: Pulling from codefresh-inc/codefresh/cf-ui
Digest: sha256:49c6860c4cf3cc740953811f5c6cabb8753ced9102a1ca2846361783fc2498f4
Status: Downloaded newer image for r.cfcr.io/codefresh-inc/codefresh/cf-ui:4.178.0-saas-work
r.cfcr.io/codefresh-inc/codefresh/cf-ui:4.178.0-saas-work
Pull r.cfcr.io/codefresh-inc/codefresh/cf-ui:4.178.0-saas-work completed - Mon Oct  7 07:00:32 UTC 2019 !!!

Tag gcr.io/codefresh-inc/codefresh/cf-ui:4.178.0-saas-work completed - Mon Oct  7 07:00:32 UTC 2019 !!!

The push refers to repository [gcr.io/codefresh-inc/codefresh/cf-ui]
21480446474c: Preparing
80db093769bb: Preparing
06ef087c981e: Preparing
5b056190aa0c: Preparing
f012d4644e07: Preparing
252c5682375b: Preparing
8055ea9c96c6: Preparing
30a02cb282ad: Preparing
9f6283bda2c4: Preparing
dc29a0d03d74: Preparing
b46a8f138a9e: Preparing
109c4a769edd: Preparing
04db5bd8a39f: Preparing
eaa2fd82d1ac: Preparing
f1b5933fe4b5: Preparing
252c5682375b: Waiting
8055ea9c96c6: Waiting
dc29a0d03d74: Waiting
b46a8f138a9e: Waiting
109c4a769edd: Waiting
30a02cb282ad: Waiting
9f6283bda2c4: Waiting
04db5bd8a39f: Waiting
eaa2fd82d1ac: Waiting
f1b5933fe4b5: Waiting
21480446474c: Layer already exists
5b056190aa0c: Layer already exists
80db093769bb: Layer already exists
f012d4644e07: Layer already exists
252c5682375b: Layer already exists
06ef087c981e: Layer already exists
8055ea9c96c6: Layer already exists
9f6283bda2c4: Layer already exists
dc29a0d03d74: Layer already exists
30a02cb282ad: Layer already exists
b46a8f138a9e: Layer already exists
109c4a769edd: Layer already exists
04db5bd8a39f: Layer already exists
f1b5933fe4b5: Layer already exists
eaa2fd82d1ac: Layer already exists
4.178.0-saas-work: digest: sha256:49c6860c4cf3cc740953811f5c6cabb8753ced9102a1ca2846361783fc2498f4 size: 3464
Push gcr.io/codefresh-inc/codefresh/cf-ui:4.178.0-saas-work completed - Mon Oct  7 07:00:33 UTC 2019 !!!

---------- Migrate r.cfcr.io/codefresh-inc/codefresh/cf-ui:4.177.0 to gcr.io/codefresh-inc/codefresh/cf-ui:4.177.0
4.177.0: Pulling from codefresh-inc/codefresh/cf-ui
e7c96db7181b: Already exists
bbec46749066: Already exists
89e5cf82282d: Already exists
5de6895db72f: Already exists
3b0ae57837d1: Already exists
2873bd6b3035: Already exists
9e0dfae569dc: Already exists
034415574c61: Already exists
9e1e94c20bad: Already exists
a754ee727f57: Pulling fs layer
09f840c7c0fe: Pulling fs layer
5cc17d94d7ee: Pulling fs layer
b7eaec7f1485: Pulling fs layer
78ea0f93352c: Pulling fs layer
36fcad2314c2: Pulling fs layer
b7eaec7f1485: Waiting
78ea0f93352c: Waiting
36fcad2314c2: Waiting
09f840c7c0fe: Verifying Checksum
09f840c7c0fe: Download complete
5cc17d94d7ee: Verifying Checksum
5cc17d94d7ee: Download complete
b7eaec7f1485: Verifying Checksum
b7eaec7f1485: Download complete
78ea0f93352c: Verifying Checksum
78ea0f93352c: Download complete
36fcad2314c2: Verifying Checksum
36fcad2314c2: Download complete
a754ee727f57: Verifying Checksum
a754ee727f57: Download complete
a754ee727f57: Pull complete
09f840c7c0fe: Pull complete
5cc17d94d7ee: Pull complete
b7eaec7f1485: Pull complete
78ea0f93352c: Pull complete
36fcad2314c2: Pull complete
Digest: sha256:f8482849f6003ef3ed36b12ff34eeb137f2c45ee1c2f578b8178e129e2bd372f
Status: Downloaded newer image for r.cfcr.io/codefresh-inc/codefresh/cf-ui:4.177.0
r.cfcr.io/codefresh-inc/codefresh/cf-ui:4.177.0
Pull r.cfcr.io/codefresh-inc/codefresh/cf-ui:4.177.0 completed - Mon Oct  7 07:01:23 UTC 2019 !!!

Tag gcr.io/codefresh-inc/codefresh/cf-ui:4.177.0 completed - Mon Oct  7 07:01:23 UTC 2019 !!!

The push refers to repository [gcr.io/codefresh-inc/codefresh/cf-ui]
d7eaf8d188a9: Preparing
bfb703dfc774: Preparing
d81c814e2217: Preparing
cb12a70eba68: Preparing
69691c95e04e: Preparing
0cc05a10f2e9: Preparing
8055ea9c96c6: Preparing
30a02cb282ad: Preparing
9f6283bda2c4: Preparing
dc29a0d03d74: Preparing
b46a8f138a9e: Preparing
109c4a769edd: Preparing
04db5bd8a39f: Preparing
eaa2fd82d1ac: Preparing
f1b5933fe4b5: Preparing
0cc05a10f2e9: Waiting
8055ea9c96c6: Waiting
30a02cb282ad: Waiting
9f6283bda2c4: Waiting
dc29a0d03d74: Waiting
b46a8f138a9e: Waiting
109c4a769edd: Waiting
04db5bd8a39f: Waiting
eaa2fd82d1ac: Waiting
f1b5933fe4b5: Waiting
d81c814e2217: Retrying in 5 seconds
cb12a70eba68: Retrying in 5 seconds
bfb703dfc774: Retrying in 5 seconds
d7eaf8d188a9: Retrying in 5 seconds
d81c814e2217: Retrying in 4 seconds
cb12a70eba68: Retrying in 4 seconds
bfb703dfc774: Retrying in 4 seconds
d7eaf8d188a9: Retrying in 4 seconds
d81c814e2217: Retrying in 3 seconds
cb12a70eba68: Retrying in 3 seconds
bfb703dfc774: Retrying in 3 seconds
d7eaf8d188a9: Retrying in 3 seconds
69691c95e04e: Pushed
d81c814e2217: Retrying in 2 seconds
cb12a70eba68: Retrying in 2 seconds
bfb703dfc774: Retrying in 2 seconds
d7eaf8d188a9: Retrying in 2 seconds
d81c814e2217: Retrying in 1 second
cb12a70eba68: Retrying in 1 second
bfb703dfc774: Retrying in 1 second
d7eaf8d188a9: Retrying in 1 second
d81c814e2217: Retrying in 10 seconds
cb12a70eba68: Retrying in 10 seconds
d7eaf8d188a9: Retrying in 10 seconds
bfb703dfc774: Retrying in 10 seconds
d81c814e2217: Retrying in 9 seconds
cb12a70eba68: Retrying in 9 seconds
d7eaf8d188a9: Retrying in 9 seconds
bfb703dfc774: Retrying in 9 seconds
d81c814e2217: Retrying in 8 seconds
