Entering ./migrate-from-cfcr.sh - Mon Oct  7 12:52:12 UTC 2019
JOURNAL_DIR = ./journal/2019-10-07_125209
DONE_DIR = ./done
IMAGES_LIST=./journal/2019-10-07_125209/images-list

Starting at Mon Oct  7 12:52:15 UTC 2019
Processing ./journal/2019-10-07_125209/images-list
NAME             TAG                                                         PULL - SKIP
./journal/2019-10-07_125209/codefresh__nomios.tags
./journal/2019-10-07_125209/codefresh__nomios.tags
codefresh/nomios 90e985ec08ce437bd811395dcf6308f91e5e81b0                    r.cfcr.io/codefresh-inc/codefresh/nomios:90e985ec08ce437bd811395dcf6308f91e5e81b0 - SKIP
./journal/2019-10-07_125209/codefresh__nomios.tags
./journal/2019-10-07_125209/codefresh__nomios.tags
codefresh/nomios 9655bba77345d91909c33beef4ea85e025b37aa7                    r.cfcr.io/codefresh-inc/codefresh/nomios:9655bba77345d91909c33beef4ea85e025b37aa7 - SKIP
./journal/2019-10-07_125209/codefresh__nomios.tags
codefresh/nomios 99250d93df4857f56771f7d1fb003738a9fcaa38                    r.cfcr.io/codefresh-inc/codefresh/nomios:99250d93df4857f56771f7d1fb003738a9fcaa38 - SKIP
./journal/2019-10-07_125209/codefresh__nomios.tags
codefresh/nomios 0704f590110a44af50822d785bb6a2d1916796ce                    r.cfcr.io/codefresh-inc/codefresh/nomios:0704f590110a44af50822d785bb6a2d1916796ce - SKIP
./journal/2019-10-07_125209/codefresh__nomios.tags
./journal/2019-10-07_125209/codefresh__nomios.tags
codefresh/nomios e531648a96f3570a519985c04b6c0497e17e19ed                    r.cfcr.io/codefresh-inc/codefresh/nomios:e531648a96f3570a519985c04b6c0497e17e19ed - SKIP
./journal/2019-10-07_125209/codefresh__nomios.tags
codefresh/nomios f5594cf31a54a83e205b20d5d06e4f25b9ee6984                    r.cfcr.io/codefresh-inc/codefresh/nomios:f5594cf31a54a83e205b20d5d06e4f25b9ee6984 - SKIP
./journal/2019-10-07_125209/codefresh__nomios.tags
./journal/2019-10-07_125209/codefresh__nomios.tags
codefresh/nomios c12ea65c5c1661429ce7ba8f3bf4b6d75b16e2a6                    r.cfcr.io/codefresh-inc/codefresh/nomios:c12ea65c5c1661429ce7ba8f3bf4b6d75b16e2a6 - SKIP
./journal/2019-10-07_125209/codefresh__nomios.tags
./journal/2019-10-07_125209/codefresh__nomios.tags
codefresh/nomios 5099b52b2bd63f0091b7316e9488dadb9c236109                    r.cfcr.io/codefresh-inc/codefresh/nomios:5099b52b2bd63f0091b7316e9488dadb9c236109 - SKIP
./journal/2019-10-07_125209/codefresh__nomios.tags
codefresh/nomios ae24c5a63ca2c8533824a15cae65bd5157e8773e                    r.cfcr.io/codefresh-inc/codefresh/nomios:ae24c5a63ca2c8533824a15cae65bd5157e8773e - SKIP
./journal/2019-10-07_125209/codefresh__nomios.tags
./journal/2019-10-07_125209/codefresh__nomios.tags
codefresh/nomios 0fbcc3840c49747dac9e7039e4591782a4bab228                    r.cfcr.io/codefresh-inc/codefresh/nomios:0fbcc3840c49747dac9e7039e4591782a4bab228 - SKIP
./journal/2019-10-07_125209/codefresh__nomios.tags
codefresh/nomios 6e26f598172720a4cd72d7f057bfbd53ed19936a                    r.cfcr.io/codefresh-inc/codefresh/nomios:6e26f598172720a4cd72d7f057bfbd53ed19936a - SKIP
./journal/2019-10-07_125209/codefresh__nomios.tags
./journal/2019-10-07_125209/codefresh__nomios.tags
codefresh/nomios 948911a8d323616924356b953302e895cfd61c09                    r.cfcr.io/codefresh-inc/codefresh/nomios:948911a8d323616924356b953302e895cfd61c09 - SKIP
./journal/2019-10-07_125209/codefresh__nomios.tags
./journal/2019-10-07_125209/codefresh__nomios.tags
codefresh/nomios 39ff977b732bdfc3ebcf312723bcea7b6e3a3599                    r.cfcr.io/codefresh-inc/codefresh/nomios:39ff977b732bdfc3ebcf312723bcea7b6e3a3599 - SKIP
./journal/2019-10-07_125209/codefresh__nomios.tags
./journal/2019-10-07_125209/codefresh__nomios.tags
./journal/2019-10-07_125209/codefresh__nomios.tags
./journal/2019-10-07_125209/codefresh__nomios.tags
codefresh/nomios 39b0a9957d0d8446c1c42d1bbcb6b5fdc7c26831                    r.cfcr.io/codefresh-inc/codefresh/nomios:39b0a9957d0d8446c1c42d1bbcb6b5fdc7c26831 - SKIP
./journal/2019-10-07_125209/codefresh__nomios.tags
./journal/2019-10-07_125209/codefresh__nomios.tags
./journal/2019-10-07_125209/codefresh__nomios.tags
codefresh/nomios 28e087116d8ec840a5abe18cad7c58b77a32136e                    r.cfcr.io/codefresh-inc/codefresh/nomios:28e087116d8ec840a5abe18cad7c58b77a32136e - SKIP
./journal/2019-10-07_125209/codefresh__nomios.tags
codefresh/nomios 6ae00c047e08991bde6d26c56600f47090186fb8                    r.cfcr.io/codefresh-inc/codefresh/nomios:6ae00c047e08991bde6d26c56600f47090186fb8 - SKIP
./journal/2019-10-07_125209/codefresh__nomios.tags
./journal/2019-10-07_125209/codefresh__nomios.tags
./journal/2019-10-07_125209/codefresh__nomios.tags
./journal/2019-10-07_125209/codefresh__nomios.tags
./journal/2019-10-07_125209/codefresh__nomios.tags
codefresh/nomios 2e4e54ceb884a38579dce7b1c66b54c08b447ff5                    r.cfcr.io/codefresh-inc/codefresh/nomios:2e4e54ceb884a38579dce7b1c66b54c08b447ff5 - SKIP
./journal/2019-10-07_125209/codefresh__nomios.tags
codefresh/nomios 7f7283fd0914209c706b643cf01b90e26af97904                    r.cfcr.io/codefresh-inc/codefresh/nomios:7f7283fd0914209c706b643cf01b90e26af97904 - SKIP
./journal/2019-10-07_125209/codefresh__nomios.tags
./journal/2019-10-07_125209/codefresh__nomios.tags
codefresh/nomios b9140c216d731ea95c8e76d698dc681d8909868c                    r.cfcr.io/codefresh-inc/codefresh/nomios:b9140c216d731ea95c8e76d698dc681d8909868c - SKIP
./journal/2019-10-07_125209/codefresh__nomios.tags
./journal/2019-10-07_125209/codefresh__nomios.tags
codefresh/nomios 215866aff21467766de865685bc253f51652e061                    r.cfcr.io/codefresh-inc/codefresh/nomios:215866aff21467766de865685bc253f51652e061 - SKIP
./journal/2019-10-07_125209/codefresh__nomios.tags
codefresh/nomios a126277dd19edefdeb40ff6b15cf532417b5b309                    r.cfcr.io/codefresh-inc/codefresh/nomios:a126277dd19edefdeb40ff6b15cf532417b5b309 - SKIP

--- Mon Oct  7 12:52:15 UTC 2019
Processing tag files

  ****************
  Mon Oct  7 12:52:15 UTC 2019 - ./journal/2019-10-07_125209/codefresh__nomios.tags
grep: ./done/codefresh__nomios.tags: No such file or directory
---------- Migrate r.cfcr.io/codefresh-inc/codefresh/nomios:master to gcr.io/codefresh-inc/codefresh/nomios:master
master: Pulling from codefresh-inc/codefresh/nomios
e7c96db7181b: Already exists
b23cf0e5ce2c: Pulling fs layer
8b86d6732138: Pulling fs layer
8b86d6732138: Download complete
b23cf0e5ce2c: Verifying Checksum
b23cf0e5ce2c: Download complete
b23cf0e5ce2c: Pull complete
8b86d6732138: Pull complete
Digest: sha256:590f05b42d4bb66052cc9a3a8e39a3eb8c3267fa29bad73b3d3c72f75e83eb2b
Status: Downloaded newer image for r.cfcr.io/codefresh-inc/codefresh/nomios:master
r.cfcr.io/codefresh-inc/codefresh/nomios:master
Pull r.cfcr.io/codefresh-inc/codefresh/nomios:master completed - Mon Oct  7 12:52:17 UTC 2019 !!!

Tag gcr.io/codefresh-inc/codefresh/nomios:master completed - Mon Oct  7 12:52:17 UTC 2019 !!!

The push refers to repository [gcr.io/codefresh-inc/codefresh/nomios]
75b0cb678398: Preparing
f26747d5e152: Preparing
f1b5933fe4b5: Preparing
f1b5933fe4b5: Layer already exists
f26747d5e152: Pushed
75b0cb678398: Pushed
master: digest: sha256:187eea41f38e9ba502d796e07283d331cd2de15bf7e53ab8bd622617349d16d6 size: 950
Push gcr.io/codefresh-inc/codefresh/nomios:master completed - Mon Oct  7 12:52:21 UTC 2019 !!!

---------- Migrate r.cfcr.io/codefresh-inc/codefresh/nomios:0.6.8 to gcr.io/codefresh-inc/codefresh/nomios:0.6.8
0.6.8: Pulling from codefresh-inc/codefresh/nomios
Digest: sha256:187eea41f38e9ba502d796e07283d331cd2de15bf7e53ab8bd622617349d16d6
Status: Downloaded newer image for r.cfcr.io/codefresh-inc/codefresh/nomios:0.6.8
r.cfcr.io/codefresh-inc/codefresh/nomios:0.6.8
Pull r.cfcr.io/codefresh-inc/codefresh/nomios:0.6.8 completed - Mon Oct  7 12:52:22 UTC 2019 !!!

Tag gcr.io/codefresh-inc/codefresh/nomios:0.6.8 completed - Mon Oct  7 12:52:22 UTC 2019 !!!

The push refers to repository [gcr.io/codefresh-inc/codefresh/nomios]
75b0cb678398: Preparing
f26747d5e152: Preparing
f1b5933fe4b5: Preparing
f26747d5e152: Waiting
f1b5933fe4b5: Waiting
75b0cb678398: Layer already exists
f26747d5e152: Layer already exists
f1b5933fe4b5: Layer already exists
0.6.8: digest: sha256:187eea41f38e9ba502d796e07283d331cd2de15bf7e53ab8bd622617349d16d6 size: 950
Push gcr.io/codefresh-inc/codefresh/nomios:0.6.8 completed - Mon Oct  7 12:52:22 UTC 2019 !!!

---------- Migrate r.cfcr.io/codefresh-inc/codefresh/nomios:saas-istio-flag to gcr.io/codefresh-inc/codefresh/nomios:saas-istio-flag
saas-istio-flag: Pulling from codefresh-inc/codefresh/nomios
e7c96db7181b: Already exists
b23cf0e5ce2c: Already exists
8b86d6732138: Already exists
Digest: sha256:2a901e40de01a8f5aeb92390875e0e6ead150f1a21086e571668f25868140573
Status: Downloaded newer image for r.cfcr.io/codefresh-inc/codefresh/nomios:saas-istio-flag
r.cfcr.io/codefresh-inc/codefresh/nomios:saas-istio-flag
Pull r.cfcr.io/codefresh-inc/codefresh/nomios:saas-istio-flag completed - Mon Oct  7 12:52:23 UTC 2019 !!!

Tag gcr.io/codefresh-inc/codefresh/nomios:saas-istio-flag completed - Mon Oct  7 12:52:23 UTC 2019 !!!

The push refers to repository [gcr.io/codefresh-inc/codefresh/nomios]
75b0cb678398: Preparing
f26747d5e152: Preparing
f1b5933fe4b5: Preparing
f26747d5e152: Layer already exists
75b0cb678398: Layer already exists
f1b5933fe4b5: Layer already exists
saas-istio-flag: digest: sha256:b36cfea5a0c25f7d96727465793e10f0e9b33e4db48224c89326d9aeb2ab2ba7 size: 950
Push gcr.io/codefresh-inc/codefresh/nomios:saas-istio-flag completed - Mon Oct  7 12:52:25 UTC 2019 !!!

---------- Migrate r.cfcr.io/codefresh-inc/codefresh/nomios:SAAS-istio-flag to gcr.io/codefresh-inc/codefresh/nomios:SAAS-istio-flag
SAAS-istio-flag: Pulling from codefresh-inc/codefresh/nomios
Digest: sha256:b36cfea5a0c25f7d96727465793e10f0e9b33e4db48224c89326d9aeb2ab2ba7
Status: Downloaded newer image for r.cfcr.io/codefresh-inc/codefresh/nomios:SAAS-istio-flag
r.cfcr.io/codefresh-inc/codefresh/nomios:SAAS-istio-flag
Pull r.cfcr.io/codefresh-inc/codefresh/nomios:SAAS-istio-flag completed - Mon Oct  7 12:52:26 UTC 2019 !!!

Tag gcr.io/codefresh-inc/codefresh/nomios:SAAS-istio-flag completed - Mon Oct  7 12:52:26 UTC 2019 !!!

The push refers to repository [gcr.io/codefresh-inc/codefresh/nomios]
75b0cb678398: Preparing
f26747d5e152: Preparing
f1b5933fe4b5: Preparing
75b0cb678398: Layer already exists
f26747d5e152: Layer already exists
f1b5933fe4b5: Layer already exists
SAAS-istio-flag: digest: sha256:b36cfea5a0c25f7d96727465793e10f0e9b33e4db48224c89326d9aeb2ab2ba7 size: 950
Push gcr.io/codefresh-inc/codefresh/nomios:SAAS-istio-flag completed - Mon Oct  7 12:52:27 UTC 2019 !!!

---------- Migrate r.cfcr.io/codefresh-inc/codefresh/nomios:0.6.8-saas-istio-flag to gcr.io/codefresh-inc/codefresh/nomios:0.6.8-saas-istio-flag
0.6.8-saas-istio-flag: Pulling from codefresh-inc/codefresh/nomios
Digest: sha256:b36cfea5a0c25f7d96727465793e10f0e9b33e4db48224c89326d9aeb2ab2ba7
Status: Downloaded newer image for r.cfcr.io/codefresh-inc/codefresh/nomios:0.6.8-saas-istio-flag
r.cfcr.io/codefresh-inc/codefresh/nomios:0.6.8-saas-istio-flag
Pull r.cfcr.io/codefresh-inc/codefresh/nomios:0.6.8-saas-istio-flag completed - Mon Oct  7 12:52:28 UTC 2019 !!!

Tag gcr.io/codefresh-inc/codefresh/nomios:0.6.8-saas-istio-flag completed - Mon Oct  7 12:52:28 UTC 2019 !!!

The push refers to repository [gcr.io/codefresh-inc/codefresh/nomios]
75b0cb678398: Preparing
f26747d5e152: Preparing
f1b5933fe4b5: Preparing
f26747d5e152: Layer already exists
75b0cb678398: Layer already exists
f1b5933fe4b5: Layer already exists
0.6.8-saas-istio-flag: digest: sha256:b36cfea5a0c25f7d96727465793e10f0e9b33e4db48224c89326d9aeb2ab2ba7 size: 950
Push gcr.io/codefresh-inc/codefresh/nomios:0.6.8-saas-istio-flag completed - Mon Oct  7 12:52:29 UTC 2019 !!!

---------- Migrate r.cfcr.io/codefresh-inc/codefresh/nomios:0.6.7 to gcr.io/codefresh-inc/codefresh/nomios:0.6.7
0.6.7: Pulling from codefresh-inc/codefresh/nomios
e7c96db7181b: Already exists
ae9101576f9c: Pulling fs layer
fc6e46b5fbb3: Pulling fs layer
fc6e46b5fbb3: Verifying Checksum
fc6e46b5fbb3: Download complete
ae9101576f9c: Verifying Checksum
ae9101576f9c: Download complete
ae9101576f9c: Pull complete
fc6e46b5fbb3: Pull complete
Digest: sha256:6f432d7582ebf3d37cffb9fd5d93414e21c75542605bc4bbea72f7b15cc1d015
Status: Downloaded newer image for r.cfcr.io/codefresh-inc/codefresh/nomios:0.6.7
r.cfcr.io/codefresh-inc/codefresh/nomios:0.6.7
Pull r.cfcr.io/codefresh-inc/codefresh/nomios:0.6.7 completed - Mon Oct  7 12:52:31 UTC 2019 !!!

Tag gcr.io/codefresh-inc/codefresh/nomios:0.6.7 completed - Mon Oct  7 12:52:31 UTC 2019 !!!

The push refers to repository [gcr.io/codefresh-inc/codefresh/nomios]
52f98496ba02: Preparing
5e8130ff9176: Preparing
f1b5933fe4b5: Preparing
f1b5933fe4b5: Layer already exists
5e8130ff9176: Pushed
52f98496ba02: Pushed
0.6.7: digest: sha256:6f432d7582ebf3d37cffb9fd5d93414e21c75542605bc4bbea72f7b15cc1d015 size: 950
Push gcr.io/codefresh-inc/codefresh/nomios:0.6.7 completed - Mon Oct  7 12:52:36 UTC 2019 !!!

---------- Migrate r.cfcr.io/codefresh-inc/codefresh/nomios:saas-3860 to gcr.io/codefresh-inc/codefresh/nomios:saas-3860
saas-3860: Pulling from codefresh-inc/codefresh/nomios
e7c96db7181b: Already exists
ae9101576f9c: Already exists
fc6e46b5fbb3: Already exists
Digest: sha256:b5d15f3daff58a97bbfa1205032862c4220cb8db4cd3fb03f96cb28244df3940
Status: Downloaded newer image for r.cfcr.io/codefresh-inc/codefresh/nomios:saas-3860
r.cfcr.io/codefresh-inc/codefresh/nomios:saas-3860
Pull r.cfcr.io/codefresh-inc/codefresh/nomios:saas-3860 completed - Mon Oct  7 12:52:38 UTC 2019 !!!

Tag gcr.io/codefresh-inc/codefresh/nomios:saas-3860 completed - Mon Oct  7 12:52:38 UTC 2019 !!!

The push refers to repository [gcr.io/codefresh-inc/codefresh/nomios]
52f98496ba02: Preparing
5e8130ff9176: Preparing
f1b5933fe4b5: Preparing
5e8130ff9176: Waiting
f1b5933fe4b5: Waiting
52f98496ba02: Waiting
52f98496ba02: Layer already exists
5e8130ff9176: Layer already exists
f1b5933fe4b5: Layer already exists
saas-3860: digest: sha256:51104099f2e5a28518ba0d5bc54202bdb6585656b70fefb7bf4081d08f26f22c size: 950
Push gcr.io/codefresh-inc/codefresh/nomios:saas-3860 completed - Mon Oct  7 12:52:40 UTC 2019 !!!

---------- Migrate r.cfcr.io/codefresh-inc/codefresh/nomios:SAAS-3860 to gcr.io/codefresh-inc/codefresh/nomios:SAAS-3860
SAAS-3860: Pulling from codefresh-inc/codefresh/nomios
Digest: sha256:51104099f2e5a28518ba0d5bc54202bdb6585656b70fefb7bf4081d08f26f22c
Status: Downloaded newer image for r.cfcr.io/codefresh-inc/codefresh/nomios:SAAS-3860
r.cfcr.io/codefresh-inc/codefresh/nomios:SAAS-3860
Pull r.cfcr.io/codefresh-inc/codefresh/nomios:SAAS-3860 completed - Mon Oct  7 12:52:40 UTC 2019 !!!

Tag gcr.io/codefresh-inc/codefresh/nomios:SAAS-3860 completed - Mon Oct  7 12:52:40 UTC 2019 !!!

The push refers to repository [gcr.io/codefresh-inc/codefresh/nomios]
52f98496ba02: Preparing
5e8130ff9176: Preparing
f1b5933fe4b5: Preparing
f1b5933fe4b5: Waiting
52f98496ba02: Layer already exists
5e8130ff9176: Layer already exists
f1b5933fe4b5: Layer already exists
SAAS-3860: digest: sha256:51104099f2e5a28518ba0d5bc54202bdb6585656b70fefb7bf4081d08f26f22c size: 950
Push gcr.io/codefresh-inc/codefresh/nomios:SAAS-3860 completed - Mon Oct  7 12:52:42 UTC 2019 !!!

---------- Migrate r.cfcr.io/codefresh-inc/codefresh/nomios:0.6.7-saas-3860 to gcr.io/codefresh-inc/codefresh/nomios:0.6.7-saas-3860
0.6.7-saas-3860: Pulling from codefresh-inc/codefresh/nomios
Digest: sha256:51104099f2e5a28518ba0d5bc54202bdb6585656b70fefb7bf4081d08f26f22c
Status: Downloaded newer image for r.cfcr.io/codefresh-inc/codefresh/nomios:0.6.7-saas-3860
r.cfcr.io/codefresh-inc/codefresh/nomios:0.6.7-saas-3860
Pull r.cfcr.io/codefresh-inc/codefresh/nomios:0.6.7-saas-3860 completed - Mon Oct  7 12:52:42 UTC 2019 !!!

Tag gcr.io/codefresh-inc/codefresh/nomios:0.6.7-saas-3860 completed - Mon Oct  7 12:52:42 UTC 2019 !!!

The push refers to repository [gcr.io/codefresh-inc/codefresh/nomios]
52f98496ba02: Preparing
5e8130ff9176: Preparing
f1b5933fe4b5: Preparing
52f98496ba02: Waiting
5e8130ff9176: Waiting
f1b5933fe4b5: Waiting
52f98496ba02: Layer already exists
5e8130ff9176: Layer already exists
f1b5933fe4b5: Layer already exists
0.6.7-saas-3860: digest: sha256:51104099f2e5a28518ba0d5bc54202bdb6585656b70fefb7bf4081d08f26f22c size: 950
Push gcr.io/codefresh-inc/codefresh/nomios:0.6.7-saas-3860 completed - Mon Oct  7 12:52:44 UTC 2019 !!!

---------- Migrate r.cfcr.io/codefresh-inc/codefresh/nomios:0.6.6-saas-3860 to gcr.io/codefresh-inc/codefresh/nomios:0.6.6-saas-3860
0.6.6-saas-3860: Pulling from codefresh-inc/codefresh/nomios
e7c96db7181b: Already exists
4a3212f867c1: Pulling fs layer
cd07afd8f2b7: Pulling fs layer
4a3212f867c1: Verifying Checksum
4a3212f867c1: Download complete
cd07afd8f2b7: Verifying Checksum
cd07afd8f2b7: Download complete
4a3212f867c1: Pull complete
cd07afd8f2b7: Pull complete
Digest: sha256:7d2d049860bc8ca2a49f58b98709470de2510e1aa6e3acc3628807c6af7a7e97
Status: Downloaded newer image for r.cfcr.io/codefresh-inc/codefresh/nomios:0.6.6-saas-3860
r.cfcr.io/codefresh-inc/codefresh/nomios:0.6.6-saas-3860
Pull r.cfcr.io/codefresh-inc/codefresh/nomios:0.6.6-saas-3860 completed - Mon Oct  7 12:52:46 UTC 2019 !!!

Tag gcr.io/codefresh-inc/codefresh/nomios:0.6.6-saas-3860 completed - Mon Oct  7 12:52:46 UTC 2019 !!!

The push refers to repository [gcr.io/codefresh-inc/codefresh/nomios]
58f573364527: Preparing
cb2eb5565ed9: Preparing
f1b5933fe4b5: Preparing
cb2eb5565ed9: Waiting
f1b5933fe4b5: Waiting
f1b5933fe4b5: Layer already exists
cb2eb5565ed9: Pushed
58f573364527: Pushed
0.6.6-saas-3860: digest: sha256:7d2d049860bc8ca2a49f58b98709470de2510e1aa6e3acc3628807c6af7a7e97 size: 950
Push gcr.io/codefresh-inc/codefresh/nomios:0.6.6-saas-3860 completed - Mon Oct  7 12:52:53 UTC 2019 !!!

---------- Migrate r.cfcr.io/codefresh-inc/codefresh/nomios:0.6.6 to gcr.io/codefresh-inc/codefresh/nomios:0.6.6
0.6.6: Pulling from codefresh-inc/codefresh/nomios
e7c96db7181b: Already exists
1bc10a603ff5: Pulling fs layer
1f0e587b076f: Pulling fs layer
1bc10a603ff5: Verifying Checksum
1bc10a603ff5: Download complete
1f0e587b076f: Verifying Checksum
1f0e587b076f: Download complete
1bc10a603ff5: Pull complete
1f0e587b076f: Pull complete
Digest: sha256:1f7f0c0aedc116006a591242739daf14244348f70ab6e0ebffc6349d9906d1ba
Status: Downloaded newer image for r.cfcr.io/codefresh-inc/codefresh/nomios:0.6.6
r.cfcr.io/codefresh-inc/codefresh/nomios:0.6.6
Pull r.cfcr.io/codefresh-inc/codefresh/nomios:0.6.6 completed - Mon Oct  7 12:52:56 UTC 2019 !!!

Tag gcr.io/codefresh-inc/codefresh/nomios:0.6.6 completed - Mon Oct  7 12:52:56 UTC 2019 !!!

The push refers to repository [gcr.io/codefresh-inc/codefresh/nomios]
707ea0240331: Preparing
4786a34405cd: Preparing
f1b5933fe4b5: Preparing
f1b5933fe4b5: Layer already exists
4786a34405cd: Pushed
707ea0240331: Pushed
0.6.6: digest: sha256:1f7f0c0aedc116006a591242739daf14244348f70ab6e0ebffc6349d9906d1ba size: 950
Push gcr.io/codefresh-inc/codefresh/nomios:0.6.6 completed - Mon Oct  7 12:53:02 UTC 2019 !!!

---------- Migrate r.cfcr.io/codefresh-inc/codefresh/nomios:saas-istio-enableforsupportingstabelatestenvironments to gcr.io/codefresh-inc/codefresh/nomios:saas-istio-enableforsupportingstabelatestenvironments
saas-istio-enableforsupportingstabelatestenvironments: Pulling from codefresh-inc/codefresh/nomios
e7c96db7181b: Already exists
1bc10a603ff5: Already exists
1f0e587b076f: Already exists
Digest: sha256:977eabf2349245b64f84ed74ea39c60c2b4c2fc01c672ce6ca8263940ddcf568
Status: Downloaded newer image for r.cfcr.io/codefresh-inc/codefresh/nomios:saas-istio-enableforsupportingstabelatestenvironments
r.cfcr.io/codefresh-inc/codefresh/nomios:saas-istio-enableforsupportingstabelatestenvironments
Pull r.cfcr.io/codefresh-inc/codefresh/nomios:saas-istio-enableforsupportingstabelatestenvironments completed - Mon Oct  7 12:53:03 UTC 2019 !!!

Tag gcr.io/codefresh-inc/codefresh/nomios:saas-istio-enableforsupportingstabelatestenvironments completed - Mon Oct  7 12:53:03 UTC 2019 !!!

The push refers to repository [gcr.io/codefresh-inc/codefresh/nomios]
707ea0240331: Preparing
4786a34405cd: Preparing
f1b5933fe4b5: Preparing
f1b5933fe4b5: Waiting
707ea0240331: Layer already exists
4786a34405cd: Layer already exists
f1b5933fe4b5: Layer already exists
saas-istio-enableforsupportingstabelatestenvironments: digest: sha256:16a2b45049f0915a47963998a8f9d1cbd7fb91d9a0baac6fd8087acc9562c862 size: 950
Push gcr.io/codefresh-inc/codefresh/nomios:saas-istio-enableforsupportingstabelatestenvironments completed - Mon Oct  7 12:53:06 UTC 2019 !!!

---------- Migrate r.cfcr.io/codefresh-inc/codefresh/nomios:SAAS-istio-enableForSupportingStabeLatestEnvironments to gcr.io/codefresh-inc/codefresh/nomios:SAAS-istio-enableForSupportingStabeLatestEnvironments
SAAS-istio-enableForSupportingStabeLatestEnvironments: Pulling from codefresh-inc/codefresh/nomios
Digest: sha256:16a2b45049f0915a47963998a8f9d1cbd7fb91d9a0baac6fd8087acc9562c862
Status: Downloaded newer image for r.cfcr.io/codefresh-inc/codefresh/nomios:SAAS-istio-enableForSupportingStabeLatestEnvironments
r.cfcr.io/codefresh-inc/codefresh/nomios:SAAS-istio-enableForSupportingStabeLatestEnvironments
Pull r.cfcr.io/codefresh-inc/codefresh/nomios:SAAS-istio-enableForSupportingStabeLatestEnvironments completed - Mon Oct  7 12:53:07 UTC 2019 !!!

Tag gcr.io/codefresh-inc/codefresh/nomios:SAAS-istio-enableForSupportingStabeLatestEnvironments completed - Mon Oct  7 12:53:07 UTC 2019 !!!

The push refers to repository [gcr.io/codefresh-inc/codefresh/nomios]
707ea0240331: Preparing
4786a34405cd: Preparing
f1b5933fe4b5: Preparing
707ea0240331: Layer already exists
f1b5933fe4b5: Layer already exists
4786a34405cd: Layer already exists
SAAS-istio-enableForSupportingStabeLatestEnvironments: digest: sha256:16a2b45049f0915a47963998a8f9d1cbd7fb91d9a0baac6fd8087acc9562c862 size: 950
Push gcr.io/codefresh-inc/codefresh/nomios:SAAS-istio-enableForSupportingStabeLatestEnvironments completed - Mon Oct  7 12:53:08 UTC 2019 !!!

---------- Migrate r.cfcr.io/codefresh-inc/codefresh/nomios:0.6.6-saas-istio-enableforsupportingstabelatestenvironments to gcr.io/codefresh-inc/codefresh/nomios:0.6.6-saas-istio-enableforsupportingstabelatestenvironments
0.6.6-saas-istio-enableforsupportingstabelatestenvironments: Pulling from codefresh-inc/codefresh/nomios
Digest: sha256:16a2b45049f0915a47963998a8f9d1cbd7fb91d9a0baac6fd8087acc9562c862
Status: Downloaded newer image for r.cfcr.io/codefresh-inc/codefresh/nomios:0.6.6-saas-istio-enableforsupportingstabelatestenvironments
r.cfcr.io/codefresh-inc/codefresh/nomios:0.6.6-saas-istio-enableforsupportingstabelatestenvironments
Pull r.cfcr.io/codefresh-inc/codefresh/nomios:0.6.6-saas-istio-enableforsupportingstabelatestenvironments completed - Mon Oct  7 12:53:09 UTC 2019 !!!

Tag gcr.io/codefresh-inc/codefresh/nomios:0.6.6-saas-istio-enableforsupportingstabelatestenvironments completed - Mon Oct  7 12:53:10 UTC 2019 !!!

The push refers to repository [gcr.io/codefresh-inc/codefresh/nomios]
707ea0240331: Preparing
4786a34405cd: Preparing
f1b5933fe4b5: Preparing
4786a34405cd: Waiting
f1b5933fe4b5: Waiting
707ea0240331: Layer already exists
4786a34405cd: Layer already exists
f1b5933fe4b5: Layer already exists
0.6.6-saas-istio-enableforsupportingstabelatestenvironments: digest: sha256:16a2b45049f0915a47963998a8f9d1cbd7fb91d9a0baac6fd8087acc9562c862 size: 950
Push gcr.io/codefresh-inc/codefresh/nomios:0.6.6-saas-istio-enableforsupportingstabelatestenvironments completed - Mon Oct  7 12:53:11 UTC 2019 !!!

---------- Migrate r.cfcr.io/codefresh-inc/codefresh/nomios:enablesupportingstabelatest to gcr.io/codefresh-inc/codefresh/nomios:enablesupportingstabelatest
enablesupportingstabelatest: Pulling from codefresh-inc/codefresh/nomios
e7c96db7181b: Already exists
1bc10a603ff5: Already exists
75963da24084: Pulling fs layer
75963da24084: Verifying Checksum
75963da24084: Download complete
75963da24084: Pull complete
Digest: sha256:f5711233c5b7432a67e927eae39d7abbf79c599ce8ac506dd2bc8a8e1f6a97b0
Status: Downloaded newer image for r.cfcr.io/codefresh-inc/codefresh/nomios:enablesupportingstabelatest
r.cfcr.io/codefresh-inc/codefresh/nomios:enablesupportingstabelatest
Pull r.cfcr.io/codefresh-inc/codefresh/nomios:enablesupportingstabelatest completed - Mon Oct  7 12:53:13 UTC 2019 !!!

Tag gcr.io/codefresh-inc/codefresh/nomios:enablesupportingstabelatest completed - Mon Oct  7 12:53:13 UTC 2019 !!!

The push refers to repository [gcr.io/codefresh-inc/codefresh/nomios]
3142207453f9: Preparing
4786a34405cd: Preparing
f1b5933fe4b5: Preparing
3142207453f9: Waiting
4786a34405cd: Waiting
f1b5933fe4b5: Waiting
f1b5933fe4b5: Layer already exists
4786a34405cd: Layer already exists
3142207453f9: Pushed
enablesupportingstabelatest: digest: sha256:25c22603d66f047944275777a11008df737097528255f9056a6f7614cabd65d8 size: 950
Push gcr.io/codefresh-inc/codefresh/nomios:enablesupportingstabelatest completed - Mon Oct  7 12:53:21 UTC 2019 !!!

---------- Migrate r.cfcr.io/codefresh-inc/codefresh/nomios:enableSupportingStabeLatest to gcr.io/codefresh-inc/codefresh/nomios:enableSupportingStabeLatest
enableSupportingStabeLatest: Pulling from codefresh-inc/codefresh/nomios
Digest: sha256:25c22603d66f047944275777a11008df737097528255f9056a6f7614cabd65d8
Status: Downloaded newer image for r.cfcr.io/codefresh-inc/codefresh/nomios:enableSupportingStabeLatest
r.cfcr.io/codefresh-inc/codefresh/nomios:enableSupportingStabeLatest
Pull r.cfcr.io/codefresh-inc/codefresh/nomios:enableSupportingStabeLatest completed - Mon Oct  7 12:53:22 UTC 2019 !!!

Tag gcr.io/codefresh-inc/codefresh/nomios:enableSupportingStabeLatest completed - Mon Oct  7 12:53:22 UTC 2019 !!!

The push refers to repository [gcr.io/codefresh-inc/codefresh/nomios]
3142207453f9: Preparing
4786a34405cd: Preparing
f1b5933fe4b5: Preparing
f1b5933fe4b5: Waiting
3142207453f9: Layer already exists
4786a34405cd: Layer already exists
f1b5933fe4b5: Layer already exists
enableSupportingStabeLatest: digest: sha256:25c22603d66f047944275777a11008df737097528255f9056a6f7614cabd65d8 size: 950
Push gcr.io/codefresh-inc/codefresh/nomios:enableSupportingStabeLatest completed - Mon Oct  7 12:53:23 UTC 2019 !!!

---------- Migrate r.cfcr.io/codefresh-inc/codefresh/nomios:0.6.5-enablesupportingstabelatest to gcr.io/codefresh-inc/codefresh/nomios:0.6.5-enablesupportingstabelatest
0.6.5-enablesupportingstabelatest: Pulling from codefresh-inc/codefresh/nomios
Digest: sha256:25c22603d66f047944275777a11008df737097528255f9056a6f7614cabd65d8
Status: Downloaded newer image for r.cfcr.io/codefresh-inc/codefresh/nomios:0.6.5-enablesupportingstabelatest
r.cfcr.io/codefresh-inc/codefresh/nomios:0.6.5-enablesupportingstabelatest
Pull r.cfcr.io/codefresh-inc/codefresh/nomios:0.6.5-enablesupportingstabelatest completed - Mon Oct  7 12:53:24 UTC 2019 !!!

Tag gcr.io/codefresh-inc/codefresh/nomios:0.6.5-enablesupportingstabelatest completed - Mon Oct  7 12:53:24 UTC 2019 !!!

The push refers to repository [gcr.io/codefresh-inc/codefresh/nomios]
3142207453f9: Preparing
4786a34405cd: Preparing
f1b5933fe4b5: Preparing
4786a34405cd: Layer already exists
3142207453f9: Layer already exists
f1b5933fe4b5: Layer already exists
0.6.5-enablesupportingstabelatest: digest: sha256:25c22603d66f047944275777a11008df737097528255f9056a6f7614cabd65d8 size: 950
Push gcr.io/codefresh-inc/codefresh/nomios:0.6.5-enablesupportingstabelatest completed - Mon Oct  7 12:53:25 UTC 2019 !!!

---------- Migrate r.cfcr.io/codefresh-inc/codefresh/nomios:0.6.4-enablesupportingstabelatest to gcr.io/codefresh-inc/codefresh/nomios:0.6.4-enablesupportingstabelatest
0.6.4-enablesupportingstabelatest: Pulling from codefresh-inc/codefresh/nomios
e7c96db7181b: Already exists
1bc10a603ff5: Already exists
9e6ed8c06085: Pulling fs layer
9e6ed8c06085: Download complete
9e6ed8c06085: Pull complete
Digest: sha256:f36eefcadcf56037f772f519754f610a759915310610fc7cd15bfea612f28930
Status: Downloaded newer image for r.cfcr.io/codefresh-inc/codefresh/nomios:0.6.4-enablesupportingstabelatest
r.cfcr.io/codefresh-inc/codefresh/nomios:0.6.4-enablesupportingstabelatest
Pull r.cfcr.io/codefresh-inc/codefresh/nomios:0.6.4-enablesupportingstabelatest completed - Mon Oct  7 12:53:27 UTC 2019 !!!

Tag gcr.io/codefresh-inc/codefresh/nomios:0.6.4-enablesupportingstabelatest completed - Mon Oct  7 12:53:27 UTC 2019 !!!

The push refers to repository [gcr.io/codefresh-inc/codefresh/nomios]
d8e488f2ffee: Preparing
4786a34405cd: Preparing
f1b5933fe4b5: Preparing
d8e488f2ffee: Waiting
4786a34405cd: Waiting
4786a34405cd: Layer already exists
f1b5933fe4b5: Layer already exists
d8e488f2ffee: Pushed
0.6.4-enablesupportingstabelatest: digest: sha256:f36eefcadcf56037f772f519754f610a759915310610fc7cd15bfea612f28930 size: 950
Push gcr.io/codefresh-inc/codefresh/nomios:0.6.4-enablesupportingstabelatest completed - Mon Oct  7 12:53:33 UTC 2019 !!!

---------- Migrate r.cfcr.io/codefresh-inc/codefresh/nomios:0.6.4-saas-istio-enableforsupportingstabelatestenvironments to gcr.io/codefresh-inc/codefresh/nomios:0.6.4-saas-istio-enableforsupportingstabelatestenvironments
0.6.4-saas-istio-enableforsupportingstabelatestenvironments: Pulling from codefresh-inc/codefresh/nomios
e7c96db7181b: Already exists
1bc10a603ff5: Already exists
a5bc782f4468: Pulling fs layer
a5bc782f4468: Verifying Checksum
a5bc782f4468: Download complete
a5bc782f4468: Pull complete
Digest: sha256:d30911c5e0b4dd62d383d35ca3b8a3a9b0a96c69bf33f42cec9f80cafe67c5d2
Status: Downloaded newer image for r.cfcr.io/codefresh-inc/codefresh/nomios:0.6.4-saas-istio-enableforsupportingstabelatestenvironments
r.cfcr.io/codefresh-inc/codefresh/nomios:0.6.4-saas-istio-enableforsupportingstabelatestenvironments
Pull r.cfcr.io/codefresh-inc/codefresh/nomios:0.6.4-saas-istio-enableforsupportingstabelatestenvironments completed - Mon Oct  7 12:53:34 UTC 2019 !!!

Tag gcr.io/codefresh-inc/codefresh/nomios:0.6.4-saas-istio-enableforsupportingstabelatestenvironments completed - Mon Oct  7 12:53:34 UTC 2019 !!!

The push refers to repository [gcr.io/codefresh-inc/codefresh/nomios]
a5efdd048cd3: Preparing
4786a34405cd: Preparing
f1b5933fe4b5: Preparing
4786a34405cd: Waiting
f1b5933fe4b5: Waiting
4786a34405cd: Layer already exists
f1b5933fe4b5: Layer already exists
a5efdd048cd3: Pushed
0.6.4-saas-istio-enableforsupportingstabelatestenvironments: digest: sha256:d30911c5e0b4dd62d383d35ca3b8a3a9b0a96c69bf33f42cec9f80cafe67c5d2 size: 950
Push gcr.io/codefresh-inc/codefresh/nomios:0.6.4-saas-istio-enableforsupportingstabelatestenvironments completed - Mon Oct  7 12:53:39 UTC 2019 !!!

---------- Migrate r.cfcr.io/codefresh-inc/codefresh/nomios:0.6.3-saas-istio-enableforsupportingstabelatestenvironments to gcr.io/codefresh-inc/codefresh/nomios:0.6.3-saas-istio-enableforsupportingstabelatestenvironments
0.6.3-saas-istio-enableforsupportingstabelatestenvironments: Pulling from codefresh-inc/codefresh/nomios
e7c96db7181b: Already exists
1bc10a603ff5: Already exists
a54fb133d64f: Pulling fs layer
a54fb133d64f: Verifying Checksum
a54fb133d64f: Download complete
a54fb133d64f: Pull complete
Digest: sha256:42eaf427e889ca825e087e17e2adb6b64aa3d7f345da16d227f1e7c0244e8219
Status: Downloaded newer image for r.cfcr.io/codefresh-inc/codefresh/nomios:0.6.3-saas-istio-enableforsupportingstabelatestenvironments
r.cfcr.io/codefresh-inc/codefresh/nomios:0.6.3-saas-istio-enableforsupportingstabelatestenvironments
Pull r.cfcr.io/codefresh-inc/codefresh/nomios:0.6.3-saas-istio-enableforsupportingstabelatestenvironments completed - Mon Oct  7 12:53:40 UTC 2019 !!!

Tag gcr.io/codefresh-inc/codefresh/nomios:0.6.3-saas-istio-enableforsupportingstabelatestenvironments completed - Mon Oct  7 12:53:40 UTC 2019 !!!

The push refers to repository [gcr.io/codefresh-inc/codefresh/nomios]
25b2c40781d1: Preparing
4786a34405cd: Preparing
f1b5933fe4b5: Preparing
f1b5933fe4b5: Layer already exists
4786a34405cd: Layer already exists
25b2c40781d1: Pushed
0.6.3-saas-istio-enableforsupportingstabelatestenvironments: digest: sha256:42eaf427e889ca825e087e17e2adb6b64aa3d7f345da16d227f1e7c0244e8219 size: 950
Push gcr.io/codefresh-inc/codefresh/nomios:0.6.3-saas-istio-enableforsupportingstabelatestenvironments completed - Mon Oct  7 12:53:45 UTC 2019 !!!

---------- Migrate r.cfcr.io/codefresh-inc/codefresh/nomios:cf-onprem-v1.0.82 to gcr.io/codefresh-inc/codefresh/nomios:cf-onprem-v1.0.82
cf-onprem-v1.0.82: Pulling from codefresh-inc/codefresh/nomios
e7c96db7181b: Already exists
0b5d0389c287: Pulling fs layer
0af707028920: Pulling fs layer
0b5d0389c287: Verifying Checksum
0b5d0389c287: Download complete
0af707028920: Verifying Checksum
0af707028920: Download complete
0b5d0389c287: Pull complete
0af707028920: Pull complete
Digest: sha256:18c385fa8c197ca379300718585c14a850b7c716ce1dbc816af1e248dbb5aec5
Status: Downloaded newer image for r.cfcr.io/codefresh-inc/codefresh/nomios:cf-onprem-v1.0.82
r.cfcr.io/codefresh-inc/codefresh/nomios:cf-onprem-v1.0.82
Pull r.cfcr.io/codefresh-inc/codefresh/nomios:cf-onprem-v1.0.82 completed - Mon Oct  7 12:53:48 UTC 2019 !!!

Tag gcr.io/codefresh-inc/codefresh/nomios:cf-onprem-v1.0.82 completed - Mon Oct  7 12:53:48 UTC 2019 !!!

The push refers to repository [gcr.io/codefresh-inc/codefresh/nomios]
a1c66abdb711: Preparing
97242350a6c9: Preparing
f1b5933fe4b5: Preparing
a1c66abdb711: Waiting
97242350a6c9: Waiting
f1b5933fe4b5: Waiting
f1b5933fe4b5: Layer already exists
a1c66abdb711: Pushed
97242350a6c9: Pushed
cf-onprem-v1.0.82: digest: sha256:18c385fa8c197ca379300718585c14a850b7c716ce1dbc816af1e248dbb5aec5 size: 950
Push gcr.io/codefresh-inc/codefresh/nomios:cf-onprem-v1.0.82 completed - Mon Oct  7 12:53:53 UTC 2019 !!!

---------- Migrate r.cfcr.io/codefresh-inc/codefresh/nomios:0.6.3-cf-onprem-v1.0.82 to gcr.io/codefresh-inc/codefresh/nomios:0.6.3-cf-onprem-v1.0.82
0.6.3-cf-onprem-v1.0.82: Pulling from codefresh-inc/codefresh/nomios
Digest: sha256:18c385fa8c197ca379300718585c14a850b7c716ce1dbc816af1e248dbb5aec5
Status: Downloaded newer image for r.cfcr.io/codefresh-inc/codefresh/nomios:0.6.3-cf-onprem-v1.0.82
r.cfcr.io/codefresh-inc/codefresh/nomios:0.6.3-cf-onprem-v1.0.82
Pull r.cfcr.io/codefresh-inc/codefresh/nomios:0.6.3-cf-onprem-v1.0.82 completed - Mon Oct  7 12:53:54 UTC 2019 !!!

Tag gcr.io/codefresh-inc/codefresh/nomios:0.6.3-cf-onprem-v1.0.82 completed - Mon Oct  7 12:53:54 UTC 2019 !!!

The push refers to repository [gcr.io/codefresh-inc/codefresh/nomios]
a1c66abdb711: Preparing
97242350a6c9: Preparing
f1b5933fe4b5: Preparing
a1c66abdb711: Waiting
97242350a6c9: Waiting
f1b5933fe4b5: Waiting
f1b5933fe4b5: Layer already exists
a1c66abdb711: Layer already exists
97242350a6c9: Layer already exists
0.6.3-cf-onprem-v1.0.82: digest: sha256:18c385fa8c197ca379300718585c14a850b7c716ce1dbc816af1e248dbb5aec5 size: 950
Push gcr.io/codefresh-inc/codefresh/nomios:0.6.3-cf-onprem-v1.0.82 completed - Mon Oct  7 12:53:55 UTC 2019 !!!

---------- Migrate r.cfcr.io/codefresh-inc/codefresh/nomios:0.6.3 to gcr.io/codefresh-inc/codefresh/nomios:0.6.3
0.6.3: Pulling from codefresh-inc/codefresh/nomios
e7c96db7181b: Already exists
bf05bb227e43: Pulling fs layer
f45554ad3aed: Pulling fs layer
bf05bb227e43: Verifying Checksum
bf05bb227e43: Download complete
f45554ad3aed: Verifying Checksum
f45554ad3aed: Download complete
bf05bb227e43: Pull complete
f45554ad3aed: Pull complete
Digest: sha256:456f766f47bef3aa73a28dc3b72831a0443defa3fecbeaa0132b28a8efc7a9df
Status: Downloaded newer image for r.cfcr.io/codefresh-inc/codefresh/nomios:0.6.3
r.cfcr.io/codefresh-inc/codefresh/nomios:0.6.3
Pull r.cfcr.io/codefresh-inc/codefresh/nomios:0.6.3 completed - Mon Oct  7 12:53:57 UTC 2019 !!!

Tag gcr.io/codefresh-inc/codefresh/nomios:0.6.3 completed - Mon Oct  7 12:53:57 UTC 2019 !!!

The push refers to repository [gcr.io/codefresh-inc/codefresh/nomios]
9c68d70846e3: Preparing
9654fea7bfab: Preparing
f1b5933fe4b5: Preparing
f1b5933fe4b5: Waiting
9c68d70846e3: Retrying in 5 seconds
f1b5933fe4b5: Layer already exists
9c68d70846e3: Retrying in 4 seconds
9654fea7bfab: Pushed
9c68d70846e3: Retrying in 3 seconds
9c68d70846e3: Retrying in 2 seconds
9c68d70846e3: Retrying in 1 second
9c68d70846e3: Pushed
0.6.3: digest: sha256:456f766f47bef3aa73a28dc3b72831a0443defa3fecbeaa0132b28a8efc7a9df size: 950
Push gcr.io/codefresh-inc/codefresh/nomios:0.6.3 completed - Mon Oct  7 12:54:07 UTC 2019 !!!

---------- Migrate r.cfcr.io/codefresh-inc/codefresh/nomios:saas-3428_acr_trigger_not_work to gcr.io/codefresh-inc/codefresh/nomios:saas-3428_acr_trigger_not_work
saas-3428_acr_trigger_not_work: Pulling from codefresh-inc/codefresh/nomios
e7c96db7181b: Already exists
bf05bb227e43: Already exists
f45554ad3aed: Already exists
Digest: sha256:7eec7f6c484d17f2092c8aa7628439c46c46cafd009e65930d584b8291e22d45
Status: Downloaded newer image for r.cfcr.io/codefresh-inc/codefresh/nomios:saas-3428_acr_trigger_not_work
r.cfcr.io/codefresh-inc/codefresh/nomios:saas-3428_acr_trigger_not_work
Pull r.cfcr.io/codefresh-inc/codefresh/nomios:saas-3428_acr_trigger_not_work completed - Mon Oct  7 12:54:09 UTC 2019 !!!

Tag gcr.io/codefresh-inc/codefresh/nomios:saas-3428_acr_trigger_not_work completed - Mon Oct  7 12:54:09 UTC 2019 !!!

The push refers to repository [gcr.io/codefresh-inc/codefresh/nomios]
9c68d70846e3: Preparing
9654fea7bfab: Preparing
f1b5933fe4b5: Preparing
9654fea7bfab: Layer already exists
f1b5933fe4b5: Layer already exists
9c68d70846e3: Layer already exists
saas-3428_acr_trigger_not_work: digest: sha256:4440907b8dd0bcfcaae2712f828a82c13ca414491db260bba4a69ae42d76a7d6 size: 950
Push gcr.io/codefresh-inc/codefresh/nomios:saas-3428_acr_trigger_not_work completed - Mon Oct  7 12:54:11 UTC 2019 !!!

---------- Migrate r.cfcr.io/codefresh-inc/codefresh/nomios:SAAS-3428_acr_trigger_not_work to gcr.io/codefresh-inc/codefresh/nomios:SAAS-3428_acr_trigger_not_work
SAAS-3428_acr_trigger_not_work: Pulling from codefresh-inc/codefresh/nomios
Digest: sha256:4440907b8dd0bcfcaae2712f828a82c13ca414491db260bba4a69ae42d76a7d6
Status: Downloaded newer image for r.cfcr.io/codefresh-inc/codefresh/nomios:SAAS-3428_acr_trigger_not_work
r.cfcr.io/codefresh-inc/codefresh/nomios:SAAS-3428_acr_trigger_not_work
Pull r.cfcr.io/codefresh-inc/codefresh/nomios:SAAS-3428_acr_trigger_not_work completed - Mon Oct  7 12:54:13 UTC 2019 !!!

Tag gcr.io/codefresh-inc/codefresh/nomios:SAAS-3428_acr_trigger_not_work completed - Mon Oct  7 12:54:13 UTC 2019 !!!

The push refers to repository [gcr.io/codefresh-inc/codefresh/nomios]
9c68d70846e3: Preparing
9654fea7bfab: Preparing
f1b5933fe4b5: Preparing
9c68d70846e3: Waiting
9654fea7bfab: Waiting
f1b5933fe4b5: Waiting
9654fea7bfab: Layer already exists
9c68d70846e3: Layer already exists
f1b5933fe4b5: Layer already exists
SAAS-3428_acr_trigger_not_work: digest: sha256:4440907b8dd0bcfcaae2712f828a82c13ca414491db260bba4a69ae42d76a7d6 size: 950
Push gcr.io/codefresh-inc/codefresh/nomios:SAAS-3428_acr_trigger_not_work completed - Mon Oct  7 12:54:14 UTC 2019 !!!

---------- Migrate r.cfcr.io/codefresh-inc/codefresh/nomios:0.6.3-saas-3428-acr-trigger-not-work to gcr.io/codefresh-inc/codefresh/nomios:0.6.3-saas-3428-acr-trigger-not-work
0.6.3-saas-3428-acr-trigger-not-work: Pulling from codefresh-inc/codefresh/nomios
Digest: sha256:4440907b8dd0bcfcaae2712f828a82c13ca414491db260bba4a69ae42d76a7d6
Status: Downloaded newer image for r.cfcr.io/codefresh-inc/codefresh/nomios:0.6.3-saas-3428-acr-trigger-not-work
r.cfcr.io/codefresh-inc/codefresh/nomios:0.6.3-saas-3428-acr-trigger-not-work
Pull r.cfcr.io/codefresh-inc/codefresh/nomios:0.6.3-saas-3428-acr-trigger-not-work completed - Mon Oct  7 12:54:15 UTC 2019 !!!

Tag gcr.io/codefresh-inc/codefresh/nomios:0.6.3-saas-3428-acr-trigger-not-work completed - Mon Oct  7 12:54:16 UTC 2019 !!!

The push refers to repository [gcr.io/codefresh-inc/codefresh/nomios]
9c68d70846e3: Preparing
9654fea7bfab: Preparing
f1b5933fe4b5: Preparing
9c68d70846e3: Waiting
9654fea7bfab: Waiting
f1b5933fe4b5: Waiting
9c68d70846e3: Layer already exists
9654fea7bfab: Layer already exists
f1b5933fe4b5: Layer already exists
0.6.3-saas-3428-acr-trigger-not-work: digest: sha256:4440907b8dd0bcfcaae2712f828a82c13ca414491db260bba4a69ae42d76a7d6 size: 950
Push gcr.io/codefresh-inc/codefresh/nomios:0.6.3-saas-3428-acr-trigger-not-work completed - Mon Oct  7 12:54:17 UTC 2019 !!!

---------- Migrate r.cfcr.io/codefresh-inc/codefresh/nomios:hotfix-testhotfix to gcr.io/codefresh-inc/codefresh/nomios:hotfix-testhotfix
hotfix-testhotfix: Pulling from codefresh-inc/codefresh/nomios
e7c96db7181b: Already exists
facfc14d9350: Pulling fs layer
ecb1c879e286: Pulling fs layer
facfc14d9350: Verifying Checksum
facfc14d9350: Download complete
ecb1c879e286: Download complete
facfc14d9350: Pull complete
ecb1c879e286: Pull complete
Digest: sha256:3ce3b96b5bf9f420c64512c94aaf6c6fae02a1554e5f757c274fc1a561004f98
Status: Downloaded newer image for r.cfcr.io/codefresh-inc/codefresh/nomios:hotfix-testhotfix
r.cfcr.io/codefresh-inc/codefresh/nomios:hotfix-testhotfix
Pull r.cfcr.io/codefresh-inc/codefresh/nomios:hotfix-testhotfix completed - Mon Oct  7 12:54:19 UTC 2019 !!!

Tag gcr.io/codefresh-inc/codefresh/nomios:hotfix-testhotfix completed - Mon Oct  7 12:54:19 UTC 2019 !!!

The push refers to repository [gcr.io/codefresh-inc/codefresh/nomios]
f49ed03942b5: Preparing
32cba881db09: Preparing
f1b5933fe4b5: Preparing
f49ed03942b5: Waiting
32cba881db09: Waiting
f1b5933fe4b5: Waiting
32cba881db09: Pushed
f1b5933fe4b5: Layer already exists
f49ed03942b5: Pushed
hotfix-testhotfix: digest: sha256:835ccca55bb0c1f75800db1c04a4a76d41dc35820510b64797a07862d52eb4d9 size: 950
Push gcr.io/codefresh-inc/codefresh/nomios:hotfix-testhotfix completed - Mon Oct  7 12:54:24 UTC 2019 !!!

---------- Migrate r.cfcr.io/codefresh-inc/codefresh/nomios:HOTFIX-testhotfix to gcr.io/codefresh-inc/codefresh/nomios:HOTFIX-testhotfix
HOTFIX-testhotfix: Pulling from codefresh-inc/codefresh/nomios
Digest: sha256:835ccca55bb0c1f75800db1c04a4a76d41dc35820510b64797a07862d52eb4d9
Status: Downloaded newer image for r.cfcr.io/codefresh-inc/codefresh/nomios:HOTFIX-testhotfix
r.cfcr.io/codefresh-inc/codefresh/nomios:HOTFIX-testhotfix
Pull r.cfcr.io/codefresh-inc/codefresh/nomios:HOTFIX-testhotfix completed - Mon Oct  7 12:54:25 UTC 2019 !!!

Tag gcr.io/codefresh-inc/codefresh/nomios:HOTFIX-testhotfix completed - Mon Oct  7 12:54:25 UTC 2019 !!!

The push refers to repository [gcr.io/codefresh-inc/codefresh/nomios]
f49ed03942b5: Preparing
32cba881db09: Preparing
f1b5933fe4b5: Preparing
f49ed03942b5: Layer already exists
f1b5933fe4b5: Layer already exists
32cba881db09: Layer already exists
HOTFIX-testhotfix: digest: sha256:835ccca55bb0c1f75800db1c04a4a76d41dc35820510b64797a07862d52eb4d9 size: 950
Push gcr.io/codefresh-inc/codefresh/nomios:HOTFIX-testhotfix completed - Mon Oct  7 12:54:26 UTC 2019 !!!

---------- Migrate r.cfcr.io/codefresh-inc/codefresh/nomios:0.6.2-hotfix-testhotfix to gcr.io/codefresh-inc/codefresh/nomios:0.6.2-hotfix-testhotfix
0.6.2-hotfix-testhotfix: Pulling from codefresh-inc/codefresh/nomios
Digest: sha256:835ccca55bb0c1f75800db1c04a4a76d41dc35820510b64797a07862d52eb4d9
Status: Downloaded newer image for r.cfcr.io/codefresh-inc/codefresh/nomios:0.6.2-hotfix-testhotfix
r.cfcr.io/codefresh-inc/codefresh/nomios:0.6.2-hotfix-testhotfix
Pull r.cfcr.io/codefresh-inc/codefresh/nomios:0.6.2-hotfix-testhotfix completed - Mon Oct  7 12:54:27 UTC 2019 !!!

Tag gcr.io/codefresh-inc/codefresh/nomios:0.6.2-hotfix-testhotfix completed - Mon Oct  7 12:54:27 UTC 2019 !!!

The push refers to repository [gcr.io/codefresh-inc/codefresh/nomios]
f49ed03942b5: Preparing
32cba881db09: Preparing
f1b5933fe4b5: Preparing
f1b5933fe4b5: Layer already exists
32cba881db09: Layer already exists
f49ed03942b5: Layer already exists
0.6.2-hotfix-testhotfix: digest: sha256:835ccca55bb0c1f75800db1c04a4a76d41dc35820510b64797a07862d52eb4d9 size: 950
Push gcr.io/codefresh-inc/codefresh/nomios:0.6.2-hotfix-testhotfix completed - Mon Oct  7 12:54:28 UTC 2019 !!!

---------- Migrate r.cfcr.io/codefresh-inc/codefresh/nomios:cf-onprem-v1.0.81 to gcr.io/codefresh-inc/codefresh/nomios:cf-onprem-v1.0.81
cf-onprem-v1.0.81: Pulling from codefresh-inc/codefresh/nomios
e7c96db7181b: Already exists
f0ffcb6b630f: Pulling fs layer
0cb5a19e55cb: Pulling fs layer
f0ffcb6b630f: Waiting
0cb5a19e55cb: Waiting
f0ffcb6b630f: Verifying Checksum
f0ffcb6b630f: Download complete
0cb5a19e55cb: Verifying Checksum
0cb5a19e55cb: Download complete
f0ffcb6b630f: Pull complete
0cb5a19e55cb: Pull complete
Digest: sha256:a502fe353eac58744207b8117cd005c42b2a0b079de09ce43c5be9cc11706972
Status: Downloaded newer image for r.cfcr.io/codefresh-inc/codefresh/nomios:cf-onprem-v1.0.81
r.cfcr.io/codefresh-inc/codefresh/nomios:cf-onprem-v1.0.81
Pull r.cfcr.io/codefresh-inc/codefresh/nomios:cf-onprem-v1.0.81 completed - Mon Oct  7 12:54:32 UTC 2019 !!!

Tag gcr.io/codefresh-inc/codefresh/nomios:cf-onprem-v1.0.81 completed - Mon Oct  7 12:54:32 UTC 2019 !!!

The push refers to repository [gcr.io/codefresh-inc/codefresh/nomios]
004ac727bfe8: Preparing
afdf0554a5f0: Preparing
f1b5933fe4b5: Preparing
f1b5933fe4b5: Layer already exists
004ac727bfe8: Retrying in 5 seconds
004ac727bfe8: Retrying in 4 seconds
afdf0554a5f0: Pushed
004ac727bfe8: Retrying in 3 seconds
004ac727bfe8: Retrying in 2 seconds
004ac727bfe8: Retrying in 1 second
004ac727bfe8: Pushed
cf-onprem-v1.0.81: digest: sha256:a502fe353eac58744207b8117cd005c42b2a0b079de09ce43c5be9cc11706972 size: 950
Push gcr.io/codefresh-inc/codefresh/nomios:cf-onprem-v1.0.81 completed - Mon Oct  7 12:54:43 UTC 2019 !!!

---------- Migrate r.cfcr.io/codefresh-inc/codefresh/nomios:0.6.2-cf-onprem-v1.0.81 to gcr.io/codefresh-inc/codefresh/nomios:0.6.2-cf-onprem-v1.0.81
0.6.2-cf-onprem-v1.0.81: Pulling from codefresh-inc/codefresh/nomios
Digest: sha256:a502fe353eac58744207b8117cd005c42b2a0b079de09ce43c5be9cc11706972
Status: Downloaded newer image for r.cfcr.io/codefresh-inc/codefresh/nomios:0.6.2-cf-onprem-v1.0.81
r.cfcr.io/codefresh-inc/codefresh/nomios:0.6.2-cf-onprem-v1.0.81
Pull r.cfcr.io/codefresh-inc/codefresh/nomios:0.6.2-cf-onprem-v1.0.81 completed - Mon Oct  7 12:54:44 UTC 2019 !!!

Tag gcr.io/codefresh-inc/codefresh/nomios:0.6.2-cf-onprem-v1.0.81 completed - Mon Oct  7 12:54:44 UTC 2019 !!!

The push refers to repository [gcr.io/codefresh-inc/codefresh/nomios]
004ac727bfe8: Preparing
afdf0554a5f0: Preparing
f1b5933fe4b5: Preparing
afdf0554a5f0: Waiting
f1b5933fe4b5: Waiting
004ac727bfe8: Layer already exists
afdf0554a5f0: Layer already exists
f1b5933fe4b5: Layer already exists
0.6.2-cf-onprem-v1.0.81: digest: sha256:a502fe353eac58744207b8117cd005c42b2a0b079de09ce43c5be9cc11706972 size: 950
Push gcr.io/codefresh-inc/codefresh/nomios:0.6.2-cf-onprem-v1.0.81 completed - Mon Oct  7 12:54:45 UTC 2019 !!!

---------- Migrate r.cfcr.io/codefresh-inc/codefresh/nomios:0.6.2 to gcr.io/codefresh-inc/codefresh/nomios:0.6.2
0.6.2: Pulling from codefresh-inc/codefresh/nomios
e7c96db7181b: Already exists
f7a913d6cce9: Pulling fs layer
9da605286ec4: Pulling fs layer
9da605286ec4: Verifying Checksum
9da605286ec4: Download complete
f7a913d6cce9: Verifying Checksum
f7a913d6cce9: Download complete
f7a913d6cce9: Pull complete
9da605286ec4: Pull complete
Digest: sha256:b2d1d900037590690da800f54ee267f81827364dd028446384a0041c677121a6
Status: Downloaded newer image for r.cfcr.io/codefresh-inc/codefresh/nomios:0.6.2
r.cfcr.io/codefresh-inc/codefresh/nomios:0.6.2
Pull r.cfcr.io/codefresh-inc/codefresh/nomios:0.6.2 completed - Mon Oct  7 12:54:48 UTC 2019 !!!

Tag gcr.io/codefresh-inc/codefresh/nomios:0.6.2 completed - Mon Oct  7 12:54:48 UTC 2019 !!!

The push refers to repository [gcr.io/codefresh-inc/codefresh/nomios]
da93eda57726: Preparing
1207042fff96: Preparing
f1b5933fe4b5: Preparing
f1b5933fe4b5: Layer already exists
1207042fff96: Pushed
da93eda57726: Pushed
0.6.2: digest: sha256:b2d1d900037590690da800f54ee267f81827364dd028446384a0041c677121a6 size: 950
Push gcr.io/codefresh-inc/codefresh/nomios:0.6.2 completed - Mon Oct  7 12:54:53 UTC 2019 !!!

---------- Migrate r.cfcr.io/codefresh-inc/codefresh/nomios:saas-serviceoverride to gcr.io/codefresh-inc/codefresh/nomios:saas-serviceoverride
saas-serviceoverride: Pulling from codefresh-inc/codefresh/nomios
e7c96db7181b: Already exists
f7a913d6cce9: Already exists
9da605286ec4: Already exists
Digest: sha256:44a66e09ae84c0ad1979df1344ffc81ba0dae3d33f257e463270c56e6cb15ec5
Status: Downloaded newer image for r.cfcr.io/codefresh-inc/codefresh/nomios:saas-serviceoverride
r.cfcr.io/codefresh-inc/codefresh/nomios:saas-serviceoverride
Pull r.cfcr.io/codefresh-inc/codefresh/nomios:saas-serviceoverride completed - Mon Oct  7 12:54:54 UTC 2019 !!!

Tag gcr.io/codefresh-inc/codefresh/nomios:saas-serviceoverride completed - Mon Oct  7 12:54:54 UTC 2019 !!!

The push refers to repository [gcr.io/codefresh-inc/codefresh/nomios]
da93eda57726: Preparing
1207042fff96: Preparing
f1b5933fe4b5: Preparing
f1b5933fe4b5: Layer already exists
1207042fff96: Layer already exists
da93eda57726: Layer already exists
saas-serviceoverride: digest: sha256:b8921e549179b6ae18fb4cdabbe411be24c68863154536613ee4e1e403746bf6 size: 950
Push gcr.io/codefresh-inc/codefresh/nomios:saas-serviceoverride completed - Mon Oct  7 12:54:56 UTC 2019 !!!

---------- Migrate r.cfcr.io/codefresh-inc/codefresh/nomios:SAAS-serviceOverride to gcr.io/codefresh-inc/codefresh/nomios:SAAS-serviceOverride
SAAS-serviceOverride: Pulling from codefresh-inc/codefresh/nomios
Digest: sha256:b8921e549179b6ae18fb4cdabbe411be24c68863154536613ee4e1e403746bf6
Status: Downloaded newer image for r.cfcr.io/codefresh-inc/codefresh/nomios:SAAS-serviceOverride
r.cfcr.io/codefresh-inc/codefresh/nomios:SAAS-serviceOverride
Pull r.cfcr.io/codefresh-inc/codefresh/nomios:SAAS-serviceOverride completed - Mon Oct  7 12:54:57 UTC 2019 !!!

Tag gcr.io/codefresh-inc/codefresh/nomios:SAAS-serviceOverride completed - Mon Oct  7 12:54:58 UTC 2019 !!!

The push refers to repository [gcr.io/codefresh-inc/codefresh/nomios]
da93eda57726: Preparing
1207042fff96: Preparing
f1b5933fe4b5: Preparing
f1b5933fe4b5: Layer already exists
1207042fff96: Layer already exists
da93eda57726: Layer already exists
SAAS-serviceOverride: digest: sha256:b8921e549179b6ae18fb4cdabbe411be24c68863154536613ee4e1e403746bf6 size: 950
Push gcr.io/codefresh-inc/codefresh/nomios:SAAS-serviceOverride completed - Mon Oct  7 12:54:58 UTC 2019 !!!

---------- Migrate r.cfcr.io/codefresh-inc/codefresh/nomios:0.6.2-saas-serviceoverride to gcr.io/codefresh-inc/codefresh/nomios:0.6.2-saas-serviceoverride
0.6.2-saas-serviceoverride: Pulling from codefresh-inc/codefresh/nomios
Digest: sha256:b8921e549179b6ae18fb4cdabbe411be24c68863154536613ee4e1e403746bf6
Status: Downloaded newer image for r.cfcr.io/codefresh-inc/codefresh/nomios:0.6.2-saas-serviceoverride
r.cfcr.io/codefresh-inc/codefresh/nomios:0.6.2-saas-serviceoverride
Pull r.cfcr.io/codefresh-inc/codefresh/nomios:0.6.2-saas-serviceoverride completed - Mon Oct  7 12:54:59 UTC 2019 !!!

Tag gcr.io/codefresh-inc/codefresh/nomios:0.6.2-saas-serviceoverride completed - Mon Oct  7 12:55:00 UTC 2019 !!!

The push refers to repository [gcr.io/codefresh-inc/codefresh/nomios]
da93eda57726: Preparing
1207042fff96: Preparing
f1b5933fe4b5: Preparing
f1b5933fe4b5: Layer already exists
1207042fff96: Layer already exists
da93eda57726: Layer already exists
0.6.2-saas-serviceoverride: digest: sha256:b8921e549179b6ae18fb4cdabbe411be24c68863154536613ee4e1e403746bf6 size: 950
Push gcr.io/codefresh-inc/codefresh/nomios:0.6.2-saas-serviceoverride completed - Mon Oct  7 12:55:00 UTC 2019 !!!

---------- Migrate r.cfcr.io/codefresh-inc/codefresh/nomios:0.6.1-saas-serviceoverride to gcr.io/codefresh-inc/codefresh/nomios:0.6.1-saas-serviceoverride
0.6.1-saas-serviceoverride: Pulling from codefresh-inc/codefresh/nomios
e7c96db7181b: Already exists
34fe20277e75: Pulling fs layer
f1f6fcd49bdc: Pulling fs layer
34fe20277e75: Verifying Checksum
34fe20277e75: Download complete
f1f6fcd49bdc: Verifying Checksum
f1f6fcd49bdc: Download complete
34fe20277e75: Pull complete
f1f6fcd49bdc: Pull complete
Digest: sha256:53d313def0a3d5e6451aa6fe3be847eb80ba213e4437710dafb41a30362b6bb6
Status: Downloaded newer image for r.cfcr.io/codefresh-inc/codefresh/nomios:0.6.1-saas-serviceoverride
r.cfcr.io/codefresh-inc/codefresh/nomios:0.6.1-saas-serviceoverride
Pull r.cfcr.io/codefresh-inc/codefresh/nomios:0.6.1-saas-serviceoverride completed - Mon Oct  7 12:55:03 UTC 2019 !!!

Tag gcr.io/codefresh-inc/codefresh/nomios:0.6.1-saas-serviceoverride completed - Mon Oct  7 12:55:03 UTC 2019 !!!

The push refers to repository [gcr.io/codefresh-inc/codefresh/nomios]
a198bd3655a3: Preparing
b5728f85f94c: Preparing
f1b5933fe4b5: Preparing
a198bd3655a3: Waiting
b5728f85f94c: Waiting
f1b5933fe4b5: Waiting
f1b5933fe4b5: Layer already exists
a198bd3655a3: Pushed
b5728f85f94c: Pushed
0.6.1-saas-serviceoverride: digest: sha256:53d313def0a3d5e6451aa6fe3be847eb80ba213e4437710dafb41a30362b6bb6 size: 950
Push gcr.io/codefresh-inc/codefresh/nomios:0.6.1-saas-serviceoverride completed - Mon Oct  7 12:55:24 UTC 2019 !!!

---------- Migrate r.cfcr.io/codefresh-inc/codefresh/nomios:0.6.1 to gcr.io/codefresh-inc/codefresh/nomios:0.6.1
0.6.1: Pulling from codefresh-inc/codefresh/nomios
e7c96db7181b: Already exists
aade902d7efb: Pulling fs layer
bd08375e3fa4: Pulling fs layer
aade902d7efb: Verifying Checksum
aade902d7efb: Download complete
bd08375e3fa4: Verifying Checksum
bd08375e3fa4: Download complete
aade902d7efb: Pull complete
bd08375e3fa4: Pull complete
Digest: sha256:9d6835d74f078b3985efaffe4df15817688d570fc71eae26449e122849649918
Status: Downloaded newer image for r.cfcr.io/codefresh-inc/codefresh/nomios:0.6.1
r.cfcr.io/codefresh-inc/codefresh/nomios:0.6.1
Pull r.cfcr.io/codefresh-inc/codefresh/nomios:0.6.1 completed - Mon Oct  7 12:55:29 UTC 2019 !!!

Tag gcr.io/codefresh-inc/codefresh/nomios:0.6.1 completed - Mon Oct  7 12:55:29 UTC 2019 !!!

The push refers to repository [gcr.io/codefresh-inc/codefresh/nomios]
8e9b33a78913: Preparing
0661bed459a4: Preparing
f1b5933fe4b5: Preparing
f1b5933fe4b5: Layer already exists
0661bed459a4: Pushed
8e9b33a78913: Pushed
0.6.1: digest: sha256:9d6835d74f078b3985efaffe4df15817688d570fc71eae26449e122849649918 size: 950
Push gcr.io/codefresh-inc/codefresh/nomios:0.6.1 completed - Mon Oct  7 12:55:33 UTC 2019 !!!

---------- Migrate r.cfcr.io/codefresh-inc/codefresh/nomios:saas-overridereleasenameforsvc to gcr.io/codefresh-inc/codefresh/nomios:saas-overridereleasenameforsvc
saas-overridereleasenameforsvc: Pulling from codefresh-inc/codefresh/nomios
e7c96db7181b: Already exists
aade902d7efb: Already exists
bd08375e3fa4: Already exists
Digest: sha256:4a3a99e948f74f03d0579b5d8c5f59b8a9e881cb994c262a712ccb95a67861fc
Status: Downloaded newer image for r.cfcr.io/codefresh-inc/codefresh/nomios:saas-overridereleasenameforsvc
r.cfcr.io/codefresh-inc/codefresh/nomios:saas-overridereleasenameforsvc
Pull r.cfcr.io/codefresh-inc/codefresh/nomios:saas-overridereleasenameforsvc completed - Mon Oct  7 12:55:34 UTC 2019 !!!

Tag gcr.io/codefresh-inc/codefresh/nomios:saas-overridereleasenameforsvc completed - Mon Oct  7 12:55:34 UTC 2019 !!!

The push refers to repository [gcr.io/codefresh-inc/codefresh/nomios]
8e9b33a78913: Preparing
0661bed459a4: Preparing
f1b5933fe4b5: Preparing
0661bed459a4: Layer already exists
f1b5933fe4b5: Layer already exists
8e9b33a78913: Layer already exists
saas-overridereleasenameforsvc: digest: sha256:b899d2252f1c056072fe631b82b7eab119e15d235095e579f018282a14188815 size: 950
Push gcr.io/codefresh-inc/codefresh/nomios:saas-overridereleasenameforsvc completed - Mon Oct  7 12:55:36 UTC 2019 !!!

---------- Migrate r.cfcr.io/codefresh-inc/codefresh/nomios:SAAS-overrideReleaseNameForSvc to gcr.io/codefresh-inc/codefresh/nomios:SAAS-overrideReleaseNameForSvc
SAAS-overrideReleaseNameForSvc: Pulling from codefresh-inc/codefresh/nomios
Digest: sha256:b899d2252f1c056072fe631b82b7eab119e15d235095e579f018282a14188815
Status: Downloaded newer image for r.cfcr.io/codefresh-inc/codefresh/nomios:SAAS-overrideReleaseNameForSvc
r.cfcr.io/codefresh-inc/codefresh/nomios:SAAS-overrideReleaseNameForSvc
Pull r.cfcr.io/codefresh-inc/codefresh/nomios:SAAS-overrideReleaseNameForSvc completed - Mon Oct  7 12:55:37 UTC 2019 !!!

Tag gcr.io/codefresh-inc/codefresh/nomios:SAAS-overrideReleaseNameForSvc completed - Mon Oct  7 12:55:37 UTC 2019 !!!

The push refers to repository [gcr.io/codefresh-inc/codefresh/nomios]
8e9b33a78913: Preparing
0661bed459a4: Preparing
f1b5933fe4b5: Preparing
f1b5933fe4b5: Waiting
0661bed459a4: Waiting
8e9b33a78913: Waiting
8e9b33a78913: Layer already exists
0661bed459a4: Layer already exists
f1b5933fe4b5: Layer already exists
SAAS-overrideReleaseNameForSvc: digest: sha256:b899d2252f1c056072fe631b82b7eab119e15d235095e579f018282a14188815 size: 950
Push gcr.io/codefresh-inc/codefresh/nomios:SAAS-overrideReleaseNameForSvc completed - Mon Oct  7 12:55:42 UTC 2019 !!!

---------- Migrate r.cfcr.io/codefresh-inc/codefresh/nomios:0.6.1-saas-overridereleasenameforsvc to gcr.io/codefresh-inc/codefresh/nomios:0.6.1-saas-overridereleasenameforsvc
0.6.1-saas-overridereleasenameforsvc: Pulling from codefresh-inc/codefresh/nomios
Digest: sha256:b899d2252f1c056072fe631b82b7eab119e15d235095e579f018282a14188815
Status: Downloaded newer image for r.cfcr.io/codefresh-inc/codefresh/nomios:0.6.1-saas-overridereleasenameforsvc
r.cfcr.io/codefresh-inc/codefresh/nomios:0.6.1-saas-overridereleasenameforsvc
Pull r.cfcr.io/codefresh-inc/codefresh/nomios:0.6.1-saas-overridereleasenameforsvc completed - Mon Oct  7 12:55:42 UTC 2019 !!!

Tag gcr.io/codefresh-inc/codefresh/nomios:0.6.1-saas-overridereleasenameforsvc completed - Mon Oct  7 12:55:42 UTC 2019 !!!

The push refers to repository [gcr.io/codefresh-inc/codefresh/nomios]
8e9b33a78913: Preparing
0661bed459a4: Preparing
f1b5933fe4b5: Preparing
f1b5933fe4b5: Waiting
8e9b33a78913: Layer already exists
0661bed459a4: Layer already exists
f1b5933fe4b5: Layer already exists
0.6.1-saas-overridereleasenameforsvc: digest: sha256:b899d2252f1c056072fe631b82b7eab119e15d235095e579f018282a14188815 size: 950
Push gcr.io/codefresh-inc/codefresh/nomios:0.6.1-saas-overridereleasenameforsvc completed - Mon Oct  7 12:55:43 UTC 2019 !!!

