Entering ./migrate-from-cfcr.sh - Mon Oct  7 17:09:09 UTC 2019
JOURNAL_DIR = ./journal/2019-10-07_170855
DONE_DIR = ./done
IMAGES_LIST=./journal/2019-10-07_170855/images-list

Starting at Mon Oct  7 17:09:12 UTC 2019
Processing ./journal/2019-10-07_170855/images-list
NAME                    TAG                                      PULL - SKIP
./journal/2019-10-07_170855/codefresh__cronus.tags
codefresh/cronus        f3351a8717cd2f8965a6bc5f78f8e3edf4ede99b r.cfcr.io/codefresh-inc/codefresh/cronus:f3351a8717cd2f8965a6bc5f78f8e3edf4ede99b - SKIP
./journal/2019-10-07_170855/codefresh__cronus.tags
./journal/2019-10-07_170855/codefresh__cronus.tags
./journal/2019-10-07_170855/codefresh__cronus.tags
./journal/2019-10-07_170855/codefresh__cronus.tags
./journal/2019-10-07_170855/codefresh__cronus.tags
./journal/2019-10-07_170855/codefresh__cronus.tags
./journal/2019-10-07_170855/codefresh__cronus.tags
./journal/2019-10-07_170855/codefresh__cronus.tags
codefresh/cronus        60cfcf4eb256870d7da1fd36d52e22ec39b08253 r.cfcr.io/codefresh-inc/codefresh/cronus:60cfcf4eb256870d7da1fd36d52e22ec39b08253 - SKIP
./journal/2019-10-07_170855/codefresh__cronus.tags
./journal/2019-10-07_170855/codefresh__cronus.tags
codefresh/cronus        be1d5e2145c81cd4b4abc32a8ab4773d87c878be r.cfcr.io/codefresh-inc/codefresh/cronus:be1d5e2145c81cd4b4abc32a8ab4773d87c878be - SKIP
./journal/2019-10-07_170855/codefresh__cronus.tags
codefresh/cronus        eef25379ac39c59cdc8014b11a9bd61c85ed1330 r.cfcr.io/codefresh-inc/codefresh/cronus:eef25379ac39c59cdc8014b11a9bd61c85ed1330 - SKIP
./journal/2019-10-07_170855/codefresh__cronus.tags
./journal/2019-10-07_170855/codefresh__cronus.tags
./journal/2019-10-07_170855/codefresh__cronus.tags
./journal/2019-10-07_170855/codefresh__cronus.tags
./journal/2019-10-07_170855/codefresh__cronus.tags
./journal/2019-10-07_170855/codefresh__cronus.tags
./journal/2019-10-07_170855/codefresh__cronus.tags
./journal/2019-10-07_170855/codefresh__cronus.tags
./journal/2019-10-07_170855/codefresh__cronus.tags
./journal/2019-10-07_170855/codefresh__cronus.tags
./journal/2019-10-07_170855/codefresh__cronus.tags
./journal/2019-10-07_170855/codefresh__cronus.tags
./journal/2019-10-07_170855/codefresh__cronus.tags
./journal/2019-10-07_170855/codefresh__cronus.tags
./journal/2019-10-07_170855/codefresh__cronus.tags
./journal/2019-10-07_170855/codefresh__cronus.tags
./journal/2019-10-07_170855/codefresh__cronus.tags
./journal/2019-10-07_170855/codefresh__cronus.tags
./journal/2019-10-07_170855/codefresh__cronus.tags
./journal/2019-10-07_170855/codefresh__cronus.tags
./journal/2019-10-07_170855/codefresh__cronus.tags
./journal/2019-10-07_170855/codefresh__cronus.tags
./journal/2019-10-07_170855/codefresh__cronus.tags
./journal/2019-10-07_170855/codefresh__cronus.tags
codefresh/cronus        1005e59a508e92aeb396b36bb68ed1f6dfda9f34 r.cfcr.io/codefresh-inc/codefresh/cronus:1005e59a508e92aeb396b36bb68ed1f6dfda9f34 - SKIP
./journal/2019-10-07_170855/codefresh__cronus.tags
./journal/2019-10-07_170855/codefresh__cronus.tags
codefresh/cronus        50e3c37dc119d0570992722181102255639d5900 r.cfcr.io/codefresh-inc/codefresh/cronus:50e3c37dc119d0570992722181102255639d5900 - SKIP
./journal/2019-10-07_170855/codefresh__cronus.tags
codefresh/cronus        08dda40cb7332afa7f25624bce354281957a5b5b r.cfcr.io/codefresh-inc/codefresh/cronus:08dda40cb7332afa7f25624bce354281957a5b5b - SKIP
codefresh/cronus        8ed77aa0b4632919a664b05bf72dafe9d5b36d72 r.cfcr.io/codefresh-inc/codefresh/cronus:8ed77aa0b4632919a664b05bf72dafe9d5b36d72 - SKIP
codefresh/cronus        8164915e8d269e4655f6587bff483cf80bf175d3 r.cfcr.io/codefresh-inc/codefresh/cronus:8164915e8d269e4655f6587bff483cf80bf175d3 - SKIP
codefresh/cronus        1e315ae25cb3d393be4a9c3f647fcbf52eb2bec6 r.cfcr.io/codefresh-inc/codefresh/cronus:1e315ae25cb3d393be4a9c3f647fcbf52eb2bec6 - SKIP
./journal/2019-10-07_170855/codefresh__cronus.tags
codefresh/cronus        1c38dea7d3e7f716bc28db2bd25764befdc921ca r.cfcr.io/codefresh-inc/codefresh/cronus:1c38dea7d3e7f716bc28db2bd25764befdc921ca - SKIP
codefresh/cronus        f34dd45c12b491b6deedc6af8d59df9524a17adb r.cfcr.io/codefresh-inc/codefresh/cronus:f34dd45c12b491b6deedc6af8d59df9524a17adb - SKIP
codefresh/cronus        d19751b73869870a3d9675a6dfbd152a7d172869 r.cfcr.io/codefresh-inc/codefresh/cronus:d19751b73869870a3d9675a6dfbd152a7d172869 - SKIP
./journal/2019-10-07_170855/codefresh__cronus.tags
codefresh/cronus        1823f67195ebfeef11de0fe6172f15a969b9d817 r.cfcr.io/codefresh-inc/codefresh/cronus:1823f67195ebfeef11de0fe6172f15a969b9d817 - SKIP
./journal/2019-10-07_170855/codefresh__cronus.tags
./journal/2019-10-07_170855/codefresh__cronus.tags
codefresh/cronus        b2c50bd8d0f4273304c59e9e657ead60bd7a8982 r.cfcr.io/codefresh-inc/codefresh/cronus:b2c50bd8d0f4273304c59e9e657ead60bd7a8982 - SKIP
codefresh/cronus        0ff1d80f14d91bd3f23eb292b6c528ab790d6019 r.cfcr.io/codefresh-inc/codefresh/cronus:0ff1d80f14d91bd3f23eb292b6c528ab790d6019 - SKIP
codefresh/cronus        0b578cdc63104cf581e1309fa6305bb90a28eb9f r.cfcr.io/codefresh-inc/codefresh/cronus:0b578cdc63104cf581e1309fa6305bb90a28eb9f - SKIP
codefresh/cronus        <none> - SKIP
./journal/2019-10-07_170855/codefresh__cronus.tags
./journal/2019-10-07_170855/codefresh__cronus.tags
codefresh/cronus        <none> - SKIP
./journal/2019-10-07_170855/codefresh__cronus.tags
codefresh/cronus        <none> - SKIP
codefresh/cronus        <none> - SKIP
./journal/2019-10-07_170855/codefresh__cronus.tags
codefresh/cronus        <none> - SKIP
./journal/2019-10-07_170855/codefresh__cronus-backup.tags
codefresh/cronus-backup <none> - SKIP
codefresh/cronus-backup <none> - SKIP
codefresh/cronus        <none> - SKIP
codefresh/cronus        <none> - SKIP
./journal/2019-10-07_170855/codefresh__cronus.tags
codefresh/cronus        <none> - SKIP
codefresh/cronus        <none> - SKIP
./journal/2019-10-07_170855/codefresh__cronus.tags
./journal/2019-10-07_170855/codefresh__cronus.tags
codefresh/cronus        <none> - SKIP
codefresh/cronus        <none> - SKIP
codefresh/cronus        <none> - SKIP
./journal/2019-10-07_170855/codefresh__cronus.tags
codefresh/cronus        <none> - SKIP
codefresh/cronus        <none> - SKIP
codefresh/cronus        <none> - SKIP
codefresh/cronus        <none> - SKIP
codefresh/cronus        <none> - SKIP
codefresh/cronus        <none> - SKIP
codefresh/cronus        <none> - SKIP
codefresh/cronus        <none> - SKIP
codefresh/cronus        <none> - SKIP
codefresh/cronus        <none> - SKIP
codefresh/cronus        <none> - SKIP
./journal/2019-10-07_170855/codefresh__cronus.tags
codefresh/cronus        <none> - SKIP
./journal/2019-10-07_170855/codefresh__cronus.tags
codefresh/cronus        <none> - SKIP
codefresh/cronus        <none> - SKIP
codefresh/cronus        <none> - SKIP
codefresh/cronus        <none> - SKIP
codefresh/cronus        <none> - SKIP
codefresh/cronus        <none> - SKIP
codefresh/cronus        <none> - SKIP
codefresh/cronus        <none> - SKIP
codefresh/cronus        <none> - SKIP
codefresh/cronus        <none> - SKIP
codefresh/cronus        <none> - SKIP
codefresh/cronus        <none> - SKIP
codefresh/cronus        <none> - SKIP
codefresh/cronus        <none> - SKIP
codefresh/cronus        <none> - SKIP

--- Mon Oct  7 17:09:14 UTC 2019
Processing tag files

  ****************
  Mon Oct  7 17:09:14 UTC 2019 - ./journal/2019-10-07_170855/codefresh__cronus-backup.tags
grep: ./done/codefresh__cronus-backup.tags: No such file or directory
---------- Migrate r.cfcr.io/codefresh-inc/codefresh/cronus-backup:master to gcr.io/codefresh-inc/codefresh/cronus-backup:master
master: Pulling from codefresh-inc/codefresh/cronus-backup
ff3a5c916c92: Already exists
60dbbcb46f5f: Pulling fs layer
c8ef76a607bb: Pulling fs layer
0bf13b4cff05: Pulling fs layer
6383c720883b: Pulling fs layer
6383c720883b: Waiting
0bf13b4cff05: Verifying Checksum
0bf13b4cff05: Download complete
6383c720883b: Verifying Checksum
6383c720883b: Download complete
60dbbcb46f5f: Verifying Checksum
60dbbcb46f5f: Download complete
c8ef76a607bb: Verifying Checksum
c8ef76a607bb: Download complete
60dbbcb46f5f: Pull complete
c8ef76a607bb: Pull complete
0bf13b4cff05: Pull complete
6383c720883b: Pull complete
Digest: sha256:0116fc69a999af1a9b59909f5ed09a04b1bc9f31217c72e45d6a144051465f73
Status: Downloaded newer image for r.cfcr.io/codefresh-inc/codefresh/cronus-backup:master
r.cfcr.io/codefresh-inc/codefresh/cronus-backup:master
Pull r.cfcr.io/codefresh-inc/codefresh/cronus-backup:master completed - Mon Oct  7 17:09:21 UTC 2019 !!!

Tag gcr.io/codefresh-inc/codefresh/cronus-backup:master completed - Mon Oct  7 17:09:22 UTC 2019 !!!

The push refers to repository [gcr.io/codefresh-inc/codefresh/cronus-backup]
f78b79e83673: Preparing
af3dfae15864: Preparing
88b85759034d: Preparing
028877a1ea28: Preparing
cd7100a72410: Preparing
cd7100a72410: Layer already exists
af3dfae15864: Retrying in 5 seconds
f78b79e83673: Retrying in 5 seconds
f78b79e83673: Retrying in 4 seconds
af3dfae15864: Retrying in 4 seconds
af3dfae15864: Retrying in 3 seconds
f78b79e83673: Retrying in 3 seconds
f78b79e83673: Retrying in 2 seconds
af3dfae15864: Retrying in 2 seconds
f78b79e83673: Retrying in 1 second
af3dfae15864: Retrying in 1 second
f78b79e83673: Retrying in 10 seconds
af3dfae15864: Retrying in 10 seconds
af3dfae15864: Retrying in 9 seconds
f78b79e83673: Retrying in 9 seconds
af3dfae15864: Retrying in 8 seconds
f78b79e83673: Retrying in 8 seconds
f78b79e83673: Retrying in 7 seconds
af3dfae15864: Retrying in 7 seconds
028877a1ea28: Pushed
88b85759034d: Pushed
f78b79e83673: Retrying in 6 seconds
af3dfae15864: Retrying in 6 seconds
f78b79e83673: Retrying in 5 seconds
af3dfae15864: Retrying in 5 seconds
f78b79e83673: Retrying in 4 seconds
af3dfae15864: Retrying in 4 seconds
f78b79e83673: Retrying in 3 seconds
af3dfae15864: Retrying in 3 seconds
f78b79e83673: Retrying in 2 seconds
af3dfae15864: Retrying in 2 seconds
f78b79e83673: Retrying in 1 second
af3dfae15864: Retrying in 1 second
f78b79e83673: Pushed
af3dfae15864: Pushed
master: digest: sha256:30fed4ea46c072cbe2fa9b79eab2ce2da7fb053c4031c27f3e9fd51349ae27da size: 1366
Push gcr.io/codefresh-inc/codefresh/cronus-backup:master completed - Mon Oct  7 17:09:42 UTC 2019 !!!


  ****************
  Mon Oct  7 17:09:42 UTC 2019 - ./journal/2019-10-07_170855/codefresh__cronus.tags
grep: ./done/codefresh__cronus.tags: No such file or directory
---------- Migrate r.cfcr.io/codefresh-inc/codefresh/cronus:cf-onprem-v1.0.82 to gcr.io/codefresh-inc/codefresh/cronus:cf-onprem-v1.0.82
cf-onprem-v1.0.82: Pulling from codefresh-inc/codefresh/cronus
e7c96db7181b: Already exists
22ec5ab2f5ca: Pulling fs layer
df5afd816e50: Pulling fs layer
22ec5ab2f5ca: Verifying Checksum
22ec5ab2f5ca: Download complete
df5afd816e50: Verifying Checksum
df5afd816e50: Download complete
22ec5ab2f5ca: Pull complete
df5afd816e50: Pull complete
Digest: sha256:55e658dbec3be98e563482c98c24546bc14ca85d7fb3c2f3b0ef2f516801ed93
Status: Downloaded newer image for r.cfcr.io/codefresh-inc/codefresh/cronus:cf-onprem-v1.0.82
r.cfcr.io/codefresh-inc/codefresh/cronus:cf-onprem-v1.0.82
Pull r.cfcr.io/codefresh-inc/codefresh/cronus:cf-onprem-v1.0.82 completed - Mon Oct  7 17:09:44 UTC 2019 !!!

Tag gcr.io/codefresh-inc/codefresh/cronus:cf-onprem-v1.0.82 completed - Mon Oct  7 17:09:44 UTC 2019 !!!

The push refers to repository [gcr.io/codefresh-inc/codefresh/cronus]
9cab67afe905: Preparing
89ca383b3e83: Preparing
f1b5933fe4b5: Preparing
f1b5933fe4b5: Layer already exists
89ca383b3e83: Pushed
9cab67afe905: Pushed
cf-onprem-v1.0.82: digest: sha256:55e658dbec3be98e563482c98c24546bc14ca85d7fb3c2f3b0ef2f516801ed93 size: 950
Push gcr.io/codefresh-inc/codefresh/cronus:cf-onprem-v1.0.82 completed - Mon Oct  7 17:09:49 UTC 2019 !!!

---------- Migrate r.cfcr.io/codefresh-inc/codefresh/cronus:0.4.0-cf-onprem-v1.0.82 to gcr.io/codefresh-inc/codefresh/cronus:0.4.0-cf-onprem-v1.0.82
0.4.0-cf-onprem-v1.0.82: Pulling from codefresh-inc/codefresh/cronus
Digest: sha256:55e658dbec3be98e563482c98c24546bc14ca85d7fb3c2f3b0ef2f516801ed93
Status: Downloaded newer image for r.cfcr.io/codefresh-inc/codefresh/cronus:0.4.0-cf-onprem-v1.0.82
r.cfcr.io/codefresh-inc/codefresh/cronus:0.4.0-cf-onprem-v1.0.82
Pull r.cfcr.io/codefresh-inc/codefresh/cronus:0.4.0-cf-onprem-v1.0.82 completed - Mon Oct  7 17:09:50 UTC 2019 !!!

Tag gcr.io/codefresh-inc/codefresh/cronus:0.4.0-cf-onprem-v1.0.82 completed - Mon Oct  7 17:09:50 UTC 2019 !!!

The push refers to repository [gcr.io/codefresh-inc/codefresh/cronus]
9cab67afe905: Preparing
89ca383b3e83: Preparing
f1b5933fe4b5: Preparing
89ca383b3e83: Layer already exists
f1b5933fe4b5: Layer already exists
9cab67afe905: Layer already exists
0.4.0-cf-onprem-v1.0.82: digest: sha256:55e658dbec3be98e563482c98c24546bc14ca85d7fb3c2f3b0ef2f516801ed93 size: 950
Push gcr.io/codefresh-inc/codefresh/cronus:0.4.0-cf-onprem-v1.0.82 completed - Mon Oct  7 17:09:51 UTC 2019 !!!

---------- Migrate r.cfcr.io/codefresh-inc/codefresh/cronus:cf-onprem-v1.0.81 to gcr.io/codefresh-inc/codefresh/cronus:cf-onprem-v1.0.81
cf-onprem-v1.0.81: Pulling from codefresh-inc/codefresh/cronus
e7c96db7181b: Already exists
3dbd45e893c4: Pulling fs layer
017ca704d6cf: Pulling fs layer
3dbd45e893c4: Verifying Checksum
3dbd45e893c4: Download complete
017ca704d6cf: Verifying Checksum
017ca704d6cf: Download complete
3dbd45e893c4: Pull complete
017ca704d6cf: Pull complete
Digest: sha256:720284ad3daf4840b38629b9b0c2e1f95357ceecc4497d9d8a20535f422ca263
Status: Downloaded newer image for r.cfcr.io/codefresh-inc/codefresh/cronus:cf-onprem-v1.0.81
r.cfcr.io/codefresh-inc/codefresh/cronus:cf-onprem-v1.0.81
Pull r.cfcr.io/codefresh-inc/codefresh/cronus:cf-onprem-v1.0.81 completed - Mon Oct  7 17:09:53 UTC 2019 !!!

Tag gcr.io/codefresh-inc/codefresh/cronus:cf-onprem-v1.0.81 completed - Mon Oct  7 17:09:53 UTC 2019 !!!

The push refers to repository [gcr.io/codefresh-inc/codefresh/cronus]
2c4285ec1146: Preparing
4ea994b9b0e5: Preparing
f1b5933fe4b5: Preparing
f1b5933fe4b5: Layer already exists
2c4285ec1146: Pushed
4ea994b9b0e5: Pushed
cf-onprem-v1.0.81: digest: sha256:720284ad3daf4840b38629b9b0c2e1f95357ceecc4497d9d8a20535f422ca263 size: 950
Push gcr.io/codefresh-inc/codefresh/cronus:cf-onprem-v1.0.81 completed - Mon Oct  7 17:09:58 UTC 2019 !!!

---------- Migrate r.cfcr.io/codefresh-inc/codefresh/cronus:0.4.0-cf-onprem-v1.0.81 to gcr.io/codefresh-inc/codefresh/cronus:0.4.0-cf-onprem-v1.0.81
0.4.0-cf-onprem-v1.0.81: Pulling from codefresh-inc/codefresh/cronus
Digest: sha256:720284ad3daf4840b38629b9b0c2e1f95357ceecc4497d9d8a20535f422ca263
Status: Downloaded newer image for r.cfcr.io/codefresh-inc/codefresh/cronus:0.4.0-cf-onprem-v1.0.81
r.cfcr.io/codefresh-inc/codefresh/cronus:0.4.0-cf-onprem-v1.0.81
Pull r.cfcr.io/codefresh-inc/codefresh/cronus:0.4.0-cf-onprem-v1.0.81 completed - Mon Oct  7 17:09:58 UTC 2019 !!!

Tag gcr.io/codefresh-inc/codefresh/cronus:0.4.0-cf-onprem-v1.0.81 completed - Mon Oct  7 17:09:58 UTC 2019 !!!

The push refers to repository [gcr.io/codefresh-inc/codefresh/cronus]
2c4285ec1146: Preparing
4ea994b9b0e5: Preparing
f1b5933fe4b5: Preparing
2c4285ec1146: Layer already exists
f1b5933fe4b5: Layer already exists
4ea994b9b0e5: Layer already exists
0.4.0-cf-onprem-v1.0.81: digest: sha256:720284ad3daf4840b38629b9b0c2e1f95357ceecc4497d9d8a20535f422ca263 size: 950
Push gcr.io/codefresh-inc/codefresh/cronus:0.4.0-cf-onprem-v1.0.81 completed - Mon Oct  7 17:09:59 UTC 2019 !!!

---------- Migrate r.cfcr.io/codefresh-inc/codefresh/cronus:cf-onprem-v1.0.80 to gcr.io/codefresh-inc/codefresh/cronus:cf-onprem-v1.0.80
cf-onprem-v1.0.80: Pulling from codefresh-inc/codefresh/cronus
e7c96db7181b: Already exists
2c5e8458e596: Pulling fs layer
319ddfcfb82f: Pulling fs layer
2c5e8458e596: Verifying Checksum
2c5e8458e596: Download complete
319ddfcfb82f: Verifying Checksum
319ddfcfb82f: Download complete
2c5e8458e596: Pull complete
319ddfcfb82f: Pull complete
Digest: sha256:b065a8499ff06307d7db1d663eeee144c458c8003dbaab763ebf176fe906ee44
Status: Downloaded newer image for r.cfcr.io/codefresh-inc/codefresh/cronus:cf-onprem-v1.0.80
r.cfcr.io/codefresh-inc/codefresh/cronus:cf-onprem-v1.0.80
Pull r.cfcr.io/codefresh-inc/codefresh/cronus:cf-onprem-v1.0.80 completed - Mon Oct  7 17:10:01 UTC 2019 !!!

Tag gcr.io/codefresh-inc/codefresh/cronus:cf-onprem-v1.0.80 completed - Mon Oct  7 17:10:01 UTC 2019 !!!

The push refers to repository [gcr.io/codefresh-inc/codefresh/cronus]
8eaafaa597fe: Preparing
2ce1813ff9c6: Preparing
f1b5933fe4b5: Preparing
f1b5933fe4b5: Layer already exists
8eaafaa597fe: Retrying in 5 seconds
8eaafaa597fe: Retrying in 4 seconds
8eaafaa597fe: Retrying in 3 seconds
2ce1813ff9c6: Pushed
8eaafaa597fe: Retrying in 2 seconds
8eaafaa597fe: Retrying in 1 second
8eaafaa597fe: Pushed
cf-onprem-v1.0.80: digest: sha256:b065a8499ff06307d7db1d663eeee144c458c8003dbaab763ebf176fe906ee44 size: 950
Push gcr.io/codefresh-inc/codefresh/cronus:cf-onprem-v1.0.80 completed - Mon Oct  7 17:10:10 UTC 2019 !!!

---------- Migrate r.cfcr.io/codefresh-inc/codefresh/cronus:0.4.0-cf-onprem-v1.0.80 to gcr.io/codefresh-inc/codefresh/cronus:0.4.0-cf-onprem-v1.0.80
0.4.0-cf-onprem-v1.0.80: Pulling from codefresh-inc/codefresh/cronus
Digest: sha256:b065a8499ff06307d7db1d663eeee144c458c8003dbaab763ebf176fe906ee44
Status: Downloaded newer image for r.cfcr.io/codefresh-inc/codefresh/cronus:0.4.0-cf-onprem-v1.0.80
r.cfcr.io/codefresh-inc/codefresh/cronus:0.4.0-cf-onprem-v1.0.80
Pull r.cfcr.io/codefresh-inc/codefresh/cronus:0.4.0-cf-onprem-v1.0.80 completed - Mon Oct  7 17:10:11 UTC 2019 !!!

Tag gcr.io/codefresh-inc/codefresh/cronus:0.4.0-cf-onprem-v1.0.80 completed - Mon Oct  7 17:10:11 UTC 2019 !!!

The push refers to repository [gcr.io/codefresh-inc/codefresh/cronus]
8eaafaa597fe: Preparing
2ce1813ff9c6: Preparing
f1b5933fe4b5: Preparing
2ce1813ff9c6: Waiting
f1b5933fe4b5: Waiting
8eaafaa597fe: Layer already exists
2ce1813ff9c6: Layer already exists
f1b5933fe4b5: Layer already exists
0.4.0-cf-onprem-v1.0.80: digest: sha256:b065a8499ff06307d7db1d663eeee144c458c8003dbaab763ebf176fe906ee44 size: 950
Push gcr.io/codefresh-inc/codefresh/cronus:0.4.0-cf-onprem-v1.0.80 completed - Mon Oct  7 17:10:12 UTC 2019 !!!

---------- Migrate r.cfcr.io/codefresh-inc/codefresh/cronus:master to gcr.io/codefresh-inc/codefresh/cronus:master
master: Pulling from codefresh-inc/codefresh/cronus
e7c96db7181b: Already exists
3ac8791dc828: Pulling fs layer
2be1e2680740: Pulling fs layer
3ac8791dc828: Verifying Checksum
3ac8791dc828: Download complete
2be1e2680740: Verifying Checksum
2be1e2680740: Download complete
3ac8791dc828: Pull complete
2be1e2680740: Pull complete
Digest: sha256:dce64fab064e1c1fe5d10ff4455f2625ba3679b6e004eb6f26fee82a7fce2bc3
Status: Downloaded newer image for r.cfcr.io/codefresh-inc/codefresh/cronus:master
r.cfcr.io/codefresh-inc/codefresh/cronus:master
Pull r.cfcr.io/codefresh-inc/codefresh/cronus:master completed - Mon Oct  7 17:10:13 UTC 2019 !!!

Tag gcr.io/codefresh-inc/codefresh/cronus:master completed - Mon Oct  7 17:10:13 UTC 2019 !!!

The push refers to repository [gcr.io/codefresh-inc/codefresh/cronus]
c8fa306cc262: Preparing
d3303061e879: Preparing
f1b5933fe4b5: Preparing
d3303061e879: Waiting
f1b5933fe4b5: Waiting
c8fa306cc262: Pushed
d3303061e879: Pushed
f1b5933fe4b5: Layer already exists
master: digest: sha256:550c9551858996df1ab09dc18c4665e1400044e967c9fe99db8b232b4a320090 size: 950
Push gcr.io/codefresh-inc/codefresh/cronus:master completed - Mon Oct  7 17:10:19 UTC 2019 !!!

---------- Migrate r.cfcr.io/codefresh-inc/codefresh/cronus:0.4.0 to gcr.io/codefresh-inc/codefresh/cronus:0.4.0
0.4.0: Pulling from codefresh-inc/codefresh/cronus
Digest: sha256:550c9551858996df1ab09dc18c4665e1400044e967c9fe99db8b232b4a320090
Status: Downloaded newer image for r.cfcr.io/codefresh-inc/codefresh/cronus:0.4.0
r.cfcr.io/codefresh-inc/codefresh/cronus:0.4.0
Pull r.cfcr.io/codefresh-inc/codefresh/cronus:0.4.0 completed - Mon Oct  7 17:10:19 UTC 2019 !!!

Tag gcr.io/codefresh-inc/codefresh/cronus:0.4.0 completed - Mon Oct  7 17:10:20 UTC 2019 !!!

The push refers to repository [gcr.io/codefresh-inc/codefresh/cronus]
c8fa306cc262: Preparing
d3303061e879: Preparing
f1b5933fe4b5: Preparing
d3303061e879: Waiting
f1b5933fe4b5: Waiting
c8fa306cc262: Layer already exists
d3303061e879: Layer already exists
f1b5933fe4b5: Layer already exists
0.4.0: digest: sha256:550c9551858996df1ab09dc18c4665e1400044e967c9fe99db8b232b4a320090 size: 950
Push gcr.io/codefresh-inc/codefresh/cronus:0.4.0 completed - Mon Oct  7 17:10:20 UTC 2019 !!!

---------- Migrate r.cfcr.io/codefresh-inc/codefresh/cronus:istio-poc to gcr.io/codefresh-inc/codefresh/cronus:istio-poc
istio-poc: Pulling from codefresh-inc/codefresh/cronus
e7c96db7181b: Already exists
3ac8791dc828: Already exists
2be1e2680740: Already exists
Digest: sha256:a9c4b86ca0514def499847d90629e472daee5a861a7433324202fafdb4f9c415
Status: Downloaded newer image for r.cfcr.io/codefresh-inc/codefresh/cronus:istio-poc
r.cfcr.io/codefresh-inc/codefresh/cronus:istio-poc
Pull r.cfcr.io/codefresh-inc/codefresh/cronus:istio-poc completed - Mon Oct  7 17:10:21 UTC 2019 !!!

Tag gcr.io/codefresh-inc/codefresh/cronus:istio-poc completed - Mon Oct  7 17:10:21 UTC 2019 !!!

The push refers to repository [gcr.io/codefresh-inc/codefresh/cronus]
c8fa306cc262: Preparing
d3303061e879: Preparing
f1b5933fe4b5: Preparing
d3303061e879: Waiting
f1b5933fe4b5: Waiting
c8fa306cc262: Layer already exists
d3303061e879: Layer already exists
f1b5933fe4b5: Layer already exists
istio-poc: digest: sha256:a9c4b86ca0514def499847d90629e472daee5a861a7433324202fafdb4f9c415 size: 950
Push gcr.io/codefresh-inc/codefresh/cronus:istio-poc completed - Mon Oct  7 17:10:23 UTC 2019 !!!

---------- Migrate r.cfcr.io/codefresh-inc/codefresh/cronus:0.4.0-istio-poc to gcr.io/codefresh-inc/codefresh/cronus:0.4.0-istio-poc
0.4.0-istio-poc: Pulling from codefresh-inc/codefresh/cronus
Digest: sha256:a9c4b86ca0514def499847d90629e472daee5a861a7433324202fafdb4f9c415
Status: Downloaded newer image for r.cfcr.io/codefresh-inc/codefresh/cronus:0.4.0-istio-poc
r.cfcr.io/codefresh-inc/codefresh/cronus:0.4.0-istio-poc
Pull r.cfcr.io/codefresh-inc/codefresh/cronus:0.4.0-istio-poc completed - Mon Oct  7 17:10:24 UTC 2019 !!!

Tag gcr.io/codefresh-inc/codefresh/cronus:0.4.0-istio-poc completed - Mon Oct  7 17:10:24 UTC 2019 !!!

The push refers to repository [gcr.io/codefresh-inc/codefresh/cronus]
c8fa306cc262: Preparing
d3303061e879: Preparing
f1b5933fe4b5: Preparing
d3303061e879: Waiting
f1b5933fe4b5: Waiting
c8fa306cc262: Layer already exists
d3303061e879: Layer already exists
f1b5933fe4b5: Layer already exists
0.4.0-istio-poc: digest: sha256:a9c4b86ca0514def499847d90629e472daee5a861a7433324202fafdb4f9c415 size: 950
Push gcr.io/codefresh-inc/codefresh/cronus:0.4.0-istio-poc completed - Mon Oct  7 17:10:25 UTC 2019 !!!

---------- Migrate r.cfcr.io/codefresh-inc/codefresh/cronus:cf-onprem-v1.0.79 to gcr.io/codefresh-inc/codefresh/cronus:cf-onprem-v1.0.79
cf-onprem-v1.0.79: Pulling from codefresh-inc/codefresh/cronus
e7c96db7181b: Already exists
4eff21c73cd2: Pulling fs layer
08206308c172: Pulling fs layer
4eff21c73cd2: Verifying Checksum
4eff21c73cd2: Download complete
08206308c172: Verifying Checksum
08206308c172: Download complete
4eff21c73cd2: Pull complete
08206308c172: Pull complete
Digest: sha256:cec00f870ec4f0db3bb0319c370210808446e23c09cee5f2f49ea6135cd8b3d6
Status: Downloaded newer image for r.cfcr.io/codefresh-inc/codefresh/cronus:cf-onprem-v1.0.79
r.cfcr.io/codefresh-inc/codefresh/cronus:cf-onprem-v1.0.79
Pull r.cfcr.io/codefresh-inc/codefresh/cronus:cf-onprem-v1.0.79 completed - Mon Oct  7 17:10:26 UTC 2019 !!!

Tag gcr.io/codefresh-inc/codefresh/cronus:cf-onprem-v1.0.79 completed - Mon Oct  7 17:10:26 UTC 2019 !!!

The push refers to repository [gcr.io/codefresh-inc/codefresh/cronus]
d18360cedb56: Preparing
9eeeb0762cc4: Preparing
f1b5933fe4b5: Preparing
9eeeb0762cc4: Waiting
f1b5933fe4b5: Waiting
d18360cedb56: Pushed
9eeeb0762cc4: Pushed
f1b5933fe4b5: Layer already exists
cf-onprem-v1.0.79: digest: sha256:cec00f870ec4f0db3bb0319c370210808446e23c09cee5f2f49ea6135cd8b3d6 size: 950
Push gcr.io/codefresh-inc/codefresh/cronus:cf-onprem-v1.0.79 completed - Mon Oct  7 17:10:32 UTC 2019 !!!

---------- Migrate r.cfcr.io/codefresh-inc/codefresh/cronus:0.3.1-cf-onprem-v1.0.79 to gcr.io/codefresh-inc/codefresh/cronus:0.3.1-cf-onprem-v1.0.79
0.3.1-cf-onprem-v1.0.79: Pulling from codefresh-inc/codefresh/cronus
Digest: sha256:cec00f870ec4f0db3bb0319c370210808446e23c09cee5f2f49ea6135cd8b3d6
Status: Downloaded newer image for r.cfcr.io/codefresh-inc/codefresh/cronus:0.3.1-cf-onprem-v1.0.79
r.cfcr.io/codefresh-inc/codefresh/cronus:0.3.1-cf-onprem-v1.0.79
Pull r.cfcr.io/codefresh-inc/codefresh/cronus:0.3.1-cf-onprem-v1.0.79 completed - Mon Oct  7 17:10:33 UTC 2019 !!!

Tag gcr.io/codefresh-inc/codefresh/cronus:0.3.1-cf-onprem-v1.0.79 completed - Mon Oct  7 17:10:33 UTC 2019 !!!

The push refers to repository [gcr.io/codefresh-inc/codefresh/cronus]
d18360cedb56: Preparing
9eeeb0762cc4: Preparing
f1b5933fe4b5: Preparing
9eeeb0762cc4: Waiting
f1b5933fe4b5: Waiting
d18360cedb56: Layer already exists
9eeeb0762cc4: Layer already exists
f1b5933fe4b5: Layer already exists
0.3.1-cf-onprem-v1.0.79: digest: sha256:cec00f870ec4f0db3bb0319c370210808446e23c09cee5f2f49ea6135cd8b3d6 size: 950
Push gcr.io/codefresh-inc/codefresh/cronus:0.3.1-cf-onprem-v1.0.79 completed - Mon Oct  7 17:10:34 UTC 2019 !!!

---------- Migrate r.cfcr.io/codefresh-inc/codefresh/cronus:0.3.1-istio-poc to gcr.io/codefresh-inc/codefresh/cronus:0.3.1-istio-poc
0.3.1-istio-poc: Pulling from codefresh-inc/codefresh/cronus
e7c96db7181b: Already exists
7385e64f930c: Pulling fs layer
e25eab396035: Pulling fs layer
7385e64f930c: Verifying Checksum
7385e64f930c: Download complete
e25eab396035: Verifying Checksum
e25eab396035: Download complete
7385e64f930c: Pull complete
e25eab396035: Pull complete
Digest: sha256:00dc3c37434e73d87f33cd353524992d376201257bb045e30527bc4a2ede466a
Status: Downloaded newer image for r.cfcr.io/codefresh-inc/codefresh/cronus:0.3.1-istio-poc
r.cfcr.io/codefresh-inc/codefresh/cronus:0.3.1-istio-poc
Pull r.cfcr.io/codefresh-inc/codefresh/cronus:0.3.1-istio-poc completed - Mon Oct  7 17:10:35 UTC 2019 !!!

Tag gcr.io/codefresh-inc/codefresh/cronus:0.3.1-istio-poc completed - Mon Oct  7 17:10:35 UTC 2019 !!!

The push refers to repository [gcr.io/codefresh-inc/codefresh/cronus]
b80a72127370: Preparing
db936cbf7861: Preparing
f1b5933fe4b5: Preparing
db936cbf7861: Waiting
f1b5933fe4b5: Waiting
b80a72127370: Pushed
db936cbf7861: Pushed
f1b5933fe4b5: Layer already exists
0.3.1-istio-poc: digest: sha256:00dc3c37434e73d87f33cd353524992d376201257bb045e30527bc4a2ede466a size: 950
Push gcr.io/codefresh-inc/codefresh/cronus:0.3.1-istio-poc completed - Mon Oct  7 17:10:41 UTC 2019 !!!

---------- Migrate r.cfcr.io/codefresh-inc/codefresh/cronus:cf-onprem-v1.0.78 to gcr.io/codefresh-inc/codefresh/cronus:cf-onprem-v1.0.78
cf-onprem-v1.0.78: Pulling from codefresh-inc/codefresh/cronus
e7c96db7181b: Already exists
0795cd701ef9: Pulling fs layer
ee1d82e421df: Pulling fs layer
0795cd701ef9: Verifying Checksum
0795cd701ef9: Download complete
ee1d82e421df: Verifying Checksum
ee1d82e421df: Download complete
0795cd701ef9: Pull complete
ee1d82e421df: Pull complete
Digest: sha256:7d5a25b40f08e5d712b89dca6236bf3989a12a16150f84c143d314f5c7690465
Status: Downloaded newer image for r.cfcr.io/codefresh-inc/codefresh/cronus:cf-onprem-v1.0.78
r.cfcr.io/codefresh-inc/codefresh/cronus:cf-onprem-v1.0.78
Pull r.cfcr.io/codefresh-inc/codefresh/cronus:cf-onprem-v1.0.78 completed - Mon Oct  7 17:10:43 UTC 2019 !!!

Tag gcr.io/codefresh-inc/codefresh/cronus:cf-onprem-v1.0.78 completed - Mon Oct  7 17:10:43 UTC 2019 !!!

The push refers to repository [gcr.io/codefresh-inc/codefresh/cronus]
4a4147d2f539: Preparing
4a69f42ff4d8: Preparing
f1b5933fe4b5: Preparing
4a69f42ff4d8: Waiting
f1b5933fe4b5: Waiting
4a4147d2f539: Pushed
4a69f42ff4d8: Pushed
f1b5933fe4b5: Layer already exists
cf-onprem-v1.0.78: digest: sha256:7d5a25b40f08e5d712b89dca6236bf3989a12a16150f84c143d314f5c7690465 size: 950
Push gcr.io/codefresh-inc/codefresh/cronus:cf-onprem-v1.0.78 completed - Mon Oct  7 17:10:49 UTC 2019 !!!

---------- Migrate r.cfcr.io/codefresh-inc/codefresh/cronus:0.3.1-cf-onprem-v1.0.78 to gcr.io/codefresh-inc/codefresh/cronus:0.3.1-cf-onprem-v1.0.78
0.3.1-cf-onprem-v1.0.78: Pulling from codefresh-inc/codefresh/cronus
Digest: sha256:7d5a25b40f08e5d712b89dca6236bf3989a12a16150f84c143d314f5c7690465
Status: Downloaded newer image for r.cfcr.io/codefresh-inc/codefresh/cronus:0.3.1-cf-onprem-v1.0.78
r.cfcr.io/codefresh-inc/codefresh/cronus:0.3.1-cf-onprem-v1.0.78
Pull r.cfcr.io/codefresh-inc/codefresh/cronus:0.3.1-cf-onprem-v1.0.78 completed - Mon Oct  7 17:10:49 UTC 2019 !!!

Tag gcr.io/codefresh-inc/codefresh/cronus:0.3.1-cf-onprem-v1.0.78 completed - Mon Oct  7 17:10:49 UTC 2019 !!!

The push refers to repository [gcr.io/codefresh-inc/codefresh/cronus]
4a4147d2f539: Preparing
4a69f42ff4d8: Preparing
f1b5933fe4b5: Preparing
4a69f42ff4d8: Waiting
f1b5933fe4b5: Waiting
4a4147d2f539: Layer already exists
4a69f42ff4d8: Layer already exists
f1b5933fe4b5: Layer already exists
0.3.1-cf-onprem-v1.0.78: digest: sha256:7d5a25b40f08e5d712b89dca6236bf3989a12a16150f84c143d314f5c7690465 size: 950
Push gcr.io/codefresh-inc/codefresh/cronus:0.3.1-cf-onprem-v1.0.78 completed - Mon Oct  7 17:10:50 UTC 2019 !!!

---------- Migrate r.cfcr.io/codefresh-inc/codefresh/cronus:cf-onprem-v1.0.77 to gcr.io/codefresh-inc/codefresh/cronus:cf-onprem-v1.0.77
cf-onprem-v1.0.77: Pulling from codefresh-inc/codefresh/cronus
e7c96db7181b: Already exists
a61811cd23da: Pulling fs layer
9318332853dc: Pulling fs layer
9318332853dc: Verifying Checksum
9318332853dc: Download complete
a61811cd23da: Verifying Checksum
a61811cd23da: Download complete
a61811cd23da: Pull complete
9318332853dc: Pull complete
Digest: sha256:c56d440a4c6b31fa65ce886333aee889587be2995ad78ec3d6ef27e9bb500813
Status: Downloaded newer image for r.cfcr.io/codefresh-inc/codefresh/cronus:cf-onprem-v1.0.77
r.cfcr.io/codefresh-inc/codefresh/cronus:cf-onprem-v1.0.77
Pull r.cfcr.io/codefresh-inc/codefresh/cronus:cf-onprem-v1.0.77 completed - Mon Oct  7 17:10:52 UTC 2019 !!!

Tag gcr.io/codefresh-inc/codefresh/cronus:cf-onprem-v1.0.77 completed - Mon Oct  7 17:10:52 UTC 2019 !!!

The push refers to repository [gcr.io/codefresh-inc/codefresh/cronus]
63aa2cad9dcc: Preparing
8538cad69d97: Preparing
f1b5933fe4b5: Preparing
8538cad69d97: Waiting
f1b5933fe4b5: Waiting
63aa2cad9dcc: Pushed
8538cad69d97: Pushed
f1b5933fe4b5: Layer already exists
cf-onprem-v1.0.77: digest: sha256:c56d440a4c6b31fa65ce886333aee889587be2995ad78ec3d6ef27e9bb500813 size: 950
Push gcr.io/codefresh-inc/codefresh/cronus:cf-onprem-v1.0.77 completed - Mon Oct  7 17:10:58 UTC 2019 !!!

---------- Migrate r.cfcr.io/codefresh-inc/codefresh/cronus:0.3.1-cf-onprem-v1.0.77 to gcr.io/codefresh-inc/codefresh/cronus:0.3.1-cf-onprem-v1.0.77
0.3.1-cf-onprem-v1.0.77: Pulling from codefresh-inc/codefresh/cronus
Digest: sha256:c56d440a4c6b31fa65ce886333aee889587be2995ad78ec3d6ef27e9bb500813
Status: Downloaded newer image for r.cfcr.io/codefresh-inc/codefresh/cronus:0.3.1-cf-onprem-v1.0.77
r.cfcr.io/codefresh-inc/codefresh/cronus:0.3.1-cf-onprem-v1.0.77
Pull r.cfcr.io/codefresh-inc/codefresh/cronus:0.3.1-cf-onprem-v1.0.77 completed - Mon Oct  7 17:10:59 UTC 2019 !!!

Tag gcr.io/codefresh-inc/codefresh/cronus:0.3.1-cf-onprem-v1.0.77 completed - Mon Oct  7 17:10:59 UTC 2019 !!!

The push refers to repository [gcr.io/codefresh-inc/codefresh/cronus]
63aa2cad9dcc: Preparing
8538cad69d97: Preparing
f1b5933fe4b5: Preparing
8538cad69d97: Waiting
f1b5933fe4b5: Waiting
63aa2cad9dcc: Layer already exists
8538cad69d97: Layer already exists
f1b5933fe4b5: Layer already exists
0.3.1-cf-onprem-v1.0.77: digest: sha256:c56d440a4c6b31fa65ce886333aee889587be2995ad78ec3d6ef27e9bb500813 size: 950
Push gcr.io/codefresh-inc/codefresh/cronus:0.3.1-cf-onprem-v1.0.77 completed - Mon Oct  7 17:11:00 UTC 2019 !!!

---------- Migrate r.cfcr.io/codefresh-inc/codefresh/cronus:cf-onprem-v1.0.76 to gcr.io/codefresh-inc/codefresh/cronus:cf-onprem-v1.0.76
cf-onprem-v1.0.76: Pulling from codefresh-inc/codefresh/cronus
e7c96db7181b: Already exists
28819d907743: Pulling fs layer
6af149bd00de: Pulling fs layer
6af149bd00de: Verifying Checksum
6af149bd00de: Download complete
28819d907743: Verifying Checksum
28819d907743: Download complete
28819d907743: Pull complete
6af149bd00de: Pull complete
Digest: sha256:ef42e03322c792cb8c87057e2c6d0af97c0fce6248db2b38d00c051884538d35
Status: Downloaded newer image for r.cfcr.io/codefresh-inc/codefresh/cronus:cf-onprem-v1.0.76
r.cfcr.io/codefresh-inc/codefresh/cronus:cf-onprem-v1.0.76
Pull r.cfcr.io/codefresh-inc/codefresh/cronus:cf-onprem-v1.0.76 completed - Mon Oct  7 17:11:01 UTC 2019 !!!

Tag gcr.io/codefresh-inc/codefresh/cronus:cf-onprem-v1.0.76 completed - Mon Oct  7 17:11:01 UTC 2019 !!!

The push refers to repository [gcr.io/codefresh-inc/codefresh/cronus]
fa0d6489d91d: Preparing
0cf04e8f2f20: Preparing
f1b5933fe4b5: Preparing
0cf04e8f2f20: Waiting
f1b5933fe4b5: Waiting
fa0d6489d91d: Pushed
0cf04e8f2f20: Pushed
f1b5933fe4b5: Layer already exists
cf-onprem-v1.0.76: digest: sha256:ef42e03322c792cb8c87057e2c6d0af97c0fce6248db2b38d00c051884538d35 size: 950
Push gcr.io/codefresh-inc/codefresh/cronus:cf-onprem-v1.0.76 completed - Mon Oct  7 17:11:07 UTC 2019 !!!

---------- Migrate r.cfcr.io/codefresh-inc/codefresh/cronus:0.3.1-cf-onprem-v1.0.76 to gcr.io/codefresh-inc/codefresh/cronus:0.3.1-cf-onprem-v1.0.76
0.3.1-cf-onprem-v1.0.76: Pulling from codefresh-inc/codefresh/cronus
Digest: sha256:ef42e03322c792cb8c87057e2c6d0af97c0fce6248db2b38d00c051884538d35
Status: Downloaded newer image for r.cfcr.io/codefresh-inc/codefresh/cronus:0.3.1-cf-onprem-v1.0.76
r.cfcr.io/codefresh-inc/codefresh/cronus:0.3.1-cf-onprem-v1.0.76
Pull r.cfcr.io/codefresh-inc/codefresh/cronus:0.3.1-cf-onprem-v1.0.76 completed - Mon Oct  7 17:11:07 UTC 2019 !!!

Tag gcr.io/codefresh-inc/codefresh/cronus:0.3.1-cf-onprem-v1.0.76 completed - Mon Oct  7 17:11:07 UTC 2019 !!!

The push refers to repository [gcr.io/codefresh-inc/codefresh/cronus]
fa0d6489d91d: Preparing
0cf04e8f2f20: Preparing
f1b5933fe4b5: Preparing
0cf04e8f2f20: Waiting
f1b5933fe4b5: Waiting
fa0d6489d91d: Layer already exists
0cf04e8f2f20: Layer already exists
f1b5933fe4b5: Layer already exists
0.3.1-cf-onprem-v1.0.76: digest: sha256:ef42e03322c792cb8c87057e2c6d0af97c0fce6248db2b38d00c051884538d35 size: 950
Push gcr.io/codefresh-inc/codefresh/cronus:0.3.1-cf-onprem-v1.0.76 completed - Mon Oct  7 17:11:08 UTC 2019 !!!

---------- Migrate r.cfcr.io/codefresh-inc/codefresh/cronus:cf-onprem-v1.0.75 to gcr.io/codefresh-inc/codefresh/cronus:cf-onprem-v1.0.75
cf-onprem-v1.0.75: Pulling from codefresh-inc/codefresh/cronus
e7c96db7181b: Already exists
75fa88ecd537: Pulling fs layer
c2c4753831f1: Pulling fs layer
75fa88ecd537: Verifying Checksum
75fa88ecd537: Download complete
c2c4753831f1: Verifying Checksum
c2c4753831f1: Download complete
75fa88ecd537: Pull complete
c2c4753831f1: Pull complete
Digest: sha256:28ce4a0a71202ba03b508b8688a6073211c7af6aa6a8d1cc7166cbaa5ddc979e
Status: Downloaded newer image for r.cfcr.io/codefresh-inc/codefresh/cronus:cf-onprem-v1.0.75
r.cfcr.io/codefresh-inc/codefresh/cronus:cf-onprem-v1.0.75
Pull r.cfcr.io/codefresh-inc/codefresh/cronus:cf-onprem-v1.0.75 completed - Mon Oct  7 17:11:10 UTC 2019 !!!

Tag gcr.io/codefresh-inc/codefresh/cronus:cf-onprem-v1.0.75 completed - Mon Oct  7 17:11:10 UTC 2019 !!!

The push refers to repository [gcr.io/codefresh-inc/codefresh/cronus]
fa85597d2f2e: Preparing
656ae4142fc7: Preparing
f1b5933fe4b5: Preparing
656ae4142fc7: Waiting
f1b5933fe4b5: Waiting
fa85597d2f2e: Pushed
656ae4142fc7: Pushed
f1b5933fe4b5: Layer already exists
cf-onprem-v1.0.75: digest: sha256:28ce4a0a71202ba03b508b8688a6073211c7af6aa6a8d1cc7166cbaa5ddc979e size: 950
Push gcr.io/codefresh-inc/codefresh/cronus:cf-onprem-v1.0.75 completed - Mon Oct  7 17:11:15 UTC 2019 !!!

---------- Migrate r.cfcr.io/codefresh-inc/codefresh/cronus:0.3.1-cf-onprem-v1.0.75 to gcr.io/codefresh-inc/codefresh/cronus:0.3.1-cf-onprem-v1.0.75
0.3.1-cf-onprem-v1.0.75: Pulling from codefresh-inc/codefresh/cronus
Digest: sha256:28ce4a0a71202ba03b508b8688a6073211c7af6aa6a8d1cc7166cbaa5ddc979e
Status: Downloaded newer image for r.cfcr.io/codefresh-inc/codefresh/cronus:0.3.1-cf-onprem-v1.0.75
r.cfcr.io/codefresh-inc/codefresh/cronus:0.3.1-cf-onprem-v1.0.75
Pull r.cfcr.io/codefresh-inc/codefresh/cronus:0.3.1-cf-onprem-v1.0.75 completed - Mon Oct  7 17:11:16 UTC 2019 !!!

Tag gcr.io/codefresh-inc/codefresh/cronus:0.3.1-cf-onprem-v1.0.75 completed - Mon Oct  7 17:11:16 UTC 2019 !!!

The push refers to repository [gcr.io/codefresh-inc/codefresh/cronus]
fa85597d2f2e: Preparing
656ae4142fc7: Preparing
f1b5933fe4b5: Preparing
656ae4142fc7: Waiting
f1b5933fe4b5: Waiting
fa85597d2f2e: Layer already exists
656ae4142fc7: Layer already exists
f1b5933fe4b5: Layer already exists
0.3.1-cf-onprem-v1.0.75: digest: sha256:28ce4a0a71202ba03b508b8688a6073211c7af6aa6a8d1cc7166cbaa5ddc979e size: 950
Push gcr.io/codefresh-inc/codefresh/cronus:0.3.1-cf-onprem-v1.0.75 completed - Mon Oct  7 17:11:17 UTC 2019 !!!

---------- Migrate r.cfcr.io/codefresh-inc/codefresh/cronus:cf-onprem-v1.0.74 to gcr.io/codefresh-inc/codefresh/cronus:cf-onprem-v1.0.74
cf-onprem-v1.0.74: Pulling from codefresh-inc/codefresh/cronus
e7c96db7181b: Already exists
da50c2efb6e8: Pulling fs layer
f1172a5769c3: Pulling fs layer
da50c2efb6e8: Verifying Checksum
da50c2efb6e8: Download complete
f1172a5769c3: Verifying Checksum
f1172a5769c3: Download complete
da50c2efb6e8: Pull complete
f1172a5769c3: Pull complete
Digest: sha256:7a0ac8e658702051a70538175605120baa6867db5516b72393ebe3edcf890181
Status: Downloaded newer image for r.cfcr.io/codefresh-inc/codefresh/cronus:cf-onprem-v1.0.74
r.cfcr.io/codefresh-inc/codefresh/cronus:cf-onprem-v1.0.74
Pull r.cfcr.io/codefresh-inc/codefresh/cronus:cf-onprem-v1.0.74 completed - Mon Oct  7 17:11:18 UTC 2019 !!!

Tag gcr.io/codefresh-inc/codefresh/cronus:cf-onprem-v1.0.74 completed - Mon Oct  7 17:11:18 UTC 2019 !!!

The push refers to repository [gcr.io/codefresh-inc/codefresh/cronus]
1e923a2c1a5c: Preparing
e7f96e1a599a: Preparing
f1b5933fe4b5: Preparing
e7f96e1a599a: Waiting
f1b5933fe4b5: Waiting
1e923a2c1a5c: Pushed
e7f96e1a599a: Pushed
f1b5933fe4b5: Layer already exists
cf-onprem-v1.0.74: digest: sha256:7a0ac8e658702051a70538175605120baa6867db5516b72393ebe3edcf890181 size: 950
Push gcr.io/codefresh-inc/codefresh/cronus:cf-onprem-v1.0.74 completed - Mon Oct  7 17:11:24 UTC 2019 !!!

---------- Migrate r.cfcr.io/codefresh-inc/codefresh/cronus:0.3.1-cf-onprem-v1.0.74 to gcr.io/codefresh-inc/codefresh/cronus:0.3.1-cf-onprem-v1.0.74
0.3.1-cf-onprem-v1.0.74: Pulling from codefresh-inc/codefresh/cronus
Digest: sha256:7a0ac8e658702051a70538175605120baa6867db5516b72393ebe3edcf890181
Status: Downloaded newer image for r.cfcr.io/codefresh-inc/codefresh/cronus:0.3.1-cf-onprem-v1.0.74
r.cfcr.io/codefresh-inc/codefresh/cronus:0.3.1-cf-onprem-v1.0.74
Pull r.cfcr.io/codefresh-inc/codefresh/cronus:0.3.1-cf-onprem-v1.0.74 completed - Mon Oct  7 17:11:25 UTC 2019 !!!

Tag gcr.io/codefresh-inc/codefresh/cronus:0.3.1-cf-onprem-v1.0.74 completed - Mon Oct  7 17:11:25 UTC 2019 !!!

The push refers to repository [gcr.io/codefresh-inc/codefresh/cronus]
1e923a2c1a5c: Preparing
e7f96e1a599a: Preparing
f1b5933fe4b5: Preparing
e7f96e1a599a: Waiting
f1b5933fe4b5: Waiting
1e923a2c1a5c: Layer already exists
e7f96e1a599a: Layer already exists
f1b5933fe4b5: Layer already exists
0.3.1-cf-onprem-v1.0.74: digest: sha256:7a0ac8e658702051a70538175605120baa6867db5516b72393ebe3edcf890181 size: 950
Push gcr.io/codefresh-inc/codefresh/cronus:0.3.1-cf-onprem-v1.0.74 completed - Mon Oct  7 17:11:25 UTC 2019 !!!

---------- Migrate r.cfcr.io/codefresh-inc/codefresh/cronus:cf-onprem-v1.0.73 to gcr.io/codefresh-inc/codefresh/cronus:cf-onprem-v1.0.73
cf-onprem-v1.0.73: Pulling from codefresh-inc/codefresh/cronus
e7c96db7181b: Already exists
da50c2efb6e8: Already exists
f85bdc1a41dd: Pulling fs layer
f85bdc1a41dd: Verifying Checksum
f85bdc1a41dd: Download complete
f85bdc1a41dd: Pull complete
Digest: sha256:135b323bacb66fe88de91cac7c4caf770d0663f03cafe6cd8413fdc14060df07
Status: Downloaded newer image for r.cfcr.io/codefresh-inc/codefresh/cronus:cf-onprem-v1.0.73
r.cfcr.io/codefresh-inc/codefresh/cronus:cf-onprem-v1.0.73
Pull r.cfcr.io/codefresh-inc/codefresh/cronus:cf-onprem-v1.0.73 completed - Mon Oct  7 17:11:27 UTC 2019 !!!

Tag gcr.io/codefresh-inc/codefresh/cronus:cf-onprem-v1.0.73 completed - Mon Oct  7 17:11:27 UTC 2019 !!!

The push refers to repository [gcr.io/codefresh-inc/codefresh/cronus]
591f338170c6: Preparing
e7f96e1a599a: Preparing
f1b5933fe4b5: Preparing
e7f96e1a599a: Waiting
f1b5933fe4b5: Waiting
591f338170c6: Pushed
e7f96e1a599a: Layer already exists
f1b5933fe4b5: Layer already exists
cf-onprem-v1.0.73: digest: sha256:135b323bacb66fe88de91cac7c4caf770d0663f03cafe6cd8413fdc14060df07 size: 950
Push gcr.io/codefresh-inc/codefresh/cronus:cf-onprem-v1.0.73 completed - Mon Oct  7 17:11:31 UTC 2019 !!!

---------- Migrate r.cfcr.io/codefresh-inc/codefresh/cronus:0.3.1-cf-onprem-v1.0.73 to gcr.io/codefresh-inc/codefresh/cronus:0.3.1-cf-onprem-v1.0.73
0.3.1-cf-onprem-v1.0.73: Pulling from codefresh-inc/codefresh/cronus
Digest: sha256:135b323bacb66fe88de91cac7c4caf770d0663f03cafe6cd8413fdc14060df07
Status: Downloaded newer image for r.cfcr.io/codefresh-inc/codefresh/cronus:0.3.1-cf-onprem-v1.0.73
r.cfcr.io/codefresh-inc/codefresh/cronus:0.3.1-cf-onprem-v1.0.73
Pull r.cfcr.io/codefresh-inc/codefresh/cronus:0.3.1-cf-onprem-v1.0.73 completed - Mon Oct  7 17:11:32 UTC 2019 !!!

Tag gcr.io/codefresh-inc/codefresh/cronus:0.3.1-cf-onprem-v1.0.73 completed - Mon Oct  7 17:11:32 UTC 2019 !!!

The push refers to repository [gcr.io/codefresh-inc/codefresh/cronus]
591f338170c6: Preparing
e7f96e1a599a: Preparing
f1b5933fe4b5: Preparing
e7f96e1a599a: Waiting
f1b5933fe4b5: Waiting
591f338170c6: Layer already exists
e7f96e1a599a: Layer already exists
f1b5933fe4b5: Layer already exists
0.3.1-cf-onprem-v1.0.73: digest: sha256:135b323bacb66fe88de91cac7c4caf770d0663f03cafe6cd8413fdc14060df07 size: 950
Push gcr.io/codefresh-inc/codefresh/cronus:0.3.1-cf-onprem-v1.0.73 completed - Mon Oct  7 17:11:33 UTC 2019 !!!

---------- Migrate r.cfcr.io/codefresh-inc/codefresh/cronus:cf-onprem-v1.0.72 to gcr.io/codefresh-inc/codefresh/cronus:cf-onprem-v1.0.72
cf-onprem-v1.0.72: Pulling from codefresh-inc/codefresh/cronus
e7c96db7181b: Already exists
e7dd81c3554a: Pulling fs layer
2ea72ba580ab: Pulling fs layer
2ea72ba580ab: Verifying Checksum
2ea72ba580ab: Download complete
e7dd81c3554a: Verifying Checksum
e7dd81c3554a: Download complete
e7dd81c3554a: Pull complete
2ea72ba580ab: Pull complete
Digest: sha256:317408dc221d73ea31b946bd98dc781b6bc316dbc6711a70baa0b5ed2dcef903
Status: Downloaded newer image for r.cfcr.io/codefresh-inc/codefresh/cronus:cf-onprem-v1.0.72
r.cfcr.io/codefresh-inc/codefresh/cronus:cf-onprem-v1.0.72
Pull r.cfcr.io/codefresh-inc/codefresh/cronus:cf-onprem-v1.0.72 completed - Mon Oct  7 17:11:34 UTC 2019 !!!

Tag gcr.io/codefresh-inc/codefresh/cronus:cf-onprem-v1.0.72 completed - Mon Oct  7 17:11:35 UTC 2019 !!!

The push refers to repository [gcr.io/codefresh-inc/codefresh/cronus]
df7fb6718491: Preparing
1a1904a359e4: Preparing
f1b5933fe4b5: Preparing
1a1904a359e4: Waiting
f1b5933fe4b5: Waiting
df7fb6718491: Pushed
1a1904a359e4: Pushed
f1b5933fe4b5: Layer already exists
cf-onprem-v1.0.72: digest: sha256:317408dc221d73ea31b946bd98dc781b6bc316dbc6711a70baa0b5ed2dcef903 size: 950
Push gcr.io/codefresh-inc/codefresh/cronus:cf-onprem-v1.0.72 completed - Mon Oct  7 17:11:40 UTC 2019 !!!

---------- Migrate r.cfcr.io/codefresh-inc/codefresh/cronus:0.3.1-cf-onprem-v1.0.72 to gcr.io/codefresh-inc/codefresh/cronus:0.3.1-cf-onprem-v1.0.72
0.3.1-cf-onprem-v1.0.72: Pulling from codefresh-inc/codefresh/cronus
Digest: sha256:317408dc221d73ea31b946bd98dc781b6bc316dbc6711a70baa0b5ed2dcef903
Status: Downloaded newer image for r.cfcr.io/codefresh-inc/codefresh/cronus:0.3.1-cf-onprem-v1.0.72
r.cfcr.io/codefresh-inc/codefresh/cronus:0.3.1-cf-onprem-v1.0.72
Pull r.cfcr.io/codefresh-inc/codefresh/cronus:0.3.1-cf-onprem-v1.0.72 completed - Mon Oct  7 17:11:41 UTC 2019 !!!

Tag gcr.io/codefresh-inc/codefresh/cronus:0.3.1-cf-onprem-v1.0.72 completed - Mon Oct  7 17:11:41 UTC 2019 !!!

The push refers to repository [gcr.io/codefresh-inc/codefresh/cronus]
df7fb6718491: Preparing
1a1904a359e4: Preparing
f1b5933fe4b5: Preparing
1a1904a359e4: Waiting
f1b5933fe4b5: Waiting
df7fb6718491: Layer already exists
1a1904a359e4: Layer already exists
f1b5933fe4b5: Layer already exists
0.3.1-cf-onprem-v1.0.72: digest: sha256:317408dc221d73ea31b946bd98dc781b6bc316dbc6711a70baa0b5ed2dcef903 size: 950
Push gcr.io/codefresh-inc/codefresh/cronus:0.3.1-cf-onprem-v1.0.72 completed - Mon Oct  7 17:11:41 UTC 2019 !!!

---------- Migrate r.cfcr.io/codefresh-inc/codefresh/cronus:cf-onprem-v1.0.71 to gcr.io/codefresh-inc/codefresh/cronus:cf-onprem-v1.0.71
cf-onprem-v1.0.71: Pulling from codefresh-inc/codefresh/cronus
e7c96db7181b: Already exists
e7dd81c3554a: Already exists
cffb02756193: Pulling fs layer
cffb02756193: Verifying Checksum
cffb02756193: Download complete
cffb02756193: Pull complete
Digest: sha256:0ce072fd0bd2184fbeac9cd35d19e6929bd1809aeac08ee0e3d9ec625077e526
Status: Downloaded newer image for r.cfcr.io/codefresh-inc/codefresh/cronus:cf-onprem-v1.0.71
r.cfcr.io/codefresh-inc/codefresh/cronus:cf-onprem-v1.0.71
Pull r.cfcr.io/codefresh-inc/codefresh/cronus:cf-onprem-v1.0.71 completed - Mon Oct  7 17:11:43 UTC 2019 !!!

Tag gcr.io/codefresh-inc/codefresh/cronus:cf-onprem-v1.0.71 completed - Mon Oct  7 17:11:43 UTC 2019 !!!

The push refers to repository [gcr.io/codefresh-inc/codefresh/cronus]
841d90977ad0: Preparing
1a1904a359e4: Preparing
f1b5933fe4b5: Preparing
1a1904a359e4: Waiting
f1b5933fe4b5: Waiting
841d90977ad0: Pushed
1a1904a359e4: Layer already exists
f1b5933fe4b5: Layer already exists
cf-onprem-v1.0.71: digest: sha256:0ce072fd0bd2184fbeac9cd35d19e6929bd1809aeac08ee0e3d9ec625077e526 size: 950
Push gcr.io/codefresh-inc/codefresh/cronus:cf-onprem-v1.0.71 completed - Mon Oct  7 17:11:47 UTC 2019 !!!

---------- Migrate r.cfcr.io/codefresh-inc/codefresh/cronus:0.3.1-cf-onprem-v1.0.71 to gcr.io/codefresh-inc/codefresh/cronus:0.3.1-cf-onprem-v1.0.71
0.3.1-cf-onprem-v1.0.71: Pulling from codefresh-inc/codefresh/cronus
Digest: sha256:0ce072fd0bd2184fbeac9cd35d19e6929bd1809aeac08ee0e3d9ec625077e526
Status: Downloaded newer image for r.cfcr.io/codefresh-inc/codefresh/cronus:0.3.1-cf-onprem-v1.0.71
r.cfcr.io/codefresh-inc/codefresh/cronus:0.3.1-cf-onprem-v1.0.71
Pull r.cfcr.io/codefresh-inc/codefresh/cronus:0.3.1-cf-onprem-v1.0.71 completed - Mon Oct  7 17:11:48 UTC 2019 !!!

Tag gcr.io/codefresh-inc/codefresh/cronus:0.3.1-cf-onprem-v1.0.71 completed - Mon Oct  7 17:11:48 UTC 2019 !!!

The push refers to repository [gcr.io/codefresh-inc/codefresh/cronus]
841d90977ad0: Preparing
1a1904a359e4: Preparing
f1b5933fe4b5: Preparing
1a1904a359e4: Waiting
f1b5933fe4b5: Waiting
841d90977ad0: Layer already exists
1a1904a359e4: Layer already exists
f1b5933fe4b5: Layer already exists
0.3.1-cf-onprem-v1.0.71: digest: sha256:0ce072fd0bd2184fbeac9cd35d19e6929bd1809aeac08ee0e3d9ec625077e526 size: 950
Push gcr.io/codefresh-inc/codefresh/cronus:0.3.1-cf-onprem-v1.0.71 completed - Mon Oct  7 17:11:48 UTC 2019 !!!

---------- Migrate r.cfcr.io/codefresh-inc/codefresh/cronus:cf-onprem-v1.0.70 to gcr.io/codefresh-inc/codefresh/cronus:cf-onprem-v1.0.70
cf-onprem-v1.0.70: Pulling from codefresh-inc/codefresh/cronus
e7c96db7181b: Already exists
e7dd81c3554a: Already exists
1815646ac0ee: Pulling fs layer
1815646ac0ee: Verifying Checksum
1815646ac0ee: Download complete
1815646ac0ee: Pull complete
Digest: sha256:52f5c00d4ce599a969230d330dee4ba802bbd73d434776ac51b799025e7d07c7
Status: Downloaded newer image for r.cfcr.io/codefresh-inc/codefresh/cronus:cf-onprem-v1.0.70
r.cfcr.io/codefresh-inc/codefresh/cronus:cf-onprem-v1.0.70
Pull r.cfcr.io/codefresh-inc/codefresh/cronus:cf-onprem-v1.0.70 completed - Mon Oct  7 17:11:50 UTC 2019 !!!

Tag gcr.io/codefresh-inc/codefresh/cronus:cf-onprem-v1.0.70 completed - Mon Oct  7 17:11:50 UTC 2019 !!!

The push refers to repository [gcr.io/codefresh-inc/codefresh/cronus]
be0fdfc1d5fe: Preparing
1a1904a359e4: Preparing
f1b5933fe4b5: Preparing
1a1904a359e4: Layer already exists
f1b5933fe4b5: Layer already exists
be0fdfc1d5fe: Pushed
cf-onprem-v1.0.70: digest: sha256:52f5c00d4ce599a969230d330dee4ba802bbd73d434776ac51b799025e7d07c7 size: 950
Push gcr.io/codefresh-inc/codefresh/cronus:cf-onprem-v1.0.70 completed - Mon Oct  7 17:11:53 UTC 2019 !!!

---------- Migrate r.cfcr.io/codefresh-inc/codefresh/cronus:0.3.1-cf-onprem-v1.0.70 to gcr.io/codefresh-inc/codefresh/cronus:0.3.1-cf-onprem-v1.0.70
0.3.1-cf-onprem-v1.0.70: Pulling from codefresh-inc/codefresh/cronus
Digest: sha256:52f5c00d4ce599a969230d330dee4ba802bbd73d434776ac51b799025e7d07c7
Status: Downloaded newer image for r.cfcr.io/codefresh-inc/codefresh/cronus:0.3.1-cf-onprem-v1.0.70
r.cfcr.io/codefresh-inc/codefresh/cronus:0.3.1-cf-onprem-v1.0.70
Pull r.cfcr.io/codefresh-inc/codefresh/cronus:0.3.1-cf-onprem-v1.0.70 completed - Mon Oct  7 17:11:54 UTC 2019 !!!

Tag gcr.io/codefresh-inc/codefresh/cronus:0.3.1-cf-onprem-v1.0.70 completed - Mon Oct  7 17:11:54 UTC 2019 !!!

The push refers to repository [gcr.io/codefresh-inc/codefresh/cronus]
be0fdfc1d5fe: Preparing
1a1904a359e4: Preparing
f1b5933fe4b5: Preparing
f1b5933fe4b5: Layer already exists
1a1904a359e4: Layer already exists
be0fdfc1d5fe: Layer already exists
0.3.1-cf-onprem-v1.0.70: digest: sha256:52f5c00d4ce599a969230d330dee4ba802bbd73d434776ac51b799025e7d07c7 size: 950
Push gcr.io/codefresh-inc/codefresh/cronus:0.3.1-cf-onprem-v1.0.70 completed - Mon Oct  7 17:11:54 UTC 2019 !!!

---------- Migrate r.cfcr.io/codefresh-inc/codefresh/cronus:cf-onprem-v1.0.69 to gcr.io/codefresh-inc/codefresh/cronus:cf-onprem-v1.0.69
cf-onprem-v1.0.69: Pulling from codefresh-inc/codefresh/cronus
bdf0201b3a05: Already exists
91c0fed1c584: Pulling fs layer
18f58ead6b55: Pulling fs layer
91c0fed1c584: Verifying Checksum
91c0fed1c584: Download complete
18f58ead6b55: Verifying Checksum
18f58ead6b55: Download complete
91c0fed1c584: Pull complete
18f58ead6b55: Pull complete
Digest: sha256:d06623f8d322649587e1fb0da75b804ff8de9d1d5047e5b68f535414623ef09f
Status: Downloaded newer image for r.cfcr.io/codefresh-inc/codefresh/cronus:cf-onprem-v1.0.69
r.cfcr.io/codefresh-inc/codefresh/cronus:cf-onprem-v1.0.69
Pull r.cfcr.io/codefresh-inc/codefresh/cronus:cf-onprem-v1.0.69 completed - Mon Oct  7 17:11:56 UTC 2019 !!!

Tag gcr.io/codefresh-inc/codefresh/cronus:cf-onprem-v1.0.69 completed - Mon Oct  7 17:11:56 UTC 2019 !!!

The push refers to repository [gcr.io/codefresh-inc/codefresh/cronus]
8df9297d1135: Preparing
ea60e1a58b6b: Preparing
a464c54f93a9: Preparing
a464c54f93a9: Layer already exists
ea60e1a58b6b: Pushed
8df9297d1135: Pushed
cf-onprem-v1.0.69: digest: sha256:d06623f8d322649587e1fb0da75b804ff8de9d1d5047e5b68f535414623ef09f size: 950
Push gcr.io/codefresh-inc/codefresh/cronus:cf-onprem-v1.0.69 completed - Mon Oct  7 17:12:00 UTC 2019 !!!

---------- Migrate r.cfcr.io/codefresh-inc/codefresh/cronus:0.3.1-cf-onprem-v1.0.69 to gcr.io/codefresh-inc/codefresh/cronus:0.3.1-cf-onprem-v1.0.69
0.3.1-cf-onprem-v1.0.69: Pulling from codefresh-inc/codefresh/cronus
Digest: sha256:d06623f8d322649587e1fb0da75b804ff8de9d1d5047e5b68f535414623ef09f
Status: Downloaded newer image for r.cfcr.io/codefresh-inc/codefresh/cronus:0.3.1-cf-onprem-v1.0.69
r.cfcr.io/codefresh-inc/codefresh/cronus:0.3.1-cf-onprem-v1.0.69
Pull r.cfcr.io/codefresh-inc/codefresh/cronus:0.3.1-cf-onprem-v1.0.69 completed - Mon Oct  7 17:12:00 UTC 2019 !!!

Tag gcr.io/codefresh-inc/codefresh/cronus:0.3.1-cf-onprem-v1.0.69 completed - Mon Oct  7 17:12:00 UTC 2019 !!!

The push refers to repository [gcr.io/codefresh-inc/codefresh/cronus]
8df9297d1135: Preparing
ea60e1a58b6b: Preparing
a464c54f93a9: Preparing
8df9297d1135: Layer already exists
a464c54f93a9: Layer already exists
ea60e1a58b6b: Layer already exists
0.3.1-cf-onprem-v1.0.69: digest: sha256:d06623f8d322649587e1fb0da75b804ff8de9d1d5047e5b68f535414623ef09f size: 950
Push gcr.io/codefresh-inc/codefresh/cronus:0.3.1-cf-onprem-v1.0.69 completed - Mon Oct  7 17:12:01 UTC 2019 !!!

---------- Migrate r.cfcr.io/codefresh-inc/codefresh/cronus:cf-onprem-v1.0.67 to gcr.io/codefresh-inc/codefresh/cronus:cf-onprem-v1.0.67
cf-onprem-v1.0.67: Pulling from codefresh-inc/codefresh/cronus
bdf0201b3a05: Already exists
91c0fed1c584: Already exists
429145a341c1: Pulling fs layer
429145a341c1: Verifying Checksum
429145a341c1: Download complete
429145a341c1: Pull complete
Digest: sha256:2d71947dde06fd31d48e7b1cb8ec7de8a4ff413bf62a7af6d7407838ccf9c1dc
Status: Downloaded newer image for r.cfcr.io/codefresh-inc/codefresh/cronus:cf-onprem-v1.0.67
r.cfcr.io/codefresh-inc/codefresh/cronus:cf-onprem-v1.0.67
Pull r.cfcr.io/codefresh-inc/codefresh/cronus:cf-onprem-v1.0.67 completed - Mon Oct  7 17:12:02 UTC 2019 !!!

Tag gcr.io/codefresh-inc/codefresh/cronus:cf-onprem-v1.0.67 completed - Mon Oct  7 17:12:02 UTC 2019 !!!

The push refers to repository [gcr.io/codefresh-inc/codefresh/cronus]
6de5306538d8: Preparing
ea60e1a58b6b: Preparing
a464c54f93a9: Preparing
ea60e1a58b6b: Layer already exists
a464c54f93a9: Layer already exists
6de5306538d8: Pushed
cf-onprem-v1.0.67: digest: sha256:2d71947dde06fd31d48e7b1cb8ec7de8a4ff413bf62a7af6d7407838ccf9c1dc size: 950
Push gcr.io/codefresh-inc/codefresh/cronus:cf-onprem-v1.0.67 completed - Mon Oct  7 17:12:06 UTC 2019 !!!

---------- Migrate r.cfcr.io/codefresh-inc/codefresh/cronus:0.3.1-cf-onprem-v1.0.67 to gcr.io/codefresh-inc/codefresh/cronus:0.3.1-cf-onprem-v1.0.67
0.3.1-cf-onprem-v1.0.67: Pulling from codefresh-inc/codefresh/cronus
Digest: sha256:2d71947dde06fd31d48e7b1cb8ec7de8a4ff413bf62a7af6d7407838ccf9c1dc
Status: Downloaded newer image for r.cfcr.io/codefresh-inc/codefresh/cronus:0.3.1-cf-onprem-v1.0.67
r.cfcr.io/codefresh-inc/codefresh/cronus:0.3.1-cf-onprem-v1.0.67
Pull r.cfcr.io/codefresh-inc/codefresh/cronus:0.3.1-cf-onprem-v1.0.67 completed - Mon Oct  7 17:12:07 UTC 2019 !!!

Tag gcr.io/codefresh-inc/codefresh/cronus:0.3.1-cf-onprem-v1.0.67 completed - Mon Oct  7 17:12:07 UTC 2019 !!!

The push refers to repository [gcr.io/codefresh-inc/codefresh/cronus]
6de5306538d8: Preparing
ea60e1a58b6b: Preparing
a464c54f93a9: Preparing
a464c54f93a9: Layer already exists
6de5306538d8: Layer already exists
ea60e1a58b6b: Layer already exists
0.3.1-cf-onprem-v1.0.67: digest: sha256:2d71947dde06fd31d48e7b1cb8ec7de8a4ff413bf62a7af6d7407838ccf9c1dc size: 950
Push gcr.io/codefresh-inc/codefresh/cronus:0.3.1-cf-onprem-v1.0.67 completed - Mon Oct  7 17:12:07 UTC 2019 !!!

---------- Migrate r.cfcr.io/codefresh-inc/codefresh/cronus:fix_custom_registry to gcr.io/codefresh-inc/codefresh/cronus:fix_custom_registry
fix_custom_registry: Pulling from codefresh-inc/codefresh/cronus
bdf0201b3a05: Already exists
af214278e083: Pulling fs layer
7497a6187dba: Pulling fs layer
af214278e083: Verifying Checksum
af214278e083: Download complete
7497a6187dba: Verifying Checksum
7497a6187dba: Download complete
af214278e083: Pull complete
7497a6187dba: Pull complete
Digest: sha256:a364cccf26787fdd4bdd7378ae296bad118389de5c4ca7aa9851d9c24ef8c8ed
Status: Downloaded newer image for r.cfcr.io/codefresh-inc/codefresh/cronus:fix_custom_registry
r.cfcr.io/codefresh-inc/codefresh/cronus:fix_custom_registry
Pull r.cfcr.io/codefresh-inc/codefresh/cronus:fix_custom_registry completed - Mon Oct  7 17:12:09 UTC 2019 !!!

Tag gcr.io/codefresh-inc/codefresh/cronus:fix_custom_registry completed - Mon Oct  7 17:12:09 UTC 2019 !!!

The push refers to repository [gcr.io/codefresh-inc/codefresh/cronus]
f69622dd309c: Preparing
908a16a37884: Preparing
a464c54f93a9: Preparing
a464c54f93a9: Layer already exists
908a16a37884: Pushed
f69622dd309c: Pushed
fix_custom_registry: digest: sha256:a364cccf26787fdd4bdd7378ae296bad118389de5c4ca7aa9851d9c24ef8c8ed size: 950
Push gcr.io/codefresh-inc/codefresh/cronus:fix_custom_registry completed - Mon Oct  7 17:12:13 UTC 2019 !!!

---------- Migrate r.cfcr.io/codefresh-inc/codefresh/cronus:0.3.1-fix-custom-registry to gcr.io/codefresh-inc/codefresh/cronus:0.3.1-fix-custom-registry
0.3.1-fix-custom-registry: Pulling from codefresh-inc/codefresh/cronus
Digest: sha256:a364cccf26787fdd4bdd7378ae296bad118389de5c4ca7aa9851d9c24ef8c8ed
Status: Downloaded newer image for r.cfcr.io/codefresh-inc/codefresh/cronus:0.3.1-fix-custom-registry
r.cfcr.io/codefresh-inc/codefresh/cronus:0.3.1-fix-custom-registry
Pull r.cfcr.io/codefresh-inc/codefresh/cronus:0.3.1-fix-custom-registry completed - Mon Oct  7 17:12:13 UTC 2019 !!!

Tag gcr.io/codefresh-inc/codefresh/cronus:0.3.1-fix-custom-registry completed - Mon Oct  7 17:12:13 UTC 2019 !!!

The push refers to repository [gcr.io/codefresh-inc/codefresh/cronus]
f69622dd309c: Preparing
908a16a37884: Preparing
a464c54f93a9: Preparing
908a16a37884: Layer already exists
f69622dd309c: Layer already exists
a464c54f93a9: Layer already exists
0.3.1-fix-custom-registry: digest: sha256:a364cccf26787fdd4bdd7378ae296bad118389de5c4ca7aa9851d9c24ef8c8ed size: 950
Push gcr.io/codefresh-inc/codefresh/cronus:0.3.1-fix-custom-registry completed - Mon Oct  7 17:12:14 UTC 2019 !!!

---------- Migrate r.cfcr.io/codefresh-inc/codefresh/cronus:0.3.1 to gcr.io/codefresh-inc/codefresh/cronus:0.3.1
0.3.1: Pulling from codefresh-inc/codefresh/cronus
Digest: sha256:a364cccf26787fdd4bdd7378ae296bad118389de5c4ca7aa9851d9c24ef8c8ed
Status: Downloaded newer image for r.cfcr.io/codefresh-inc/codefresh/cronus:0.3.1
r.cfcr.io/codefresh-inc/codefresh/cronus:0.3.1
Pull r.cfcr.io/codefresh-inc/codefresh/cronus:0.3.1 completed - Mon Oct  7 17:12:15 UTC 2019 !!!

Tag gcr.io/codefresh-inc/codefresh/cronus:0.3.1 completed - Mon Oct  7 17:12:15 UTC 2019 !!!

The push refers to repository [gcr.io/codefresh-inc/codefresh/cronus]
f69622dd309c: Preparing
908a16a37884: Preparing
a464c54f93a9: Preparing
a464c54f93a9: Layer already exists
908a16a37884: Layer already exists
f69622dd309c: Layer already exists
0.3.1: digest: sha256:a364cccf26787fdd4bdd7378ae296bad118389de5c4ca7aa9851d9c24ef8c8ed size: 950
Push gcr.io/codefresh-inc/codefresh/cronus:0.3.1 completed - Mon Oct  7 17:12:15 UTC 2019 !!!

---------- Migrate r.cfcr.io/codefresh-inc/codefresh/cronus:0.3.2-fix-custom-registry to gcr.io/codefresh-inc/codefresh/cronus:0.3.2-fix-custom-registry
0.3.2-fix-custom-registry: Pulling from codefresh-inc/codefresh/cronus
bdf0201b3a05: Already exists
d3891afc586c: Pulling fs layer
5278f2d69e26: Pulling fs layer
d3891afc586c: Verifying Checksum
d3891afc586c: Download complete
5278f2d69e26: Verifying Checksum
5278f2d69e26: Download complete
d3891afc586c: Pull complete
5278f2d69e26: Pull complete
Digest: sha256:43993b1c1f67f5ff45bf40c7746e85b6643a8f360e0981a0c98f53a490021088
Status: Downloaded newer image for r.cfcr.io/codefresh-inc/codefresh/cronus:0.3.2-fix-custom-registry
r.cfcr.io/codefresh-inc/codefresh/cronus:0.3.2-fix-custom-registry
Pull r.cfcr.io/codefresh-inc/codefresh/cronus:0.3.2-fix-custom-registry completed - Mon Oct  7 17:12:17 UTC 2019 !!!

Tag gcr.io/codefresh-inc/codefresh/cronus:0.3.2-fix-custom-registry completed - Mon Oct  7 17:12:17 UTC 2019 !!!

The push refers to repository [gcr.io/codefresh-inc/codefresh/cronus]
62794061e358: Preparing
66ef7cfbfb70: Preparing
a464c54f93a9: Preparing
a464c54f93a9: Layer already exists
66ef7cfbfb70: Pushed
62794061e358: Pushed
0.3.2-fix-custom-registry: digest: sha256:43993b1c1f67f5ff45bf40c7746e85b6643a8f360e0981a0c98f53a490021088 size: 950
Push gcr.io/codefresh-inc/codefresh/cronus:0.3.2-fix-custom-registry completed - Mon Oct  7 17:12:20 UTC 2019 !!!

---------- Migrate r.cfcr.io/codefresh-inc/codefresh/cronus:0.3.0-fix-custom-registry to gcr.io/codefresh-inc/codefresh/cronus:0.3.0-fix-custom-registry
0.3.0-fix-custom-registry: Pulling from codefresh-inc/codefresh/cronus
bdf0201b3a05: Already exists
8c01947fc6d9: Pulling fs layer
c558eb02dbea: Pulling fs layer
8c01947fc6d9: Verifying Checksum
8c01947fc6d9: Download complete
c558eb02dbea: Verifying Checksum
c558eb02dbea: Download complete
8c01947fc6d9: Pull complete
c558eb02dbea: Pull complete
Digest: sha256:f7e880164ce88fa9e6db4d4cec0702382d660708d29785217b0c51dd580d6d1e
Status: Downloaded newer image for r.cfcr.io/codefresh-inc/codefresh/cronus:0.3.0-fix-custom-registry
r.cfcr.io/codefresh-inc/codefresh/cronus:0.3.0-fix-custom-registry
Pull r.cfcr.io/codefresh-inc/codefresh/cronus:0.3.0-fix-custom-registry completed - Mon Oct  7 17:12:22 UTC 2019 !!!

Tag gcr.io/codefresh-inc/codefresh/cronus:0.3.0-fix-custom-registry completed - Mon Oct  7 17:12:22 UTC 2019 !!!

The push refers to repository [gcr.io/codefresh-inc/codefresh/cronus]
0238fa8a4590: Preparing
8e0d35ed68aa: Preparing
a464c54f93a9: Preparing
a464c54f93a9: Layer already exists
0238fa8a4590: Retrying in 5 seconds
0238fa8a4590: Retrying in 4 seconds
8e0d35ed68aa: Pushed
0238fa8a4590: Retrying in 3 seconds
0238fa8a4590: Retrying in 2 seconds
0238fa8a4590: Retrying in 1 second
0238fa8a4590: Pushed
0.3.0-fix-custom-registry: digest: sha256:f7e880164ce88fa9e6db4d4cec0702382d660708d29785217b0c51dd580d6d1e size: 950
Push gcr.io/codefresh-inc/codefresh/cronus:0.3.0-fix-custom-registry completed - Mon Oct  7 17:12:31 UTC 2019 !!!

---------- Migrate r.cfcr.io/codefresh-inc/codefresh/cronus:add-chart to gcr.io/codefresh-inc/codefresh/cronus:add-chart
add-chart: Pulling from codefresh-inc/codefresh/cronus
bdf0201b3a05: Already exists
8c01947fc6d9: Already exists
17e0151df607: Pulling fs layer
17e0151df607: Verifying Checksum
17e0151df607: Download complete
17e0151df607: Pull complete
Digest: sha256:ab192477d2d8cdb2da438b5c7412e6b4ad166bcda75af262ce620a68f10f68be
Status: Downloaded newer image for r.cfcr.io/codefresh-inc/codefresh/cronus:add-chart
r.cfcr.io/codefresh-inc/codefresh/cronus:add-chart
Pull r.cfcr.io/codefresh-inc/codefresh/cronus:add-chart completed - Mon Oct  7 17:12:32 UTC 2019 !!!

Tag gcr.io/codefresh-inc/codefresh/cronus:add-chart completed - Mon Oct  7 17:12:32 UTC 2019 !!!

The push refers to repository [gcr.io/codefresh-inc/codefresh/cronus]
fe6eadcaa966: Preparing
8e0d35ed68aa: Preparing
a464c54f93a9: Preparing
a464c54f93a9: Layer already exists
8e0d35ed68aa: Layer already exists
fe6eadcaa966: Pushed
add-chart: digest: sha256:ab192477d2d8cdb2da438b5c7412e6b4ad166bcda75af262ce620a68f10f68be size: 950
Push gcr.io/codefresh-inc/codefresh/cronus:add-chart completed - Mon Oct  7 17:12:35 UTC 2019 !!!

---------- Migrate r.cfcr.io/codefresh-inc/codefresh/cronus:0.3.0-add-chart to gcr.io/codefresh-inc/codefresh/cronus:0.3.0-add-chart
0.3.0-add-chart: Pulling from codefresh-inc/codefresh/cronus
Digest: sha256:ab192477d2d8cdb2da438b5c7412e6b4ad166bcda75af262ce620a68f10f68be
Status: Downloaded newer image for r.cfcr.io/codefresh-inc/codefresh/cronus:0.3.0-add-chart
r.cfcr.io/codefresh-inc/codefresh/cronus:0.3.0-add-chart
Pull r.cfcr.io/codefresh-inc/codefresh/cronus:0.3.0-add-chart completed - Mon Oct  7 17:12:36 UTC 2019 !!!

Tag gcr.io/codefresh-inc/codefresh/cronus:0.3.0-add-chart completed - Mon Oct  7 17:12:36 UTC 2019 !!!

The push refers to repository [gcr.io/codefresh-inc/codefresh/cronus]
fe6eadcaa966: Preparing
8e0d35ed68aa: Preparing
a464c54f93a9: Preparing
8e0d35ed68aa: Layer already exists
a464c54f93a9: Layer already exists
fe6eadcaa966: Layer already exists
0.3.0-add-chart: digest: sha256:ab192477d2d8cdb2da438b5c7412e6b4ad166bcda75af262ce620a68f10f68be size: 950
Push gcr.io/codefresh-inc/codefresh/cronus:0.3.0-add-chart completed - Mon Oct  7 17:12:36 UTC 2019 !!!

---------- Migrate r.cfcr.io/codefresh-inc/codefresh/cronus:0.3.0 to gcr.io/codefresh-inc/codefresh/cronus:0.3.0
0.3.0: Pulling from codefresh-inc/codefresh/cronus
Digest: sha256:ab192477d2d8cdb2da438b5c7412e6b4ad166bcda75af262ce620a68f10f68be
Status: Downloaded newer image for r.cfcr.io/codefresh-inc/codefresh/cronus:0.3.0
r.cfcr.io/codefresh-inc/codefresh/cronus:0.3.0
Pull r.cfcr.io/codefresh-inc/codefresh/cronus:0.3.0 completed - Mon Oct  7 17:12:37 UTC 2019 !!!

Tag gcr.io/codefresh-inc/codefresh/cronus:0.3.0 completed - Mon Oct  7 17:12:37 UTC 2019 !!!

The push refers to repository [gcr.io/codefresh-inc/codefresh/cronus]
fe6eadcaa966: Preparing
8e0d35ed68aa: Preparing
a464c54f93a9: Preparing
a464c54f93a9: Layer already exists
8e0d35ed68aa: Layer already exists
fe6eadcaa966: Layer already exists
0.3.0: digest: sha256:ab192477d2d8cdb2da438b5c7412e6b4ad166bcda75af262ce620a68f10f68be size: 950
Push gcr.io/codefresh-inc/codefresh/cronus:0.3.0 completed - Mon Oct  7 17:12:38 UTC 2019 !!!

---------- Migrate r.cfcr.io/codefresh-inc/codefresh/cronus:secimprovements to gcr.io/codefresh-inc/codefresh/cronus:secimprovements
secimprovements: Pulling from codefresh-inc/codefresh/cronus
bdf0201b3a05: Already exists
83ffd0bc7460: Pulling fs layer
0f5a24b5a7d2: Pulling fs layer
0f5a24b5a7d2: Download complete
83ffd0bc7460: Download complete
83ffd0bc7460: Pull complete
0f5a24b5a7d2: Pull complete
Digest: sha256:82b60316cf5b363aaca903c11135290d8cae0e841a84fc0bf4f64c942a56c350
Status: Downloaded newer image for r.cfcr.io/codefresh-inc/codefresh/cronus:secimprovements
r.cfcr.io/codefresh-inc/codefresh/cronus:secimprovements
Pull r.cfcr.io/codefresh-inc/codefresh/cronus:secimprovements completed - Mon Oct  7 17:12:39 UTC 2019 !!!

Tag gcr.io/codefresh-inc/codefresh/cronus:secimprovements completed - Mon Oct  7 17:12:39 UTC 2019 !!!

The push refers to repository [gcr.io/codefresh-inc/codefresh/cronus]
60dc7fffdb62: Preparing
5a029a89359c: Preparing
a464c54f93a9: Preparing
a464c54f93a9: Layer already exists
5a029a89359c: Pushed
60dc7fffdb62: Pushed
secimprovements: digest: sha256:764931b8bab3dd738a3dd3b1881dbebb80f106170f0a10a0cf08b117713e9b30 size: 950
Push gcr.io/codefresh-inc/codefresh/cronus:secimprovements completed - Mon Oct  7 17:12:43 UTC 2019 !!!

---------- Migrate r.cfcr.io/codefresh-inc/codefresh/cronus:sec1 to gcr.io/codefresh-inc/codefresh/cronus:sec1
sec1: Pulling from codefresh-inc/codefresh/cronus
bdf0201b3a05: Already exists
83ffd0bc7460: Already exists
842d848561e9: Pulling fs layer
842d848561e9: Download complete
842d848561e9: Pull complete
Digest: sha256:5f5b0baefad3bac929f32064083894a4e059c42accd391ff89fc4b40be65958b
Status: Downloaded newer image for r.cfcr.io/codefresh-inc/codefresh/cronus:sec1
r.cfcr.io/codefresh-inc/codefresh/cronus:sec1
Pull r.cfcr.io/codefresh-inc/codefresh/cronus:sec1 completed - Mon Oct  7 17:12:44 UTC 2019 !!!

Tag gcr.io/codefresh-inc/codefresh/cronus:sec1 completed - Mon Oct  7 17:12:44 UTC 2019 !!!

The push refers to repository [gcr.io/codefresh-inc/codefresh/cronus]
63222a4fd797: Preparing
5a029a89359c: Preparing
a464c54f93a9: Preparing
5a029a89359c: Layer already exists
a464c54f93a9: Layer already exists
63222a4fd797: Pushed
sec1: digest: sha256:5f5b0baefad3bac929f32064083894a4e059c42accd391ff89fc4b40be65958b size: 950
Push gcr.io/codefresh-inc/codefresh/cronus:sec1 completed - Mon Oct  7 17:12:48 UTC 2019 !!!

---------- Migrate r.cfcr.io/codefresh-inc/codefresh/cronus:subscribe to gcr.io/codefresh-inc/codefresh/cronus:subscribe
subscribe: Pulling from codefresh-inc/codefresh/cronus
ff3a5c916c92: Already exists
a90deeb92300: Pulling fs layer
027c1f712162: Pulling fs layer
a90deeb92300: Verifying Checksum
a90deeb92300: Download complete
a90deeb92300: Pull complete
027c1f712162: Verifying Checksum
027c1f712162: Download complete
027c1f712162: Pull complete
Digest: sha256:44175d512d56a92c4bdf2b969b06af8b4374b7bca0b5725f7d36ff4c3fe95218
Status: Downloaded newer image for r.cfcr.io/codefresh-inc/codefresh/cronus:subscribe
r.cfcr.io/codefresh-inc/codefresh/cronus:subscribe
Pull r.cfcr.io/codefresh-inc/codefresh/cronus:subscribe completed - Mon Oct  7 17:12:49 UTC 2019 !!!

Tag gcr.io/codefresh-inc/codefresh/cronus:subscribe completed - Mon Oct  7 17:12:49 UTC 2019 !!!

The push refers to repository [gcr.io/codefresh-inc/codefresh/cronus]
e12df36e121a: Preparing
987096ca0a97: Preparing
cd7100a72410: Preparing
cd7100a72410: Layer already exists
e12df36e121a: Retrying in 5 seconds
e12df36e121a: Retrying in 4 seconds
987096ca0a97: Pushed
e12df36e121a: Retrying in 3 seconds
e12df36e121a: Retrying in 2 seconds
e12df36e121a: Retrying in 1 second
e12df36e121a: Pushed
subscribe: digest: sha256:a4df45b5f7c6e25d0f4ea44b9c0d9f8f543e18360f0c6147bf2eb158cf494c99 size: 949
Push gcr.io/codefresh-inc/codefresh/cronus:subscribe completed - Mon Oct  7 17:12:58 UTC 2019 !!!

---------- Migrate r.cfcr.io/codefresh-inc/codefresh/cronus:staging to gcr.io/codefresh-inc/codefresh/cronus:staging
staging: Pulling from codefresh-inc/codefresh/cronus
ff3a5c916c92: Already exists
598e9a194ccf: Pulling fs layer
bea4c4a11c97: Pulling fs layer
598e9a194ccf: Verifying Checksum
598e9a194ccf: Download complete
bea4c4a11c97: Verifying Checksum
bea4c4a11c97: Download complete
598e9a194ccf: Pull complete
bea4c4a11c97: Pull complete
Digest: sha256:1825fa9e03626a5992035d11a342e8ce2cdcc13d3c8dfd05915914bb77fc4d78
Status: Downloaded newer image for r.cfcr.io/codefresh-inc/codefresh/cronus:staging
r.cfcr.io/codefresh-inc/codefresh/cronus:staging
Pull r.cfcr.io/codefresh-inc/codefresh/cronus:staging completed - Mon Oct  7 17:13:00 UTC 2019 !!!

Tag gcr.io/codefresh-inc/codefresh/cronus:staging completed - Mon Oct  7 17:13:00 UTC 2019 !!!

The push refers to repository [gcr.io/codefresh-inc/codefresh/cronus]
9c354e079d6e: Preparing
779d016b85d4: Preparing
cd7100a72410: Preparing
cd7100a72410: Layer already exists
9c354e079d6e: Retrying in 5 seconds
9c354e079d6e: Retrying in 4 seconds
779d016b85d4: Pushed
9c354e079d6e: Retrying in 3 seconds
9c354e079d6e: Retrying in 2 seconds
9c354e079d6e: Retrying in 1 second
9c354e079d6e: Pushed
staging: digest: sha256:1825fa9e03626a5992035d11a342e8ce2cdcc13d3c8dfd05915914bb77fc4d78 size: 949
Push gcr.io/codefresh-inc/codefresh/cronus:staging completed - Mon Oct  7 17:13:10 UTC 2019 !!!

---------- Migrate r.cfcr.io/codefresh-inc/codefresh/cronus:cf-logger to gcr.io/codefresh-inc/codefresh/cronus:cf-logger
cf-logger: Pulling from codefresh-inc/codefresh/cronus
ff3a5c916c92: Already exists
21f7e3496f08: Pulling fs layer
92611b2d5a83: Pulling fs layer
21f7e3496f08: Verifying Checksum
21f7e3496f08: Download complete
92611b2d5a83: Verifying Checksum
92611b2d5a83: Download complete
21f7e3496f08: Pull complete
92611b2d5a83: Pull complete
Digest: sha256:e93ef57df8d585e14db74075bf94d2952a3e8ee0b44ab709bdde2199465c52e0
Status: Downloaded newer image for r.cfcr.io/codefresh-inc/codefresh/cronus:cf-logger
r.cfcr.io/codefresh-inc/codefresh/cronus:cf-logger
Pull r.cfcr.io/codefresh-inc/codefresh/cronus:cf-logger completed - Mon Oct  7 17:13:12 UTC 2019 !!!

Tag gcr.io/codefresh-inc/codefresh/cronus:cf-logger completed - Mon Oct  7 17:13:12 UTC 2019 !!!

The push refers to repository [gcr.io/codefresh-inc/codefresh/cronus]
e53348c58014: Preparing
4637f01ff86e: Preparing
cd7100a72410: Preparing
cd7100a72410: Layer already exists
e53348c58014: Pushed
4637f01ff86e: Pushed
cf-logger: digest: sha256:dc6dcfe91f1f068e6783bcec8a14d23fbde185788001ccf0b0bfa66fe0e38e45 size: 949
Push gcr.io/codefresh-inc/codefresh/cronus:cf-logger completed - Mon Oct  7 17:13:16 UTC 2019 !!!

---------- Migrate r.cfcr.io/codefresh-inc/codefresh/cronus:load to gcr.io/codefresh-inc/codefresh/cronus:load
load: Pulling from codefresh-inc/codefresh/cronus
ff3a5c916c92: Already exists
21f7e3496f08: Already exists
14bcb216ab30: Pulling fs layer
14bcb216ab30: Verifying Checksum
14bcb216ab30: Download complete
14bcb216ab30: Pull complete
Digest: sha256:3563e80d0576a778e0f499ea5bb740230e5c98d6479de17393b9af1de96130fd
Status: Downloaded newer image for r.cfcr.io/codefresh-inc/codefresh/cronus:load
r.cfcr.io/codefresh-inc/codefresh/cronus:load
Pull r.cfcr.io/codefresh-inc/codefresh/cronus:load completed - Mon Oct  7 17:13:18 UTC 2019 !!!

Tag gcr.io/codefresh-inc/codefresh/cronus:load completed - Mon Oct  7 17:13:18 UTC 2019 !!!

The push refers to repository [gcr.io/codefresh-inc/codefresh/cronus]
e74091d8b528: Preparing
4637f01ff86e: Preparing
cd7100a72410: Preparing
4637f01ff86e: Layer already exists
cd7100a72410: Layer already exists
e74091d8b528: Pushed
load: digest: sha256:3563e80d0576a778e0f499ea5bb740230e5c98d6479de17393b9af1de96130fd size: 949
Push gcr.io/codefresh-inc/codefresh/cronus:load completed - Mon Oct  7 17:13:23 UTC 2019 !!!

---------- Migrate r.cfcr.io/codefresh-inc/codefresh/cronus:encode-uri to gcr.io/codefresh-inc/codefresh/cronus:encode-uri
encode-uri: Pulling from codefresh-inc/codefresh/cronus
ff3a5c916c92: Already exists
21f7e3496f08: Already exists
4c5b189572ed: Pulling fs layer
4c5b189572ed: Verifying Checksum
4c5b189572ed: Download complete
4c5b189572ed: Pull complete
Digest: sha256:7ccf5ecd5840e6bbd2e6a437779e9d57f8ad66df47cbc8cca49e915c03f6fff5
Status: Downloaded newer image for r.cfcr.io/codefresh-inc/codefresh/cronus:encode-uri
r.cfcr.io/codefresh-inc/codefresh/cronus:encode-uri
Pull r.cfcr.io/codefresh-inc/codefresh/cronus:encode-uri completed - Mon Oct  7 17:13:25 UTC 2019 !!!

Tag gcr.io/codefresh-inc/codefresh/cronus:encode-uri completed - Mon Oct  7 17:13:25 UTC 2019 !!!

The push refers to repository [gcr.io/codefresh-inc/codefresh/cronus]
70f45e995ed9: Preparing
4637f01ff86e: Preparing
cd7100a72410: Preparing
4637f01ff86e: Layer already exists
cd7100a72410: Layer already exists
70f45e995ed9: Pushed
encode-uri: digest: sha256:2fe01973a0819043b415d54ad28a537fa1f04214523b0f54b8575beb9c7963a7 size: 949
Push gcr.io/codefresh-inc/codefresh/cronus:encode-uri completed - Mon Oct  7 17:13:30 UTC 2019 !!!

---------- Migrate r.cfcr.io/codefresh-inc/codefresh/cronus:limit to gcr.io/codefresh-inc/codefresh/cronus:limit
limit: Pulling from codefresh-inc/codefresh/cronus
ff3a5c916c92: Already exists
21f7e3496f08: Already exists
6d143b4b4b4b: Pulling fs layer
6d143b4b4b4b: Verifying Checksum
6d143b4b4b4b: Download complete
6d143b4b4b4b: Pull complete
Digest: sha256:e5d7b099fa2fa93347779dd1e5e8b93437b68c189f50d215c34a7d3400e87921
Status: Downloaded newer image for r.cfcr.io/codefresh-inc/codefresh/cronus:limit
r.cfcr.io/codefresh-inc/codefresh/cronus:limit
Pull r.cfcr.io/codefresh-inc/codefresh/cronus:limit completed - Mon Oct  7 17:13:32 UTC 2019 !!!

Tag gcr.io/codefresh-inc/codefresh/cronus:limit completed - Mon Oct  7 17:13:32 UTC 2019 !!!

The push refers to repository [gcr.io/codefresh-inc/codefresh/cronus]
a49da04fe72b: Preparing
4637f01ff86e: Preparing
cd7100a72410: Preparing
cd7100a72410: Layer already exists
4637f01ff86e: Layer already exists
a49da04fe72b: Pushed
limit: digest: sha256:569ead573adc9ab67c74aa73f2e5d03ac9350fe188c0e727e5ae0f57e2350f67 size: 949
Push gcr.io/codefresh-inc/codefresh/cronus:limit completed - Mon Oct  7 17:13:37 UTC 2019 !!!

---------- Migrate r.cfcr.io/codefresh-inc/codefresh/cronus:private-triggers to gcr.io/codefresh-inc/codefresh/cronus:private-triggers
private-triggers: Pulling from codefresh-inc/codefresh/cronus
ff3a5c916c92: Already exists
21f7e3496f08: Already exists
303c4eeb347d: Pulling fs layer
303c4eeb347d: Verifying Checksum
303c4eeb347d: Download complete
303c4eeb347d: Pull complete
Digest: sha256:2403523766f755aff8747d742d15d7da9a5214e3ce22b2bd0a06390aee2a12c9
Status: Downloaded newer image for r.cfcr.io/codefresh-inc/codefresh/cronus:private-triggers
r.cfcr.io/codefresh-inc/codefresh/cronus:private-triggers
Pull r.cfcr.io/codefresh-inc/codefresh/cronus:private-triggers completed - Mon Oct  7 17:13:40 UTC 2019 !!!

Tag gcr.io/codefresh-inc/codefresh/cronus:private-triggers completed - Mon Oct  7 17:13:40 UTC 2019 !!!

The push refers to repository [gcr.io/codefresh-inc/codefresh/cronus]
0ab68300c1c4: Preparing
4637f01ff86e: Preparing
cd7100a72410: Preparing
cd7100a72410: Layer already exists
4637f01ff86e: Layer already exists
0ab68300c1c4: Pushed
private-triggers: digest: sha256:0428601c07f67254fb71a752ce5cfef87fd69e67a0b88464bd705c31a911cfe4 size: 949
Push gcr.io/codefresh-inc/codefresh/cronus:private-triggers completed - Mon Oct  7 17:13:46 UTC 2019 !!!

---------- Migrate r.cfcr.io/codefresh-inc/codefresh/cronus:private-trigger to gcr.io/codefresh-inc/codefresh/cronus:private-trigger
private-trigger: Pulling from codefresh-inc/codefresh/cronus
ff3a5c916c92: Already exists
21f7e3496f08: Already exists
1e21832fdcca: Pulling fs layer
1e21832fdcca: Verifying Checksum
1e21832fdcca: Download complete
1e21832fdcca: Pull complete
Digest: sha256:533f9321e24f99c5b1b61c45511fafa9cd5d883e09f056d894555ac626a2ec75
Status: Downloaded newer image for r.cfcr.io/codefresh-inc/codefresh/cronus:private-trigger
r.cfcr.io/codefresh-inc/codefresh/cronus:private-trigger
Pull r.cfcr.io/codefresh-inc/codefresh/cronus:private-trigger completed - Mon Oct  7 17:13:48 UTC 2019 !!!

Tag gcr.io/codefresh-inc/codefresh/cronus:private-trigger completed - Mon Oct  7 17:13:48 UTC 2019 !!!

The push refers to repository [gcr.io/codefresh-inc/codefresh/cronus]
c478544874f5: Preparing
4637f01ff86e: Preparing
cd7100a72410: Preparing
4637f01ff86e: Layer already exists
cd7100a72410: Layer already exists
c478544874f5: Pushed
private-trigger: digest: sha256:50fe7b4a7b6ae5d20f39e17bc5275313c73cfe17f690a114207f634cafb65535 size: 949
Push gcr.io/codefresh-inc/codefresh/cronus:private-trigger completed - Mon Oct  7 17:13:53 UTC 2019 !!!

